W&B enabled, running your script from this directory will now sync to the cloud.
Disabling Weights & Biases. Run 'wandb login' again to re-enable.
Creating states list
==================================================
Starting new experiment: halfcheetah medium_replay
202 trajectories, 202000 timesteps found
Average return: 3093.29, std: 1680.69
Max return: 4985.14, min: -638.49
==================================================
================================================================================
Iteration 1
time/training: 1359.0973451137543
training/train_loss_mean: 0.24031944100633262
training/train_loss_std: 0.14567077328355257
training/action_error: 0.12982220947742462
================================================================================
Iteration 2
time/training: 1357.9432368278503
training/train_loss_mean: 0.13117300895377992
training/train_loss_std: 0.016884291604901135
training/action_error: 0.11128179728984833
================================================================================
Iteration 3
time/training: 1363.898928642273
training/train_loss_mean: 0.11263207959458232
training/train_loss_std: 0.013893346831161097
training/action_error: 0.1011265441775322
================================================================================
Iteration 4
time/training: 1370.041577577591
training/train_loss_mean: 0.10307405264750123
training/train_loss_std: 0.01271717784681266
training/action_error: 0.1169140413403511
================================================================================
Iteration 5
time/training: 1374.312777042389
training/train_loss_mean: 0.09654531649649144
training/train_loss_std: 0.01177700336205582
training/action_error: 0.08928486704826355
================================================================================
Iteration 6
time/training: 1371.6323211193085
training/train_loss_mean: 0.09153546043038369
training/train_loss_std: 0.011061267141173045
training/action_error: 0.07832204550504684
================================================================================
Iteration 7
time/training: 1371.3180131912231
training/train_loss_mean: 0.08767909902706743
training/train_loss_std: 0.010395132432040797
training/action_error: 0.07963059842586517
================================================================================
Iteration 8
time/training: 1372.8205013275146
training/train_loss_mean: 0.08451477001942694
training/train_loss_std: 0.009846326426717622
training/action_error: 0.07292750477790833
================================================================================
Iteration 8
target_-290.0_return_mean: -196.9402038295624
target_-290.0_return_std: 11.337075298961969
target_-290.0_lenght_mean: 1000.0
target_-290.0_lenght_std: 0.0
target_118.81578947368422_return_mean: 738.6559316482551
target_118.81578947368422_return_std: 975.2341950716086
target_118.81578947368422_lenght_mean: 1000.0
target_118.81578947368422_lenght_std: 0.0
target_527.6315789473684_return_mean: 1352.6305321883658
target_527.6315789473684_return_std: 1050.4391640979354
target_527.6315789473684_lenght_mean: 1000.0
target_527.6315789473684_lenght_std: 0.0
target_936.4473684210527_return_mean: 1845.7515113390286
target_936.4473684210527_return_std: 1037.7684370483894
target_936.4473684210527_lenght_mean: 1000.0
target_936.4473684210527_lenght_std: 0.0
target_1345.2631578947369_return_mean: 2483.970228698543
target_1345.2631578947369_return_std: 956.0723016405267
target_1345.2631578947369_lenght_mean: 1000.0
target_1345.2631578947369_lenght_std: 0.0
target_1754.078947368421_return_mean: 2984.639035362032
target_1754.078947368421_return_std: 597.031208588866
target_1754.078947368421_lenght_mean: 1000.0
target_1754.078947368421_lenght_std: 0.0
target_2162.8947368421054_return_mean: 3255.529891413635
target_2162.8947368421054_return_std: 607.0529431767025
target_2162.8947368421054_lenght_mean: 1000.0
target_2162.8947368421054_lenght_std: 0.0
target_2571.7105263157896_return_mean: 3459.1347372900414
target_2571.7105263157896_return_std: 523.2019936673358
target_2571.7105263157896_lenght_mean: 1000.0
target_2571.7105263157896_lenght_std: 0.0
target_2980.5263157894738_return_mean: 3737.138461200766
target_2980.5263157894738_return_std: 880.485856936615
target_2980.5263157894738_lenght_mean: 1000.0
target_2980.5263157894738_lenght_std: 0.0
target_3389.342105263158_return_mean: 4031.7842267807073
target_3389.342105263158_return_std: 651.2151729020103
target_3389.342105263158_lenght_mean: 1000.0
target_3389.342105263158_lenght_std: 0.0
target_3798.157894736842_return_mean: 4305.835425952661
target_3798.157894736842_return_std: 522.2843308645165
target_3798.157894736842_lenght_mean: 1000.0
target_3798.157894736842_lenght_std: 0.0
target_4206.973684210527_return_mean: 4332.0617149283535
target_4206.973684210527_return_std: 650.1781617311335
target_4206.973684210527_lenght_mean: 1000.0
target_4206.973684210527_lenght_std: 0.0
target_4615.789473684211_return_mean: 4200.6976893559
target_4615.789473684211_return_std: 997.9902080779437
target_4615.789473684211_lenght_mean: 1000.0
target_4615.789473684211_lenght_std: 0.0
target_5024.605263157895_return_mean: 4128.761010782276
target_5024.605263157895_return_std: 994.4029091250183
target_5024.605263157895_lenght_mean: 1000.0
target_5024.605263157895_lenght_std: 0.0
target_5433.421052631579_return_mean: 4215.372017080993
target_5433.421052631579_return_std: 908.9492274563831
target_5433.421052631579_lenght_mean: 1000.0
target_5433.421052631579_lenght_std: 0.0
target_5842.236842105263_return_mean: 4317.685864758327
target_5842.236842105263_return_std: 700.0910560496955
target_5842.236842105263_lenght_mean: 1000.0
target_5842.236842105263_lenght_std: 0.0
target_6251.0526315789475_return_mean: 4036.859031290918
target_6251.0526315789475_return_std: 1013.3899702285072
target_6251.0526315789475_lenght_mean: 1000.0
target_6251.0526315789475_lenght_std: 0.0
target_6659.868421052632_return_mean: 4117.554426194473
target_6659.868421052632_return_std: 965.1231345279645
target_6659.868421052632_lenght_mean: 1000.0
target_6659.868421052632_lenght_std: 0.0
target_7068.684210526316_return_mean: 4183.045668041725
target_7068.684210526316_return_std: 803.4283834586207
target_7068.684210526316_lenght_mean: 1000.0
target_7068.684210526316_lenght_std: 0.0
target_7477.5_return_mean: 4039.2445517990204
target_7477.5_return_std: 1068.1834317553098
target_7477.5_lenght_mean: 1000.0
target_7477.5_lenght_std: 0.0
time/evaluation: 5237.425182104111
target_training/action_erro_mean: 0.07292750477790833
target_training/action_erro_std: 0.0
================================================================================
Iteration 9
time/training: 1373.5583000183105
training/train_loss_mean: 0.08175358657799661
training/train_loss_std: 0.009262725228118138
training/action_error: 0.08106714487075806
================================================================================
Iteration 9
target_-290.0_return_mean: -231.96040319798524
target_-290.0_return_std: 23.07907862762372
target_-290.0_lenght_mean: 1000.0
target_-290.0_lenght_std: 0.0
target_118.81578947368422_return_mean: 652.8800535559615
target_118.81578947368422_return_std: 752.150514378631
target_118.81578947368422_lenght_mean: 1000.0
target_118.81578947368422_lenght_std: 0.0
target_527.6315789473684_return_mean: 1254.4568191197359
target_527.6315789473684_return_std: 1159.2878963584071
target_527.6315789473684_lenght_mean: 1000.0
target_527.6315789473684_lenght_std: 0.0
target_936.4473684210527_return_mean: 2000.1513170059288
target_936.4473684210527_return_std: 1002.605427913208
target_936.4473684210527_lenght_mean: 1000.0
target_936.4473684210527_lenght_std: 0.0
target_1345.2631578947369_return_mean: 2393.314175261362
target_1345.2631578947369_return_std: 786.4912989979953
target_1345.2631578947369_lenght_mean: 1000.0
target_1345.2631578947369_lenght_std: 0.0
target_1754.078947368421_return_mean: 2850.6381951415055
target_1754.078947368421_return_std: 476.1236193426512
target_1754.078947368421_lenght_mean: 1000.0
target_1754.078947368421_lenght_std: 0.0
target_2162.8947368421054_return_mean: 2976.944699438982
target_2162.8947368421054_return_std: 533.4882708203193
target_2162.8947368421054_lenght_mean: 1000.0
target_2162.8947368421054_lenght_std: 0.0
target_2571.7105263157896_return_mean: 3223.053750244268
target_2571.7105263157896_return_std: 280.29655134285497
target_2571.7105263157896_lenght_mean: 1000.0
target_2571.7105263157896_lenght_std: 0.0
target_2980.5263157894738_return_mean: 3466.816337828507
target_2980.5263157894738_return_std: 274.6544011582119
target_2980.5263157894738_lenght_mean: 1000.0
target_2980.5263157894738_lenght_std: 0.0
target_3389.342105263158_return_mean: 3925.264185893256
target_3389.342105263158_return_std: 355.37826158012473
target_3389.342105263158_lenght_mean: 1000.0
target_3389.342105263158_lenght_std: 0.0
target_3798.157894736842_return_mean: 4292.045490276368
target_3798.157894736842_return_std: 311.49454303922124
target_3798.157894736842_lenght_mean: 1000.0
target_3798.157894736842_lenght_std: 0.0
target_4206.973684210527_return_mean: 4265.099886738124
target_4206.973684210527_return_std: 628.4513434581878
target_4206.973684210527_lenght_mean: 1000.0
target_4206.973684210527_lenght_std: 0.0
target_4615.789473684211_return_mean: 4358.597167296973
target_4615.789473684211_return_std: 463.0120680459264
target_4615.789473684211_lenght_mean: 1000.0
target_4615.789473684211_lenght_std: 0.0
target_5024.605263157895_return_mean: 4243.804136886864
target_5024.605263157895_return_std: 780.8815900297719
target_5024.605263157895_lenght_mean: 1000.0
target_5024.605263157895_lenght_std: 0.0
target_5433.421052631579_return_mean: 4324.092352444802
target_5433.421052631579_return_std: 576.5677515804207
target_5433.421052631579_lenght_mean: 1000.0
target_5433.421052631579_lenght_std: 0.0
target_5842.236842105263_return_mean: 4177.193000883554
target_5842.236842105263_return_std: 771.0408387002169
target_5842.236842105263_lenght_mean: 1000.0
target_5842.236842105263_lenght_std: 0.0
target_6251.0526315789475_return_mean: 4157.3873242842665
target_6251.0526315789475_return_std: 697.337852546063
target_6251.0526315789475_lenght_mean: 1000.0
target_6251.0526315789475_lenght_std: 0.0
target_6659.868421052632_return_mean: 3910.1537549895224
target_6659.868421052632_return_std: 1102.9059792979956
target_6659.868421052632_lenght_mean: 1000.0
target_6659.868421052632_lenght_std: 0.0
target_7068.684210526316_return_mean: 3981.5678043289886
target_7068.684210526316_return_std: 941.6896882800263
target_7068.684210526316_lenght_mean: 1000.0
target_7068.684210526316_lenght_std: 0.0
target_7477.5_return_mean: 4166.8548581193845
target_7477.5_return_std: 722.966136219937
target_7477.5_lenght_mean: 1000.0
target_7477.5_lenght_std: 0.0
time/evaluation: 5286.682720899582
target_training/action_erro_mean: 0.08106714487075806
target_training/action_erro_std: 0.0
================================================================================
Iteration 10
time/training: 1371.2335984706879
training/train_loss_mean: 0.07929085116386414
training/train_loss_std: 0.008713861911788315
training/action_error: 0.08418212085962296
================================================================================
Iteration 10
target_-290.0_return_mean: -216.27172867237775
target_-290.0_return_std: 23.074490671592965
target_-290.0_lenght_mean: 1000.0
target_-290.0_lenght_std: 0.0
target_118.81578947368422_return_mean: 636.7219419768085
target_118.81578947368422_return_std: 814.4401369900362
target_118.81578947368422_lenght_mean: 1000.0
target_118.81578947368422_lenght_std: 0.0
target_527.6315789473684_return_mean: 1391.542484502047
target_527.6315789473684_return_std: 1159.3104066775743
target_527.6315789473684_lenght_mean: 1000.0
target_527.6315789473684_lenght_std: 0.0
target_936.4473684210527_return_mean: 1867.0049376933248
target_936.4473684210527_return_std: 1052.3344962172978
target_936.4473684210527_lenght_mean: 1000.0
target_936.4473684210527_lenght_std: 0.0
target_1345.2631578947369_return_mean: 2332.5399761921367
target_1345.2631578947369_return_std: 860.1386263861843
target_1345.2631578947369_lenght_mean: 1000.0
target_1345.2631578947369_lenght_std: 0.0
target_1754.078947368421_return_mean: 2791.8819538331313
target_1754.078947368421_return_std: 636.2595174110022
target_1754.078947368421_lenght_mean: 1000.0
target_1754.078947368421_lenght_std: 0.0
target_2162.8947368421054_return_mean: 2993.9721326088165
target_2162.8947368421054_return_std: 434.8336704699206
target_2162.8947368421054_lenght_mean: 1000.0
target_2162.8947368421054_lenght_std: 0.0
target_2571.7105263157896_return_mean: 3304.907772665064
target_2571.7105263157896_return_std: 413.9686757677213
target_2571.7105263157896_lenght_mean: 1000.0
target_2571.7105263157896_lenght_std: 0.0
target_2980.5263157894738_return_mean: 3562.2581788403686
target_2980.5263157894738_return_std: 298.19857326835125
target_2980.5263157894738_lenght_mean: 1000.0
target_2980.5263157894738_lenght_std: 0.0
target_3389.342105263158_return_mean: 3808.7426091430657
target_3389.342105263158_return_std: 573.2332105299351
target_3389.342105263158_lenght_mean: 1000.0
target_3389.342105263158_lenght_std: 0.0
target_3798.157894736842_return_mean: 4121.561170654042
target_3798.157894736842_return_std: 654.8767522685963
target_3798.157894736842_lenght_mean: 1000.0
target_3798.157894736842_lenght_std: 0.0
target_4206.973684210527_return_mean: 4340.958548490281
target_4206.973684210527_return_std: 586.7634153957113
target_4206.973684210527_lenght_mean: 1000.0
target_4206.973684210527_lenght_std: 0.0
target_4615.789473684211_return_mean: 4384.918331385884
target_4615.789473684211_return_std: 502.5207374300122
target_4615.789473684211_lenght_mean: 1000.0
target_4615.789473684211_lenght_std: 0.0
target_5024.605263157895_return_mean: 4336.928963367199
target_5024.605263157895_return_std: 558.062309985525
target_5024.605263157895_lenght_mean: 1000.0
target_5024.605263157895_lenght_std: 0.0
target_5433.421052631579_return_mean: 4285.635014048947
target_5433.421052631579_return_std: 873.4350359746994
target_5433.421052631579_lenght_mean: 1000.0
target_5433.421052631579_lenght_std: 0.0
target_5842.236842105263_return_mean: 4107.954531984334
target_5842.236842105263_return_std: 1008.3618662149153
target_5842.236842105263_lenght_mean: 1000.0
target_5842.236842105263_lenght_std: 0.0
target_6251.0526315789475_return_mean: 4114.926375865223
target_6251.0526315789475_return_std: 982.9495226423957
target_6251.0526315789475_lenght_mean: 1000.0
target_6251.0526315789475_lenght_std: 0.0
target_6659.868421052632_return_mean: 3989.823277207027
target_6659.868421052632_return_std: 1175.4469643214586
target_6659.868421052632_lenght_mean: 1000.0
target_6659.868421052632_lenght_std: 0.0
target_7068.684210526316_return_mean: 4048.414910473832
target_7068.684210526316_return_std: 1108.7679800916019
target_7068.684210526316_lenght_mean: 1000.0
target_7068.684210526316_lenght_std: 0.0
target_7477.5_return_mean: 3888.403855458919
target_7477.5_return_std: 1265.3641649659849
target_7477.5_lenght_mean: 1000.0
target_7477.5_lenght_std: 0.0
time/evaluation: 5234.462916135788
target_training/action_erro_mean: 0.08418212085962296
target_training/action_erro_std: 0.0
================================================================================
Iteration 11
time/training: 1374.1622574329376
training/train_loss_mean: 0.07732822360023855
training/train_loss_std: 0.008207879868927109
training/action_error: 0.07036689668893814
================================================================================
Iteration 11
target_-290.0_return_mean: -205.4329695327361
target_-290.0_return_std: 43.092105060566325
target_-290.0_lenght_mean: 1000.0
target_-290.0_lenght_std: 0.0
target_118.81578947368422_return_mean: 494.68535715734595
target_118.81578947368422_return_std: 826.9265662527268
target_118.81578947368422_lenght_mean: 1000.0
target_118.81578947368422_lenght_std: 0.0
target_527.6315789473684_return_mean: 1458.0470721582803
target_527.6315789473684_return_std: 1189.9107141416982
target_527.6315789473684_lenght_mean: 1000.0
target_527.6315789473684_lenght_std: 0.0
target_936.4473684210527_return_mean: 1813.7278479415834
target_936.4473684210527_return_std: 1161.0022051111218
target_936.4473684210527_lenght_mean: 1000.0
target_936.4473684210527_lenght_std: 0.0
target_1345.2631578947369_return_mean: 2542.82763534482
target_1345.2631578947369_return_std: 801.8541680403096
target_1345.2631578947369_lenght_mean: 1000.0
target_1345.2631578947369_lenght_std: 0.0
target_1754.078947368421_return_mean: 2955.111901669406
target_1754.078947368421_return_std: 624.056594066799
target_1754.078947368421_lenght_mean: 1000.0
target_1754.078947368421_lenght_std: 0.0
target_2162.8947368421054_return_mean: 3161.628440248156
target_2162.8947368421054_return_std: 494.6541790652679
target_2162.8947368421054_lenght_mean: 1000.0
target_2162.8947368421054_lenght_std: 0.0
target_2571.7105263157896_return_mean: 3338.013710831484
target_2571.7105263157896_return_std: 451.9505740701882
target_2571.7105263157896_lenght_mean: 1000.0
target_2571.7105263157896_lenght_std: 0.0
target_2980.5263157894738_return_mean: 3704.061528138607
target_2980.5263157894738_return_std: 321.94232908867735
target_2980.5263157894738_lenght_mean: 1000.0
target_2980.5263157894738_lenght_std: 0.0
target_3389.342105263158_return_mean: 3972.5082842809584
target_3389.342105263158_return_std: 460.9515792972632
target_3389.342105263158_lenght_mean: 1000.0
target_3389.342105263158_lenght_std: 0.0
target_3798.157894736842_return_mean: 4268.405956541782
target_3798.157894736842_return_std: 327.1153574808908
target_3798.157894736842_lenght_mean: 1000.0
target_3798.157894736842_lenght_std: 0.0
target_4206.973684210527_return_mean: 4314.221497774614
target_4206.973684210527_return_std: 309.20030914610805
target_4206.973684210527_lenght_mean: 1000.0
target_4206.973684210527_lenght_std: 0.0
target_4615.789473684211_return_mean: 4354.781468456076
target_4615.789473684211_return_std: 354.6588508035529
target_4615.789473684211_lenght_mean: 1000.0
target_4615.789473684211_lenght_std: 0.0
target_5024.605263157895_return_mean: 4315.946868146312
target_5024.605263157895_return_std: 473.95916004080095
target_5024.605263157895_lenght_mean: 1000.0
target_5024.605263157895_lenght_std: 0.0
target_5433.421052631579_return_mean: 4299.913527996014
target_5433.421052631579_return_std: 546.5437508133901
target_5433.421052631579_lenght_mean: 1000.0
target_5433.421052631579_lenght_std: 0.0
target_5842.236842105263_return_mean: 4090.6580129301256
target_5842.236842105263_return_std: 728.9645725219918
target_5842.236842105263_lenght_mean: 1000.0
target_5842.236842105263_lenght_std: 0.0
target_6251.0526315789475_return_mean: 4137.6669711035
target_6251.0526315789475_return_std: 628.708773052129
target_6251.0526315789475_lenght_mean: 1000.0
target_6251.0526315789475_lenght_std: 0.0
target_6659.868421052632_return_mean: 4223.8667394872555
target_6659.868421052632_return_std: 518.4479920674316
target_6659.868421052632_lenght_mean: 1000.0
target_6659.868421052632_lenght_std: 0.0
target_7068.684210526316_return_mean: 4037.2712535006285
target_7068.684210526316_return_std: 763.9610879556963
target_7068.684210526316_lenght_mean: 1000.0
target_7068.684210526316_lenght_std: 0.0
target_7477.5_return_mean: 4035.6610426473144
target_7477.5_return_std: 680.1393197337276
target_7477.5_lenght_mean: 1000.0
target_7477.5_lenght_std: 0.0
time/evaluation: 5231.7337057590485
target_training/action_erro_mean: 0.07036689668893814
target_training/action_erro_std: 0.0
================================================================================
Iteration 12
time/training: 1370.2074210643768
training/train_loss_mean: 0.07544199200198054
training/train_loss_std: 0.007698282490475533
training/action_error: 0.07626453787088394
================================================================================
Iteration 12
target_-290.0_return_mean: -247.3680477086817
target_-290.0_return_std: 40.94993803278245
target_-290.0_lenght_mean: 1000.0
target_-290.0_lenght_std: 0.0
target_118.81578947368422_return_mean: 457.5704136111209
target_118.81578947368422_return_std: 661.8286948262947
target_118.81578947368422_lenght_mean: 1000.0
target_118.81578947368422_lenght_std: 0.0
target_527.6315789473684_return_mean: 1018.9072752327426
target_527.6315789473684_return_std: 919.9070331513849
target_527.6315789473684_lenght_mean: 1000.0
target_527.6315789473684_lenght_std: 0.0
target_936.4473684210527_return_mean: 1471.4884986236464
target_936.4473684210527_return_std: 933.442321442062
target_936.4473684210527_lenght_mean: 1000.0
target_936.4473684210527_lenght_std: 0.0
target_1345.2631578947369_return_mean: 2099.379299729405
target_1345.2631578947369_return_std: 872.7011856463696
target_1345.2631578947369_lenght_mean: 1000.0
target_1345.2631578947369_lenght_std: 0.0
target_1754.078947368421_return_mean: 2342.404799778605
target_1754.078947368421_return_std: 968.4162303748759
target_1754.078947368421_lenght_mean: 1000.0
target_1754.078947368421_lenght_std: 0.0
target_2162.8947368421054_return_mean: 2703.90764536169
target_2162.8947368421054_return_std: 710.9222417996812
target_2162.8947368421054_lenght_mean: 1000.0
target_2162.8947368421054_lenght_std: 0.0
target_2571.7105263157896_return_mean: 3166.163481622377
target_2571.7105263157896_return_std: 407.0175523045828
target_2571.7105263157896_lenght_mean: 1000.0
target_2571.7105263157896_lenght_std: 0.0
target_2980.5263157894738_return_mean: 3387.456897173156
target_2980.5263157894738_return_std: 676.7849749143184
target_2980.5263157894738_lenght_mean: 1000.0
target_2980.5263157894738_lenght_std: 0.0
target_3389.342105263158_return_mean: 3877.7212106818006
target_3389.342105263158_return_std: 451.9856006775447
target_3389.342105263158_lenght_mean: 1000.0
target_3389.342105263158_lenght_std: 0.0
target_3798.157894736842_return_mean: 3938.762521310132
target_3798.157894736842_return_std: 1041.116193134049
target_3798.157894736842_lenght_mean: 1000.0
target_3798.157894736842_lenght_std: 0.0
target_4206.973684210527_return_mean: 4144.238731673302
target_4206.973684210527_return_std: 906.4284326651499
target_4206.973684210527_lenght_mean: 1000.0
target_4206.973684210527_lenght_std: 0.0
target_4615.789473684211_return_mean: 4229.820876225356
target_4615.789473684211_return_std: 827.1049530155462
target_4615.789473684211_lenght_mean: 1000.0
target_4615.789473684211_lenght_std: 0.0
target_5024.605263157895_return_mean: 4040.6873950443196
target_5024.605263157895_return_std: 1051.0841235978494
target_5024.605263157895_lenght_mean: 1000.0
target_5024.605263157895_lenght_std: 0.0
target_5433.421052631579_return_mean: 4230.930690477293
target_5433.421052631579_return_std: 699.998517494387
target_5433.421052631579_lenght_mean: 1000.0
target_5433.421052631579_lenght_std: 0.0
target_5842.236842105263_return_mean: 4037.861412469568
target_5842.236842105263_return_std: 1028.1284133754573
target_5842.236842105263_lenght_mean: 1000.0
target_5842.236842105263_lenght_std: 0.0
target_6251.0526315789475_return_mean: 3914.572351586331
target_6251.0526315789475_return_std: 1135.8813310805117
target_6251.0526315789475_lenght_mean: 1000.0
target_6251.0526315789475_lenght_std: 0.0
target_6659.868421052632_return_mean: 3946.8683627898595
target_6659.868421052632_return_std: 1068.1509872414706
target_6659.868421052632_lenght_mean: 1000.0
target_6659.868421052632_lenght_std: 0.0
target_7068.684210526316_return_mean: 3745.4227418563787
target_7068.684210526316_return_std: 1307.4945118499804
target_7068.684210526316_lenght_mean: 1000.0
target_7068.684210526316_lenght_std: 0.0
target_7477.5_return_mean: 3819.6650276897735
target_7477.5_return_std: 1270.730580203525
target_7477.5_lenght_mean: 1000.0
target_7477.5_lenght_std: 0.0
time/evaluation: 5241.550566673279
target_training/action_erro_mean: 0.07626453787088394
target_training/action_erro_std: 0.0

------------------------------------------------------------
Sender: LSF System <lsfadmin@hpc.dtu.dk>
Subject: Job 13680222: <DT-cheetah> in cluster <dcc> Done

Job <DT-cheetah> was submitted from host <n-62-30-8> by user <s204131> in cluster <dcc> at Mon Jun  6 10:19:28 2022
Job was executed on host(s) <4*n-62-20-4>, in queue <gpuv100>, as user <s204131> in cluster <dcc> at Mon Jun  6 10:19:29 2022
</zhome/94/3/155767> was used as the home directory.
</zhome/94/3/155767/decision_transformer/gym> was used as the working directory.
Started at Mon Jun  6 10:19:29 2022
Terminated at Mon Jun  6 22:12:17 2022
Results reported at Mon Jun  6 22:12:17 2022

Your job looked like:

------------------------------------------------------------
# LSBATCH: User input
#!/bin/sh
#BSUB -J DT-cheetah
#BSUB -o DT-cheetah_%J.out
#BSUB -e DT-cheetah_%J.err
#BSUB -q gpuv100
#BSUB -gpu "num=1:mode=exclusive_process"
#BSUB -n 4
#BSUB -R "rusage[mem=4G]"
#BSUB -R "span[hosts=1]"
#BSUB -W 20:00
# end of BSUB options


# load CUDA (for GPU support)

# activate the virtual environment
source $HOME/miniconda3/envs/decision-transformer-gym/bin/activate

wandb on
echo 'cad8b043f3731a2c453efd8f61915e186ac93ac3' | wandb login

python experiment_single_reward.py --env 'halfcheetah' --dataset 'medium_replay' --seed 43 --save_iters '8,10,12' --eval_iters '8,9,10,11,12' --max_iters 12 --device 'cuda' --log_to_wandb True

------------------------------------------------------------

Successfully completed.

Resource usage summary:

    CPU time :                                   42849.40 sec.
    Max Memory :                                 2434 MB
    Average Memory :                             2425.90 MB
    Total Requested Memory :                     16384.00 MB
    Delta Memory :                               13950.00 MB
    Max Swap :                                   -
    Max Processes :                              6
    Max Threads :                                21
    Run time :                                   42813 sec.
    Turnaround time :                            42769 sec.

The output (if any) is above this job summary.



PS:

Read file <DT-cheetah_13680222.err> for stderr output of this job.

