W&B enabled, running your script from this directory will now sync to the cloud.
Disabling Weights & Biases. Run 'wandb login' again to re-enable.
Creating states list
==================================================
Starting new experiment: halfcheetah medium
1000 trajectories, 1000000 timesteps found
Average return: 4770.33, std: 355.75
Max return: 5309.38, min: -310.23
==================================================
================================================================================
Iteration 1
time/training: 1347.049435377121
training/train_loss_mean: 0.15231297661550344
training/train_loss_std: 0.16296249698658577
training/action_error: 0.049959756433963776
================================================================================
Iteration 2
time/training: 1339.145429134369
training/train_loss_mean: 0.04562676089666784
training/train_loss_std: 0.005838282559832551
training/action_error: 0.041846875101327896
================================================================================
Iteration 3
time/training: 1345.9983456134796
training/train_loss_mean: 0.038367227750644085
training/train_loss_std: 0.0039309268804372695
training/action_error: 0.03416797146201134
================================================================================
Iteration 4
time/training: 1347.930591583252
training/train_loss_mean: 0.03571379908453673
training/train_loss_std: 0.0036250408336990963
training/action_error: 0.03968034312129021
================================================================================
Iteration 5
time/training: 1348.784429550171
training/train_loss_mean: 0.034276369940675795
training/train_loss_std: 0.003523974148293039
training/action_error: 0.030752452090382576
================================================================================
Iteration 6
time/training: 1362.9930582046509
training/train_loss_mean: 0.0333067190123722
training/train_loss_std: 0.0034465470469914423
training/action_error: 0.03774300590157509
================================================================================
Iteration 7
time/training: 1398.8073241710663
training/train_loss_mean: 0.03262006828393787
training/train_loss_std: 0.003407761346565556
training/action_error: 0.030888790264725685
================================================================================
Iteration 8
time/training: 1422.17183303833
training/train_loss_mean: 0.031963983754068614
training/train_loss_std: 0.0033059173814714558
training/action_error: 0.03148464858531952
================================================================================
Iteration 8
target_-290.0_return_mean: 4891.321000567879
target_-290.0_return_std: 360.22473225067074
target_-290.0_lenght_mean: 1000.0
target_-290.0_lenght_std: 0.0
target_118.81578947368422_return_mean: 4964.9135827646605
target_118.81578947368422_return_std: 159.67141150291334
target_118.81578947368422_lenght_mean: 1000.0
target_118.81578947368422_lenght_std: 0.0
target_527.6315789473684_return_mean: 4937.158622345374
target_527.6315789473684_return_std: 324.8664826020722
target_527.6315789473684_lenght_mean: 1000.0
target_527.6315789473684_lenght_std: 0.0
target_936.4473684210527_return_mean: 4962.077261246841
target_936.4473684210527_return_std: 128.4925718919497
target_936.4473684210527_lenght_mean: 1000.0
target_936.4473684210527_lenght_std: 0.0
target_1345.2631578947369_return_mean: 4994.554618102568
target_1345.2631578947369_return_std: 120.54498116702945
target_1345.2631578947369_lenght_mean: 1000.0
target_1345.2631578947369_lenght_std: 0.0
target_1754.078947368421_return_mean: 4910.796231447207
target_1754.078947368421_return_std: 427.62873989718304
target_1754.078947368421_lenght_mean: 1000.0
target_1754.078947368421_lenght_std: 0.0
target_2162.8947368421054_return_mean: 4938.974637560739
target_2162.8947368421054_return_std: 229.1528953407091
target_2162.8947368421054_lenght_mean: 1000.0
target_2162.8947368421054_lenght_std: 0.0
target_2571.7105263157896_return_mean: 4957.075318628215
target_2571.7105263157896_return_std: 245.3681623226048
target_2571.7105263157896_lenght_mean: 1000.0
target_2571.7105263157896_lenght_std: 0.0
target_2980.5263157894738_return_mean: 4767.091646074808
target_2980.5263157894738_return_std: 827.0963127187244
target_2980.5263157894738_lenght_mean: 1000.0
target_2980.5263157894738_lenght_std: 0.0
target_3389.342105263158_return_mean: 4931.416573755949
target_3389.342105263158_return_std: 348.664820179065
target_3389.342105263158_lenght_mean: 1000.0
target_3389.342105263158_lenght_std: 0.0
target_3798.157894736842_return_mean: 4974.122362831936
target_3798.157894736842_return_std: 129.8285570857796
target_3798.157894736842_lenght_mean: 1000.0
target_3798.157894736842_lenght_std: 0.0
target_4206.973684210527_return_mean: 4958.4775408912965
target_4206.973684210527_return_std: 164.48236225720746
target_4206.973684210527_lenght_mean: 1000.0
target_4206.973684210527_lenght_std: 0.0
target_4615.789473684211_return_mean: 4908.492027314231
target_4615.789473684211_return_std: 547.2094466323098
target_4615.789473684211_lenght_mean: 1000.0
target_4615.789473684211_lenght_std: 0.0
target_5024.605263157895_return_mean: 4926.907216436382
target_5024.605263157895_return_std: 246.16653002164344
target_5024.605263157895_lenght_mean: 1000.0
target_5024.605263157895_lenght_std: 0.0
target_5433.421052631579_return_mean: 4896.992310957633
target_5433.421052631579_return_std: 454.5363828945179
target_5433.421052631579_lenght_mean: 1000.0
target_5433.421052631579_lenght_std: 0.0
target_5842.236842105263_return_mean: 4952.070381374862
target_5842.236842105263_return_std: 192.62385505786978
target_5842.236842105263_lenght_mean: 1000.0
target_5842.236842105263_lenght_std: 0.0
target_6251.0526315789475_return_mean: 4959.093486527839
target_6251.0526315789475_return_std: 146.84267604764727
target_6251.0526315789475_lenght_mean: 1000.0
target_6251.0526315789475_lenght_std: 0.0
target_6659.868421052632_return_mean: 4978.98920607198
target_6659.868421052632_return_std: 117.44618134778308
target_6659.868421052632_lenght_mean: 1000.0
target_6659.868421052632_lenght_std: 0.0
target_7068.684210526316_return_mean: 4933.911143776727
target_7068.684210526316_return_std: 390.3729591793499
target_7068.684210526316_lenght_mean: 1000.0
target_7068.684210526316_lenght_std: 0.0
target_7477.5_return_mean: 4950.768840749948
target_7477.5_return_std: 124.32847250947385
target_7477.5_lenght_mean: 1000.0
target_7477.5_lenght_std: 0.0
time/evaluation: 5546.549028873444
target_training/action_erro_mean: 0.03148464858531952
target_training/action_erro_std: 0.0
================================================================================
Iteration 9
time/training: 1443.1534883975983
training/train_loss_mean: 0.03148613314013928
training/train_loss_std: 0.003314379606827241
training/action_error: 0.03768083453178406
================================================================================
Iteration 9
target_-290.0_return_mean: 4888.205327229272
target_-290.0_return_std: 647.95646856707
target_-290.0_lenght_mean: 1000.0
target_-290.0_lenght_std: 0.0
target_118.81578947368422_return_mean: 4983.390959919282
target_118.81578947368422_return_std: 140.70690105898635
target_118.81578947368422_lenght_mean: 1000.0
target_118.81578947368422_lenght_std: 0.0
target_527.6315789473684_return_mean: 4915.3722886780915
target_527.6315789473684_return_std: 469.60030484830054
target_527.6315789473684_lenght_mean: 1000.0
target_527.6315789473684_lenght_std: 0.0
target_936.4473684210527_return_mean: 4850.83027534544
target_936.4473684210527_return_std: 649.0384407628023
target_936.4473684210527_lenght_mean: 1000.0
target_936.4473684210527_lenght_std: 0.0
target_1345.2631578947369_return_mean: 4982.02629067562
target_1345.2631578947369_return_std: 259.1009386964823
target_1345.2631578947369_lenght_mean: 1000.0
target_1345.2631578947369_lenght_std: 0.0
target_1754.078947368421_return_mean: 4987.599253416198
target_1754.078947368421_return_std: 251.58186191319936
target_1754.078947368421_lenght_mean: 1000.0
target_1754.078947368421_lenght_std: 0.0
target_2162.8947368421054_return_mean: 5015.38003739551
target_2162.8947368421054_return_std: 136.83414339814254
target_2162.8947368421054_lenght_mean: 1000.0
target_2162.8947368421054_lenght_std: 0.0
target_2571.7105263157896_return_mean: 4996.80601949524
target_2571.7105263157896_return_std: 171.89328410979277
target_2571.7105263157896_lenght_mean: 1000.0
target_2571.7105263157896_lenght_std: 0.0
target_2980.5263157894738_return_mean: 4985.175602717009
target_2980.5263157894738_return_std: 252.1478882655504
target_2980.5263157894738_lenght_mean: 1000.0
target_2980.5263157894738_lenght_std: 0.0
target_3389.342105263158_return_mean: 4998.097931202641
target_3389.342105263158_return_std: 137.814345972702
target_3389.342105263158_lenght_mean: 1000.0
target_3389.342105263158_lenght_std: 0.0
target_3798.157894736842_return_mean: 5016.548425531557
target_3798.157894736842_return_std: 135.7689316423038
target_3798.157894736842_lenght_mean: 1000.0
target_3798.157894736842_lenght_std: 0.0
target_4206.973684210527_return_mean: 5020.7544916535235
target_4206.973684210527_return_std: 184.6547045360716
target_4206.973684210527_lenght_mean: 1000.0
target_4206.973684210527_lenght_std: 0.0
target_4615.789473684211_return_mean: 4925.912266844745
target_4615.789473684211_return_std: 462.07706599863707
target_4615.789473684211_lenght_mean: 1000.0
target_4615.789473684211_lenght_std: 0.0
target_5024.605263157895_return_mean: 4985.994596754983
target_5024.605263157895_return_std: 140.5915911319793
target_5024.605263157895_lenght_mean: 1000.0
target_5024.605263157895_lenght_std: 0.0
target_5433.421052631579_return_mean: 4951.498394368776
target_5433.421052631579_return_std: 324.8293987538774
target_5433.421052631579_lenght_mean: 1000.0
target_5433.421052631579_lenght_std: 0.0
target_5842.236842105263_return_mean: 4960.960383338664
target_5842.236842105263_return_std: 175.59359648715423
target_5842.236842105263_lenght_mean: 1000.0
target_5842.236842105263_lenght_std: 0.0
target_6251.0526315789475_return_mean: 4965.380168428422
target_6251.0526315789475_return_std: 277.0952937339902
target_6251.0526315789475_lenght_mean: 1000.0
target_6251.0526315789475_lenght_std: 0.0
target_6659.868421052632_return_mean: 4992.664208517883
target_6659.868421052632_return_std: 171.98655023915435
target_6659.868421052632_lenght_mean: 1000.0
target_6659.868421052632_lenght_std: 0.0
target_7068.684210526316_return_mean: 4991.900646504772
target_7068.684210526316_return_std: 146.32433591506484
target_7068.684210526316_lenght_mean: 1000.0
target_7068.684210526316_lenght_std: 0.0
target_7477.5_return_mean: 4914.141077839653
target_7477.5_return_std: 563.4113198746936
target_7477.5_lenght_mean: 1000.0
target_7477.5_lenght_std: 0.0
time/evaluation: 5538.715473651886
target_training/action_erro_mean: 0.03768083453178406
target_training/action_erro_std: 0.0
================================================================================
Iteration 10
time/training: 1428.4518885612488
training/train_loss_mean: 0.031157653017900883
training/train_loss_std: 0.003320611020548615
training/action_error: 0.02825823426246643
================================================================================
Iteration 10
target_-290.0_return_mean: 4944.383339725051
target_-290.0_return_std: 499.35761605833807
target_-290.0_lenght_mean: 1000.0
target_-290.0_lenght_std: 0.0
target_118.81578947368422_return_mean: 4908.670786241895
target_118.81578947368422_return_std: 567.8079150752451
target_118.81578947368422_lenght_mean: 1000.0
target_118.81578947368422_lenght_std: 0.0
target_527.6315789473684_return_mean: 4973.006702143065
target_527.6315789473684_return_std: 299.70096923448045
target_527.6315789473684_lenght_mean: 1000.0
target_527.6315789473684_lenght_std: 0.0
target_936.4473684210527_return_mean: 4983.057766189184
target_936.4473684210527_return_std: 408.6676818217571
target_936.4473684210527_lenght_mean: 1000.0
target_936.4473684210527_lenght_std: 0.0
target_1345.2631578947369_return_mean: 4952.489893042548
target_1345.2631578947369_return_std: 256.30339045264355
target_1345.2631578947369_lenght_mean: 1000.0
target_1345.2631578947369_lenght_std: 0.0
target_1754.078947368421_return_mean: 4969.129813569217
target_1754.078947368421_return_std: 287.55688494826717
target_1754.078947368421_lenght_mean: 1000.0
target_1754.078947368421_lenght_std: 0.0
target_2162.8947368421054_return_mean: 4968.461727074035
target_2162.8947368421054_return_std: 262.8287682217565
target_2162.8947368421054_lenght_mean: 1000.0
target_2162.8947368421054_lenght_std: 0.0
target_2571.7105263157896_return_mean: 5000.200308116991
target_2571.7105263157896_return_std: 176.32799376782768
target_2571.7105263157896_lenght_mean: 1000.0
target_2571.7105263157896_lenght_std: 0.0
target_2980.5263157894738_return_mean: 4974.079455697108
target_2980.5263157894738_return_std: 169.43819711302513
target_2980.5263157894738_lenght_mean: 1000.0
target_2980.5263157894738_lenght_std: 0.0
target_3389.342105263158_return_mean: 5015.080690598482
target_3389.342105263158_return_std: 139.73853024285967
target_3389.342105263158_lenght_mean: 1000.0
target_3389.342105263158_lenght_std: 0.0
target_3798.157894736842_return_mean: 4957.832359717434
target_3798.157894736842_return_std: 437.1988511848358
target_3798.157894736842_lenght_mean: 1000.0
target_3798.157894736842_lenght_std: 0.0
target_4206.973684210527_return_mean: 4910.023783817849
target_4206.973684210527_return_std: 494.6503416771611
target_4206.973684210527_lenght_mean: 1000.0
target_4206.973684210527_lenght_std: 0.0
target_4615.789473684211_return_mean: 4985.840720722908
target_4615.789473684211_return_std: 274.1201606368733
target_4615.789473684211_lenght_mean: 1000.0
target_4615.789473684211_lenght_std: 0.0
target_5024.605263157895_return_mean: 4980.644917684376
target_5024.605263157895_return_std: 217.4877730301882
target_5024.605263157895_lenght_mean: 1000.0
target_5024.605263157895_lenght_std: 0.0
target_5433.421052631579_return_mean: 4928.203041517917
target_5433.421052631579_return_std: 465.98194747264165
target_5433.421052631579_lenght_mean: 1000.0
target_5433.421052631579_lenght_std: 0.0
target_5842.236842105263_return_mean: 4997.531939710622
target_5842.236842105263_return_std: 120.33252162681964
target_5842.236842105263_lenght_mean: 1000.0
target_5842.236842105263_lenght_std: 0.0
target_6251.0526315789475_return_mean: 4984.877052167145
target_6251.0526315789475_return_std: 139.27635876995956
target_6251.0526315789475_lenght_mean: 1000.0
target_6251.0526315789475_lenght_std: 0.0
target_6659.868421052632_return_mean: 4982.69549538121
target_6659.868421052632_return_std: 167.28649317171534
target_6659.868421052632_lenght_mean: 1000.0
target_6659.868421052632_lenght_std: 0.0
target_7068.684210526316_return_mean: 4978.033324844211
target_7068.684210526316_return_std: 145.04338251116857
target_7068.684210526316_lenght_mean: 1000.0
target_7068.684210526316_lenght_std: 0.0
target_7477.5_return_mean: 5015.244738553469
target_7477.5_return_std: 140.95351896035302
target_7477.5_lenght_mean: 1000.0
target_7477.5_lenght_std: 0.0
time/evaluation: 5577.865355730057
target_training/action_erro_mean: 0.02825823426246643
target_training/action_erro_std: 0.0
================================================================================
Iteration 11
time/training: 1427.0902209281921
training/train_loss_mean: 0.030829191185534
training/train_loss_std: 0.0032696069052185533
training/action_error: 0.026227176189422607
================================================================================
Iteration 11
target_-290.0_return_mean: 5008.238335276664
target_-290.0_return_std: 123.50415248188813
target_-290.0_lenght_mean: 1000.0
target_-290.0_lenght_std: 0.0
target_118.81578947368422_return_mean: 4996.335411536378
target_118.81578947368422_return_std: 131.60634519535859
target_118.81578947368422_lenght_mean: 1000.0
target_118.81578947368422_lenght_std: 0.0
target_527.6315789473684_return_mean: 4935.244500830484
target_527.6315789473684_return_std: 509.00520097075815
target_527.6315789473684_lenght_mean: 1000.0
target_527.6315789473684_lenght_std: 0.0
target_936.4473684210527_return_mean: 4908.405952661234
target_936.4473684210527_return_std: 657.7644928645184
target_936.4473684210527_lenght_mean: 1000.0
target_936.4473684210527_lenght_std: 0.0
target_1345.2631578947369_return_mean: 5001.2625450940695
target_1345.2631578947369_return_std: 149.75851424441828
target_1345.2631578947369_lenght_mean: 1000.0
target_1345.2631578947369_lenght_std: 0.0
target_1754.078947368421_return_mean: 4926.718668521445
target_1754.078947368421_return_std: 409.03625286026784
target_1754.078947368421_lenght_mean: 1000.0
target_1754.078947368421_lenght_std: 0.0
target_2162.8947368421054_return_mean: 4972.747893097092
target_2162.8947368421054_return_std: 255.20673803520043
target_2162.8947368421054_lenght_mean: 1000.0
target_2162.8947368421054_lenght_std: 0.0
target_2571.7105263157896_return_mean: 4949.243590743889
target_2571.7105263157896_return_std: 325.69084389439683
target_2571.7105263157896_lenght_mean: 1000.0
target_2571.7105263157896_lenght_std: 0.0
target_2980.5263157894738_return_mean: 4964.361604132919
target_2980.5263157894738_return_std: 250.4080567360213
target_2980.5263157894738_lenght_mean: 1000.0
target_2980.5263157894738_lenght_std: 0.0
target_3389.342105263158_return_mean: 4984.0574685312595
target_3389.342105263158_return_std: 303.1748798520656
target_3389.342105263158_lenght_mean: 1000.0
target_3389.342105263158_lenght_std: 0.0
target_3798.157894736842_return_mean: 4950.036113459401
target_3798.157894736842_return_std: 408.06349174379835
target_3798.157894736842_lenght_mean: 1000.0
target_3798.157894736842_lenght_std: 0.0
target_4206.973684210527_return_mean: 4814.35139646787
target_4206.973684210527_return_std: 783.6807858249042
target_4206.973684210527_lenght_mean: 1000.0
target_4206.973684210527_lenght_std: 0.0
target_4615.789473684211_return_mean: 5001.229955986867
target_4615.789473684211_return_std: 190.10676968058323
target_4615.789473684211_lenght_mean: 1000.0
target_4615.789473684211_lenght_std: 0.0
target_5024.605263157895_return_mean: 4991.250366159381
target_5024.605263157895_return_std: 124.14959918973305
target_5024.605263157895_lenght_mean: 1000.0
target_5024.605263157895_lenght_std: 0.0
target_5433.421052631579_return_mean: 4953.248765013351
target_5433.421052631579_return_std: 315.216921370334
target_5433.421052631579_lenght_mean: 1000.0
target_5433.421052631579_lenght_std: 0.0
target_5842.236842105263_return_mean: 4978.424131480362
target_5842.236842105263_return_std: 465.17600042435805
target_5842.236842105263_lenght_mean: 1000.0
target_5842.236842105263_lenght_std: 0.0
target_6251.0526315789475_return_mean: 4943.360848810897
target_6251.0526315789475_return_std: 387.8280848317348
target_6251.0526315789475_lenght_mean: 1000.0
target_6251.0526315789475_lenght_std: 0.0
target_6659.868421052632_return_mean: 4957.760307034903
target_6659.868421052632_return_std: 408.4638414713387
target_6659.868421052632_lenght_mean: 1000.0
target_6659.868421052632_lenght_std: 0.0
target_7068.684210526316_return_mean: 4975.138256959685
target_7068.684210526316_return_std: 278.5845278956051
target_7068.684210526316_lenght_mean: 1000.0
target_7068.684210526316_lenght_std: 0.0
target_7477.5_return_mean: 4998.654491352969
target_7477.5_return_std: 344.1960037319861
target_7477.5_lenght_mean: 1000.0
target_7477.5_lenght_std: 0.0
time/evaluation: 5510.868803739548
target_training/action_erro_mean: 0.026227176189422607
target_training/action_erro_std: 0.0
================================================================================
Iteration 12
time/training: 1421.9263262748718
training/train_loss_mean: 0.030479793177358806
training/train_loss_std: 0.00323619659591151
training/action_error: 0.02857324667274952
================================================================================
Iteration 12
target_-290.0_return_mean: 4748.689347091449
target_-290.0_return_std: 854.6836342118058
target_-290.0_lenght_mean: 1000.0
target_-290.0_lenght_std: 0.0
target_118.81578947368422_return_mean: 4926.410789555452
target_118.81578947368422_return_std: 293.7962518326821
target_118.81578947368422_lenght_mean: 1000.0
target_118.81578947368422_lenght_std: 0.0
target_527.6315789473684_return_mean: 4862.919857171203
target_527.6315789473684_return_std: 704.5047812118282
target_527.6315789473684_lenght_mean: 1000.0
target_527.6315789473684_lenght_std: 0.0
target_936.4473684210527_return_mean: 4978.127756598819
target_936.4473684210527_return_std: 310.42812775538783
target_936.4473684210527_lenght_mean: 1000.0
target_936.4473684210527_lenght_std: 0.0
target_1345.2631578947369_return_mean: 4940.467256124191
target_1345.2631578947369_return_std: 295.1834254423103
target_1345.2631578947369_lenght_mean: 1000.0
target_1345.2631578947369_lenght_std: 0.0
target_1754.078947368421_return_mean: 4871.240001525404
target_1754.078947368421_return_std: 514.9510311358805
target_1754.078947368421_lenght_mean: 1000.0
target_1754.078947368421_lenght_std: 0.0
target_2162.8947368421054_return_mean: 4852.444473829941
target_2162.8947368421054_return_std: 692.6873379916073
target_2162.8947368421054_lenght_mean: 1000.0
target_2162.8947368421054_lenght_std: 0.0
target_2571.7105263157896_return_mean: 4917.851674970264
target_2571.7105263157896_return_std: 488.4391572432575
target_2571.7105263157896_lenght_mean: 1000.0
target_2571.7105263157896_lenght_std: 0.0
target_2980.5263157894738_return_mean: 4974.965691781583
target_2980.5263157894738_return_std: 243.4617212667216
target_2980.5263157894738_lenght_mean: 1000.0
target_2980.5263157894738_lenght_std: 0.0
target_3389.342105263158_return_mean: 4948.511265272321
target_3389.342105263158_return_std: 345.4597238272178
target_3389.342105263158_lenght_mean: 1000.0
target_3389.342105263158_lenght_std: 0.0
target_3798.157894736842_return_mean: 4875.68551195095
target_3798.157894736842_return_std: 557.3160209085814
target_3798.157894736842_lenght_mean: 1000.0
target_3798.157894736842_lenght_std: 0.0
target_4206.973684210527_return_mean: 4884.940019648142
target_4206.973684210527_return_std: 589.8656759195193
target_4206.973684210527_lenght_mean: 1000.0
target_4206.973684210527_lenght_std: 0.0
target_4615.789473684211_return_mean: 4948.0531311942295
target_4615.789473684211_return_std: 264.938778591637
target_4615.789473684211_lenght_mean: 1000.0
target_4615.789473684211_lenght_std: 0.0
target_5024.605263157895_return_mean: 4973.31508040944
target_5024.605263157895_return_std: 286.27403669612266
target_5024.605263157895_lenght_mean: 1000.0
target_5024.605263157895_lenght_std: 0.0
target_5433.421052631579_return_mean: 4898.969228322377
target_5433.421052631579_return_std: 388.745927003751
target_5433.421052631579_lenght_mean: 1000.0
target_5433.421052631579_lenght_std: 0.0
target_5842.236842105263_return_mean: 4822.95013542026
target_5842.236842105263_return_std: 640.8684241916759
target_5842.236842105263_lenght_mean: 1000.0
target_5842.236842105263_lenght_std: 0.0
target_6251.0526315789475_return_mean: 4955.122785471108
target_6251.0526315789475_return_std: 338.54692704148493
target_6251.0526315789475_lenght_mean: 1000.0
target_6251.0526315789475_lenght_std: 0.0
target_6659.868421052632_return_mean: 4936.37350583297
target_6659.868421052632_return_std: 324.6640342797228
target_6659.868421052632_lenght_mean: 1000.0
target_6659.868421052632_lenght_std: 0.0
target_7068.684210526316_return_mean: 4965.926272995143
target_7068.684210526316_return_std: 251.56074735112477
target_7068.684210526316_lenght_mean: 1000.0
target_7068.684210526316_lenght_std: 0.0
target_7477.5_return_mean: 5004.656213157851
target_7477.5_return_std: 185.6048867514229
target_7477.5_lenght_mean: 1000.0
target_7477.5_lenght_std: 0.0
time/evaluation: 5548.805323839188
target_training/action_erro_mean: 0.02857324667274952
target_training/action_erro_std: 0.0

------------------------------------------------------------
Sender: LSF System <lsfadmin@hpc.dtu.dk>
Subject: Job 13680975: <DT-cheetah> in cluster <dcc> Done

Job <DT-cheetah> was submitted from host <n-62-30-7> by user <s204131> in cluster <dcc> at Mon Jun  6 17:06:06 2022
Job was executed on host(s) <4*n-62-20-5>, in queue <gpuv100>, as user <s204131> in cluster <dcc> at Tue Jun  7 09:24:05 2022
</zhome/94/3/155767> was used as the home directory.
</zhome/94/3/155767/decision_transformer/gym> was used as the working directory.
Started at Tue Jun  7 09:24:05 2022
Terminated at Tue Jun  7 21:43:46 2022
Results reported at Tue Jun  7 21:43:46 2022

Your job looked like:

------------------------------------------------------------
# LSBATCH: User input
#!/bin/sh
#BSUB -J DT-cheetah
#BSUB -o DT-cheetah_%J.out
#BSUB -e DT-cheetah_%J.err
#BSUB -q gpuv100
#BSUB -gpu "num=1:mode=exclusive_process"
#BSUB -n 4
#BSUB -R "rusage[mem=4G]"
#BSUB -R "span[hosts=1]"
#BSUB -W 20:00
# end of BSUB options


# load CUDA (for GPU support)

# activate the virtual environment
source $HOME/miniconda3/envs/decision-transformer-gym/bin/activate

wandb on
echo 'cad8b043f3731a2c453efd8f61915e186ac93ac3' | wandb login

python experiment_single_reward.py --env 'halfcheetah' --dataset 'medium' --seed 42 --save_iters '8,10,12' --eval_iters '8,9,10,11,12' --max_iters 12 --device 'cuda' --log_to_wandb True

------------------------------------------------------------

Successfully completed.

Resource usage summary:

    CPU time :                                   44549.29 sec.
    Max Memory :                                 2616 MB
    Average Memory :                             2607.05 MB
    Total Requested Memory :                     16384.00 MB
    Delta Memory :                               13768.00 MB
    Max Swap :                                   -
    Max Processes :                              6
    Max Threads :                                21
    Run time :                                   44439 sec.
    Turnaround time :                            103060 sec.

The output (if any) is above this job summary.



PS:

Read file <DT-cheetah_13680975.err> for stderr output of this job.

