W&B enabled, running your script from this directory will now sync to the cloud.
Disabling Weights & Biases. Run 'wandb login' again to re-enable.
Creating states list
==================================================
Starting new experiment: halfcheetah expert
1000 trajectories, 1000000 timesteps found
Average return: 10656.43, std: 441.68
Max return: 11252.04, min: 2045.83
==================================================
================================================================================
Iteration 1
time/training: 1438.8398180007935
training/train_loss_mean: 0.12292645546793937
training/train_loss_std: 0.1497102013838964
training/action_error: 0.04738710820674896
================================================================================
Iteration 2
time/training: 1436.1643924713135
training/train_loss_mean: 0.043067423386499284
training/train_loss_std: 0.004436932665385354
training/action_error: 0.045015569776296616
================================================================================
Iteration 3
time/training: 1446.735966682434
training/train_loss_mean: 0.03714214812088758
training/train_loss_std: 0.0030620410780461105
training/action_error: 0.032402750104665756
================================================================================
Iteration 4
time/training: 1426.5325932502747
training/train_loss_mean: 0.03472348788715899
training/train_loss_std: 0.00281302231662902
training/action_error: 0.03473964333534241
================================================================================
Iteration 5
time/training: 1416.582721233368
training/train_loss_mean: 0.03329930375143886
training/train_loss_std: 0.002664532897312708
training/action_error: 0.04369039461016655
================================================================================
Iteration 6
time/training: 1403.622704744339
training/train_loss_mean: 0.032352573428861796
training/train_loss_std: 0.0026545546967403203
training/action_error: 0.030684731900691986
================================================================================
Iteration 7
time/training: 1415.7406322956085
training/train_loss_mean: 0.0315732264475897
training/train_loss_std: 0.0025574316640148563
training/action_error: 0.03871898725628853
================================================================================
Iteration 8
time/training: 1416.9968495368958
training/train_loss_mean: 0.030998771097697317
training/train_loss_std: 0.0025699160968503483
training/action_error: 0.03074486553668976
================================================================================
Iteration 8
target_-290.0_return_mean: 10809.227750664902
target_-290.0_return_std: 236.19494430533382
target_-290.0_lenght_mean: 1000.0
target_-290.0_lenght_std: 0.0
target_118.81578947368422_return_mean: 10859.32618029578
target_118.81578947368422_return_std: 233.97942111299915
target_118.81578947368422_lenght_mean: 1000.0
target_118.81578947368422_lenght_std: 0.0
target_527.6315789473684_return_mean: 10857.053398345603
target_527.6315789473684_return_std: 262.46401117406083
target_527.6315789473684_lenght_mean: 1000.0
target_527.6315789473684_lenght_std: 0.0
target_936.4473684210527_return_mean: 10897.987136391572
target_936.4473684210527_return_std: 224.585092689233
target_936.4473684210527_lenght_mean: 1000.0
target_936.4473684210527_lenght_std: 0.0
target_1345.2631578947369_return_mean: 10862.301666528978
target_1345.2631578947369_return_std: 217.04473436450698
target_1345.2631578947369_lenght_mean: 1000.0
target_1345.2631578947369_lenght_std: 0.0
target_1754.078947368421_return_mean: 10867.993594819965
target_1754.078947368421_return_std: 216.6014703916366
target_1754.078947368421_lenght_mean: 1000.0
target_1754.078947368421_lenght_std: 0.0
target_2162.8947368421054_return_mean: 10798.416141877651
target_2162.8947368421054_return_std: 642.9341499145563
target_2162.8947368421054_lenght_mean: 1000.0
target_2162.8947368421054_lenght_std: 0.0
target_2571.7105263157896_return_mean: 10809.025416705897
target_2571.7105263157896_return_std: 878.4827484467405
target_2571.7105263157896_lenght_mean: 1000.0
target_2571.7105263157896_lenght_std: 0.0
target_2980.5263157894738_return_mean: 10865.530080281203
target_2980.5263157894738_return_std: 281.5573571301015
target_2980.5263157894738_lenght_mean: 1000.0
target_2980.5263157894738_lenght_std: 0.0
target_3389.342105263158_return_mean: 10906.079318715332
target_3389.342105263158_return_std: 181.9298939704287
target_3389.342105263158_lenght_mean: 1000.0
target_3389.342105263158_lenght_std: 0.0
target_3798.157894736842_return_mean: 10832.32905491269
target_3798.157894736842_return_std: 625.2657719172618
target_3798.157894736842_lenght_mean: 1000.0
target_3798.157894736842_lenght_std: 0.0
target_4206.973684210527_return_mean: 10872.491914841865
target_4206.973684210527_return_std: 839.5498615151611
target_4206.973684210527_lenght_mean: 1000.0
target_4206.973684210527_lenght_std: 0.0
target_4615.789473684211_return_mean: 10945.550351827045
target_4615.789473684211_return_std: 191.4584751447184
target_4615.789473684211_lenght_mean: 1000.0
target_4615.789473684211_lenght_std: 0.0
target_5024.605263157895_return_mean: 10926.93959206122
target_5024.605263157895_return_std: 185.4759629714183
target_5024.605263157895_lenght_mean: 1000.0
target_5024.605263157895_lenght_std: 0.0
target_5433.421052631579_return_mean: 10910.298698149782
target_5433.421052631579_return_std: 256.07112332981535
target_5433.421052631579_lenght_mean: 1000.0
target_5433.421052631579_lenght_std: 0.0
target_5842.236842105263_return_mean: 10896.933734136486
target_5842.236842105263_return_std: 615.2124773991256
target_5842.236842105263_lenght_mean: 1000.0
target_5842.236842105263_lenght_std: 0.0
target_6251.0526315789475_return_mean: 10822.114024907944
target_6251.0526315789475_return_std: 768.9737170413817
target_6251.0526315789475_lenght_mean: 1000.0
target_6251.0526315789475_lenght_std: 0.0
target_6659.868421052632_return_mean: 10936.67123647843
target_6659.868421052632_return_std: 190.86628016899832
target_6659.868421052632_lenght_mean: 1000.0
target_6659.868421052632_lenght_std: 0.0
target_7068.684210526316_return_mean: 10924.173784195056
target_7068.684210526316_return_std: 190.68939042861456
target_7068.684210526316_lenght_mean: 1000.0
target_7068.684210526316_lenght_std: 0.0
target_7477.5_return_mean: 10953.549343485658
target_7477.5_return_std: 206.00891447637804
target_7477.5_lenght_mean: 1000.0
target_7477.5_lenght_std: 0.0
time/evaluation: 5642.779389619827
target_training/action_erro_mean: 0.03074486553668976
target_training/action_erro_std: 0.0
================================================================================
Iteration 9
time/training: 1427.5933752059937
training/train_loss_mean: 0.030528973049856724
training/train_loss_std: 0.0025455042620401653
training/action_error: 0.027901574969291687
================================================================================
Iteration 9
target_-290.0_return_mean: 10932.663233663836
target_-290.0_return_std: 611.1118319298712
target_-290.0_lenght_mean: 1000.0
target_-290.0_lenght_std: 0.0
target_118.81578947368422_return_mean: 11004.405675531456
target_118.81578947368422_return_std: 221.54167976825687
target_118.81578947368422_lenght_mean: 1000.0
target_118.81578947368422_lenght_std: 0.0
target_527.6315789473684_return_mean: 10925.062981050556
target_527.6315789473684_return_std: 523.2749745012512
target_527.6315789473684_lenght_mean: 1000.0
target_527.6315789473684_lenght_std: 0.0
target_936.4473684210527_return_mean: 10984.039603188972
target_936.4473684210527_return_std: 238.63328297757573
target_936.4473684210527_lenght_mean: 1000.0
target_936.4473684210527_lenght_std: 0.0
target_1345.2631578947369_return_mean: 10887.750244694547
target_1345.2631578947369_return_std: 857.3933668276386
target_1345.2631578947369_lenght_mean: 1000.0
target_1345.2631578947369_lenght_std: 0.0
target_1754.078947368421_return_mean: 10897.81639343254
target_1754.078947368421_return_std: 969.2359727815267
target_1754.078947368421_lenght_mean: 1000.0
target_1754.078947368421_lenght_std: 0.0
target_2162.8947368421054_return_mean: 10967.806934976648
target_2162.8947368421054_return_std: 260.02658137453517
target_2162.8947368421054_lenght_mean: 1000.0
target_2162.8947368421054_lenght_std: 0.0
target_2571.7105263157896_return_mean: 10931.807679398107
target_2571.7105263157896_return_std: 743.7972484210288
target_2571.7105263157896_lenght_mean: 1000.0
target_2571.7105263157896_lenght_std: 0.0
target_2980.5263157894738_return_mean: 11049.344906088409
target_2980.5263157894738_return_std: 222.79742729081454
target_2980.5263157894738_lenght_mean: 1000.0
target_2980.5263157894738_lenght_std: 0.0
target_3389.342105263158_return_mean: 11044.781280672567
target_3389.342105263158_return_std: 184.88326173409493
target_3389.342105263158_lenght_mean: 1000.0
target_3389.342105263158_lenght_std: 0.0
target_3798.157894736842_return_mean: 10963.779613028615
target_3798.157894736842_return_std: 370.0414144821609
target_3798.157894736842_lenght_mean: 1000.0
target_3798.157894736842_lenght_std: 0.0
target_4206.973684210527_return_mean: 10959.133999671734
target_4206.973684210527_return_std: 524.8063873511461
target_4206.973684210527_lenght_mean: 1000.0
target_4206.973684210527_lenght_std: 0.0
target_4615.789473684211_return_mean: 11033.125037424028
target_4615.789473684211_return_std: 220.99752463363833
target_4615.789473684211_lenght_mean: 1000.0
target_4615.789473684211_lenght_std: 0.0
target_5024.605263157895_return_mean: 10984.32370042992
target_5024.605263157895_return_std: 838.9255778995982
target_5024.605263157895_lenght_mean: 1000.0
target_5024.605263157895_lenght_std: 0.0
target_5433.421052631579_return_mean: 11045.312375240139
target_5433.421052631579_return_std: 175.0531503103767
target_5433.421052631579_lenght_mean: 1000.0
target_5433.421052631579_lenght_std: 0.0
target_5842.236842105263_return_mean: 10975.902049798102
target_5842.236842105263_return_std: 463.1457413137064
target_5842.236842105263_lenght_mean: 1000.0
target_5842.236842105263_lenght_std: 0.0
target_6251.0526315789475_return_mean: 11056.30234779897
target_6251.0526315789475_return_std: 202.35411127591462
target_6251.0526315789475_lenght_mean: 1000.0
target_6251.0526315789475_lenght_std: 0.0
target_6659.868421052632_return_mean: 11063.652756924608
target_6659.868421052632_return_std: 180.87650704608387
target_6659.868421052632_lenght_mean: 1000.0
target_6659.868421052632_lenght_std: 0.0
target_7068.684210526316_return_mean: 11046.937388822997
target_7068.684210526316_return_std: 168.7498766412921
target_7068.684210526316_lenght_mean: 1000.0
target_7068.684210526316_lenght_std: 0.0
target_7477.5_return_mean: 11060.419699770177
target_7477.5_return_std: 157.971540136668
target_7477.5_lenght_mean: 1000.0
target_7477.5_lenght_std: 0.0
time/evaluation: 5647.722324371338
target_training/action_erro_mean: 0.027901574969291687
target_training/action_erro_std: 0.0
================================================================================
Iteration 10
time/training: 1424.843379497528
training/train_loss_mean: 0.03014244365617633
training/train_loss_std: 0.002546549095656811
training/action_error: 0.02932998165488243
================================================================================
Iteration 10
target_-290.0_return_mean: 10866.969641731226
target_-290.0_return_std: 867.8307183149318
target_-290.0_lenght_mean: 1000.0
target_-290.0_lenght_std: 0.0
target_118.81578947368422_return_mean: 10997.85584408937
target_118.81578947368422_return_std: 234.65964876950818
target_118.81578947368422_lenght_mean: 1000.0
target_118.81578947368422_lenght_std: 0.0
target_527.6315789473684_return_mean: 10963.277102282706
target_527.6315789473684_return_std: 496.2702963422508
target_527.6315789473684_lenght_mean: 1000.0
target_527.6315789473684_lenght_std: 0.0
target_936.4473684210527_return_mean: 11032.576404755397
target_936.4473684210527_return_std: 173.20211475482614
target_936.4473684210527_lenght_mean: 1000.0
target_936.4473684210527_lenght_std: 0.0
target_1345.2631578947369_return_mean: 11037.605748914018
target_1345.2631578947369_return_std: 215.46159207808347
target_1345.2631578947369_lenght_mean: 1000.0
target_1345.2631578947369_lenght_std: 0.0
target_1754.078947368421_return_mean: 10862.99196048332
target_1754.078947368421_return_std: 1138.4682996188662
target_1754.078947368421_lenght_mean: 1000.0
target_1754.078947368421_lenght_std: 0.0
target_2162.8947368421054_return_mean: 10987.022067060676
target_2162.8947368421054_return_std: 233.85909085304547
target_2162.8947368421054_lenght_mean: 1000.0
target_2162.8947368421054_lenght_std: 0.0
target_2571.7105263157896_return_mean: 11017.300951726087
target_2571.7105263157896_return_std: 190.93744112902806
target_2571.7105263157896_lenght_mean: 1000.0
target_2571.7105263157896_lenght_std: 0.0
target_2980.5263157894738_return_mean: 10913.359481138665
target_2980.5263157894738_return_std: 731.9865854933694
target_2980.5263157894738_lenght_mean: 1000.0
target_2980.5263157894738_lenght_std: 0.0
target_3389.342105263158_return_mean: 10921.877755771184
target_3389.342105263158_return_std: 594.5546772990505
target_3389.342105263158_lenght_mean: 1000.0
target_3389.342105263158_lenght_std: 0.0
target_3798.157894736842_return_mean: 11037.25840192288
target_3798.157894736842_return_std: 182.9672782681894
target_3798.157894736842_lenght_mean: 1000.0
target_3798.157894736842_lenght_std: 0.0
target_4206.973684210527_return_mean: 11013.17220984719
target_4206.973684210527_return_std: 199.57744566947287
target_4206.973684210527_lenght_mean: 1000.0
target_4206.973684210527_lenght_std: 0.0
target_4615.789473684211_return_mean: 11052.820108591628
target_4615.789473684211_return_std: 194.77935010760248
target_4615.789473684211_lenght_mean: 1000.0
target_4615.789473684211_lenght_std: 0.0
target_5024.605263157895_return_mean: 11070.825020432805
target_5024.605263157895_return_std: 163.78616362186656
target_5024.605263157895_lenght_mean: 1000.0
target_5024.605263157895_lenght_std: 0.0
target_5433.421052631579_return_mean: 11037.42718347282
target_5433.421052631579_return_std: 201.84333442668836
target_5433.421052631579_lenght_mean: 1000.0
target_5433.421052631579_lenght_std: 0.0
target_5842.236842105263_return_mean: 10969.797645765324
target_5842.236842105263_return_std: 745.433293907593
target_5842.236842105263_lenght_mean: 1000.0
target_5842.236842105263_lenght_std: 0.0
target_6251.0526315789475_return_mean: 11063.172547486467
target_6251.0526315789475_return_std: 204.1908004523123
target_6251.0526315789475_lenght_mean: 1000.0
target_6251.0526315789475_lenght_std: 0.0
target_6659.868421052632_return_mean: 11074.04433690931
target_6659.868421052632_return_std: 153.8650067383208
target_6659.868421052632_lenght_mean: 1000.0
target_6659.868421052632_lenght_std: 0.0
target_7068.684210526316_return_mean: 11055.335437355978
target_7068.684210526316_return_std: 203.1691600867585
target_7068.684210526316_lenght_mean: 1000.0
target_7068.684210526316_lenght_std: 0.0
target_7477.5_return_mean: 11003.54108417983
target_7477.5_return_std: 590.8771456105384
target_7477.5_lenght_mean: 1000.0
target_7477.5_lenght_std: 0.0
time/evaluation: 5700.650042057037
target_training/action_erro_mean: 0.02932998165488243
target_training/action_erro_std: 0.0
================================================================================
Iteration 11
time/training: 1424.1052389144897
training/train_loss_mean: 0.029781581293605267
training/train_loss_std: 0.002469418855284267
training/action_error: 0.02817106805741787
================================================================================
Iteration 11
target_-290.0_return_mean: 10740.640947044518
target_-290.0_return_std: 918.0167600081674
target_-290.0_lenght_mean: 1000.0
target_-290.0_lenght_std: 0.0
target_118.81578947368422_return_mean: 10784.916123466215
target_118.81578947368422_return_std: 481.50246098310447
target_118.81578947368422_lenght_mean: 1000.0
target_118.81578947368422_lenght_std: 0.0
target_527.6315789473684_return_mean: 10772.015999035306
target_527.6315789473684_return_std: 670.5928582180761
target_527.6315789473684_lenght_mean: 1000.0
target_527.6315789473684_lenght_std: 0.0
target_936.4473684210527_return_mean: 10842.197139959992
target_936.4473684210527_return_std: 195.59166951175922
target_936.4473684210527_lenght_mean: 1000.0
target_936.4473684210527_lenght_std: 0.0
target_1345.2631578947369_return_mean: 10877.168448096543
target_1345.2631578947369_return_std: 146.0920046374906
target_1345.2631578947369_lenght_mean: 1000.0
target_1345.2631578947369_lenght_std: 0.0
target_1754.078947368421_return_mean: 10860.176081162172
target_1754.078947368421_return_std: 170.73852282043475
target_1754.078947368421_lenght_mean: 1000.0
target_1754.078947368421_lenght_std: 0.0
target_2162.8947368421054_return_mean: 10877.148969022955
target_2162.8947368421054_return_std: 162.53726696818967
target_2162.8947368421054_lenght_mean: 1000.0
target_2162.8947368421054_lenght_std: 0.0
target_2571.7105263157896_return_mean: 10878.313124170127
target_2571.7105263157896_return_std: 162.06244495771148
target_2571.7105263157896_lenght_mean: 1000.0
target_2571.7105263157896_lenght_std: 0.0
target_2980.5263157894738_return_mean: 10815.683648549142
target_2980.5263157894738_return_std: 525.8123133030917
target_2980.5263157894738_lenght_mean: 1000.0
target_2980.5263157894738_lenght_std: 0.0
target_3389.342105263158_return_mean: 10868.319376764372
target_3389.342105263158_return_std: 165.22557819303216
target_3389.342105263158_lenght_mean: 1000.0
target_3389.342105263158_lenght_std: 0.0
target_3798.157894736842_return_mean: 10866.34876742412
target_3798.157894736842_return_std: 307.0050234315294
target_3798.157894736842_lenght_mean: 1000.0
target_3798.157894736842_lenght_std: 0.0
target_4206.973684210527_return_mean: 10827.295951589967
target_4206.973684210527_return_std: 671.6447205912548
target_4206.973684210527_lenght_mean: 1000.0
target_4206.973684210527_lenght_std: 0.0
target_4615.789473684211_return_mean: 10857.119114325962
target_4615.789473684211_return_std: 352.92882211903816
target_4615.789473684211_lenght_mean: 1000.0
target_4615.789473684211_lenght_std: 0.0
target_5024.605263157895_return_mean: 10862.208520119737
target_5024.605263157895_return_std: 176.07188942108536
target_5024.605263157895_lenght_mean: 1000.0
target_5024.605263157895_lenght_std: 0.0
target_5433.421052631579_return_mean: 10839.438533309314
target_5433.421052631579_return_std: 479.31588926480885
target_5433.421052631579_lenght_mean: 1000.0
target_5433.421052631579_lenght_std: 0.0
target_5842.236842105263_return_mean: 10899.3437187568
target_5842.236842105263_return_std: 163.83250648302376
target_5842.236842105263_lenght_mean: 1000.0
target_5842.236842105263_lenght_std: 0.0
target_6251.0526315789475_return_mean: 10891.525017238295
target_6251.0526315789475_return_std: 206.61502567256295
target_6251.0526315789475_lenght_mean: 1000.0
target_6251.0526315789475_lenght_std: 0.0
target_6659.868421052632_return_mean: 10861.816307410592
target_6659.868421052632_return_std: 299.16202140453305
target_6659.868421052632_lenght_mean: 1000.0
target_6659.868421052632_lenght_std: 0.0
target_7068.684210526316_return_mean: 10918.34698979252
target_7068.684210526316_return_std: 157.8937216017715
target_7068.684210526316_lenght_mean: 1000.0
target_7068.684210526316_lenght_std: 0.0
target_7477.5_return_mean: 10819.433642057551
target_7477.5_return_std: 580.3492728108778
target_7477.5_lenght_mean: 1000.0
target_7477.5_lenght_std: 0.0
time/evaluation: 5590.961356163025
target_training/action_erro_mean: 0.02817106805741787
target_training/action_erro_std: 0.0
================================================================================
Iteration 12
time/training: 1405.92720413208
training/train_loss_mean: 0.029451334758102892
training/train_loss_std: 0.002415489633289128
training/action_error: 0.03201383352279663
================================================================================
Iteration 12
target_-290.0_return_mean: 10823.684318590595
target_-290.0_return_std: 207.94596392584558
target_-290.0_lenght_mean: 1000.0
target_-290.0_lenght_std: 0.0
target_118.81578947368422_return_mean: 10861.817356700212
target_118.81578947368422_return_std: 205.43990296761046
target_118.81578947368422_lenght_mean: 1000.0
target_118.81578947368422_lenght_std: 0.0
target_527.6315789473684_return_mean: 10864.362034766975
target_527.6315789473684_return_std: 210.52093964919052
target_527.6315789473684_lenght_mean: 1000.0
target_527.6315789473684_lenght_std: 0.0
target_936.4473684210527_return_mean: 10801.24479202808
target_936.4473684210527_return_std: 438.71753289054914
target_936.4473684210527_lenght_mean: 1000.0
target_936.4473684210527_lenght_std: 0.0
target_1345.2631578947369_return_mean: 10832.56723691223
target_1345.2631578947369_return_std: 185.41202606898645
target_1345.2631578947369_lenght_mean: 1000.0
target_1345.2631578947369_lenght_std: 0.0
target_1754.078947368421_return_mean: 10804.821567892564
target_1754.078947368421_return_std: 223.18275260891227
target_1754.078947368421_lenght_mean: 1000.0
target_1754.078947368421_lenght_std: 0.0
target_2162.8947368421054_return_mean: 10838.37663221908
target_2162.8947368421054_return_std: 202.16247596957012
target_2162.8947368421054_lenght_mean: 1000.0
target_2162.8947368421054_lenght_std: 0.0
target_2571.7105263157896_return_mean: 10733.293822441034
target_2571.7105263157896_return_std: 674.202422837745
target_2571.7105263157896_lenght_mean: 1000.0
target_2571.7105263157896_lenght_std: 0.0
target_2980.5263157894738_return_mean: 10773.59048543889
target_2980.5263157894738_return_std: 712.2092231548722
target_2980.5263157894738_lenght_mean: 1000.0
target_2980.5263157894738_lenght_std: 0.0
target_3389.342105263158_return_mean: 10730.54416657301
target_3389.342105263158_return_std: 540.6545945729148
target_3389.342105263158_lenght_mean: 1000.0
target_3389.342105263158_lenght_std: 0.0
target_3798.157894736842_return_mean: 10771.775537164367
target_3798.157894736842_return_std: 181.26662813509955
target_3798.157894736842_lenght_mean: 1000.0
target_3798.157894736842_lenght_std: 0.0
target_4206.973684210527_return_mean: 10642.51889187564
target_4206.973684210527_return_std: 1017.0428991178554
target_4206.973684210527_lenght_mean: 1000.0
target_4206.973684210527_lenght_std: 0.0
target_4615.789473684211_return_mean: 10749.826080163868
target_4615.789473684211_return_std: 195.6101987918943
target_4615.789473684211_lenght_mean: 1000.0
target_4615.789473684211_lenght_std: 0.0
target_5024.605263157895_return_mean: 10583.754042638937
target_5024.605263157895_return_std: 1076.7568407092074
target_5024.605263157895_lenght_mean: 1000.0
target_5024.605263157895_lenght_std: 0.0
target_5433.421052631579_return_mean: 10728.895401999136
target_5433.421052631579_return_std: 173.67808516465828
target_5433.421052631579_lenght_mean: 1000.0
target_5433.421052631579_lenght_std: 0.0
target_5842.236842105263_return_mean: 10741.1872570331
target_5842.236842105263_return_std: 164.30457274233288
target_5842.236842105263_lenght_mean: 1000.0
target_5842.236842105263_lenght_std: 0.0
target_6251.0526315789475_return_mean: 10712.458279758961
target_6251.0526315789475_return_std: 188.63674902937888
target_6251.0526315789475_lenght_mean: 1000.0
target_6251.0526315789475_lenght_std: 0.0
target_6659.868421052632_return_mean: 10655.027150723781
target_6659.868421052632_return_std: 479.119324167745
target_6659.868421052632_lenght_mean: 1000.0
target_6659.868421052632_lenght_std: 0.0
target_7068.684210526316_return_mean: 10633.170567748244
target_7068.684210526316_return_std: 408.65372420496885
target_7068.684210526316_lenght_mean: 1000.0
target_7068.684210526316_lenght_std: 0.0
target_7477.5_return_mean: 10729.020714665528
target_7477.5_return_std: 164.24851244387017
target_7477.5_lenght_mean: 1000.0
target_7477.5_lenght_std: 0.0
time/evaluation: 5559.050981760025
target_training/action_erro_mean: 0.03201383352279663
target_training/action_erro_std: 0.0

------------------------------------------------------------
Sender: LSF System <lsfadmin@hpc.dtu.dk>
Subject: Job 13680962: <DT-cheetah> in cluster <dcc> Done

Job <DT-cheetah> was submitted from host <n-62-30-7> by user <s204131> in cluster <dcc> at Mon Jun  6 17:01:37 2022
Job was executed on host(s) <4*n-62-20-12>, in queue <gpuv100>, as user <s204131> in cluster <dcc> at Mon Jun  6 17:26:57 2022
</zhome/94/3/155767> was used as the home directory.
</zhome/94/3/155767/decision_transformer/gym> was used as the working directory.
Started at Mon Jun  6 17:26:57 2022
Terminated at Tue Jun  7 06:05:14 2022
Results reported at Tue Jun  7 06:05:14 2022

Your job looked like:

------------------------------------------------------------
# LSBATCH: User input
#!/bin/sh
#BSUB -J DT-cheetah
#BSUB -o DT-cheetah_%J.out
#BSUB -e DT-cheetah_%J.err
#BSUB -q gpuv100
#BSUB -gpu "num=1:mode=exclusive_process"
#BSUB -n 4
#BSUB -R "rusage[mem=4G]"
#BSUB -R "span[hosts=1]"
#BSUB -W 20:00
# end of BSUB options


# load CUDA (for GPU support)

# activate the virtual environment
source $HOME/miniconda3/envs/decision-transformer-gym/bin/activate

wandb on
echo 'cad8b043f3731a2c453efd8f61915e186ac93ac3' | wandb login

python experiment_single_reward.py --env 'halfcheetah' --dataset 'expert' --seed 42 --save_iters '8,10,12' --eval_iters '8,9,10,11,12' --max_iters 12 --device 'cuda' --log_to_wandb True

------------------------------------------------------------

Successfully completed.

Resource usage summary:

    CPU time :                                   45472.20 sec.
    Max Memory :                                 2612 MB
    Average Memory :                             2596.72 MB
    Total Requested Memory :                     16384.00 MB
    Delta Memory :                               13772.00 MB
    Max Swap :                                   -
    Max Processes :                              6
    Max Threads :                                21
    Run time :                                   45499 sec.
    Turnaround time :                            47017 sec.

The output (if any) is above this job summary.



PS:

Read file <DT-cheetah_13680962.err> for stderr output of this job.

