W&B enabled, running your script from this directory will now sync to the cloud.
Disabling Weights & Biases. Run 'wandb login' again to re-enable.
Creating states list
==================================================
Starting new experiment: hopper expert
1027 trajectories, 999494 timesteps found
Average return: 3511.36, std: 328.59
Max return: 3759.08, min: 1645.28
==================================================
================================================================================
Iteration 1
time/training: 1336.871663570404
training/train_loss_mean: 0.1719107764288783
training/train_loss_std: 0.10066466448766512
training/action_error: 0.10818979889154434
================================================================================
Iteration 2
time/training: 1335.3673026561737
training/train_loss_mean: 0.09407077295929193
training/train_loss_std: 0.0075779553854495125
training/action_error: 0.08485905081033707
================================================================================
Iteration 3
time/training: 1336.6654777526855
training/train_loss_mean: 0.08063098408132792
training/train_loss_std: 0.004566466740284444
training/action_error: 0.07594020664691925
================================================================================
Iteration 4
time/training: 1337.3113331794739
training/train_loss_mean: 0.07441074236407876
training/train_loss_std: 0.003941771933172889
training/action_error: 0.07565154880285263
================================================================================
Iteration 5
time/training: 1342.6979355812073
training/train_loss_mean: 0.07067238151356578
training/train_loss_std: 0.0037165440272555026
training/action_error: 0.0706741213798523
================================================================================
Iteration 6
time/training: 1339.6883208751678
training/train_loss_mean: 0.06814298960305751
training/train_loss_std: 0.0036037323376489953
training/action_error: 0.0733708068728447
================================================================================
Iteration 7
time/training: 1342.7432272434235
training/train_loss_mean: 0.0662950749911368
training/train_loss_std: 0.0035326929164431024
training/action_error: 0.06689240783452988
================================================================================
Iteration 8
time/training: 1340.2460479736328
training/train_loss_mean: 0.06474757875800133
training/train_loss_std: 0.003461316369567798
training/action_error: 0.06197292357683182
================================================================================
Iteration 8
target_18.0_return_mean: 3553.5246810040967
target_18.0_return_std: 139.60480228037082
target_18.0_lenght_mean: 992.21
target_18.0_lenght_std: 43.92249879048324
target_269.0526315789474_return_mean: 3561.6355238203373
target_269.0526315789474_return_std: 99.81815566611921
target_269.0526315789474_lenght_mean: 996.97
target_269.0526315789474_lenght_std: 30.148119344330592
target_520.1052631578948_return_mean: 3517.6964870352012
target_520.1052631578948_return_std: 250.68805887081302
target_520.1052631578948_lenght_mean: 984.73
target_520.1052631578948_lenght_std: 75.52626761597584
target_771.1578947368421_return_mean: 3560.543749372313
target_771.1578947368421_return_std: 125.33787187686015
target_771.1578947368421_lenght_mean: 996.22
target_771.1578947368421_lenght_std: 37.610525122630236
target_1022.2105263157895_return_mean: 3541.124235320298
target_1022.2105263157895_return_std: 200.57218341451653
target_1022.2105263157895_lenght_mean: 990.01
target_1022.2105263157895_lenght_std: 60.22283536998237
target_1273.2631578947369_return_mean: 3558.7665588755003
target_1273.2631578947369_return_std: 155.47913210478208
target_1273.2631578947369_lenght_mean: 993.4
target_1273.2631578947369_lenght_std: 46.37132734783424
target_1524.3157894736842_return_mean: 3560.792597985004
target_1524.3157894736842_return_std: 130.47717911583368
target_1524.3157894736842_lenght_mean: 996.12
target_1524.3157894736842_lenght_std: 38.60551255973684
target_1775.3684210526317_return_mean: 3531.0474176768093
target_1775.3684210526317_return_std: 227.5566508888785
target_1775.3684210526317_lenght_mean: 985.85
target_1775.3684210526317_lenght_std: 68.68760805269027
target_2026.421052631579_return_mean: 3555.3063452489273
target_2026.421052631579_return_std: 158.05979223289776
target_2026.421052631579_lenght_mean: 991.48
target_2026.421052631579_lenght_std: 48.93536144752584
target_2277.4736842105262_return_mean: 3539.130323233203
target_2277.4736842105262_return_std: 207.244760351621
target_2277.4736842105262_lenght_mean: 983.83
target_2277.4736842105262_lenght_std: 65.09378695390212
target_2528.5263157894738_return_mean: 3523.4510054330244
target_2528.5263157894738_return_std: 196.17869530625902
target_2528.5263157894738_lenght_mean: 979.39
target_2528.5263157894738_lenght_std: 64.27330627873441
target_2779.5789473684213_return_mean: 3504.8698751574743
target_2779.5789473684213_return_std: 236.57718048442305
target_2779.5789473684213_lenght_mean: 973.94
target_2779.5789473684213_lenght_std: 76.4162050876645
target_3030.6315789473683_return_mean: 3562.4988948195514
target_3030.6315789473683_return_std: 136.8004735561088
target_3030.6315789473683_lenght_mean: 990.45
target_3030.6315789473683_lenght_std: 44.557014038196044
target_3281.684210526316_return_mean: 3516.5071907986116
target_3281.684210526316_return_std: 287.4928338383636
target_3281.684210526316_lenght_mean: 977.21
target_3281.684210526316_lenght_std: 86.3982980156438
target_3532.7368421052633_return_mean: 3527.1224321076693
target_3532.7368421052633_return_std: 234.0196467462244
target_3532.7368421052633_lenght_mean: 982.32
target_3532.7368421052633_lenght_std: 71.42896891317974
target_3783.7894736842104_return_mean: 3488.6667915035937
target_3783.7894736842104_return_std: 296.293663898764
target_3783.7894736842104_lenght_mean: 970.11
target_3783.7894736842104_lenght_std: 91.97074480507374
target_4034.842105263158_return_mean: 3510.3751005182944
target_4034.842105263158_return_std: 256.1377930274951
target_4034.842105263158_lenght_mean: 977.04
target_4034.842105263158_lenght_std: 80.95849800978277
target_4285.894736842105_return_mean: 3507.5863297737296
target_4285.894736842105_return_std: 292.84492183434423
target_4285.894736842105_lenght_mean: 973.16
target_4285.894736842105_lenght_std: 89.44581823651681
target_4536.9473684210525_return_mean: 3529.751288711807
target_4536.9473684210525_return_std: 254.20190619321286
target_4536.9473684210525_lenght_mean: 983.81
target_4536.9473684210525_lenght_std: 77.39052849024871
target_4788.0_return_mean: 3518.8655777843833
target_4788.0_return_std: 235.63922879919605
target_4788.0_lenght_mean: 979.65
target_4788.0_lenght_std: 73.69428403885881
time/evaluation: 5479.606427431107
target_training/action_erro_mean: 0.06197292357683182
target_training/action_erro_std: 0.0
================================================================================
Iteration 9
time/training: 1341.5293624401093
training/train_loss_mean: 0.06355960357226431
training/train_loss_std: 0.0034383716492885144
training/action_error: 0.0662364512681961
================================================================================
Iteration 9
target_18.0_return_mean: 3533.2824932054837
target_18.0_return_std: 256.24222834183155
target_18.0_lenght_mean: 978.79
target_18.0_lenght_std: 78.64035795951085
target_269.0526315789474_return_mean: 3474.313398156111
target_269.0526315789474_return_std: 356.6723735595925
target_269.0526315789474_lenght_mean: 959.84
target_269.0526315789474_lenght_std: 108.90993710401271
target_520.1052631578948_return_mean: 3462.0812290977315
target_520.1052631578948_return_std: 343.97724780442775
target_520.1052631578948_lenght_mean: 955.99
target_520.1052631578948_lenght_std: 106.31580268238584
target_771.1578947368421_return_mean: 3490.3527525618424
target_771.1578947368421_return_std: 369.3980188376202
target_771.1578947368421_lenght_mean: 965.87
target_771.1578947368421_lenght_std: 108.52203969701272
target_1022.2105263157895_return_mean: 3503.709818255823
target_1022.2105263157895_return_std: 323.1618799776197
target_1022.2105263157895_lenght_mean: 970.62
target_1022.2105263157895_lenght_std: 95.8982565013567
target_1273.2631578947369_return_mean: 3529.2788605203946
target_1273.2631578947369_return_std: 269.25624547585267
target_1273.2631578947369_lenght_mean: 975.74
target_1273.2631578947369_lenght_std: 80.98316121268668
target_1524.3157894736842_return_mean: 3475.967349342873
target_1524.3157894736842_return_std: 396.5496208838456
target_1524.3157894736842_lenght_mean: 960.51
target_1524.3157894736842_lenght_std: 115.79132048646825
target_1775.3684210526317_return_mean: 3508.0661779172333
target_1775.3684210526317_return_std: 312.15979424369186
target_1775.3684210526317_lenght_mean: 971.36
target_1775.3684210526317_lenght_std: 92.80037930956965
target_2026.421052631579_return_mean: 3512.256553812559
target_2026.421052631579_return_std: 276.8066196179102
target_2026.421052631579_lenght_mean: 969.88
target_2026.421052631579_lenght_std: 84.20027078341258
target_2277.4736842105262_return_mean: 3486.5427391809703
target_2277.4736842105262_return_std: 311.263825313088
target_2277.4736842105262_lenght_mean: 965.16
target_2277.4736842105262_lenght_std: 94.78077020155511
target_2528.5263157894738_return_mean: 3491.1429639736302
target_2528.5263157894738_return_std: 340.1079486673341
target_2528.5263157894738_lenght_mean: 963.49
target_2528.5263157894738_lenght_std: 101.9327714721816
target_2779.5789473684213_return_mean: 3500.133470444146
target_2779.5789473684213_return_std: 298.60489249256307
target_2779.5789473684213_lenght_mean: 969.02
target_2779.5789473684213_lenght_std: 90.01321902920705
target_3030.6315789473683_return_mean: 3440.2539637582745
target_3030.6315789473683_return_std: 396.29829842817213
target_3030.6315789473683_lenght_mean: 950.35
target_3030.6315789473683_lenght_std: 118.75978907020676
target_3281.684210526316_return_mean: 3496.3894293751523
target_3281.684210526316_return_std: 298.2058510031269
target_3281.684210526316_lenght_mean: 966.1
target_3281.684210526316_lenght_std: 91.33088196223662
target_3532.7368421052633_return_mean: 3403.885961886014
target_3532.7368421052633_return_std: 410.3920808980265
target_3532.7368421052633_lenght_mean: 939.35
target_3532.7368421052633_lenght_std: 124.89718771853913
target_3783.7894736842104_return_mean: 3430.9043381277343
target_3783.7894736842104_return_std: 386.2932920518611
target_3783.7894736842104_lenght_mean: 946.18
target_3783.7894736842104_lenght_std: 117.8242233159209
target_4034.842105263158_return_mean: 3448.5872830078356
target_4034.842105263158_return_std: 383.69583475521944
target_4034.842105263158_lenght_mean: 949.47
target_4034.842105263158_lenght_std: 115.67933739436786
target_4285.894736842105_return_mean: 3451.9997853958084
target_4285.894736842105_return_std: 384.54926730734405
target_4285.894736842105_lenght_mean: 948.24
target_4285.894736842105_lenght_std: 116.84340974141418
target_4536.9473684210525_return_mean: 3500.327147355496
target_4536.9473684210525_return_std: 303.18887100464127
target_4536.9473684210525_lenght_mean: 964.87
target_4536.9473684210525_lenght_std: 93.69873585059726
target_4788.0_return_mean: 3413.7732672967086
target_4788.0_return_std: 428.78221882554885
target_4788.0_lenght_mean: 939.9
target_4788.0_lenght_std: 128.69992229989884
time/evaluation: 5319.249072551727
target_training/action_erro_mean: 0.0662364512681961
target_training/action_erro_std: 0.0
================================================================================
Iteration 10
time/training: 1345.4141669273376
training/train_loss_mean: 0.06260344325453043
training/train_loss_std: 0.003411683666835234
training/action_error: 0.06233854219317436
================================================================================
Iteration 10
target_18.0_return_mean: 3543.4959993896173
target_18.0_return_std: 207.5261190136081
target_18.0_lenght_mean: 983.82
target_18.0_lenght_std: 65.70165599130664
target_269.0526315789474_return_mean: 3532.977431325568
target_269.0526315789474_return_std: 256.93299140027324
target_269.0526315789474_lenght_mean: 979.69
target_269.0526315789474_lenght_std: 79.91704386424713
target_520.1052631578948_return_mean: 3529.814686257723
target_520.1052631578948_return_std: 255.10486280585175
target_520.1052631578948_lenght_mean: 980.88
target_520.1052631578948_lenght_std: 78.74671802684861
target_771.1578947368421_return_mean: 3543.9970864977936
target_771.1578947368421_return_std: 213.81798536595457
target_771.1578947368421_lenght_mean: 986.07
target_771.1578947368421_lenght_std: 65.11363221323165
target_1022.2105263157895_return_mean: 3542.7822196771617
target_1022.2105263157895_return_std: 239.98136533635773
target_1022.2105263157895_lenght_mean: 986.31
target_1022.2105263157895_lenght_std: 72.25118614943287
target_1273.2631578947369_return_mean: 3549.3657391789075
target_1273.2631578947369_return_std: 196.98194942454919
target_1273.2631578947369_lenght_mean: 986.93
target_1273.2631578947369_lenght_std: 61.374303254701
target_1524.3157894736842_return_mean: 3505.945918014287
target_1524.3157894736842_return_std: 330.57472290649235
target_1524.3157894736842_lenght_mean: 973.43
target_1524.3157894736842_lenght_std: 99.60484476168817
target_1775.3684210526317_return_mean: 3533.5864930169314
target_1775.3684210526317_return_std: 252.11517820790306
target_1775.3684210526317_lenght_mean: 983.39
target_1775.3684210526317_lenght_std: 77.0927876003975
target_2026.421052631579_return_mean: 3551.4726760381036
target_2026.421052631579_return_std: 165.42191732665822
target_2026.421052631579_lenght_mean: 987.8
target_2026.421052631579_lenght_std: 53.77992190399686
target_2277.4736842105262_return_mean: 3525.248172526248
target_2277.4736842105262_return_std: 248.36864505943925
target_2277.4736842105262_lenght_mean: 980.76
target_2277.4736842105262_lenght_std: 76.64608535339559
target_2528.5263157894738_return_mean: 3529.051618555155
target_2528.5263157894738_return_std: 239.38393473743255
target_2528.5263157894738_lenght_mean: 979.95
target_2528.5263157894738_lenght_std: 75.86097481577731
target_2779.5789473684213_return_mean: 3528.69150815063
target_2779.5789473684213_return_std: 253.19056425485257
target_2779.5789473684213_lenght_mean: 981.57
target_2779.5789473684213_lenght_std: 77.6737091942956
target_3030.6315789473683_return_mean: 3544.572955995134
target_3030.6315789473683_return_std: 208.74995648716302
target_3030.6315789473683_lenght_mean: 987.35
target_3030.6315789473683_lenght_std: 64.06783514369751
target_3281.684210526316_return_mean: 3502.0492147882796
target_3281.684210526316_return_std: 295.10179787668864
target_3281.684210526316_lenght_mean: 973.61
target_3281.684210526316_lenght_std: 90.41149207927054
target_3532.7368421052633_return_mean: 3540.119345747892
target_3532.7368421052633_return_std: 212.65247311189773
target_3532.7368421052633_lenght_mean: 984.79
target_3532.7368421052633_lenght_std: 66.75422009131707
target_3783.7894736842104_return_mean: 3527.562603058382
target_3783.7894736842104_return_std: 285.5278000183665
target_3783.7894736842104_lenght_mean: 979.0
target_3783.7894736842104_lenght_std: 86.15068194738797
target_4034.842105263158_return_mean: 3514.388730319527
target_4034.842105263158_return_std: 303.5166452399538
target_4034.842105263158_lenght_mean: 977.05
target_4034.842105263158_lenght_std: 92.03916286016515
target_4285.894736842105_return_mean: 3540.1761702871677
target_4285.894736842105_return_std: 249.3198125154196
target_4285.894736842105_lenght_mean: 983.66
target_4285.894736842105_lenght_std: 74.20973251535138
target_4536.9473684210525_return_mean: 3523.312541900371
target_4536.9473684210525_return_std: 287.21234880503073
target_4536.9473684210525_lenght_mean: 976.68
target_4536.9473684210525_lenght_std: 86.30653277707313
target_4788.0_return_mean: 3536.330848702402
target_4788.0_return_std: 219.07750923448722
target_4788.0_lenght_mean: 984.42
target_4788.0_lenght_std: 67.78335783951691
time/evaluation: 5459.704415798187
target_training/action_erro_mean: 0.06233854219317436
target_training/action_erro_std: 0.0
================================================================================
Iteration 11
time/training: 1337.3686468601227
training/train_loss_mean: 0.06171281126737595
training/train_loss_std: 0.003353731454866114
training/action_error: 0.06347093731164932
================================================================================
Iteration 11
target_18.0_return_mean: 3352.916872768661
target_18.0_return_std: 670.7560245152744
target_18.0_lenght_mean: 929.19
target_18.0_lenght_std: 191.24877489803694
target_269.0526315789474_return_mean: 3482.5639359153674
target_269.0526315789474_return_std: 358.3053621761084
target_269.0526315789474_lenght_mean: 966.5
target_269.0526315789474_lenght_std: 108.6267462460328
target_520.1052631578948_return_mean: 3453.1894795258136
target_520.1052631578948_return_std: 446.35930980564035
target_520.1052631578948_lenght_mean: 957.83
target_520.1052631578948_lenght_std: 129.53169920911253
target_771.1578947368421_return_mean: 3553.9226019823086
target_771.1578947368421_return_std: 250.64994266280615
target_771.1578947368421_lenght_mean: 987.19
target_771.1578947368421_lenght_std: 72.41639248126076
target_1022.2105263157895_return_mean: 3449.405327640807
target_1022.2105263157895_return_std: 422.80789860784193
target_1022.2105263157895_lenght_mean: 956.02
target_1022.2105263157895_lenght_std: 123.63090066807732
target_1273.2631578947369_return_mean: 3533.8648918544104
target_1273.2631578947369_return_std: 232.2362021395515
target_1273.2631578947369_lenght_mean: 981.71
target_1273.2631578947369_lenght_std: 71.89079148263704
target_1524.3157894736842_return_mean: 3536.285524291388
target_1524.3157894736842_return_std: 223.44537652474685
target_1524.3157894736842_lenght_mean: 981.16
target_1524.3157894736842_lenght_std: 69.65367470564637
target_1775.3684210526317_return_mean: 3511.2139707783604
target_1775.3684210526317_return_std: 306.45218698196237
target_1775.3684210526317_lenght_mean: 974.88
target_1775.3684210526317_lenght_std: 91.23730377427864
target_2026.421052631579_return_mean: 3466.205168515613
target_2026.421052631579_return_std: 330.67094136658017
target_2026.421052631579_lenght_mean: 961.39
target_2026.421052631579_lenght_std: 100.36651782342557
target_2277.4736842105262_return_mean: 3529.9999390422263
target_2277.4736842105262_return_std: 239.2270384328534
target_2277.4736842105262_lenght_mean: 982.55
target_2277.4736842105262_lenght_std: 72.49170642218321
target_2528.5263157894738_return_mean: 3476.8694962460936
target_2528.5263157894738_return_std: 327.6481289644256
target_2528.5263157894738_lenght_mean: 964.92
target_2528.5263157894738_lenght_std: 98.47432964991435
target_2779.5789473684213_return_mean: 3483.0014579832578
target_2779.5789473684213_return_std: 316.7171356332527
target_2779.5789473684213_lenght_mean: 967.51
target_2779.5789473684213_lenght_std: 96.59663503456008
target_3030.6315789473683_return_mean: 3519.15794349387
target_3030.6315789473683_return_std: 250.8665028708522
target_3030.6315789473683_lenght_mean: 976.87
target_3030.6315789473683_lenght_std: 77.09003242962089
target_3281.684210526316_return_mean: 3492.036054067678
target_3281.684210526316_return_std: 305.3793454317099
target_3281.684210526316_lenght_mean: 970.0
target_3281.684210526316_lenght_std: 91.99304321523448
target_3532.7368421052633_return_mean: 3467.456107814508
target_3532.7368421052633_return_std: 345.92909182369283
target_3532.7368421052633_lenght_mean: 959.24
target_3532.7368421052633_lenght_std: 105.60351509301195
target_3783.7894736842104_return_mean: 3432.2697050768325
target_3783.7894736842104_return_std: 417.9661845755198
target_3783.7894736842104_lenght_mean: 952.7
target_3783.7894736842104_lenght_std: 122.91513332376937
target_4034.842105263158_return_mean: 3498.2579480279774
target_4034.842105263158_return_std: 346.8843129730342
target_4034.842105263158_lenght_mean: 969.83
target_4034.842105263158_lenght_std: 99.69263312803008
target_4285.894736842105_return_mean: 3502.1701428279134
target_4285.894736842105_return_std: 276.6163131255701
target_4285.894736842105_lenght_mean: 972.41
target_4285.894736842105_lenght_std: 84.25225160196017
target_4536.9473684210525_return_mean: 3484.4884654784637
target_4536.9473684210525_return_std: 299.22347294836015
target_4536.9473684210525_lenght_mean: 967.15
target_4536.9473684210525_lenght_std: 92.70484075818264
target_4788.0_return_mean: 3530.4582459179983
target_4788.0_return_std: 244.4723964806691
target_4788.0_lenght_mean: 980.36
target_4788.0_lenght_std: 73.87794258098961
time/evaluation: 5391.029052972794
target_training/action_erro_mean: 0.06347093731164932
target_training/action_erro_std: 0.0
================================================================================
Iteration 12
time/training: 1338.5655500888824
training/train_loss_mean: 0.060980467886850236
training/train_loss_std: 0.0033131853419430474
training/action_error: 0.06372901052236557
================================================================================
Iteration 12
target_18.0_return_mean: 3573.8267666817987
target_18.0_return_std: 162.96226950778373
target_18.0_lenght_mean: 990.81
target_18.0_lenght_std: 52.15279378901958
target_269.0526315789474_return_mean: 3588.3521285447146
target_269.0526315789474_return_std: 104.44065679143952
target_269.0526315789474_lenght_mean: 995.46
target_269.0526315789474_lenght_std: 33.286159285805276
target_520.1052631578948_return_mean: 3572.451228833887
target_520.1052631578948_return_std: 153.6280584783841
target_520.1052631578948_lenght_mean: 988.87
target_520.1052631578948_lenght_std: 52.05701777858581
target_771.1578947368421_return_mean: 3580.911693227195
target_771.1578947368421_return_std: 110.00266511300784
target_771.1578947368421_lenght_mean: 993.71
target_771.1578947368421_lenght_std: 35.80036173001608
target_1022.2105263157895_return_mean: 3570.0037807866943
target_1022.2105263157895_return_std: 199.45366316604498
target_1022.2105263157895_lenght_mean: 991.37
target_1022.2105263157895_lenght_std: 60.9361395232747
target_1273.2631578947369_return_mean: 3585.2508275351693
target_1273.2631578947369_return_std: 109.87689629105877
target_1273.2631578947369_lenght_mean: 993.24
target_1273.2631578947369_lenght_std: 35.84162942724563
target_1524.3157894736842_return_mean: 3576.189591799829
target_1524.3157894736842_return_std: 168.40111220758283
target_1524.3157894736842_lenght_mean: 990.76
target_1524.3157894736842_lenght_std: 52.825963313507124
target_1775.3684210526317_return_mean: 3544.182663462002
target_1775.3684210526317_return_std: 265.0812224072405
target_1775.3684210526317_lenght_mean: 980.69
target_1775.3684210526317_lenght_std: 81.82538664742135
target_2026.421052631579_return_mean: 3576.0512503262553
target_2026.421052631579_return_std: 140.13743057459504
target_2026.421052631579_lenght_mean: 990.91
target_2026.421052631579_lenght_std: 45.285780328928865
target_2277.4736842105262_return_mean: 3551.8036313017883
target_2277.4736842105262_return_std: 257.7929827187867
target_2277.4736842105262_lenght_mean: 982.74
target_2277.4736842105262_lenght_std: 78.7833256469921
target_2528.5263157894738_return_mean: 3506.2021959072076
target_2528.5263157894738_return_std: 355.4379552090541
target_2528.5263157894738_lenght_mean: 967.49
target_2528.5263157894738_lenght_std: 106.50234692249742
target_2779.5789473684213_return_mean: 3549.527236233365
target_2779.5789473684213_return_std: 268.75385939987274
target_2779.5789473684213_lenght_mean: 984.13
target_2779.5789473684213_lenght_std: 80.84672596957779
target_3030.6315789473683_return_mean: 3572.0143038366905
target_3030.6315789473683_return_std: 195.9956496732566
target_3030.6315789473683_lenght_mean: 987.95
target_3030.6315789473683_lenght_std: 60.65449282617076
target_3281.684210526316_return_mean: 3501.00154842007
target_3281.684210526316_return_std: 370.09168924947386
target_3281.684210526316_lenght_mean: 967.86
target_3281.684210526316_lenght_std: 111.4008994577692
target_3532.7368421052633_return_mean: 3516.711586903591
target_3532.7368421052633_return_std: 287.9777163867945
target_3532.7368421052633_lenght_mean: 972.17
target_3532.7368421052633_lenght_std: 90.32132140308843
target_3783.7894736842104_return_mean: 3496.2309231638665
target_3783.7894736842104_return_std: 403.6138358897835
target_3783.7894736842104_lenght_mean: 964.8
target_3783.7894736842104_lenght_std: 119.47978908585334
target_4034.842105263158_return_mean: 3528.625729937709
target_4034.842105263158_return_std: 330.5805829729185
target_4034.842105263158_lenght_mean: 974.03
target_4034.842105263158_lenght_std: 99.33151111304005
target_4285.894736842105_return_mean: 3514.6043408692663
target_4285.894736842105_return_std: 336.66288876919634
target_4285.894736842105_lenght_mean: 972.09
target_4285.894736842105_lenght_std: 101.06394955670395
target_4536.9473684210525_return_mean: 3481.8422480094328
target_4536.9473684210525_return_std: 431.41272341979146
target_4536.9473684210525_lenght_mean: 959.88
target_4536.9473684210525_lenght_std: 126.56162767600614
target_4788.0_return_mean: 3471.000373479266
target_4788.0_return_std: 464.65255344683226
target_4788.0_lenght_mean: 957.21
target_4788.0_lenght_std: 136.0747805436408
time/evaluation: 5443.408564567566
target_training/action_erro_mean: 0.06372901052236557
target_training/action_erro_std: 0.0

------------------------------------------------------------
Sender: LSF System <lsfadmin@hpc.dtu.dk>
Subject: Job 13680970: <DT-hopper> in cluster <dcc> Done

Job <DT-hopper> was submitted from host <n-62-30-7> by user <s204131> in cluster <dcc> at Mon Jun  6 17:04:17 2022
Job was executed on host(s) <4*n-62-20-7>, in queue <gpuv100>, as user <s204131> in cluster <dcc> at Mon Jun  6 22:12:17 2022
</zhome/94/3/155767> was used as the home directory.
</zhome/94/3/155767/decision_transformer/gym> was used as the working directory.
Started at Mon Jun  6 22:12:17 2022
Terminated at Tue Jun  7 10:12:17 2022
Results reported at Tue Jun  7 10:12:17 2022

Your job looked like:

------------------------------------------------------------
# LSBATCH: User input
#!/bin/sh
#BSUB -J DT-hopper
#BSUB -o DT-hopper_%J.out
#BSUB -e DT-hopper_%J.err
#BSUB -q gpuv100
#BSUB -gpu "num=1:mode=exclusive_process"
#BSUB -n 4
#BSUB -R "rusage[mem=4G]"
#BSUB -R "span[hosts=1]"
#BSUB -W 20:00
# end of BSUB options


# load CUDA (for GPU support)

# activate the virtual environment
source $HOME/miniconda3/envs/decision-transformer-gym/bin/activate

wandb on
echo 'cad8b043f3731a2c453efd8f61915e186ac93ac3' | wandb login

python experiment_single_reward.py --env 'hopper' --dataset 'expert' --seed 43  --save_iters '8,10,12' --eval_iters '8,9,10,11,12' --max_iters 12 --device 'cuda' --log_to_wandb True

------------------------------------------------------------

Successfully completed.

Resource usage summary:

    CPU time :                                   43355.32 sec.
    Max Memory :                                 2531 MB
    Average Memory :                             2522.93 MB
    Total Requested Memory :                     16384.00 MB
    Delta Memory :                               13853.00 MB
    Max Swap :                                   -
    Max Processes :                              6
    Max Threads :                                21
    Run time :                                   43204 sec.
    Turnaround time :                            61680 sec.

The output (if any) is above this job summary.



PS:

Read file <DT-hopper_13680970.err> for stderr output of this job.

