W&B enabled, running your script from this directory will now sync to the cloud.
Disabling Weights & Biases. Run 'wandb login' again to re-enable.
Creating states list
==================================================
Starting new experiment: hopper medium_replay
2041 trajectories, 402000 timesteps found
Average return: 467.30, std: 511.03
Max return: 3192.93, min: -1.44
==================================================
================================================================================
Iteration 1
time/training: 611.7178370952606
training/train_loss_mean: 0.24745375220030547
training/train_loss_std: 0.09170521538756608
training/action_error: 0.17697446048259735
================================================================================
Iteration 2
time/training: 612.9722354412079
training/train_loss_mean: 0.1614509839192033
training/train_loss_std: 0.012487028624441709
training/action_error: 0.1424976885318756
================================================================================
Iteration 3
time/training: 616.5991303920746
training/train_loss_mean: 0.1420218276977539
training/train_loss_std: 0.009032669910632903
training/action_error: 0.13826413452625275
================================================================================
Iteration 4
time/training: 613.2204692363739
training/train_loss_mean: 0.13208373842462898
training/train_loss_std: 0.008181359517320857
training/action_error: 0.132316455245018
================================================================================
Iteration 5
time/training: 612.8053271770477
training/train_loss_mean: 0.12547973058447243
training/train_loss_std: 0.00741071306131661
training/action_error: 0.12376505136489868
================================================================================
Iteration 6
time/training: 610.7144174575806
training/train_loss_mean: 0.12084794394597412
training/train_loss_std: 0.007194972290209148
training/action_error: 0.12711414694786072
================================================================================
Iteration 7
time/training: 611.0962941646576
training/train_loss_mean: 0.11709321999326348
training/train_loss_std: 0.006997175671686201
training/action_error: 0.11857903748750687
================================================================================
Iteration 8
time/training: 611.7982528209686
training/train_loss_mean: 0.11422150793001055
training/train_loss_std: 0.006790695698561947
training/action_error: 0.10881153494119644
================================================================================
Iteration 8
target_18.0_return_mean: 482.35143458535407
target_18.0_return_std: 109.06955742728331
target_18.0_lenght_mean: 164.5
target_18.0_lenght_std: 24.12156711327023
target_269.0526315789474_return_mean: 485.87867898963634
target_269.0526315789474_return_std: 154.77562794500093
target_269.0526315789474_lenght_mean: 158.86
target_269.0526315789474_lenght_std: 33.23402473369724
target_520.1052631578948_return_mean: 608.2266015747275
target_520.1052631578948_return_std: 102.52456773288465
target_520.1052631578948_lenght_mean: 193.25
target_520.1052631578948_lenght_std: 22.362189069945725
target_771.1578947368421_return_mean: 720.9047211109087
target_771.1578947368421_return_std: 333.0857089833025
target_771.1578947368421_lenght_mean: 269.17
target_771.1578947368421_lenght_std: 104.40182517561655
target_1022.2105263157895_return_mean: 1418.2180753146502
target_1022.2105263157895_return_std: 643.9528257023478
target_1022.2105263157895_lenght_mean: 513.13
target_1022.2105263157895_lenght_std: 229.34274154635892
target_1273.2631578947369_return_mean: 1933.7819102539331
target_1273.2631578947369_return_std: 591.7582247719741
target_1273.2631578947369_lenght_mean: 725.84
target_1273.2631578947369_lenght_std: 235.5217493141557
target_1524.3157894736842_return_mean: 2220.6379276033044
target_1524.3157894736842_return_std: 560.3047988285838
target_1524.3157894736842_lenght_mean: 849.41
target_1524.3157894736842_lenght_std: 202.85103376616055
target_1775.3684210526317_return_mean: 2224.9589562185665
target_1775.3684210526317_return_std: 377.867065823484
target_1775.3684210526317_lenght_mean: 875.69
target_1775.3684210526317_lenght_std: 155.94663798876846
target_2026.421052631579_return_mean: 2290.9033039875503
target_2026.421052631579_return_std: 393.3639728058931
target_2026.421052631579_lenght_mean: 878.27
target_2026.421052631579_lenght_std: 150.7044694095036
target_2277.4736842105262_return_mean: 2397.759247750897
target_2277.4736842105262_return_std: 313.9951444482083
target_2277.4736842105262_lenght_mean: 918.3
target_2277.4736842105262_lenght_std: 113.49356809969454
target_2528.5263157894738_return_mean: 2392.619200350131
target_2528.5263157894738_return_std: 306.5604185062783
target_2528.5263157894738_lenght_mean: 935.87
target_2528.5263157894738_lenght_std: 115.38766441868907
target_2779.5789473684213_return_mean: 2432.7219294304437
target_2779.5789473684213_return_std: 248.21654417113737
target_2779.5789473684213_lenght_mean: 955.41
target_2779.5789473684213_lenght_std: 87.42792402888222
target_3030.6315789473683_return_mean: 2419.9395951328443
target_3030.6315789473683_return_std: 278.62216168137525
target_3030.6315789473683_lenght_mean: 942.21
target_3030.6315789473683_lenght_std: 106.71741141913066
target_3281.684210526316_return_mean: 2470.5048301996444
target_3281.684210526316_return_std: 323.1224485893031
target_3281.684210526316_lenght_mean: 950.33
target_3281.684210526316_lenght_std: 105.33917172638107
target_3532.7368421052633_return_mean: 2426.605398714957
target_3532.7368421052633_return_std: 290.77907015001966
target_3532.7368421052633_lenght_mean: 935.2
target_3532.7368421052633_lenght_std: 109.66385001448745
target_3783.7894736842104_return_mean: 2424.3278416602525
target_3783.7894736842104_return_std: 270.48042987471507
target_3783.7894736842104_lenght_mean: 943.85
target_3783.7894736842104_lenght_std: 100.90286170371978
target_4034.842105263158_return_mean: 2345.7219178423634
target_4034.842105263158_return_std: 374.29105497096856
target_4034.842105263158_lenght_mean: 902.34
target_4034.842105263158_lenght_std: 136.1710115993856
target_4285.894736842105_return_mean: 2383.2322337923106
target_4285.894736842105_return_std: 294.5278540552702
target_4285.894736842105_lenght_mean: 914.81
target_4285.894736842105_lenght_std: 119.51516179966455
target_4536.9473684210525_return_mean: 2371.2923877254707
target_4536.9473684210525_return_std: 291.99621950331186
target_4536.9473684210525_lenght_mean: 908.15
target_4536.9473684210525_lenght_std: 114.92261526784014
target_4788.0_return_mean: 2414.2781048880747
target_4788.0_return_std: 275.54425607576826
target_4788.0_lenght_mean: 939.66
target_4788.0_lenght_std: 100.53688079505947
time/evaluation: 4142.530768632889
target_training/action_erro_mean: 0.10881153494119644
target_training/action_erro_std: 0.0
================================================================================
Iteration 9
time/training: 613.7415173053741
training/train_loss_mean: 0.11168423053324222
training/train_loss_std: 0.006563307975407764
training/action_error: 0.10823147743940353
================================================================================
Iteration 9
target_18.0_return_mean: 539.1360815098087
target_18.0_return_std: 273.32545004071966
target_18.0_lenght_mean: 409.77
target_18.0_lenght_std: 252.37729117335417
target_269.0526315789474_return_mean: 427.76523822416783
target_269.0526315789474_return_std: 11.680886399502265
target_269.0526315789474_lenght_mean: 229.38
target_269.0526315789474_lenght_std: 10.570506137361635
target_520.1052631578948_return_mean: 436.514582504031
target_520.1052631578948_return_std: 11.126776119397922
target_520.1052631578948_lenght_mean: 238.65
target_520.1052631578948_lenght_std: 11.501630319219966
target_771.1578947368421_return_mean: 552.5498408830848
target_771.1578947368421_return_std: 153.12398187654478
target_771.1578947368421_lenght_mean: 275.68
target_771.1578947368421_lenght_std: 37.54753786868055
target_1022.2105263157895_return_mean: 723.833463470533
target_1022.2105263157895_return_std: 108.02392879800404
target_1022.2105263157895_lenght_mean: 335.17
target_1022.2105263157895_lenght_std: 33.718853776485346
target_1273.2631578947369_return_mean: 837.1184101584289
target_1273.2631578947369_return_std: 8.480748034683282
target_1273.2631578947369_lenght_mean: 371.19
target_1273.2631578947369_lenght_std: 2.212216083478285
target_1524.3157894736842_return_mean: 843.2441229025942
target_1524.3157894736842_return_std: 7.055198750526259
target_1524.3157894736842_lenght_mean: 373.55
target_1524.3157894736842_lenght_std: 1.6209565077447325
target_1775.3684210526317_return_mean: 848.1852972940428
target_1775.3684210526317_return_std: 9.803466492369404
target_1775.3684210526317_lenght_mean: 375.24
target_1775.3684210526317_lenght_std: 1.855370582929459
target_2026.421052631579_return_mean: 860.8853962191943
target_2026.421052631579_return_std: 15.039914397237988
target_2026.421052631579_lenght_mean: 377.27
target_2026.421052631579_lenght_std: 2.1440848863792685
target_2277.4736842105262_return_mean: 863.3014349978039
target_2277.4736842105262_return_std: 14.895160730763402
target_2277.4736842105262_lenght_mean: 378.1
target_2277.4736842105262_lenght_std: 2.1142374511865976
target_2528.5263157894738_return_mean: 872.8467188297677
target_2528.5263157894738_return_std: 19.90580514801678
target_2528.5263157894738_lenght_mean: 379.7
target_2528.5263157894738_lenght_std: 2.435159132377184
target_2779.5789473684213_return_mean: 872.1822181731027
target_2779.5789473684213_return_std: 26.88642293006154
target_2779.5789473684213_lenght_mean: 379.08
target_2779.5789473684213_lenght_std: 3.910703261563066
target_3030.6315789473683_return_mean: 871.546571331874
target_3030.6315789473683_return_std: 27.706149784250112
target_3030.6315789473683_lenght_mean: 379.0
target_3030.6315789473683_lenght_std: 4.054626986542659
target_3281.684210526316_return_mean: 868.2925451839044
target_3281.684210526316_return_std: 26.73082481344037
target_3281.684210526316_lenght_mean: 378.4
target_3281.684210526316_lenght_std: 4.649731175025067
target_3532.7368421052633_return_mean: 870.5484028366378
target_3532.7368421052633_return_std: 26.260090322707157
target_3532.7368421052633_lenght_mean: 378.79
target_3532.7368421052633_lenght_std: 4.057819611564812
target_3783.7894736842104_return_mean: 864.8446863741142
target_3783.7894736842104_return_std: 27.811046453268574
target_3783.7894736842104_lenght_mean: 378.32
target_3783.7894736842104_lenght_std: 4.872124793147236
target_4034.842105263158_return_mean: 861.8267033459264
target_4034.842105263158_return_std: 22.859594553639326
target_4034.842105263158_lenght_mean: 377.92
target_4034.842105263158_lenght_std: 4.222984726470131
target_4285.894736842105_return_mean: 854.5081313722584
target_4285.894736842105_return_std: 24.796312461921808
target_4285.894736842105_lenght_mean: 377.19
target_4285.894736842105_lenght_std: 5.474842463486963
target_4536.9473684210525_return_mean: 858.5276919115444
target_4536.9473684210525_return_std: 24.93016104328498
target_4536.9473684210525_lenght_mean: 377.97
target_4536.9473684210525_lenght_std: 5.210479824353992
target_4788.0_return_mean: 854.2704875056535
target_4788.0_return_std: 25.239028845798956
target_4788.0_lenght_mean: 377.23
target_4788.0_lenght_std: 5.663664891216642
time/evaluation: 1980.6330637931824
target_training/action_erro_mean: 0.10823147743940353
target_training/action_erro_std: 0.0
================================================================================
Iteration 10
time/training: 614.3600564002991
training/train_loss_mean: 0.10960883300751448
training/train_loss_std: 0.006490051699341352
training/action_error: 0.1050742045044899
================================================================================
Iteration 10
target_18.0_return_mean: 398.82573239448874
target_18.0_return_std: 97.32250254306928
target_18.0_lenght_mean: 316.7
target_18.0_lenght_std: 96.07033881484962
target_269.0526315789474_return_mean: 481.8638215042731
target_269.0526315789474_return_std: 113.24448355787612
target_269.0526315789474_lenght_mean: 235.11
target_269.0526315789474_lenght_std: 31.326632439507442
target_520.1052631578948_return_mean: 466.4629209999712
target_520.1052631578948_return_std: 29.986382652043307
target_520.1052631578948_lenght_mean: 271.31
target_520.1052631578948_lenght_std: 28.265418801072094
target_771.1578947368421_return_mean: 454.8865681201502
target_771.1578947368421_return_std: 9.504878579338323
target_771.1578947368421_lenght_mean: 260.34
target_771.1578947368421_lenght_std: 10.418464378208528
target_1022.2105263157895_return_mean: 674.5306622896711
target_1022.2105263157895_return_std: 271.855377721896
target_1022.2105263157895_lenght_mean: 323.15
target_1022.2105263157895_lenght_std: 85.05637836164904
target_1273.2631578947369_return_mean: 804.6175917811004
target_1273.2631578947369_return_std: 88.95963308393974
target_1273.2631578947369_lenght_mean: 356.23
target_1273.2631578947369_lenght_std: 25.079017125876366
target_1524.3157894736842_return_mean: 835.271153056397
target_1524.3157894736842_return_std: 13.369882772061844
target_1524.3157894736842_lenght_mean: 366.36
target_1524.3157894736842_lenght_std: 4.672301360143629
target_1775.3684210526317_return_mean: 869.6177196628772
target_1775.3684210526317_return_std: 72.19314260164197
target_1775.3684210526317_lenght_mean: 377.62
target_1775.3684210526317_lenght_std: 19.82916034530963
target_2026.421052631579_return_mean: 967.8282987700936
target_2026.421052631579_return_std: 178.23631675909073
target_2026.421052631579_lenght_mean: 405.09
target_2026.421052631579_lenght_std: 50.35217870162125
target_2277.4736842105262_return_mean: 1105.0174761370458
target_2277.4736842105262_return_std: 297.3972846971814
target_2277.4736842105262_lenght_mean: 443.02
target_2277.4736842105262_lenght_std: 84.83902168224242
target_2528.5263157894738_return_mean: 1555.3029791643276
target_2528.5263157894738_return_std: 643.0158188870324
target_2528.5263157894738_lenght_mean: 582.3
target_2528.5263157894738_lenght_std: 201.22745836490606
target_2779.5789473684213_return_mean: 1364.5625386298675
target_2779.5789473684213_return_std: 570.8480466688723
target_2779.5789473684213_lenght_mean: 526.26
target_2779.5789473684213_lenght_std: 184.04263745121673
target_3030.6315789473683_return_mean: 1344.3570646264998
target_3030.6315789473683_return_std: 567.1073202775708
target_3030.6315789473683_lenght_mean: 517.45
target_3030.6315789473683_lenght_std: 176.39911422680103
target_3281.684210526316_return_mean: 1110.5423372615962
target_3281.684210526316_return_std: 266.88229841197455
target_3281.684210526316_lenght_mean: 445.14
target_3281.684210526316_lenght_std: 76.53456996678037
target_3532.7368421052633_return_mean: 1072.9118524618575
target_3532.7368421052633_return_std: 208.8925950376737
target_3532.7368421052633_lenght_mean: 434.46
target_3532.7368421052633_lenght_std: 58.53946019566631
target_3783.7894736842104_return_mean: 1093.9140993725803
target_3783.7894736842104_return_std: 167.52648967646135
target_3783.7894736842104_lenght_mean: 439.8
target_3783.7894736842104_lenght_std: 46.62703078687298
target_4034.842105263158_return_mean: 1102.7288342838049
target_4034.842105263158_return_std: 270.7636193503615
target_4034.842105263158_lenght_mean: 443.42
target_4034.842105263158_lenght_std: 81.52351562586098
target_4285.894736842105_return_mean: 1121.755411682939
target_4285.894736842105_return_std: 294.6698322045061
target_4285.894736842105_lenght_mean: 448.56
target_4285.894736842105_lenght_std: 86.47882052849704
target_4536.9473684210525_return_mean: 1199.6054518672543
target_4536.9473684210525_return_std: 364.7537984215813
target_4536.9473684210525_lenght_mean: 471.08
target_4536.9473684210525_lenght_std: 107.03146079541287
target_4788.0_return_mean: 1214.5200290225246
target_4788.0_return_std: 395.5386300376499
target_4788.0_lenght_mean: 476.75
target_4788.0_lenght_std: 120.68391566401878
time/evaluation: 2265.734795808792
target_training/action_erro_mean: 0.1050742045044899
target_training/action_erro_std: 0.0
================================================================================
Iteration 11
time/training: 612.5156862735748
training/train_loss_mean: 0.10792882431820035
training/train_loss_std: 0.006341695198806298
training/action_error: 0.1101684719324112
================================================================================
Iteration 11
target_18.0_return_mean: 548.6205856521499
target_18.0_return_std: 80.25677104294265
target_18.0_lenght_mean: 167.96
target_18.0_lenght_std: 9.618648553721048
target_269.0526315789474_return_mean: 367.5697619870794
target_269.0526315789474_return_std: 116.86270519845034
target_269.0526315789474_lenght_mean: 156.53
target_269.0526315789474_lenght_std: 29.720180012913787
target_520.1052631578948_return_mean: 459.1877926526311
target_520.1052631578948_return_std: 128.83994243564842
target_520.1052631578948_lenght_mean: 195.59
target_520.1052631578948_lenght_std: 34.683164503833844
target_771.1578947368421_return_mean: 544.9936820064576
target_771.1578947368421_return_std: 134.6356373332065
target_771.1578947368421_lenght_mean: 243.36
target_771.1578947368421_lenght_std: 28.89273957242546
target_1022.2105263157895_return_mean: 597.749306912961
target_1022.2105263157895_return_std: 124.1836495009368
target_1022.2105263157895_lenght_mean: 259.65
target_1022.2105263157895_lenght_std: 27.719081875127102
target_1273.2631578947369_return_mean: 650.8479292908517
target_1273.2631578947369_return_std: 114.07104393435527
target_1273.2631578947369_lenght_mean: 266.95
target_1273.2631578947369_lenght_std: 29.471469254178693
target_1524.3157894736842_return_mean: 662.9145712548839
target_1524.3157894736842_return_std: 120.23038556187214
target_1524.3157894736842_lenght_mean: 259.9
target_1524.3157894736842_lenght_std: 33.322514911092775
target_1775.3684210526317_return_mean: 859.587790828838
target_1775.3684210526317_return_std: 299.5384230722457
target_1775.3684210526317_lenght_mean: 304.27
target_1775.3684210526317_lenght_std: 80.77683516949645
target_2026.421052631579_return_mean: 896.9637877929096
target_2026.421052631579_return_std: 462.74906400375846
target_2026.421052631579_lenght_mean: 298.52
target_2026.421052631579_lenght_std: 146.52682211799996
target_2277.4736842105262_return_mean: 1114.7315638075045
target_2277.4736842105262_return_std: 754.820097020067
target_2277.4736842105262_lenght_mean: 374.21
target_2277.4736842105262_lenght_std: 270.0211952791854
target_2528.5263157894738_return_mean: 1572.231688509117
target_2528.5263157894738_return_std: 830.3257790542675
target_2528.5263157894738_lenght_mean: 568.6
target_2528.5263157894738_lenght_std: 340.86099806226
target_2779.5789473684213_return_mean: 1919.2603672491869
target_2779.5789473684213_return_std: 780.4208931303242
target_2779.5789473684213_lenght_mean: 752.36
target_2779.5789473684213_lenght_std: 334.3500716315162
target_3030.6315789473683_return_mean: 2059.8978207859204
target_3030.6315789473683_return_std: 677.0717967853394
target_3030.6315789473683_lenght_mean: 819.94
target_3030.6315789473683_lenght_std: 287.0351832093063
target_3281.684210526316_return_mean: 2363.6070915333976
target_3281.684210526316_return_std: 527.7175358170734
target_3281.684210526316_lenght_mean: 922.81
target_3281.684210526316_lenght_std: 196.38715309306767
target_3532.7368421052633_return_mean: 2442.543419557544
target_3532.7368421052633_return_std: 439.5628994321508
target_3532.7368421052633_lenght_mean: 935.49
target_3532.7368421052633_lenght_std: 152.19024245988965
target_3783.7894736842104_return_mean: 2515.1036482421946
target_3783.7894736842104_return_std: 292.40154532413567
target_3783.7894736842104_lenght_mean: 939.35
target_3783.7894736842104_lenght_std: 114.8632556564544
target_4034.842105263158_return_mean: 2435.790960573681
target_4034.842105263158_return_std: 384.83150988466554
target_4034.842105263158_lenght_mean: 897.97
target_4034.842105263158_lenght_std: 141.67698860436016
target_4285.894736842105_return_mean: 2538.5671644127633
target_4285.894736842105_return_std: 397.63899140108686
target_4285.894736842105_lenght_mean: 902.87
target_4285.894736842105_lenght_std: 135.767864754514
target_4536.9473684210525_return_mean: 2550.40917762586
target_4536.9473684210525_return_std: 354.78812643745323
target_4536.9473684210525_lenght_mean: 900.2
target_4536.9473684210525_lenght_std: 132.03363207910326
target_4788.0_return_mean: 2611.334124978913
target_4788.0_return_std: 292.14820308701104
target_4788.0_lenght_mean: 917.68
target_4788.0_lenght_std: 115.86223543501997
time/evaluation: 3048.2740161418915
target_training/action_erro_mean: 0.1101684719324112
target_training/action_erro_std: 0.0
================================================================================
Iteration 12
time/training: 611.3081822395325
training/train_loss_mean: 0.10639458591863513
training/train_loss_std: 0.006206393108615524
training/action_error: 0.09718147665262222
================================================================================
Iteration 12
target_18.0_return_mean: 470.9367424347357
target_18.0_return_std: 166.83423588455514
target_18.0_lenght_mean: 301.14
target_18.0_lenght_std: 197.99530398471578
target_269.0526315789474_return_mean: 448.35303794601475
target_269.0526315789474_return_std: 34.49297588734126
target_269.0526315789474_lenght_mean: 254.72
target_269.0526315789474_lenght_std: 14.907769786255754
target_520.1052631578948_return_mean: 500.2373518259544
target_520.1052631578948_return_std: 177.8133862880062
target_520.1052631578948_lenght_mean: 279.71
target_520.1052631578948_lenght_std: 60.02937530909346
target_771.1578947368421_return_mean: 671.8553234103629
target_771.1578947368421_return_std: 117.75912111428083
target_771.1578947368421_lenght_mean: 325.75
target_771.1578947368421_lenght_std: 34.79349795579628
target_1022.2105263157895_return_mean: 811.0203208761445
target_1022.2105263157895_return_std: 68.92981502936773
target_1022.2105263157895_lenght_mean: 371.98
target_1022.2105263157895_lenght_std: 21.694690594705428
target_1273.2631578947369_return_mean: 828.9886918552105
target_1273.2631578947369_return_std: 52.258481166539006
target_1273.2631578947369_lenght_mean: 380.44
target_1273.2631578947369_lenght_std: 19.368180090034272
target_1524.3157894736842_return_mean: 855.7492394736119
target_1524.3157894736842_return_std: 16.706423384350536
target_1524.3157894736842_lenght_mean: 389.89
target_1524.3157894736842_lenght_std: 8.143580293703746
target_1775.3684210526317_return_mean: 854.0989659652624
target_1775.3684210526317_return_std: 34.35898874122837
target_1775.3684210526317_lenght_mean: 388.24
target_1775.3684210526317_lenght_std: 14.483866886988434
target_2026.421052631579_return_mean: 834.7406258310515
target_2026.421052631579_return_std: 44.428439310480364
target_2026.421052631579_lenght_mean: 374.43
target_2026.421052631579_lenght_std: 20.639406483714595
target_2277.4736842105262_return_mean: 789.1054766908704
target_2277.4736842105262_return_std: 103.0702798405454
target_2277.4736842105262_lenght_mean: 354.31
target_2277.4736842105262_lenght_std: 40.336012445456234
target_2528.5263157894738_return_mean: 755.7049155000599
target_2528.5263157894738_return_std: 128.32292502595996
target_2528.5263157894738_lenght_mean: 329.31
target_2528.5263157894738_lenght_std: 45.637636880101496
target_2779.5789473684213_return_mean: 743.997657510097
target_2779.5789473684213_return_std: 163.26018401342873
target_2779.5789473684213_lenght_mean: 314.03
target_2779.5789473684213_lenght_std: 55.96239004903204
target_3030.6315789473683_return_mean: 972.3682439292642
target_3030.6315789473683_return_std: 521.7108357481558
target_3030.6315789473683_lenght_mean: 366.86
target_3030.6315789473683_lenght_std: 144.51726678843602
target_3281.684210526316_return_mean: 1253.879835473283
target_3281.684210526316_return_std: 735.9201905867271
target_3281.684210526316_lenght_mean: 477.99
target_3281.684210526316_lenght_std: 253.6310507410321
target_3532.7368421052633_return_mean: 1448.870073464782
target_3532.7368421052633_return_std: 820.0607870328064
target_3532.7368421052633_lenght_mean: 533.1
target_3532.7368421052633_lenght_std: 288.3138394180897
target_3783.7894736842104_return_mean: 1339.8355628257468
target_3783.7894736842104_return_std: 862.1927945707481
target_3783.7894736842104_lenght_mean: 485.5
target_3783.7894736842104_lenght_std: 285.15716719030576
target_4034.842105263158_return_mean: 1122.2000033941438
target_4034.842105263158_return_std: 832.5593245264904
target_4034.842105263158_lenght_mean: 410.56
target_4034.842105263158_lenght_std: 268.0764562582847
target_4285.894736842105_return_mean: 1141.2524026665158
target_4285.894736842105_return_std: 877.1975292138849
target_4285.894736842105_lenght_mean: 437.8
target_4285.894736842105_lenght_std: 310.2215982165007
target_4536.9473684210525_return_mean: 1338.7989627391726
target_4536.9473684210525_return_std: 893.9261585443029
target_4536.9473684210525_lenght_mean: 515.27
target_4536.9473684210525_lenght_std: 332.63240536664495
target_4788.0_return_mean: 1601.1545922836349
target_4788.0_return_std: 937.622146748111
target_4788.0_lenght_mean: 626.11
target_4788.0_lenght_std: 348.8224446620372
time/evaluation: 2206.7252073287964
target_training/action_erro_mean: 0.09718147665262222
target_training/action_erro_std: 0.0

------------------------------------------------------------
Sender: LSF System <lsfadmin@hpc.dtu.dk>
Subject: Job 13680272: <DT-hopper> in cluster <dcc> Done

Job <DT-hopper> was submitted from host <n-62-30-7> by user <s204131> in cluster <dcc> at Mon Jun  6 10:34:46 2022
Job was executed on host(s) <4*n-62-20-5>, in queue <gpuv100>, as user <s204131> in cluster <dcc> at Mon Jun  6 10:34:48 2022
</zhome/94/3/155767> was used as the home directory.
</zhome/94/3/155767/decision_transformer/gym> was used as the working directory.
Started at Mon Jun  6 10:34:48 2022
Terminated at Mon Jun  6 16:25:14 2022
Results reported at Mon Jun  6 16:25:14 2022

Your job looked like:

------------------------------------------------------------
# LSBATCH: User input
#!/bin/sh
#BSUB -J DT-hopper
#BSUB -o DT-hopper_%J.out
#BSUB -e DT-hopper_%J.err
#BSUB -q gpuv100
#BSUB -gpu "num=1:mode=exclusive_process"
#BSUB -n 4
#BSUB -R "rusage[mem=4G]"
#BSUB -R "span[hosts=1]"
#BSUB -W 20:00
# end of BSUB options


# load CUDA (for GPU support)

# activate the virtual environment
source $HOME/miniconda3/envs/decision-transformer-gym/bin/activate

wandb on
echo 'cad8b043f3731a2c453efd8f61915e186ac93ac3' | wandb login

python experiment_single_reward.py --env 'hopper' --dataset 'medium_replay' --seed 44  --save_iters '8,10,12' --eval_iters '8,9,10,11,12' --max_iters 12 --device 'cuda' --log_to_wandb True

------------------------------------------------------------

Successfully completed.

Resource usage summary:

    CPU time :                                   21092.26 sec.
    Max Memory :                                 2447 MB
    Average Memory :                             2430.08 MB
    Total Requested Memory :                     16384.00 MB
    Delta Memory :                               13937.00 MB
    Max Swap :                                   -
    Max Processes :                              6
    Max Threads :                                21
    Run time :                                   21064 sec.
    Turnaround time :                            21028 sec.

The output (if any) is above this job summary.



PS:

Read file <DT-hopper_13680272.err> for stderr output of this job.

