W&B enabled, running your script from this directory will now sync to the cloud.
Disabling Weights & Biases. Run 'wandb login' again to re-enable.
Creating states list
==================================================
Starting new experiment: hopper medium_replay
2041 trajectories, 402000 timesteps found
Average return: 467.30, std: 511.03
Max return: 3192.93, min: -1.44
==================================================
================================================================================
Iteration 1
time/training: 631.0423176288605
training/train_loss_mean: 0.2484647168248892
training/train_loss_std: 0.0973268879055198
training/action_error: 0.1710989773273468
================================================================================
Iteration 2
time/training: 643.9364466667175
training/train_loss_mean: 0.16165613953471183
training/train_loss_std: 0.012461412218944187
training/action_error: 0.14426426589488983
================================================================================
Iteration 3
time/training: 665.3003330230713
training/train_loss_mean: 0.14240622998923064
training/train_loss_std: 0.00903452161702107
training/action_error: 0.1460609883069992
================================================================================
Iteration 4
time/training: 664.7186951637268
training/train_loss_mean: 0.13228751680925488
training/train_loss_std: 0.00817776721443196
training/action_error: 0.13584206998348236
================================================================================
Iteration 5
time/training: 663.4096505641937
training/train_loss_mean: 0.12564202079623937
training/train_loss_std: 0.007671896686183567
training/action_error: 0.11564221233129501
================================================================================
Iteration 6
time/training: 658.7682664394379
training/train_loss_mean: 0.1208512693181634
training/train_loss_std: 0.007170831937599243
training/action_error: 0.11127032339572906
================================================================================
Iteration 7
time/training: 633.8183448314667
training/train_loss_mean: 0.11713761283755303
training/train_loss_std: 0.007039752621413093
training/action_error: 0.10388751327991486
================================================================================
Iteration 8
time/training: 634.2065825462341
training/train_loss_mean: 0.11405112579315901
training/train_loss_std: 0.0066447665566520715
training/action_error: 0.11179335415363312
================================================================================
Iteration 8
target_18.0_return_mean: 850.4391511175768
target_18.0_return_std: 587.6622487525834
target_18.0_lenght_mean: 351.15
target_18.0_lenght_std: 203.96427996097748
target_269.0526315789474_return_mean: 736.0032359949748
target_269.0526315789474_return_std: 527.952886223244
target_269.0526315789474_lenght_mean: 307.6
target_269.0526315789474_lenght_std: 185.95278970749538
target_520.1052631578948_return_mean: 920.7485657143494
target_520.1052631578948_return_std: 481.46772686331536
target_520.1052631578948_lenght_mean: 386.96
target_520.1052631578948_lenght_std: 158.19038655999296
target_771.1578947368421_return_mean: 1111.9503391860394
target_771.1578947368421_return_std: 493.63921799234663
target_771.1578947368421_lenght_mean: 442.74
target_771.1578947368421_lenght_std: 173.1175103795107
target_1022.2105263157895_return_mean: 1157.8838114427983
target_1022.2105263157895_return_std: 527.3949482088963
target_1022.2105263157895_lenght_mean: 465.76
target_1022.2105263157895_lenght_std: 182.50754066613248
target_1273.2631578947369_return_mean: 1191.329098287705
target_1273.2631578947369_return_std: 575.1309737728561
target_1273.2631578947369_lenght_mean: 498.65
target_1273.2631578947369_lenght_std: 228.94363389271166
target_1524.3157894736842_return_mean: 1361.4177108835602
target_1524.3157894736842_return_std: 651.8646883589462
target_1524.3157894736842_lenght_mean: 579.36
target_1524.3157894736842_lenght_std: 286.47588100920467
target_1775.3684210526317_return_mean: 1860.1932974138356
target_1775.3684210526317_return_std: 680.9514584119441
target_1775.3684210526317_lenght_mean: 782.55
target_1775.3684210526317_lenght_std: 274.11914836435636
target_2026.421052631579_return_mean: 1855.810527136509
target_2026.421052631579_return_std: 712.3588457905337
target_2026.421052631579_lenght_mean: 727.75
target_2026.421052631579_lenght_std: 290.2023216654202
target_2277.4736842105262_return_mean: 1984.9602194905515
target_2277.4736842105262_return_std: 803.1242431710077
target_2277.4736842105262_lenght_mean: 750.59
target_2277.4736842105262_lenght_std: 303.5252903795662
target_2528.5263157894738_return_mean: 1945.3431274686038
target_2528.5263157894738_return_std: 835.2689763231486
target_2528.5263157894738_lenght_mean: 730.26
target_2528.5263157894738_lenght_std: 311.5592277561363
target_2779.5789473684213_return_mean: 1873.8848797577675
target_2779.5789473684213_return_std: 845.9147597558036
target_2779.5789473684213_lenght_mean: 711.62
target_2779.5789473684213_lenght_std: 328.77018660456423
target_3030.6315789473683_return_mean: 1976.4765766937571
target_3030.6315789473683_return_std: 900.9111645797392
target_3030.6315789473683_lenght_mean: 737.18
target_3030.6315789473683_lenght_std: 332.00495116790046
target_3281.684210526316_return_mean: 1924.5822009798808
target_3281.684210526316_return_std: 921.0190875336821
target_3281.684210526316_lenght_mean: 715.94
target_3281.684210526316_lenght_std: 339.29865369612065
target_3532.7368421052633_return_mean: 2083.77171324544
target_3532.7368421052633_return_std: 907.109511214558
target_3532.7368421052633_lenght_mean: 772.42
target_3532.7368421052633_lenght_std: 327.18484622610504
target_3783.7894736842104_return_mean: 2104.599701693498
target_3783.7894736842104_return_std: 915.4408470265339
target_3783.7894736842104_lenght_mean: 771.27
target_3783.7894736842104_lenght_std: 323.1120194297947
target_4034.842105263158_return_mean: 2096.8567697309204
target_4034.842105263158_return_std: 794.9815156030222
target_4034.842105263158_lenght_mean: 799.67
target_4034.842105263158_lenght_std: 302.998846697475
target_4285.894736842105_return_mean: 2033.3211384268973
target_4285.894736842105_return_std: 847.4176288352878
target_4285.894736842105_lenght_mean: 780.74
target_4285.894736842105_lenght_std: 322.32141163751436
target_4536.9473684210525_return_mean: 1953.2216565820497
target_4536.9473684210525_return_std: 881.0740325374765
target_4536.9473684210525_lenght_mean: 726.62
target_4536.9473684210525_lenght_std: 330.0014781785075
target_4788.0_return_mean: 2061.9206746745076
target_4788.0_return_std: 793.4967800604006
target_4788.0_lenght_mean: 801.18
target_4788.0_lenght_std: 309.23025013733695
time/evaluation: 3548.174506187439
target_training/action_erro_mean: 0.11179335415363312
target_training/action_erro_std: 0.0
================================================================================
Iteration 9
time/training: 635.5383644104004
training/train_loss_mean: 0.11185050996392966
training/train_loss_std: 0.006629747301661435
training/action_error: 0.11420301347970963
================================================================================
Iteration 9
target_18.0_return_mean: 582.3411649136237
target_18.0_return_std: 364.3170320982551
target_18.0_lenght_mean: 197.75
target_18.0_lenght_std: 124.69076750104637
target_269.0526315789474_return_mean: 963.7663219205133
target_269.0526315789474_return_std: 754.463738789226
target_269.0526315789474_lenght_mean: 354.71
target_269.0526315789474_lenght_std: 262.6742200902099
target_520.1052631578948_return_mean: 1370.5949878860067
target_520.1052631578948_return_std: 752.2994865189635
target_520.1052631578948_lenght_mean: 549.83
target_520.1052631578948_lenght_std: 261.7907200417922
target_771.1578947368421_return_mean: 1011.8450798563033
target_771.1578947368421_return_std: 354.97152511978896
target_771.1578947368421_lenght_mean: 577.86
target_771.1578947368421_lenght_std: 175.39486993638099
target_1022.2105263157895_return_mean: 1301.2783852441655
target_1022.2105263157895_return_std: 453.5100018904833
target_1022.2105263157895_lenght_mean: 720.28
target_1022.2105263157895_lenght_std: 200.96945439543788
target_1273.2631578947369_return_mean: 1321.3498955869682
target_1273.2631578947369_return_std: 515.6831779437757
target_1273.2631578947369_lenght_mean: 692.12
target_1273.2631578947369_lenght_std: 245.13703432978056
target_1524.3157894736842_return_mean: 1444.4743575702462
target_1524.3157894736842_return_std: 553.7203932242427
target_1524.3157894736842_lenght_mean: 720.16
target_1524.3157894736842_lenght_std: 271.0859538965455
target_1775.3684210526317_return_mean: 1685.3474591220477
target_1775.3684210526317_return_std: 678.8504872752708
target_1775.3684210526317_lenght_mean: 752.18
target_1775.3684210526317_lenght_std: 288.4434565040434
target_2026.421052631579_return_mean: 1871.214053596376
target_2026.421052631579_return_std: 711.9750806921749
target_2026.421052631579_lenght_mean: 808.26
target_2026.421052631579_lenght_std: 274.9053880883385
target_2277.4736842105262_return_mean: 1925.6234972591558
target_2277.4736842105262_return_std: 681.7364645532434
target_2277.4736842105262_lenght_mean: 844.84
target_2277.4736842105262_lenght_std: 264.84099833673787
target_2528.5263157894738_return_mean: 1987.8502164647227
target_2528.5263157894738_return_std: 596.0325478218873
target_2528.5263157894738_lenght_mean: 891.58
target_2528.5263157894738_lenght_std: 232.6460478925013
target_2779.5789473684213_return_mean: 2084.4914202146538
target_2779.5789473684213_return_std: 600.1694398632416
target_2779.5789473684213_lenght_mean: 905.74
target_2779.5789473684213_lenght_std: 220.83707206898026
target_3030.6315789473683_return_mean: 2074.6818022399716
target_3030.6315789473683_return_std: 515.0256951612819
target_3030.6315789473683_lenght_mean: 920.07
target_3030.6315789473683_lenght_std: 200.88261522590747
target_3281.684210526316_return_mean: 2096.91306503143
target_3281.684210526316_return_std: 466.1032481320863
target_3281.684210526316_lenght_mean: 939.86
target_3281.684210526316_lenght_std: 163.26003920126934
target_3532.7368421052633_return_mean: 2138.6940866412183
target_3532.7368421052633_return_std: 466.62171294463474
target_3532.7368421052633_lenght_mean: 939.7
target_3532.7368421052633_lenght_std: 166.1924486852516
target_3783.7894736842104_return_mean: 2171.9818042422603
target_3783.7894736842104_return_std: 439.46026720808396
target_3783.7894736842104_lenght_mean: 957.95
target_3783.7894736842104_lenght_std: 147.48127847289638
target_4034.842105263158_return_mean: 2163.6612568743126
target_4034.842105263158_return_std: 432.43235156522377
target_4034.842105263158_lenght_mean: 947.78
target_4034.842105263158_lenght_std: 157.62941223007843
target_4285.894736842105_return_mean: 2148.634429306919
target_4285.894736842105_return_std: 450.76018452179386
target_4285.894736842105_lenght_mean: 944.28
target_4285.894736842105_lenght_std: 168.64264466616976
target_4536.9473684210525_return_mean: 2058.9389737729934
target_4536.9473684210525_return_std: 493.30615277563504
target_4536.9473684210525_lenght_mean: 935.68
target_4536.9473684210525_lenght_std: 175.9495882348123
target_4788.0_return_mean: 2154.9134878274517
target_4788.0_return_std: 388.70288368752205
target_4788.0_lenght_mean: 965.71
target_4788.0_lenght_std: 127.29228531219009
time/evaluation: 4293.9602909088135
target_training/action_erro_mean: 0.11420301347970963
target_training/action_erro_std: 0.0
================================================================================
Iteration 10
time/training: 636.5957860946655
training/train_loss_mean: 0.10958275325745344
training/train_loss_std: 0.006432847127886399
training/action_error: 0.10258463025093079
================================================================================
Iteration 10
target_18.0_return_mean: 419.93902592020487
target_18.0_return_std: 190.95237664397678
target_18.0_lenght_mean: 199.7
target_18.0_lenght_std: 58.47965458174321
target_269.0526315789474_return_mean: 415.63622774789036
target_269.0526315789474_return_std: 187.75166876163178
target_269.0526315789474_lenght_mean: 174.29
target_269.0526315789474_lenght_std: 71.42412687600739
target_520.1052631578948_return_mean: 816.9591916615584
target_520.1052631578948_return_std: 113.27624057346677
target_520.1052631578948_lenght_mean: 358.89
target_520.1052631578948_lenght_std: 33.61633382747143
target_771.1578947368421_return_mean: 925.280697856961
target_771.1578947368421_return_std: 118.94299514488277
target_771.1578947368421_lenght_mean: 396.22
target_771.1578947368421_lenght_std: 33.33964007004275
target_1022.2105263157895_return_mean: 1050.6557398222626
target_1022.2105263157895_return_std: 243.6581712726561
target_1022.2105263157895_lenght_mean: 429.43
target_1022.2105263157895_lenght_std: 91.86939152949692
target_1273.2631578947369_return_mean: 1518.5812545190577
target_1273.2631578947369_return_std: 680.0116775168818
target_1273.2631578947369_lenght_mean: 618.64
target_1273.2631578947369_lenght_std: 264.13502304692577
target_1524.3157894736842_return_mean: 1612.022502782534
target_1524.3157894736842_return_std: 838.1352243614687
target_1524.3157894736842_lenght_mean: 580.94
target_1524.3157894736842_lenght_std: 296.95615231882306
target_1775.3684210526317_return_mean: 2135.761210590645
target_1775.3684210526317_return_std: 679.1742136666713
target_1775.3684210526317_lenght_mean: 764.57
target_1775.3684210526317_lenght_std: 256.7346589379782
target_2026.421052631579_return_mean: 2350.5741277814654
target_2026.421052631579_return_std: 563.4426181134041
target_2026.421052631579_lenght_mean: 842.67
target_2026.421052631579_lenght_std: 212.69189241717703
target_2277.4736842105262_return_mean: 2631.3468904230285
target_2277.4736842105262_return_std: 415.4569850887483
target_2277.4736842105262_lenght_mean: 916.28
target_2277.4736842105262_lenght_std: 147.26310332191156
target_2528.5263157894738_return_mean: 2607.934791110757
target_2528.5263157894738_return_std: 542.4270146384575
target_2528.5263157894738_lenght_mean: 895.05
target_2528.5263157894738_lenght_std: 187.68971069294128
target_2779.5789473684213_return_mean: 2665.490744623393
target_2779.5789473684213_return_std: 411.74861085787205
target_2779.5789473684213_lenght_mean: 907.22
target_2779.5789473684213_lenght_std: 148.54639544600198
target_3030.6315789473683_return_mean: 2785.5594905079065
target_3030.6315789473683_return_std: 440.5558491492657
target_3030.6315789473683_lenght_mean: 937.2
target_3030.6315789473683_lenght_std: 144.68358580018673
target_3281.684210526316_return_mean: 2765.1047627608914
target_3281.684210526316_return_std: 410.7103543896748
target_3281.684210526316_lenght_mean: 931.24
target_3281.684210526316_lenght_std: 137.48935376966463
target_3532.7368421052633_return_mean: 2665.134893935512
target_3532.7368421052633_return_std: 571.7289666637146
target_3532.7368421052633_lenght_mean: 940.87
target_3532.7368421052633_lenght_std: 179.83668452237436
target_3783.7894736842104_return_mean: 2759.843279026949
target_3783.7894736842104_return_std: 465.54841219851886
target_3783.7894736842104_lenght_mean: 968.25
target_3783.7894736842104_lenght_std: 135.55407592544017
target_4034.842105263158_return_mean: 2634.6451369795464
target_4034.842105263158_return_std: 643.7297884917688
target_4034.842105263158_lenght_mean: 932.85
target_4034.842105263158_lenght_std: 209.17912778286455
target_4285.894736842105_return_mean: 2748.279227247709
target_4285.894736842105_return_std: 472.81165099965835
target_4285.894736842105_lenght_mean: 967.18
target_4285.894736842105_lenght_std: 143.0269471113748
target_4536.9473684210525_return_mean: 2726.991002497557
target_4536.9473684210525_return_std: 427.64113389092546
target_4536.9473684210525_lenght_mean: 981.85
target_4536.9473684210525_lenght_std: 115.04106875372813
target_4788.0_return_mean: 2688.5701581561025
target_4788.0_return_std: 499.2746867249595
target_4788.0_lenght_mean: 965.07
target_4788.0_lenght_std: 147.8365485933705
time/evaluation: 4053.7431814670563
target_training/action_erro_mean: 0.10258463025093079
target_training/action_erro_std: 0.0
================================================================================
Iteration 11
time/training: 634.981303691864
training/train_loss_mean: 0.10773769548237323
training/train_loss_std: 0.006351536575389687
training/action_error: 0.10842941701412201
================================================================================
Iteration 11
target_18.0_return_mean: 521.0269003918489
target_18.0_return_std: 106.0654061116884
target_18.0_lenght_mean: 186.66
target_18.0_lenght_std: 17.361578269270336
target_269.0526315789474_return_mean: 450.9239078588355
target_269.0526315789474_return_std: 103.72036206363683
target_269.0526315789474_lenght_mean: 180.83
target_269.0526315789474_lenght_std: 13.077503584400196
target_520.1052631578948_return_mean: 465.45711731744103
target_520.1052631578948_return_std: 26.89581984802436
target_520.1052631578948_lenght_mean: 231.34
target_520.1052631578948_lenght_std: 13.345576046016149
target_771.1578947368421_return_mean: 515.8979912587096
target_771.1578947368421_return_std: 4.440706430414953
target_771.1578947368421_lenght_mean: 247.73
target_771.1578947368421_lenght_std: 1.7369801380557002
target_1022.2105263157895_return_mean: 912.8223084723743
target_1022.2105263157895_return_std: 337.362174903386
target_1022.2105263157895_lenght_mean: 350.67
target_1022.2105263157895_lenght_std: 91.32853387633024
target_1273.2631578947369_return_mean: 1491.4604690129459
target_1273.2631578947369_return_std: 503.65252152340884
target_1273.2631578947369_lenght_mean: 510.87
target_1273.2631578947369_lenght_std: 167.25744557418065
target_1524.3157894736842_return_mean: 1561.3647140402911
target_1524.3157894736842_return_std: 629.651134032626
target_1524.3157894736842_lenght_mean: 537.51
target_1524.3157894736842_lenght_std: 223.84751483990166
target_1775.3684210526317_return_mean: 2095.199516725367
target_1775.3684210526317_return_std: 425.5298817567609
target_1775.3684210526317_lenght_mean: 697.69
target_1775.3684210526317_lenght_std: 156.2416522570086
target_2026.421052631579_return_mean: 1930.908642582029
target_2026.421052631579_return_std: 397.07336674352905
target_2026.421052631579_lenght_mean: 607.59
target_2026.421052631579_lenght_std: 136.70743176579685
target_2277.4736842105262_return_mean: 1892.2242969696815
target_2277.4736842105262_return_std: 463.0521959692549
target_2277.4736842105262_lenght_mean: 584.52
target_2277.4736842105262_lenght_std: 157.03505850605464
target_2528.5263157894738_return_mean: 1895.6926668189171
target_2528.5263157894738_return_std: 501.5638795394514
target_2528.5263157894738_lenght_mean: 580.12
target_2528.5263157894738_lenght_std: 167.26202677236697
target_2779.5789473684213_return_mean: 1925.333454501859
target_2779.5789473684213_return_std: 456.0764144586981
target_2779.5789473684213_lenght_mean: 583.68
target_2779.5789473684213_lenght_std: 145.62553896895972
target_3030.6315789473683_return_mean: 2012.9419148195693
target_3030.6315789473683_return_std: 531.7185914154664
target_3030.6315789473683_lenght_mean: 612.28
target_3030.6315789473683_lenght_std: 170.47017803709832
target_3281.684210526316_return_mean: 2162.623950881484
target_3281.684210526316_return_std: 609.7946034540405
target_3281.684210526316_lenght_mean: 657.73
target_3281.684210526316_lenght_std: 192.77312338601558
target_3532.7368421052633_return_mean: 2212.182020327791
target_3532.7368421052633_return_std: 692.1264950610478
target_3532.7368421052633_lenght_mean: 672.18
target_3532.7368421052633_lenght_std: 217.54136985870065
target_3783.7894736842104_return_mean: 2351.5443706420942
target_3783.7894736842104_return_std: 692.0492520206844
target_3783.7894736842104_lenght_mean: 718.97
target_3783.7894736842104_lenght_std: 220.1176710307466
target_4034.842105263158_return_mean: 2316.141949199987
target_4034.842105263158_return_std: 693.8842835046006
target_4034.842105263158_lenght_mean: 709.55
target_4034.842105263158_lenght_std: 223.13688063607952
target_4285.894736842105_return_mean: 2309.724196620165
target_4285.894736842105_return_std: 720.2769580713771
target_4285.894736842105_lenght_mean: 708.09
target_4285.894736842105_lenght_std: 230.7008927160881
target_4536.9473684210525_return_mean: 2521.6713769239905
target_4536.9473684210525_return_std: 694.6398873762729
target_4536.9473684210525_lenght_mean: 776.97
target_4536.9473684210525_lenght_std: 223.62461648933018
target_4788.0_return_mean: 2249.146356812921
target_4788.0_return_std: 683.5484195048664
target_4788.0_lenght_mean: 688.28
target_4788.0_lenght_std: 219.02128115779072
time/evaluation: 3012.7338676452637
target_training/action_erro_mean: 0.10842941701412201
target_training/action_erro_std: 0.0
================================================================================
Iteration 12
time/training: 633.3055844306946
training/train_loss_mean: 0.10603666405975819
training/train_loss_std: 0.0061207238519248456
training/action_error: 0.11086709052324295
================================================================================
Iteration 12
target_18.0_return_mean: 427.922182537399
target_18.0_return_std: 111.64436962270348
target_18.0_lenght_mean: 156.32
target_18.0_lenght_std: 22.149889390243015
target_269.0526315789474_return_mean: 520.8211626117334
target_269.0526315789474_return_std: 114.20502419332203
target_269.0526315789474_lenght_mean: 192.03
target_269.0526315789474_lenght_std: 38.74956902986148
target_520.1052631578948_return_mean: 570.5096190882094
target_520.1052631578948_return_std: 234.30197465993623
target_520.1052631578948_lenght_mean: 243.92
target_520.1052631578948_lenght_std: 74.89187939957176
target_771.1578947368421_return_mean: 1053.7959555861235
target_771.1578947368421_return_std: 522.5022182664087
target_771.1578947368421_lenght_mean: 432.9
target_771.1578947368421_lenght_std: 173.22398794624257
target_1022.2105263157895_return_mean: 1283.3117846533607
target_1022.2105263157895_return_std: 642.137901321813
target_1022.2105263157895_lenght_mean: 505.99
target_1022.2105263157895_lenght_std: 233.65973101927509
target_1273.2631578947369_return_mean: 1741.462526572193
target_1273.2631578947369_return_std: 716.9881184029067
target_1273.2631578947369_lenght_mean: 682.74
target_1273.2631578947369_lenght_std: 276.99901155058296
target_1524.3157894736842_return_mean: 1779.81322376345
target_1524.3157894736842_return_std: 767.4822848939716
target_1524.3157894736842_lenght_mean: 644.66
target_1524.3157894736842_lenght_std: 282.9597929035148
target_1775.3684210526317_return_mean: 1752.531334460209
target_1775.3684210526317_return_std: 749.0318944303513
target_1775.3684210526317_lenght_mean: 607.21
target_1775.3684210526317_lenght_std: 274.28588352301324
target_2026.421052631579_return_mean: 1671.7472631436044
target_2026.421052631579_return_std: 874.9673582007848
target_2026.421052631579_lenght_mean: 582.94
target_2026.421052631579_lenght_std: 309.762225586013
target_2277.4736842105262_return_mean: 1996.1148176496663
target_2277.4736842105262_return_std: 825.5210628789739
target_2277.4736842105262_lenght_mean: 683.03
target_2277.4736842105262_lenght_std: 287.8272556586676
target_2528.5263157894738_return_mean: 2240.368657173533
target_2528.5263157894738_return_std: 660.751137922481
target_2528.5263157894738_lenght_mean: 756.59
target_2528.5263157894738_lenght_std: 233.65890075064553
target_2779.5789473684213_return_mean: 2425.0850940736914
target_2779.5789473684213_return_std: 514.4948285100365
target_2779.5789473684213_lenght_mean: 813.82
target_2779.5789473684213_lenght_std: 187.91558636792212
target_3030.6315789473683_return_mean: 2584.929732590018
target_3030.6315789473683_return_std: 379.6379721151724
target_3030.6315789473683_lenght_mean: 862.01
target_3030.6315789473683_lenght_std: 140.69587733832148
target_3281.684210526316_return_mean: 2665.1990810330144
target_3281.684210526316_return_std: 380.56703194503723
target_3281.684210526316_lenght_mean: 885.39
target_3281.684210526316_lenght_std: 132.37899342418342
target_3532.7368421052633_return_mean: 2721.6497389175584
target_3532.7368421052633_return_std: 312.0482316785929
target_3532.7368421052633_lenght_mean: 899.95
target_3532.7368421052633_lenght_std: 112.46220476231115
target_3783.7894736842104_return_mean: 2733.9030379957526
target_3783.7894736842104_return_std: 269.2924299648733
target_3783.7894736842104_lenght_mean: 921.77
target_3783.7894736842104_lenght_std: 100.20627275774706
target_4034.842105263158_return_mean: 2691.741910667464
target_4034.842105263158_return_std: 384.8002945107748
target_4034.842105263158_lenght_mean: 905.73
target_4034.842105263158_lenght_std: 134.40787588530668
target_4285.894736842105_return_mean: 2756.6885224568564
target_4285.894736842105_return_std: 279.4593435441181
target_4285.894736842105_lenght_mean: 921.67
target_4285.894736842105_lenght_std: 100.30922739209987
target_4536.9473684210525_return_mean: 2737.3893433333565
target_4536.9473684210525_return_std: 281.13485197057076
target_4536.9473684210525_lenght_mean: 930.58
target_4536.9473684210525_lenght_std: 101.69229862678883
target_4788.0_return_mean: 2742.214005094853
target_4788.0_return_std: 235.47138027542684
target_4788.0_lenght_mean: 918.98
target_4788.0_lenght_std: 86.62308930071704
time/evaluation: 3734.010025024414
target_training/action_erro_mean: 0.11086709052324295
target_training/action_erro_std: 0.0

------------------------------------------------------------
Sender: LSF System <lsfadmin@hpc.dtu.dk>
Subject: Job 13680223: <DT-hopper> in cluster <dcc> Done

Job <DT-hopper> was submitted from host <n-62-30-8> by user <s204131> in cluster <dcc> at Mon Jun  6 10:19:35 2022
Job was executed on host(s) <4*n-62-20-3>, in queue <gpuv100>, as user <s204131> in cluster <dcc> at Mon Jun  6 10:19:37 2022
</zhome/94/3/155767> was used as the home directory.
</zhome/94/3/155767/decision_transformer/gym> was used as the working directory.
Started at Mon Jun  6 10:19:37 2022
Terminated at Mon Jun  6 17:40:52 2022
Results reported at Mon Jun  6 17:40:52 2022

Your job looked like:

------------------------------------------------------------
# LSBATCH: User input
#!/bin/sh
#BSUB -J DT-hopper
#BSUB -o DT-hopper_%J.out
#BSUB -e DT-hopper_%J.err
#BSUB -q gpuv100
#BSUB -gpu "num=1:mode=exclusive_process"
#BSUB -n 4
#BSUB -R "rusage[mem=4G]"
#BSUB -R "span[hosts=1]"
#BSUB -W 20:00
# end of BSUB options


# load CUDA (for GPU support)

# activate the virtual environment
source $HOME/miniconda3/envs/decision-transformer-gym/bin/activate

wandb on
echo 'cad8b043f3731a2c453efd8f61915e186ac93ac3' | wandb login

python experiment_single_reward.py --env 'hopper' --dataset 'medium_replay' --seed 43  --save_iters '8,10,12' --eval_iters '8,9,10,11,12' --max_iters 12 --device 'cuda' --log_to_wandb True

------------------------------------------------------------

Successfully completed.

Resource usage summary:

    CPU time :                                   26614.46 sec.
    Max Memory :                                 2452 MB
    Average Memory :                             2438.38 MB
    Total Requested Memory :                     16384.00 MB
    Delta Memory :                               13932.00 MB
    Max Swap :                                   -
    Max Processes :                              6
    Max Threads :                                21
    Run time :                                   26529 sec.
    Turnaround time :                            26477 sec.

The output (if any) is above this job summary.



PS:

Read file <DT-hopper_13680223.err> for stderr output of this job.

