W&B enabled, running your script from this directory will now sync to the cloud.
Disabling Weights & Biases. Run 'wandb login' again to re-enable.
Creating states list
==================================================
Starting new experiment: walker2d medium_replay
1093 trajectories, 302000 timesteps found
Average return: 682.70, std: 895.96
Max return: 4132.00, min: -50.20
==================================================
================================================================================
Iteration 1
time/training: 925.6612651348114
training/train_loss_mean: 0.20658778247609735
training/train_loss_std: 0.11241232012752227
training/action_error: 0.12943030893802643
================================================================================
Iteration 2
time/training: 875.9260251522064
training/train_loss_mean: 0.12399787454307079
training/train_loss_std: 0.012519971222401663
training/action_error: 0.11716067045927048
================================================================================
Iteration 3
time/training: 989.2423450946808
training/train_loss_mean: 0.10949332830011844
training/train_loss_std: 0.010055738311856386
training/action_error: 0.10742232203483582
================================================================================
Iteration 4
time/training: 1030.7496094703674
training/train_loss_mean: 0.10176766832768917
training/train_loss_std: 0.009106937387263604
training/action_error: 0.09244516491889954
================================================================================
Iteration 5
time/training: 1032.4268889427185
training/train_loss_mean: 0.09659799608364701
training/train_loss_std: 0.008505702609006774
training/action_error: 0.08693259209394455
================================================================================
Iteration 6
time/training: 1032.3527429103851
training/train_loss_mean: 0.09297775240465998
training/train_loss_std: 0.008066163248876088
training/action_error: 0.09496636688709259
================================================================================
Iteration 7
time/training: 923.0151355266571
training/train_loss_mean: 0.09022581909000874
training/train_loss_std: 0.007677101634552243
training/action_error: 0.09092465788125992
================================================================================
Iteration 8
time/training: 918.0760271549225
training/train_loss_mean: 0.08782438329085708
training/train_loss_std: 0.0074156925280514895
training/action_error: 0.08579965680837631
================================================================================
Iteration 8
target_2.0_return_mean: 388.6375206286377
target_2.0_return_std: 313.66366909223837
target_2.0_lenght_mean: 184.02
target_2.0_lenght_std: 88.56025971054963
target_328.10526315789474_return_mean: 616.911546129459
target_328.10526315789474_return_std: 675.4266101378901
target_328.10526315789474_lenght_mean: 228.73
target_328.10526315789474_lenght_std: 186.24681769093397
target_654.2105263157895_return_mean: 1224.6042091748336
target_654.2105263157895_return_std: 956.9164987616734
target_654.2105263157895_lenght_mean: 434.19
target_654.2105263157895_lenght_std: 272.6931497122727
target_980.3157894736842_return_mean: 2223.22741021442
target_980.3157894736842_return_std: 867.6357880888553
target_980.3157894736842_lenght_mean: 678.51
target_980.3157894736842_lenght_std: 222.38716217443846
target_1306.421052631579_return_mean: 2245.30467612088
target_1306.421052631579_return_std: 792.0706124608288
target_1306.421052631579_lenght_mean: 696.88
target_1306.421052631579_lenght_std: 212.5795512272994
target_1632.5263157894738_return_mean: 2528.844148119165
target_1632.5263157894738_return_std: 726.6525572111774
target_1632.5263157894738_lenght_mean: 750.28
target_1632.5263157894738_lenght_std: 187.64370919378032
target_1958.6315789473683_return_mean: 2827.0709415365436
target_1958.6315789473683_return_std: 706.3140058708332
target_1958.6315789473683_lenght_mean: 794.09
target_1958.6315789473683_lenght_std: 193.17189728322285
target_2284.7368421052633_return_mean: 2944.8364854150923
target_2284.7368421052633_return_std: 735.2772604457219
target_2284.7368421052633_lenght_mean: 816.8
target_2284.7368421052633_lenght_std: 197.99100989691428
target_2610.842105263158_return_mean: 3242.9582860058918
target_2610.842105263158_return_std: 645.126728294286
target_2610.842105263158_lenght_mean: 886.42
target_2610.842105263158_lenght_std: 171.58847164072532
target_2936.9473684210525_return_mean: 3162.701958931805
target_2936.9473684210525_return_std: 760.488486334755
target_2936.9473684210525_lenght_mean: 868.19
target_2936.9473684210525_lenght_std: 198.84464765238212
target_3263.0526315789475_return_mean: 3200.4030508964847
target_3263.0526315789475_return_std: 738.6529003829478
target_3263.0526315789475_lenght_mean: 871.58
target_3263.0526315789475_lenght_std: 187.83988820269246
target_3589.157894736842_return_mean: 3254.605254458158
target_3589.157894736842_return_std: 772.3931807275886
target_3589.157894736842_lenght_mean: 879.69
target_3589.157894736842_lenght_std: 188.55671268878234
target_3915.2631578947367_return_mean: 3415.6493422726203
target_3915.2631578947367_return_std: 668.8075282304703
target_3915.2631578947367_lenght_mean: 917.45
target_3915.2631578947367_lenght_std: 156.526187904772
target_4241.368421052632_return_mean: 3291.3152078240514
target_4241.368421052632_return_std: 755.6838614727063
target_4241.368421052632_lenght_mean: 898.41
target_4241.368421052632_lenght_std: 184.71600336733144
target_4567.473684210527_return_mean: 3335.0025703998695
target_4567.473684210527_return_std: 645.4807772341485
target_4567.473684210527_lenght_mean: 886.89
target_4567.473684210527_lenght_std: 166.82583103344635
target_4893.578947368421_return_mean: 3335.4993904641765
target_4893.578947368421_return_std: 748.7240564243499
target_4893.578947368421_lenght_mean: 880.66
target_4893.578947368421_lenght_std: 191.37414767935613
target_5219.684210526316_return_mean: 3263.6190400071196
target_5219.684210526316_return_std: 757.8973724035401
target_5219.684210526316_lenght_mean: 880.29
target_5219.684210526316_lenght_std: 193.75486032613478
target_5545.789473684211_return_mean: 3399.539613118071
target_5545.789473684211_return_std: 765.0156190553794
target_5545.789473684211_lenght_mean: 908.76
target_5545.789473684211_lenght_std: 179.05089332365813
target_5871.894736842105_return_mean: 3459.191123375754
target_5871.894736842105_return_std: 710.8026471340593
target_5871.894736842105_lenght_mean: 912.99
target_5871.894736842105_lenght_std: 174.47140138142984
target_6198.0_return_mean: 3300.7862396929086
target_6198.0_return_std: 890.5732300210178
target_6198.0_lenght_mean: 866.41
target_6198.0_lenght_std: 218.3958834318999
time/evaluation: 4129.154497623444
target_training/action_erro_mean: 0.08579965680837631
target_training/action_erro_std: 0.0
================================================================================
Iteration 9
time/training: 908.5847742557526
training/train_loss_mean: 0.0861065790526569
training/train_loss_std: 0.007158861472019715
training/action_error: 0.0781996101140976
================================================================================
Iteration 9
target_2.0_return_mean: 249.84661290331846
target_2.0_return_std: 27.53305425968913
target_2.0_lenght_mean: 136.13
target_2.0_lenght_std: 12.661480956033541
target_328.10526315789474_return_mean: 459.3161913021453
target_328.10526315789474_return_std: 158.60833808277226
target_328.10526315789474_lenght_mean: 187.91
target_328.10526315789474_lenght_std: 50.12526209407787
target_654.2105263157895_return_mean: 1039.303924404262
target_654.2105263157895_return_std: 903.4216897706391
target_654.2105263157895_lenght_mean: 330.45
target_654.2105263157895_lenght_std: 221.83473014836966
target_980.3157894736842_return_mean: 1848.4597914223248
target_980.3157894736842_return_std: 1074.5292035432374
target_980.3157894736842_lenght_mean: 537.46
target_980.3157894736842_lenght_std: 269.5767208050428
target_1306.421052631579_return_mean: 1853.4646975329047
target_1306.421052631579_return_std: 1186.4435068108485
target_1306.421052631579_lenght_mean: 530.41
target_1306.421052631579_lenght_std: 295.63680741747976
target_1632.5263157894738_return_mean: 1889.9575395379768
target_1632.5263157894738_return_std: 1133.8139420340838
target_1632.5263157894738_lenght_mean: 523.48
target_1632.5263157894738_lenght_std: 270.42727229330995
target_1958.6315789473683_return_mean: 2062.123940483381
target_1958.6315789473683_return_std: 1140.660935388998
target_1958.6315789473683_lenght_mean: 547.91
target_1958.6315789473683_lenght_std: 283.1337173492412
target_2284.7368421052633_return_mean: 1959.3534549262822
target_2284.7368421052633_return_std: 1186.0696654400213
target_2284.7368421052633_lenght_mean: 521.78
target_2284.7368421052633_lenght_std: 294.3871797480318
target_2610.842105263158_return_mean: 2430.7355267958455
target_2610.842105263158_return_std: 1118.6706852398481
target_2610.842105263158_lenght_mean: 643.86
target_2610.842105263158_lenght_std: 283.3092663503966
target_2936.9473684210525_return_mean: 2312.2884631917736
target_2936.9473684210525_return_std: 1108.3127438511433
target_2936.9473684210525_lenght_mean: 608.22
target_2936.9473684210525_lenght_std: 270.58656951149663
target_3263.0526315789475_return_mean: 2420.4960363218943
target_3263.0526315789475_return_std: 1036.3264431334344
target_3263.0526315789475_lenght_mean: 643.39
target_3263.0526315789475_lenght_std: 265.8064293804798
target_3589.157894736842_return_mean: 2281.754100410839
target_3589.157894736842_return_std: 1090.0803193946567
target_3589.157894736842_lenght_mean: 611.96
target_3589.157894736842_lenght_std: 274.3153994948151
target_3915.2631578947367_return_mean: 2527.525762722235
target_3915.2631578947367_return_std: 1042.3094287909794
target_3915.2631578947367_lenght_mean: 680.34
target_3915.2631578947367_lenght_std: 269.3471076510754
target_4241.368421052632_return_mean: 2319.424181993951
target_4241.368421052632_return_std: 1089.7632940454707
target_4241.368421052632_lenght_mean: 619.05
target_4241.368421052632_lenght_std: 272.9886581893102
target_4567.473684210527_return_mean: 2381.5840111463535
target_4567.473684210527_return_std: 1111.9315831962308
target_4567.473684210527_lenght_mean: 630.38
target_4567.473684210527_lenght_std: 275.354599743676
target_4893.578947368421_return_mean: 2532.8377766317235
target_4893.578947368421_return_std: 1149.7332607620283
target_4893.578947368421_lenght_mean: 683.35
target_4893.578947368421_lenght_std: 293.66740966610513
target_5219.684210526316_return_mean: 2649.5733408359742
target_5219.684210526316_return_std: 963.5383787544082
target_5219.684210526316_lenght_mean: 696.51
target_5219.684210526316_lenght_std: 241.63279971891237
target_5545.789473684211_return_mean: 2572.5299862748752
target_5545.789473684211_return_std: 1050.6535172073957
target_5545.789473684211_lenght_mean: 682.94
target_5545.789473684211_lenght_std: 258.12004261583405
target_5871.894736842105_return_mean: 2559.998780115346
target_5871.894736842105_return_std: 967.270294501279
target_5871.894736842105_lenght_mean: 681.99
target_5871.894736842105_lenght_std: 244.80079636308375
target_6198.0_return_mean: 2599.013992754413
target_6198.0_return_std: 972.3689222979881
target_6198.0_lenght_mean: 688.77
target_6198.0_lenght_std: 240.1255028105095
time/evaluation: 3916.5317339897156
target_training/action_erro_mean: 0.0781996101140976
target_training/action_erro_std: 0.0
================================================================================
Iteration 10
time/training: 888.3210382461548
training/train_loss_mean: 0.08434939428120851
training/train_loss_std: 0.00698338496907802
training/action_error: 0.07676845788955688
================================================================================
Iteration 10
target_2.0_return_mean: 238.2082977557032
target_2.0_return_std: 22.16283672391813
target_2.0_lenght_mean: 129.31
target_2.0_lenght_std: 12.098508172497963
target_328.10526315789474_return_mean: 526.9966242648177
target_328.10526315789474_return_std: 672.9899204335594
target_328.10526315789474_lenght_mean: 202.2
target_328.10526315789474_lenght_std: 185.9300406066755
target_654.2105263157895_return_mean: 743.6615414876148
target_654.2105263157895_return_std: 457.586200369344
target_654.2105263157895_lenght_mean: 293.84
target_654.2105263157895_lenght_std: 132.65924166826827
target_980.3157894736842_return_mean: 1407.812521734363
target_980.3157894736842_return_std: 931.6182122574156
target_980.3157894736842_lenght_mean: 397.65
target_980.3157894736842_lenght_std: 225.5393701773595
target_1306.421052631579_return_mean: 1692.658206392774
target_1306.421052631579_return_std: 775.459266277733
target_1306.421052631579_lenght_mean: 468.22
target_1306.421052631579_lenght_std: 195.57160223304405
target_1632.5263157894738_return_mean: 1795.4451872688658
target_1632.5263157894738_return_std: 969.0042828647979
target_1632.5263157894738_lenght_mean: 538.29
target_1632.5263157894738_lenght_std: 233.4681689224465
target_1958.6315789473683_return_mean: 1571.5614480370227
target_1958.6315789473683_return_std: 1075.3589220721374
target_1958.6315789473683_lenght_mean: 454.24
target_1958.6315789473683_lenght_std: 255.61416705652292
target_2284.7368421052633_return_mean: 2158.589034540082
target_2284.7368421052633_return_std: 1066.7611181594814
target_2284.7368421052633_lenght_mean: 581.73
target_2284.7368421052633_lenght_std: 261.56126834835464
target_2610.842105263158_return_mean: 2330.9126640450045
target_2610.842105263158_return_std: 1105.7936251641354
target_2610.842105263158_lenght_mean: 619.73
target_2610.842105263158_lenght_std: 267.06530493495404
target_2936.9473684210525_return_mean: 1858.1834031018907
target_2936.9473684210525_return_std: 1312.7452118928654
target_2936.9473684210525_lenght_mean: 500.32
target_2936.9473684210525_lenght_std: 309.6440821330193
target_3263.0526315789475_return_mean: 2143.9060957077554
target_3263.0526315789475_return_std: 1320.9980679302025
target_3263.0526315789475_lenght_mean: 565.87
target_3263.0526315789475_lenght_std: 308.16478238111506
target_3589.157894736842_return_mean: 2217.6166612631764
target_3589.157894736842_return_std: 1344.4479736265114
target_3589.157894736842_lenght_mean: 587.64
target_3589.157894736842_lenght_std: 311.8165332370944
target_3915.2631578947367_return_mean: 2091.5637989800034
target_3915.2631578947367_return_std: 1389.0564168841688
target_3915.2631578947367_lenght_mean: 562.09
target_3915.2631578947367_lenght_std: 323.8306376796365
target_4241.368421052632_return_mean: 2382.0535838283417
target_4241.368421052632_return_std: 1369.0501383522815
target_4241.368421052632_lenght_mean: 629.19
target_4241.368421052632_lenght_std: 321.7657749046657
target_4567.473684210527_return_mean: 1946.351269333278
target_4567.473684210527_return_std: 1294.4298002046426
target_4567.473684210527_lenght_mean: 517.33
target_4567.473684210527_lenght_std: 301.26573170541656
target_4893.578947368421_return_mean: 2043.4651743415486
target_4893.578947368421_return_std: 1341.6999878159963
target_4893.578947368421_lenght_mean: 536.93
target_4893.578947368421_lenght_std: 311.7923429143185
target_5219.684210526316_return_mean: 2556.3814565831804
target_5219.684210526316_return_std: 1303.3342219963586
target_5219.684210526316_lenght_mean: 652.66
target_5219.684210526316_lenght_std: 302.9171576520551
target_5545.789473684211_return_mean: 2607.2562728154708
target_5545.789473684211_return_std: 1361.7548784912894
target_5545.789473684211_lenght_mean: 670.97
target_5545.789473684211_lenght_std: 322.83343863360875
target_5871.894736842105_return_mean: 2508.567683535612
target_5871.894736842105_return_std: 1307.9972314422328
target_5871.894736842105_lenght_mean: 650.68
target_5871.894736842105_lenght_std: 308.38339384603705
target_6198.0_return_mean: 2935.5597842462284
target_6198.0_return_std: 1259.1348756282916
target_6198.0_lenght_mean: 739.78
target_6198.0_lenght_std: 297.5564343112076
time/evaluation: 3607.319786787033
target_training/action_erro_mean: 0.07676845788955688
target_training/action_erro_std: 0.0
================================================================================
Iteration 11
time/training: 878.5453786849976
training/train_loss_mean: 0.08298338559307158
training/train_loss_std: 0.006772715016287581
training/action_error: 0.08136299252510071
================================================================================
Iteration 11
target_2.0_return_mean: 362.086600735465
target_2.0_return_std: 252.0953793698483
target_2.0_lenght_mean: 195.68
target_2.0_lenght_std: 89.093196148752
target_328.10526315789474_return_mean: 470.5077950324463
target_328.10526315789474_return_std: 428.36182243432677
target_328.10526315789474_lenght_mean: 215.59
target_328.10526315789474_lenght_std: 114.46345224568407
target_654.2105263157895_return_mean: 1528.221434794711
target_654.2105263157895_return_std: 788.9554523344207
target_654.2105263157895_lenght_mean: 452.1
target_654.2105263157895_lenght_std: 201.7244903327308
target_980.3157894736842_return_mean: 1872.7045376437131
target_980.3157894736842_return_std: 809.501258339659
target_980.3157894736842_lenght_mean: 537.3
target_980.3157894736842_lenght_std: 213.85408576877833
target_1306.421052631579_return_mean: 2442.252201477617
target_1306.421052631579_return_std: 802.6583886691354
target_1306.421052631579_lenght_mean: 721.57
target_1306.421052631579_lenght_std: 206.99991570046592
target_1632.5263157894738_return_mean: 2583.9233832515247
target_1632.5263157894738_return_std: 765.433773375265
target_1632.5263157894738_lenght_mean: 740.27
target_1632.5263157894738_lenght_std: 198.32760044935753
target_1958.6315789473683_return_mean: 2577.3746282315833
target_1958.6315789473683_return_std: 906.9854223873053
target_1958.6315789473683_lenght_mean: 701.45
target_1958.6315789473683_lenght_std: 235.80947288011993
target_2284.7368421052633_return_mean: 3006.006395293639
target_2284.7368421052633_return_std: 855.074433655115
target_2284.7368421052633_lenght_mean: 805.09
target_2284.7368421052633_lenght_std: 215.0494405944828
target_2610.842105263158_return_mean: 3143.9576864765986
target_2610.842105263158_return_std: 813.2532653685573
target_2610.842105263158_lenght_mean: 851.08
target_2610.842105263158_lenght_std: 207.1825610421881
target_2936.9473684210525_return_mean: 3296.7528636352154
target_2936.9473684210525_return_std: 722.3051822506752
target_2936.9473684210525_lenght_mean: 879.85
target_2936.9473684210525_lenght_std: 185.26167304653166
target_3263.0526315789475_return_mean: 3479.0939897315047
target_3263.0526315789475_return_std: 547.129825725948
target_3263.0526315789475_lenght_mean: 921.36
target_3263.0526315789475_lenght_std: 139.28420728855085
target_3589.157894736842_return_mean: 3460.078418595768
target_3589.157894736842_return_std: 622.6378477495343
target_3589.157894736842_lenght_mean: 904.85
target_3589.157894736842_lenght_std: 148.98411828111077
target_3915.2631578947367_return_mean: 3479.3699707560863
target_3915.2631578947367_return_std: 616.6621739618366
target_3915.2631578947367_lenght_mean: 916.79
target_3915.2631578947367_lenght_std: 153.4869567748348
target_4241.368421052632_return_mean: 3422.380273694679
target_4241.368421052632_return_std: 665.1061583108014
target_4241.368421052632_lenght_mean: 901.19
target_4241.368421052632_lenght_std: 166.7350410081816
target_4567.473684210527_return_mean: 3496.906025361968
target_4567.473684210527_return_std: 702.8674527119693
target_4567.473684210527_lenght_mean: 908.71
target_4567.473684210527_lenght_std: 174.70685704917253
target_4893.578947368421_return_mean: 3461.0517300704973
target_4893.578947368421_return_std: 744.4673283759932
target_4893.578947368421_lenght_mean: 889.86
target_4893.578947368421_lenght_std: 185.50903050795128
target_5219.684210526316_return_mean: 3423.700940347753
target_5219.684210526316_return_std: 749.9072477283146
target_5219.684210526316_lenght_mean: 882.4
target_5219.684210526316_lenght_std: 184.11838582824907
target_5545.789473684211_return_mean: 3446.44894631378
target_5545.789473684211_return_std: 829.6881351226777
target_5545.789473684211_lenght_mean: 885.52
target_5545.789473684211_lenght_std: 204.0339422743187
target_5871.894736842105_return_mean: 3483.1379880681343
target_5871.894736842105_return_std: 787.3831086576907
target_5871.894736842105_lenght_mean: 882.32
target_5871.894736842105_lenght_std: 188.7807659694176
target_6198.0_return_mean: 3472.0415430956887
target_6198.0_return_std: 771.1450201973686
target_6198.0_lenght_mean: 888.48
target_6198.0_lenght_std: 187.86077184979305
time/evaluation: 4093.7301783561707
target_training/action_erro_mean: 0.08136299252510071
target_training/action_erro_std: 0.0
================================================================================
Iteration 12
time/training: 925.537056684494
training/train_loss_mean: 0.08172729267813265
training/train_loss_std: 0.006512420357478643
training/action_error: 0.07530022412538528
================================================================================
Iteration 12
target_2.0_return_mean: 265.8048608282048
target_2.0_return_std: 73.20660408660657
target_2.0_lenght_mean: 153.44
target_2.0_lenght_std: 47.53994530918183
target_328.10526315789474_return_mean: 781.6156639676112
target_328.10526315789474_return_std: 586.4977328299467
target_328.10526315789474_lenght_mean: 266.24
target_328.10526315789474_lenght_std: 147.4665467148397
target_654.2105263157895_return_mean: 577.8933101964991
target_654.2105263157895_return_std: 697.903150802864
target_654.2105263157895_lenght_mean: 205.55
target_654.2105263157895_lenght_std: 175.54568493699864
target_980.3157894736842_return_mean: 1456.2498109508679
target_980.3157894736842_return_std: 972.0834804008904
target_980.3157894736842_lenght_mean: 439.77
target_980.3157894736842_lenght_std: 243.623432986238
target_1306.421052631579_return_mean: 1849.9189825895928
target_1306.421052631579_return_std: 1000.4081786797334
target_1306.421052631579_lenght_mean: 520.4
target_1306.421052631579_lenght_std: 249.85063538042087
target_1632.5263157894738_return_mean: 2140.115138078126
target_1632.5263157894738_return_std: 1120.1753586339282
target_1632.5263157894738_lenght_mean: 595.04
target_1632.5263157894738_lenght_std: 285.54291866547834
target_1958.6315789473683_return_mean: 2197.807090753082
target_1958.6315789473683_return_std: 995.310889253408
target_1958.6315789473683_lenght_mean: 615.9
target_1958.6315789473683_lenght_std: 257.14573688863675
target_2284.7368421052633_return_mean: 2307.1219351735986
target_2284.7368421052633_return_std: 974.4029188133898
target_2284.7368421052633_lenght_mean: 631.62
target_2284.7368421052633_lenght_std: 252.31970909938843
target_2610.842105263158_return_mean: 2452.716180073654
target_2610.842105263158_return_std: 949.9718343332698
target_2610.842105263158_lenght_mean: 662.7
target_2610.842105263158_lenght_std: 248.93161711602647
target_2936.9473684210525_return_mean: 2552.1818545831375
target_2936.9473684210525_return_std: 890.7343405111658
target_2936.9473684210525_lenght_mean: 681.23
target_2936.9473684210525_lenght_std: 229.8180956756887
target_3263.0526315789475_return_mean: 2501.9103593330456
target_3263.0526315789475_return_std: 919.065779858779
target_3263.0526315789475_lenght_mean: 679.94
target_3263.0526315789475_lenght_std: 245.75397534933182
target_3589.157894736842_return_mean: 2252.635587328442
target_3589.157894736842_return_std: 940.6480313382258
target_3589.157894736842_lenght_mean: 608.88
target_3589.157894736842_lenght_std: 245.12781482320605
target_3915.2631578947367_return_mean: 2352.603662119641
target_3915.2631578947367_return_std: 872.4269100072922
target_3915.2631578947367_lenght_mean: 627.09
target_3915.2631578947367_lenght_std: 230.14339421326002
target_4241.368421052632_return_mean: 2432.318174507273
target_4241.368421052632_return_std: 1042.5840384659725
target_4241.368421052632_lenght_mean: 645.35
target_4241.368421052632_lenght_std: 269.5657387354706
target_4567.473684210527_return_mean: 2198.7513663362192
target_4567.473684210527_return_std: 932.2565709531642
target_4567.473684210527_lenght_mean: 582.78
target_4567.473684210527_lenght_std: 241.67070902366302
target_4893.578947368421_return_mean: 2316.729243466542
target_4893.578947368421_return_std: 946.902290735207
target_4893.578947368421_lenght_mean: 619.77
target_4893.578947368421_lenght_std: 248.03474978317053
target_5219.684210526316_return_mean: 2479.1814976865962
target_5219.684210526316_return_std: 955.708105115477
target_5219.684210526316_lenght_mean: 671.08
target_5219.684210526316_lenght_std: 253.9906958925858
target_5545.789473684211_return_mean: 2497.317389121929
target_5545.789473684211_return_std: 991.7270149156986
target_5545.789473684211_lenght_mean: 665.45
target_5545.789473684211_lenght_std: 260.8733936222703
target_5871.894736842105_return_mean: 2504.5024083702306
target_5871.894736842105_return_std: 922.3407037085226
target_5871.894736842105_lenght_mean: 656.34
target_5871.894736842105_lenght_std: 239.36554555741725
target_6198.0_return_mean: 2385.3964734284
target_6198.0_return_std: 1042.809889644415
target_6198.0_lenght_mean: 615.35
target_6198.0_lenght_std: 263.16448753583757
time/evaluation: 3021.4463913440704
target_training/action_erro_mean: 0.07530022412538528
target_training/action_erro_std: 0.0

------------------------------------------------------------
Sender: LSF System <lsfadmin@hpc.dtu.dk>
Subject: Job 13680224: <DT-walker> in cluster <dcc> Done

Job <DT-walker> was submitted from host <n-62-30-8> by user <s204131> in cluster <dcc> at Mon Jun  6 10:19:40 2022
Job was executed on host(s) <4*n-62-20-7>, in queue <gpuv100>, as user <s204131> in cluster <dcc> at Mon Jun  6 10:19:41 2022
</zhome/94/3/155767> was used as the home directory.
</zhome/94/3/155767/decision_transformer/gym> was used as the working directory.
Started at Mon Jun  6 10:19:41 2022
Terminated at Mon Jun  6 18:42:50 2022
Results reported at Mon Jun  6 18:42:50 2022

Your job looked like:

------------------------------------------------------------
# LSBATCH: User input
#!/bin/sh
#BSUB -J DT-walker
#BSUB -o DT-walker_%J.out
#BSUB -e DT-walker_%J.err
#BSUB -q gpuv100
#BSUB -gpu "num=1:mode=exclusive_process"
#BSUB -n 4
#BSUB -R "rusage[mem=4G]"
#BSUB -R "span[hosts=1]"
#BSUB -W 20:00
# end of BSUB options


# load CUDA (for GPU support)

# activate the virtual environment
source $HOME/miniconda3/envs/decision-transformer-gym/bin/activate

wandb on
echo 'cad8b043f3731a2c453efd8f61915e186ac93ac3' | wandb login

python experiment_single_reward.py --env 'walker2d' --dataset 'medium_replay' --seed 43  --save_iters '8,10,12' --eval_iters '8,9,10,11,12' --max_iters 12 --device 'cuda' --log_to_wandb True

------------------------------------------------------------

Successfully completed.

Resource usage summary:

    CPU time :                                   30229.55 sec.
    Max Memory :                                 2457 MB
    Average Memory :                             2444.87 MB
    Total Requested Memory :                     16384.00 MB
    Delta Memory :                               13927.00 MB
    Max Swap :                                   -
    Max Processes :                              6
    Max Threads :                                21
    Run time :                                   30239 sec.
    Turnaround time :                            30190 sec.

The output (if any) is above this job summary.



PS:

Read file <DT-walker_13680224.err> for stderr output of this job.

