  0%|          | 0/1000 [00:00<?, ?it/s]100%|â–ˆâ–ˆâ–ˆâ–ˆâ–ˆâ–ˆâ–ˆâ–ˆâ–ˆâ–ˆ| 1000/1000 [00:00<00:00, 342643.90it/s]
wandb: Tracking run with wandb version 0.9.1
wandb: WARNING WANDB_MODE is set to run, but W&B was disabled.  Run `wandb on` to remove this message
wandb: Wandb version 0.12.15 is available!  To upgrade, please run:
wandb:  $ pip install wandb --upgrade
wandb: Run data is saved locally in wandb/run-20220425_153920-2vdb0uk3
wandb: Syncing run gym-experiment-halfcheetah-expert-481832
wandb: â­ï¸ View project at https://app.wandb.ai/fagprojekt/decision-transformer
wandb: ðŸš€ View run at https://app.wandb.ai/fagprojekt/decision-transformer/runs/2vdb0uk3
wandb: Run `wandb off` to turn off syncing.

wandb: Network error resolved after 0:00:18.007716, resuming normal operation.
wandb: Network error resolved after 0:00:20.418188, resuming normal operation.

wandb: Waiting for W&B process to finish, PID 259746
wandb: Program ended successfully.
wandb: Run summary:
wandb:                                      _runtime 35551.81819152832
wandb:                         training/action_error 0.032196223735809326
wandb:                       training/train_loss_std 0.002369948238005879
wandb:                                         _step 14
wandb:                                    _timestamp 1650936703.8757367
wandb:                      training/train_loss_mean 0.028656330173276366
wandb:                                 time/training 1430.130546092987
wandb:            evaluation/target_6000_lenght_mean 1000.0
wandb:             evaluation/target_8800_return_std 237.82692448398927
wandb:            evaluation/target_10000_lenght_std 0.0
wandb:            evaluation/target_9200_return_mean 10445.905734089187
wandb:           evaluation/target_10800_return_mean 10541.185773359352
wandb:            evaluation/target_11200_lenght_std 0.0
wandb:           evaluation/target_10400_lenght_mean 1000.0
wandb:            evaluation/target_8000_return_mean 10570.412818531573
wandb:             evaluation/target_7600_return_std 150.87062199223354
wandb:           evaluation/target_11600_lenght_mean 1000.0
wandb:             evaluation/target_9200_lenght_std 0.0
wandb:           evaluation/target_11600_return_mean 10559.000281672426
wandb:                               time/evaluation 4627.832361936569
wandb:            evaluation/target_7200_return_mean 10566.116079345202
wandb:             evaluation/target_7600_lenght_std 0.0
wandb:             evaluation/target_8400_return_std 513.3756071872507
wandb:            evaluation/target_6800_return_mean 10594.832607339253
wandb:            evaluation/target_9600_lenght_mean 1000.0
wandb:           evaluation/target_10800_lenght_mean 1000.0
wandb:            evaluation/target_10400_return_std 171.3258127201618
wandb:            evaluation/target_10800_lenght_std 0.0
wandb:            evaluation/target_7600_lenght_mean 1000.0
wandb:            evaluation/target_8000_lenght_mean 1000.0
wandb:             evaluation/target_6000_lenght_std 0.0
wandb:            evaluation/target_6000_return_mean 10616.313960644973
wandb:            evaluation/target_7200_lenght_mean 1000.0
wandb:            evaluation/target_9200_lenght_mean 1000.0
wandb:           evaluation/target_12000_lenght_mean 1000.0
wandb:            evaluation/target_10000_return_std 170.18835279250322
wandb:            evaluation/target_10800_return_std 194.4378110864782
wandb:            evaluation/target_12000_return_std 146.8351245218495
wandb:             evaluation/target_6800_lenght_std 0.0
wandb:            evaluation/target_8800_return_mean 10527.975287606027
wandb:           evaluation/target_12000_return_mean 10586.374510082269
wandb:            evaluation/target_9600_return_mean 10520.294607156511
wandb:             evaluation/target_7200_lenght_std 0.0
wandb:            evaluation/target_11600_lenght_std 0.0
wandb:             evaluation/target_6400_lenght_std 0.0
wandb:             evaluation/target_7200_return_std 179.64490599393474
wandb:            evaluation/target_12000_lenght_std 0.0
wandb:             evaluation/target_9200_return_std 1032.406983902339
wandb:            evaluation/target_6800_lenght_mean 1000.0
wandb:           evaluation/target_10000_lenght_mean 1000.0
wandb:            evaluation/target_10400_lenght_std 0.0
wandb:            evaluation/target_11600_return_std 148.44742726128055
wandb:             evaluation/target_6000_return_std 152.36601846186556
wandb:             evaluation/target_8800_lenght_std 0.0
wandb:             evaluation/target_6400_return_std 327.22852521141516
wandb:            evaluation/target_8800_lenght_mean 1000.0
wandb:            evaluation/target_7600_return_mean 10591.53538299042
wandb:             evaluation/target_8000_lenght_std 0.0
wandb:            evaluation/target_11200_return_std 181.72177728162146
wandb:             evaluation/target_9600_lenght_std 0.0
wandb:             evaluation/target_6800_return_std 129.70329925494943
wandb:             evaluation/target_8400_lenght_std 0.0
wandb:             evaluation/target_8000_return_std 156.80571509932054
wandb:           evaluation/target_10000_return_mean 10599.442982151348
wandb:           evaluation/target_11200_return_mean 10554.329901900157
wandb:            evaluation/target_8400_lenght_mean 1000.0
wandb:            evaluation/target_6400_lenght_mean 1000.0
wandb:           evaluation/target_11200_lenght_mean 1000.0
wandb:    evaluation/target_training/action_erro_std 0.0
wandb:            evaluation/target_8400_return_mean 10549.464462331782
wandb:   evaluation/target_training/action_erro_mean 0.032196223735809326
wandb:             evaluation/target_9600_return_std 619.9260699381284
wandb:           evaluation/target_10400_return_mean 10554.608285585824
wandb:            evaluation/target_6400_return_mean 10539.601827486878
wandb: Syncing 5 W&B file(s), 0 media file(s), 0 artifact file(s) and 0 other file(s)
wandb: - 0.02MB of 0.02MB uploaded (0.00MB deduped)wandb: \ 0.02MB of 0.02MB uploaded (0.00MB deduped)wandb: | 0.02MB of 0.02MB uploaded (0.00MB deduped)wandb:                                                                                
wandb: Synced gym-experiment-halfcheetah-expert-481832: https://app.wandb.ai/fagprojekt/decision-transformer/runs/2vdb0uk3
