W&B enabled, running your script from this directory will now sync to the cloud.
Disabling Weights & Biases. Run 'wandb login' again to re-enable.
Creating states list
==================================================
Starting new experiment: hopper medium_replay
2041 trajectories, 399959 timesteps found
Average return: 464.59, std: 510.32
Max return: 3189.35, min: -0.71
==================================================
================================================================================
Iteration 1
time/training: 270.2104375362396
training/train_loss_mean: 0.249554651299119
training/train_loss_std: 0.09945900445403717
training/action_error: 0.1622154712677002
================================================================================
Iteration 2
time/training: 271.52512407302856
training/train_loss_mean: 0.16190371444523335
training/train_loss_std: 0.01246379002257018
training/action_error: 0.14732787013053894
================================================================================
Iteration 3
time/training: 272.69673705101013
training/train_loss_mean: 0.14241918766349554
training/train_loss_std: 0.009128278857604888
training/action_error: 0.1331152468919754
================================================================================
Iteration 4
time/training: 271.7326798439026
training/train_loss_mean: 0.13210335115641356
training/train_loss_std: 0.008023342810143013
training/action_error: 0.1381506323814392
================================================================================
Iteration 5
time/training: 272.0782070159912
training/train_loss_mean: 0.12555445343479515
training/train_loss_std: 0.007571311615519778
training/action_error: 0.12145651876926422
================================================================================
Iteration 6
time/training: 271.87249732017517
training/train_loss_mean: 0.12091490078270435
training/train_loss_std: 0.00728965097882461
training/action_error: 0.11516448110342026
================================================================================
Iteration 7
time/training: 272.4427103996277
training/train_loss_mean: 0.11713172713890671
training/train_loss_std: 0.006933053941715288
training/action_error: 0.11665421724319458
================================================================================
Iteration 8
time/training: 272.37350630760193
training/train_loss_mean: 0.11423866207674145
training/train_loss_std: 0.0067191542381911445
training/action_error: 0.10258510708808899
================================================================================
Iteration 8
returns

------------------------------------------------------------
Sender: LSF System <lsfadmin@hpc.dtu.dk>
Subject: Job 13693016: <DT-hopper_MR> in cluster <dcc> Exited

Job <DT-hopper_MR> was submitted from host <n-62-30-7> by user <s204131> in cluster <dcc> at Thu Jun  9 19:39:20 2022
Job was executed on host(s) <4*n-62-20-11>, in queue <gpuv100>, as user <s204131> in cluster <dcc> at Thu Jun  9 19:39:21 2022
</zhome/94/3/155767> was used as the home directory.
</zhome/94/3/155767/decision_transformer/gym> was used as the working directory.
Started at Thu Jun  9 19:39:21 2022
Terminated at Thu Jun  9 20:45:26 2022
Results reported at Thu Jun  9 20:45:26 2022

Your job looked like:

------------------------------------------------------------
# LSBATCH: User input
#!/bin/sh
#BSUB -J DT-hopper_MR
#BSUB -o DT-hopper_MR_%J.out
#BSUB -e DT-hopper_MR_%J.err
#BSUB -q gpuv100
#BSUB -gpu "num=1:mode=exclusive_process"
#BSUB -n 4
#BSUB -R "rusage[mem=4G]"
#BSUB -R "span[hosts=1]"
#BSUB -W 24:00
# end of BSUB options


# load CUDA (for GPU support)

# activate the virtual environment
source $HOME/miniconda3/envs/decision-transformer-gym/bin/activate

wandb on
echo 'cad8b043f3731a2c453efd8f61915e186ac93ac3' | wandb login

python experiment_multiple_rewards.py --env 'hopper' --dataset 'medium_replay' --save_iters '5,10,11,12' --eval_iters '8,9,10,11,12' --max_iters 12 --device 'cuda' --split_reward True --seed 42 --num_eval_episodes 20 --num_steps_per_iter 10000

------------------------------------------------------------

Exited with exit code 1.

Resource usage summary:

    CPU time :                                   3932.96 sec.
    Max Memory :                                 2499 MB
    Average Memory :                             2368.06 MB
    Total Requested Memory :                     16384.00 MB
    Delta Memory :                               13885.00 MB
    Max Swap :                                   -
    Max Processes :                              4
    Max Threads :                                9
    Run time :                                   4058 sec.
    Turnaround time :                            3966 sec.

The output (if any) is above this job summary.



PS:

Read file <DT-hopper_MR_13693016.err> for stderr output of this job.

