W&B enabled, running your script from this directory will now sync to the cloud.
Disabling Weights & Biases. Run 'wandb login' again to re-enable.
Creating states list
==================================================
Starting new experiment: walker2d expert
1000 trajectories, 999214 timesteps found
Average return: 4920.51, std: 136.39
Max return: 5011.69, min: 763.42
==================================================
================================================================================
Iteration 1
time/training: 1645.936558008194
training/train_loss_mean: 0.10796442084684968
training/train_loss_std: 0.12870722233974635
training/action_error: 0.04337046295404434
================================================================================
Iteration 2
time/training: 1654.5125896930695
training/train_loss_mean: 0.03864456101525575
training/train_loss_std: 0.0031891371913873898
training/action_error: 0.03460817411541939
================================================================================
Iteration 3
time/training: 1563.9973101615906
training/train_loss_mean: 0.0336561167024076
training/train_loss_std: 0.0017677688409988984
training/action_error: 0.032871708273887634
================================================================================
Iteration 4
time/training: 1421.850974559784
training/train_loss_mean: 0.03169070166070014
training/train_loss_std: 0.001545716034684023
training/action_error: 0.03323807939887047
================================================================================
Iteration 5
time/training: 1333.3225524425507
training/train_loss_mean: 0.030568798027187587
training/train_loss_std: 0.0014826188065202822
training/action_error: 0.031126096844673157
================================================================================
Iteration 6
time/training: 1509.173747062683
training/train_loss_mean: 0.02981902132909745
training/train_loss_std: 0.0014149381441709765
training/action_error: 0.031570520251989365
================================================================================
Iteration 7
time/training: 1298.3305287361145
training/train_loss_mean: 0.029253990334272385
training/train_loss_std: 0.001378629609689549
training/action_error: 0.02913026697933674
================================================================================
Iteration 8
time/training: 1531.1285016536713
training/train_loss_mean: 0.028835052739456295
training/train_loss_std: 0.0013606565544103276
training/action_error: 0.02812347188591957
================================================================================
Iteration 8
target_2.0_return_mean: 4908.401428440189
target_2.0_return_std: 412.46543371135954
target_2.0_lenght_mean: 989.3
target_2.0_lenght_std: 75.27409913110883
target_328.10526315789474_return_mean: 4974.486602182719
target_328.10526315789474_return_std: 20.663509184874915
target_328.10526315789474_lenght_mean: 1000.0
target_328.10526315789474_lenght_std: 0.0
target_654.2105263157895_return_mean: 4984.9645326739965
target_654.2105263157895_return_std: 23.577671820874603
target_654.2105263157895_lenght_mean: 1000.0
target_654.2105263157895_lenght_std: 0.0
target_980.3157894736842_return_mean: 4989.606504921931
target_980.3157894736842_return_std: 22.560153194106157
target_980.3157894736842_lenght_mean: 1000.0
target_980.3157894736842_lenght_std: 0.0
target_1306.421052631579_return_mean: 4990.513881933601
target_1306.421052631579_return_std: 22.226722146190042
target_1306.421052631579_lenght_mean: 1000.0
target_1306.421052631579_lenght_std: 0.0
target_1632.5263157894738_return_mean: 4991.376743963947
target_1632.5263157894738_return_std: 20.778949358640883
target_1632.5263157894738_lenght_mean: 1000.0
target_1632.5263157894738_lenght_std: 0.0
target_1958.6315789473683_return_mean: 4985.618747420091
target_1958.6315789473683_return_std: 20.011271535527914
target_1958.6315789473683_lenght_mean: 1000.0
target_1958.6315789473683_lenght_std: 0.0
target_2284.7368421052633_return_mean: 4990.418799153685
target_2284.7368421052633_return_std: 20.836408376741968
target_2284.7368421052633_lenght_mean: 1000.0
target_2284.7368421052633_lenght_std: 0.0
target_2610.842105263158_return_mean: 4987.414942474241
target_2610.842105263158_return_std: 18.898985339296072
target_2610.842105263158_lenght_mean: 1000.0
target_2610.842105263158_lenght_std: 0.0
target_2936.9473684210525_return_mean: 4985.39925198403
target_2936.9473684210525_return_std: 23.339352887394345
target_2936.9473684210525_lenght_mean: 1000.0
target_2936.9473684210525_lenght_std: 0.0
target_3263.0526315789475_return_mean: 4990.154907931553
target_3263.0526315789475_return_std: 21.290173285644197
target_3263.0526315789475_lenght_mean: 1000.0
target_3263.0526315789475_lenght_std: 0.0
target_3589.157894736842_return_mean: 4993.251927764285
target_3589.157894736842_return_std: 18.26747866470051
target_3589.157894736842_lenght_mean: 1000.0
target_3589.157894736842_lenght_std: 0.0
target_3915.2631578947367_return_mean: 4990.623183330879
target_3915.2631578947367_return_std: 22.05448771384642
target_3915.2631578947367_lenght_mean: 1000.0
target_3915.2631578947367_lenght_std: 0.0
target_4241.368421052632_return_mean: 4991.202798387321
target_4241.368421052632_return_std: 19.88104493740235
target_4241.368421052632_lenght_mean: 1000.0
target_4241.368421052632_lenght_std: 0.0
target_4567.473684210527_return_mean: 4995.600964575217
target_4567.473684210527_return_std: 21.87247031930774
target_4567.473684210527_lenght_mean: 1000.0
target_4567.473684210527_lenght_std: 0.0
target_4893.578947368421_return_mean: 4991.004986496494
target_4893.578947368421_return_std: 23.269025532475002
target_4893.578947368421_lenght_mean: 1000.0
target_4893.578947368421_lenght_std: 0.0
target_5219.684210526316_return_mean: 4993.963607107387
target_5219.684210526316_return_std: 21.07549776193863
target_5219.684210526316_lenght_mean: 1000.0
target_5219.684210526316_lenght_std: 0.0
target_5545.789473684211_return_mean: 4997.1215010458245
target_5545.789473684211_return_std: 18.697622092243677
target_5545.789473684211_lenght_mean: 1000.0
target_5545.789473684211_lenght_std: 0.0
target_5871.894736842105_return_mean: 4991.3950769077865
target_5871.894736842105_return_std: 24.281255837337405
target_5871.894736842105_lenght_mean: 1000.0
target_5871.894736842105_lenght_std: 0.0
target_6198.0_return_mean: 4991.012958665025
target_6198.0_return_std: 23.302195401061148
target_6198.0_lenght_mean: 1000.0
target_6198.0_lenght_std: 0.0
time/evaluation: 7133.879408597946
target_training/action_erro_mean: 0.02812347188591957
target_training/action_erro_std: 0.0
================================================================================
Iteration 9
time/training: 1443.1929590702057
training/train_loss_mean: 0.02849526342768222
training/train_loss_std: 0.001332226067238208
training/action_error: 0.02988315187394619
================================================================================
Iteration 9
target_2.0_return_mean: 4963.7395208626085
target_2.0_return_std: 19.024415795866553
target_2.0_lenght_mean: 1000.0
target_2.0_lenght_std: 0.0
target_328.10526315789474_return_mean: 4950.462421575371
target_328.10526315789474_return_std: 26.032021411237174
target_328.10526315789474_lenght_mean: 1000.0
target_328.10526315789474_lenght_std: 0.0
target_654.2105263157895_return_mean: 4935.697410913249
target_654.2105263157895_return_std: 27.905001915758174
target_654.2105263157895_lenght_mean: 1000.0
target_654.2105263157895_lenght_std: 0.0
target_980.3157894736842_return_mean: 4941.650029148685
target_980.3157894736842_return_std: 24.96448316910747
target_980.3157894736842_lenght_mean: 1000.0
target_980.3157894736842_lenght_std: 0.0
target_1306.421052631579_return_mean: 4944.970535203918
target_1306.421052631579_return_std: 25.44535173395733
target_1306.421052631579_lenght_mean: 1000.0
target_1306.421052631579_lenght_std: 0.0
target_1632.5263157894738_return_mean: 4945.235221057337
target_1632.5263157894738_return_std: 27.289932127162974
target_1632.5263157894738_lenght_mean: 1000.0
target_1632.5263157894738_lenght_std: 0.0
target_1958.6315789473683_return_mean: 4948.075641100852
target_1958.6315789473683_return_std: 27.37437736105279
target_1958.6315789473683_lenght_mean: 1000.0
target_1958.6315789473683_lenght_std: 0.0
target_2284.7368421052633_return_mean: 4952.683988612747
target_2284.7368421052633_return_std: 24.52667200374578
target_2284.7368421052633_lenght_mean: 1000.0
target_2284.7368421052633_lenght_std: 0.0
target_2610.842105263158_return_mean: 4950.798244978573
target_2610.842105263158_return_std: 27.68337488890108
target_2610.842105263158_lenght_mean: 1000.0
target_2610.842105263158_lenght_std: 0.0
target_2936.9473684210525_return_mean: 4950.106377250173
target_2936.9473684210525_return_std: 28.131959310642944
target_2936.9473684210525_lenght_mean: 1000.0
target_2936.9473684210525_lenght_std: 0.0
target_3263.0526315789475_return_mean: 4957.25749708406
target_3263.0526315789475_return_std: 25.65871332335352
target_3263.0526315789475_lenght_mean: 1000.0
target_3263.0526315789475_lenght_std: 0.0
target_3589.157894736842_return_mean: 4953.5354161761115
target_3589.157894736842_return_std: 28.844061296350453
target_3589.157894736842_lenght_mean: 1000.0
target_3589.157894736842_lenght_std: 0.0
target_3915.2631578947367_return_mean: 4951.036546454555
target_3915.2631578947367_return_std: 26.867995995460706
target_3915.2631578947367_lenght_mean: 1000.0
target_3915.2631578947367_lenght_std: 0.0
target_4241.368421052632_return_mean: 4948.231922810344
target_4241.368421052632_return_std: 25.499525436362358
target_4241.368421052632_lenght_mean: 1000.0
target_4241.368421052632_lenght_std: 0.0
target_4567.473684210527_return_mean: 4949.383286735356
target_4567.473684210527_return_std: 26.696769941712358
target_4567.473684210527_lenght_mean: 1000.0
target_4567.473684210527_lenght_std: 0.0
target_4893.578947368421_return_mean: 4949.907095459543
target_4893.578947368421_return_std: 24.3113001470801
target_4893.578947368421_lenght_mean: 1000.0
target_4893.578947368421_lenght_std: 0.0
target_5219.684210526316_return_mean: 4950.984927513746
target_5219.684210526316_return_std: 23.27745541405206
target_5219.684210526316_lenght_mean: 1000.0
target_5219.684210526316_lenght_std: 0.0
target_5545.789473684211_return_mean: 4947.7743027591405
target_5545.789473684211_return_std: 29.297766912245102
target_5545.789473684211_lenght_mean: 1000.0
target_5545.789473684211_lenght_std: 0.0
target_5871.894736842105_return_mean: 4952.83200591657
target_5871.894736842105_return_std: 27.667446278917225
target_5871.894736842105_lenght_mean: 1000.0
target_5871.894736842105_lenght_std: 0.0
target_6198.0_return_mean: 4950.622720520965
target_6198.0_return_std: 25.46541445143275
target_6198.0_lenght_mean: 1000.0
target_6198.0_lenght_std: 0.0
time/evaluation: 6636.617224693298
target_training/action_erro_mean: 0.02988315187394619
target_training/action_erro_std: 0.0
================================================================================
Iteration 10
time/training: 1402.6852462291718
training/train_loss_mean: 0.028190093903429806
training/train_loss_std: 0.0013100868311712378
training/action_error: 0.028761543333530426
================================================================================
Iteration 10
target_2.0_return_mean: 4960.455151356367
target_2.0_return_std: 24.51660452943922
target_2.0_lenght_mean: 1000.0
target_2.0_lenght_std: 0.0
target_328.10526315789474_return_mean: 4961.799517088874
target_328.10526315789474_return_std: 23.302487416973435
target_328.10526315789474_lenght_mean: 1000.0
target_328.10526315789474_lenght_std: 0.0
target_654.2105263157895_return_mean: 4966.562394964791
target_654.2105263157895_return_std: 22.90479165408099
target_654.2105263157895_lenght_mean: 1000.0
target_654.2105263157895_lenght_std: 0.0
target_980.3157894736842_return_mean: 4968.919235096917
target_980.3157894736842_return_std: 26.540235072594356
target_980.3157894736842_lenght_mean: 1000.0
target_980.3157894736842_lenght_std: 0.0
target_1306.421052631579_return_mean: 4966.310343338957
target_1306.421052631579_return_std: 28.273776629662475
target_1306.421052631579_lenght_mean: 1000.0
target_1306.421052631579_lenght_std: 0.0
target_1632.5263157894738_return_mean: 4975.731395487071
target_1632.5263157894738_return_std: 19.897189354068292
target_1632.5263157894738_lenght_mean: 1000.0
target_1632.5263157894738_lenght_std: 0.0
target_1958.6315789473683_return_mean: 4971.618131010522
target_1958.6315789473683_return_std: 23.452749032103434
target_1958.6315789473683_lenght_mean: 1000.0
target_1958.6315789473683_lenght_std: 0.0
target_2284.7368421052633_return_mean: 4972.030793599916
target_2284.7368421052633_return_std: 23.945994480943707
target_2284.7368421052633_lenght_mean: 1000.0
target_2284.7368421052633_lenght_std: 0.0
target_2610.842105263158_return_mean: 4970.554763933385
target_2610.842105263158_return_std: 24.73350318438924
target_2610.842105263158_lenght_mean: 1000.0
target_2610.842105263158_lenght_std: 0.0
target_2936.9473684210525_return_mean: 4968.692091237316
target_2936.9473684210525_return_std: 21.4725082463596
target_2936.9473684210525_lenght_mean: 1000.0
target_2936.9473684210525_lenght_std: 0.0
target_3263.0526315789475_return_mean: 4966.083291104742
target_3263.0526315789475_return_std: 26.31582051143413
target_3263.0526315789475_lenght_mean: 1000.0
target_3263.0526315789475_lenght_std: 0.0
target_3589.157894736842_return_mean: 4965.4508435317875
target_3589.157894736842_return_std: 24.689871436386042
target_3589.157894736842_lenght_mean: 1000.0
target_3589.157894736842_lenght_std: 0.0
target_3915.2631578947367_return_mean: 4963.980866071905
target_3915.2631578947367_return_std: 25.3354711046449
target_3915.2631578947367_lenght_mean: 1000.0
target_3915.2631578947367_lenght_std: 0.0
target_4241.368421052632_return_mean: 4965.629784909458
target_4241.368421052632_return_std: 27.840339983391242
target_4241.368421052632_lenght_mean: 1000.0
target_4241.368421052632_lenght_std: 0.0
target_4567.473684210527_return_mean: 4969.011026206269
target_4567.473684210527_return_std: 28.282338484924562
target_4567.473684210527_lenght_mean: 1000.0
target_4567.473684210527_lenght_std: 0.0
target_4893.578947368421_return_mean: 4967.298952663767
target_4893.578947368421_return_std: 23.710556866146778
target_4893.578947368421_lenght_mean: 1000.0
target_4893.578947368421_lenght_std: 0.0
target_5219.684210526316_return_mean: 4969.396626478464
target_5219.684210526316_return_std: 22.756907768102533
target_5219.684210526316_lenght_mean: 1000.0
target_5219.684210526316_lenght_std: 0.0
target_5545.789473684211_return_mean: 4968.030416741912
target_5545.789473684211_return_std: 26.88960244949839
target_5545.789473684211_lenght_mean: 1000.0
target_5545.789473684211_lenght_std: 0.0
target_5871.894736842105_return_mean: 4964.075939142726
target_5871.894736842105_return_std: 28.104305975144005
target_5871.894736842105_lenght_mean: 1000.0
target_5871.894736842105_lenght_std: 0.0
target_6198.0_return_mean: 4968.73320887567
target_6198.0_return_std: 23.287826976543755
target_6198.0_lenght_mean: 1000.0
target_6198.0_lenght_std: 0.0
time/evaluation: 7146.747549295425
target_training/action_erro_mean: 0.028761543333530426
target_training/action_erro_std: 0.0
================================================================================
Iteration 11
time/training: 1574.4686341285706
training/train_loss_mean: 0.02795564738251269
training/train_loss_std: 0.001277017354432719
training/action_error: 0.027795717120170593
================================================================================
Iteration 11
target_2.0_return_mean: 4973.82956304738
target_2.0_return_std: 26.501682779875125
target_2.0_lenght_mean: 1000.0
target_2.0_lenght_std: 0.0
target_328.10526315789474_return_mean: 4957.653349039076
target_328.10526315789474_return_std: 31.765283090550486
target_328.10526315789474_lenght_mean: 1000.0
target_328.10526315789474_lenght_std: 0.0
target_654.2105263157895_return_mean: 4955.053529811261
target_654.2105263157895_return_std: 25.19460216632281
target_654.2105263157895_lenght_mean: 1000.0
target_654.2105263157895_lenght_std: 0.0
target_980.3157894736842_return_mean: 4915.083415412401
target_980.3157894736842_return_std: 311.9979059977849
target_980.3157894736842_lenght_mean: 994.15
target_980.3157894736842_lenght_std: 58.206765070737234
target_1306.421052631579_return_mean: 4939.437595402959
target_1306.421052631579_return_std: 31.38991822629388
target_1306.421052631579_lenght_mean: 1000.0
target_1306.421052631579_lenght_std: 0.0
target_1632.5263157894738_return_mean: 4944.037390548866
target_1632.5263157894738_return_std: 24.59929572574742
target_1632.5263157894738_lenght_mean: 1000.0
target_1632.5263157894738_lenght_std: 0.0
target_1958.6315789473683_return_mean: 4945.37139681504
target_1958.6315789473683_return_std: 23.84513084178665
target_1958.6315789473683_lenght_mean: 1000.0
target_1958.6315789473683_lenght_std: 0.0
target_2284.7368421052633_return_mean: 4950.362504359887
target_2284.7368421052633_return_std: 28.259460432870085
target_2284.7368421052633_lenght_mean: 1000.0
target_2284.7368421052633_lenght_std: 0.0
target_2610.842105263158_return_mean: 4952.1630725591685
target_2610.842105263158_return_std: 21.41721914848573
target_2610.842105263158_lenght_mean: 1000.0
target_2610.842105263158_lenght_std: 0.0
target_2936.9473684210525_return_mean: 4952.651596647283
target_2936.9473684210525_return_std: 30.604447033102375
target_2936.9473684210525_lenght_mean: 1000.0
target_2936.9473684210525_lenght_std: 0.0
target_3263.0526315789475_return_mean: 4946.601627958197
target_3263.0526315789475_return_std: 34.69644927288012
target_3263.0526315789475_lenght_mean: 1000.0
target_3263.0526315789475_lenght_std: 0.0
target_3589.157894736842_return_mean: 4950.311110546718
target_3589.157894736842_return_std: 29.36231906441491
target_3589.157894736842_lenght_mean: 1000.0
target_3589.157894736842_lenght_std: 0.0
target_3915.2631578947367_return_mean: 4949.093880129123
target_3915.2631578947367_return_std: 29.79379666961966
target_3915.2631578947367_lenght_mean: 1000.0
target_3915.2631578947367_lenght_std: 0.0
target_4241.368421052632_return_mean: 4959.194302918197
target_4241.368421052632_return_std: 23.44505553687894
target_4241.368421052632_lenght_mean: 1000.0
target_4241.368421052632_lenght_std: 0.0
target_4567.473684210527_return_mean: 4950.089502009516
target_4567.473684210527_return_std: 32.18746970216435
target_4567.473684210527_lenght_mean: 1000.0
target_4567.473684210527_lenght_std: 0.0
target_4893.578947368421_return_mean: 4955.403014976029
target_4893.578947368421_return_std: 23.06208574352983
target_4893.578947368421_lenght_mean: 1000.0
target_4893.578947368421_lenght_std: 0.0
target_5219.684210526316_return_mean: 4955.9890751269
target_5219.684210526316_return_std: 28.819431541153335
target_5219.684210526316_lenght_mean: 1000.0
target_5219.684210526316_lenght_std: 0.0
target_5545.789473684211_return_mean: 4949.249825887838
target_5545.789473684211_return_std: 27.901257994146885
target_5545.789473684211_lenght_mean: 1000.0
target_5545.789473684211_lenght_std: 0.0
target_5871.894736842105_return_mean: 4949.886484696343
target_5871.894736842105_return_std: 29.403338230381262
target_5871.894736842105_lenght_mean: 1000.0
target_5871.894736842105_lenght_std: 0.0
target_6198.0_return_mean: 4951.750012795598
target_6198.0_return_std: 24.878296937498135
target_6198.0_lenght_mean: 1000.0
target_6198.0_lenght_std: 0.0
time/evaluation: 7157.434942245483
target_training/action_erro_mean: 0.027795717120170593
target_training/action_erro_std: 0.0
================================================================================
Iteration 12
time/training: 1512.1581978797913
training/train_loss_mean: 0.027770603480935095
training/train_loss_std: 0.0012935042559836178
training/action_error: 0.028487147763371468
================================================================================
Iteration 12
target_2.0_return_mean: 4949.9745045828795
target_2.0_return_std: 25.51555990429445
target_2.0_lenght_mean: 1000.0
target_2.0_lenght_std: 0.0
target_328.10526315789474_return_mean: 4954.360509533877
target_328.10526315789474_return_std: 33.217422977589564
target_328.10526315789474_lenght_mean: 1000.0
target_328.10526315789474_lenght_std: 0.0
target_654.2105263157895_return_mean: 4959.484229287504
target_654.2105263157895_return_std: 29.807810443225005
target_654.2105263157895_lenght_mean: 1000.0
target_654.2105263157895_lenght_std: 0.0
target_980.3157894736842_return_mean: 4973.493445674869
target_980.3157894736842_return_std: 29.56036875388234
target_980.3157894736842_lenght_mean: 1000.0
target_980.3157894736842_lenght_std: 0.0
target_1306.421052631579_return_mean: 4978.307788539241
target_1306.421052631579_return_std: 20.629413810535926
target_1306.421052631579_lenght_mean: 1000.0
target_1306.421052631579_lenght_std: 0.0
target_1632.5263157894738_return_mean: 4979.840980901277
target_1632.5263157894738_return_std: 19.396803109991023
target_1632.5263157894738_lenght_mean: 1000.0
target_1632.5263157894738_lenght_std: 0.0
target_1958.6315789473683_return_mean: 4980.702547917239
target_1958.6315789473683_return_std: 21.91617664658923
target_1958.6315789473683_lenght_mean: 1000.0
target_1958.6315789473683_lenght_std: 0.0
target_2284.7368421052633_return_mean: 4978.243851062773
target_2284.7368421052633_return_std: 23.028714769000768
target_2284.7368421052633_lenght_mean: 1000.0
target_2284.7368421052633_lenght_std: 0.0
target_2610.842105263158_return_mean: 4981.922454106745
target_2610.842105263158_return_std: 15.727908969650347
target_2610.842105263158_lenght_mean: 1000.0
target_2610.842105263158_lenght_std: 0.0
target_2936.9473684210525_return_mean: 4984.8112973209845
target_2936.9473684210525_return_std: 15.847613149554562
target_2936.9473684210525_lenght_mean: 1000.0
target_2936.9473684210525_lenght_std: 0.0
target_3263.0526315789475_return_mean: 4981.329514845044
target_3263.0526315789475_return_std: 19.679510604859164
target_3263.0526315789475_lenght_mean: 1000.0
target_3263.0526315789475_lenght_std: 0.0
target_3589.157894736842_return_mean: 4979.835929526073
target_3589.157894736842_return_std: 21.09767408853152
target_3589.157894736842_lenght_mean: 1000.0
target_3589.157894736842_lenght_std: 0.0
target_3915.2631578947367_return_mean: 4980.219499140291
target_3915.2631578947367_return_std: 17.443060531825196
target_3915.2631578947367_lenght_mean: 1000.0
target_3915.2631578947367_lenght_std: 0.0
target_4241.368421052632_return_mean: 4982.264533365344
target_4241.368421052632_return_std: 18.528659391640225
target_4241.368421052632_lenght_mean: 1000.0
target_4241.368421052632_lenght_std: 0.0
target_4567.473684210527_return_mean: 4982.62712525164
target_4567.473684210527_return_std: 17.350743963730913
target_4567.473684210527_lenght_mean: 1000.0
target_4567.473684210527_lenght_std: 0.0
target_4893.578947368421_return_mean: 4982.060980401583
target_4893.578947368421_return_std: 16.82004788837542
target_4893.578947368421_lenght_mean: 1000.0
target_4893.578947368421_lenght_std: 0.0
target_5219.684210526316_return_mean: 4979.771106953289
target_5219.684210526316_return_std: 18.620075646962274
target_5219.684210526316_lenght_mean: 1000.0
target_5219.684210526316_lenght_std: 0.0
target_5545.789473684211_return_mean: 4979.576794380739
target_5545.789473684211_return_std: 18.58025777491847
target_5545.789473684211_lenght_mean: 1000.0
target_5545.789473684211_lenght_std: 0.0
target_5871.894736842105_return_mean: 4977.2054586671875
target_5871.894736842105_return_std: 20.830619968424404
target_5871.894736842105_lenght_mean: 1000.0
target_5871.894736842105_lenght_std: 0.0
target_6198.0_return_mean: 4978.3211606500045
target_6198.0_return_std: 19.07498550969021
target_6198.0_lenght_mean: 1000.0
target_6198.0_lenght_std: 0.0
time/evaluation: 7157.994287490845
target_training/action_erro_mean: 0.028487147763371468
target_training/action_erro_std: 0.0

------------------------------------------------------------
Sender: LSF System <lsfadmin@hpc.dtu.dk>
Subject: Job 13680971: <DT-walker> in cluster <dcc> Done

Job <DT-walker> was submitted from host <n-62-30-7> by user <s204131> in cluster <dcc> at Mon Jun  6 17:04:19 2022
Job was executed on host(s) <4*n-62-20-6>, in queue <gpuv100>, as user <s204131> in cluster <dcc> at Tue Jun  7 00:43:07 2022
</zhome/94/3/155767> was used as the home directory.
</zhome/94/3/155767/decision_transformer/gym> was used as the working directory.
Started at Tue Jun  7 00:43:07 2022
Terminated at Tue Jun  7 15:29:17 2022
Results reported at Tue Jun  7 15:29:17 2022

Your job looked like:

------------------------------------------------------------
# LSBATCH: User input
#!/bin/sh
#BSUB -J DT-walker
#BSUB -o DT-walker_%J.out
#BSUB -e DT-walker_%J.err
#BSUB -q gpuv100
#BSUB -gpu "num=1:mode=exclusive_process"
#BSUB -n 4
#BSUB -R "rusage[mem=4G]"
#BSUB -R "span[hosts=1]"
#BSUB -W 20:00
# end of BSUB options


# load CUDA (for GPU support)

# activate the virtual environment
source $HOME/miniconda3/envs/decision-transformer-gym/bin/activate

wandb on
echo 'cad8b043f3731a2c453efd8f61915e186ac93ac3' | wandb login

python experiment_single_reward.py --env 'walker2d' --dataset 'expert' --seed 43  --save_iters '8,10,12' --eval_iters '8,9,10,11,12' --max_iters 12 --device 'cuda' --log_to_wandb True

------------------------------------------------------------

Successfully completed.

Resource usage summary:

    CPU time :                                   53343.83 sec.
    Max Memory :                                 2605 MB
    Average Memory :                             2597.70 MB
    Total Requested Memory :                     16384.00 MB
    Delta Memory :                               13779.00 MB
    Max Swap :                                   -
    Max Processes :                              6
    Max Threads :                                21
    Run time :                                   53171 sec.
    Turnaround time :                            80698 sec.

The output (if any) is above this job summary.



PS:

Read file <DT-walker_13680971.err> for stderr output of this job.

