W&B enabled, running your script from this directory will now sync to the cloud.
Disabling Weights & Biases. Run 'wandb login' again to re-enable.
Creating states list
==================================================
Starting new experiment: walker2d medium_replay
1093 trajectories, 300907 timesteps found
Average return: 680.20, std: 894.85
Max return: 4126.45, min: -48.73
==================================================
================================================================================
Iteration 1
time/training: 296.8338260650635
training/train_loss_mean: 0.2046737113624811
training/train_loss_std: 0.11087033827053536
training/action_error: 0.12615635991096497
================================================================================
Iteration 2
time/training: 296.25572299957275
training/train_loss_mean: 0.1233573200725019
training/train_loss_std: 0.012453527266525452
training/action_error: 0.10616306215524673
================================================================================
Iteration 3
time/training: 296.6222972869873
training/train_loss_mean: 0.10879274945631623
training/train_loss_std: 0.010060847217254856
training/action_error: 0.09792990982532501
================================================================================
Iteration 4
time/training: 296.2439742088318
training/train_loss_mean: 0.10094462605938316
training/train_loss_std: 0.008972936366424251
training/action_error: 0.11834405362606049
================================================================================
Iteration 5
time/training: 292.952024936676
training/train_loss_mean: 0.09605420050397516
training/train_loss_std: 0.008538345687654488
training/action_error: 0.09173896908760071
================================================================================
Iteration 6
time/training: 289.56172275543213
training/train_loss_mean: 0.09254960907921195
training/train_loss_std: 0.008010928413610282
training/action_error: 0.10809964686632156
================================================================================
Iteration 7
time/training: 291.11466455459595
training/train_loss_mean: 0.08954903297275305
training/train_loss_std: 0.007637295231654428
training/action_error: 0.08754707872867584
================================================================================
Iteration 8
time/training: 289.6004798412323
training/train_loss_mean: 0.08730293156728149
training/train_loss_std: 0.007264355725828377
training/action_error: 0.07603082060813904
================================================================================
Iteration 8
returns

------------------------------------------------------------
Sender: LSF System <lsfadmin@hpc.dtu.dk>
Subject: Job 13693021: <DT-walker_MR> in cluster <dcc> Exited

Job <DT-walker_MR> was submitted from host <n-62-30-7> by user <s204131> in cluster <dcc> at Thu Jun  9 19:39:28 2022
Job was executed on host(s) <4*n-62-20-10>, in queue <gpuv100>, as user <s204131> in cluster <dcc> at Thu Jun  9 19:39:30 2022
</zhome/94/3/155767> was used as the home directory.
</zhome/94/3/155767/decision_transformer/gym> was used as the working directory.
Started at Thu Jun  9 19:39:30 2022
Terminated at Thu Jun  9 20:36:58 2022
Results reported at Thu Jun  9 20:36:58 2022

Your job looked like:

------------------------------------------------------------
# LSBATCH: User input
#!/bin/sh
#BSUB -J DT-walker_MR
#BSUB -o DT-walker_MR_%J.out
#BSUB -e DT-walker_MR_%J.err
#BSUB -q gpuv100
#BSUB -gpu "num=1:mode=exclusive_process"
#BSUB -n 4
#BSUB -R "rusage[mem=4G]"
#BSUB -R "span[hosts=1]"
#BSUB -W 24:00
# end of BSUB options


# load CUDA (for GPU support)

# activate the virtual environment
source $HOME/miniconda3/envs/decision-transformer-gym/bin/activate

wandb on
echo 'cad8b043f3731a2c453efd8f61915e186ac93ac3' | wandb login

python experiment_multiple_rewards.py --env 'walker2d' --dataset 'medium_replay' --save_iters '5,10,11,12' --eval_iters '8,9,10,11,12' --max_iters 12 --device 'cuda' --split_reward True --seed 42 --num_eval_episodes 20 --num_steps_per_iter 10000

------------------------------------------------------------

Exited with exit code 1.

Resource usage summary:

    CPU time :                                   3422.45 sec.
    Max Memory :                                 2490 MB
    Average Memory :                             2366.36 MB
    Total Requested Memory :                     16384.00 MB
    Delta Memory :                               13894.00 MB
    Max Swap :                                   -
    Max Processes :                              4
    Max Threads :                                9
    Run time :                                   3550 sec.
    Turnaround time :                            3450 sec.

The output (if any) is above this job summary.



PS:

Read file <DT-walker_MR_13693021.err> for stderr output of this job.

