W&B enabled, running your script from this directory will now sync to the cloud.
Disabling Weights & Biases. Run 'wandb login' again to re-enable.
Creating states list
==================================================
Starting new experiment: hopper medium_replay
2041 trajectories, 402000 timesteps found
Average return: 467.30, std: 511.03
Max return: 3192.93, min: -1.44
==================================================
================================================================================
Iteration 1
time/training: 777.6173660755157
training/train_loss_mean: 0.2473011192083359
training/train_loss_std: 0.09008106678390031
training/action_error: 0.17154212296009064
================================================================================
Iteration 2
time/training: 817.3584008216858
training/train_loss_mean: 0.1620279733248055
training/train_loss_std: 0.012418138271918797
training/action_error: 0.14492766559123993
================================================================================
Iteration 3
time/training: 720.7911279201508
training/train_loss_mean: 0.14292192737162113
training/train_loss_std: 0.009105752553751019
training/action_error: 0.14055916666984558
================================================================================
Iteration 4
time/training: 675.2999992370605
training/train_loss_mean: 0.13296053445860745
training/train_loss_std: 0.008194663530458137
training/action_error: 0.1321994960308075
================================================================================
Iteration 5
time/training: 775.189948797226
training/train_loss_mean: 0.1263545494168997
training/train_loss_std: 0.007674294114171937
training/action_error: 0.11510360985994339
================================================================================
Iteration 6
time/training: 782.4123728275299
training/train_loss_mean: 0.12166109155789018
training/train_loss_std: 0.007145992767779085
training/action_error: 0.12125717103481293
================================================================================
Iteration 7
time/training: 770.8416819572449
training/train_loss_mean: 0.11789043396562338
training/train_loss_std: 0.006925044566443191
training/action_error: 0.12039472162723541
================================================================================
Iteration 8
time/training: 812.4857141971588
training/train_loss_mean: 0.11493715450540185
training/train_loss_std: 0.006698867846677106
training/action_error: 0.11471583694219589
================================================================================
Iteration 8
target_18.0_return_mean: 596.4881109875466
target_18.0_return_std: 48.263305190621786
target_18.0_lenght_mean: 184.38
target_18.0_lenght_std: 9.291695216697544
target_269.0526315789474_return_mean: 593.6485567741178
target_269.0526315789474_return_std: 63.65154875445154
target_269.0526315789474_lenght_mean: 190.17
target_269.0526315789474_lenght_std: 12.623038461479867
target_520.1052631578948_return_mean: 573.0103027056831
target_520.1052631578948_return_std: 459.8761843993389
target_520.1052631578948_lenght_mean: 245.86
target_520.1052631578948_lenght_std: 137.42467172964248
target_771.1578947368421_return_mean: 1090.6099789185328
target_771.1578947368421_return_std: 516.8292133164039
target_771.1578947368421_lenght_mean: 416.86
target_771.1578947368421_lenght_std: 163.00871265058197
target_1022.2105263157895_return_mean: 1381.0300978339965
target_1022.2105263157895_return_std: 518.9356504001545
target_1022.2105263157895_lenght_mean: 513.53
target_1022.2105263157895_lenght_std: 169.6898025810626
target_1273.2631578947369_return_mean: 1245.1400710503895
target_1273.2631578947369_return_std: 440.5496885854348
target_1273.2631578947369_lenght_mean: 470.35
target_1273.2631578947369_lenght_std: 142.18335873090072
target_1524.3157894736842_return_mean: 1170.499357896835
target_1524.3157894736842_return_std: 346.36721153076263
target_1524.3157894736842_lenght_mean: 441.91
target_1524.3157894736842_lenght_std: 106.77378845016224
target_1775.3684210526317_return_mean: 1223.0834782152422
target_1775.3684210526317_return_std: 387.36529845763283
target_1775.3684210526317_lenght_mean: 456.73
target_1775.3684210526317_lenght_std: 123.43288500233639
target_2026.421052631579_return_mean: 1224.1179671440407
target_2026.421052631579_return_std: 412.66482604739804
target_2026.421052631579_lenght_mean: 462.55
target_2026.421052631579_lenght_std: 140.3209446233883
target_2277.4736842105262_return_mean: 1232.5372803743708
target_2277.4736842105262_return_std: 500.96340378586103
target_2277.4736842105262_lenght_mean: 462.79
target_2277.4736842105262_lenght_std: 158.66217539161624
target_2528.5263157894738_return_mean: 1219.951907408473
target_2528.5263157894738_return_std: 500.7701159975414
target_2528.5263157894738_lenght_mean: 455.81
target_2528.5263157894738_lenght_std: 151.0277918132951
target_2779.5789473684213_return_mean: 1142.042005884181
target_2779.5789473684213_return_std: 437.0743518735787
target_2779.5789473684213_lenght_mean: 435.35
target_2779.5789473684213_lenght_std: 141.43121119470058
target_3030.6315789473683_return_mean: 1207.8184718512846
target_3030.6315789473683_return_std: 421.8534450343879
target_3030.6315789473683_lenght_mean: 454.74
target_3030.6315789473683_lenght_std: 133.15965004459872
target_3281.684210526316_return_mean: 1298.4579549124787
target_3281.684210526316_return_std: 632.7445899098201
target_3281.684210526316_lenght_mean: 484.23
target_3281.684210526316_lenght_std: 199.63205428988599
target_3532.7368421052633_return_mean: 1217.5821284942037
target_3532.7368421052633_return_std: 565.5149161390395
target_3532.7368421052633_lenght_mean: 466.28
target_3532.7368421052633_lenght_std: 192.6346843120418
target_3783.7894736842104_return_mean: 1259.8555477518482
target_3783.7894736842104_return_std: 604.2171804518186
target_3783.7894736842104_lenght_mean: 471.57
target_3783.7894736842104_lenght_std: 187.97650145696403
target_4034.842105263158_return_mean: 1301.592383456387
target_4034.842105263158_return_std: 586.0932825788002
target_4034.842105263158_lenght_mean: 488.33
target_4034.842105263158_lenght_std: 194.83860269464057
target_4285.894736842105_return_mean: 1237.1141336794205
target_4285.894736842105_return_std: 508.6470521996261
target_4285.894736842105_lenght_mean: 466.75
target_4285.894736842105_lenght_std: 168.9508434427008
target_4536.9473684210525_return_mean: 1242.4663847165448
target_4536.9473684210525_return_std: 625.5464926484732
target_4536.9473684210525_lenght_mean: 468.7
target_4536.9473684210525_lenght_std: 200.96410127184404
target_4788.0_return_mean: 1348.9811680300816
target_4788.0_return_std: 640.7660743258473
target_4788.0_lenght_mean: 506.15
target_4788.0_lenght_std: 214.9843424531191
time/evaluation: 3035.253123521805
target_training/action_erro_mean: 0.11471583694219589
target_training/action_erro_std: 0.0
================================================================================
Iteration 9
time/training: 722.916867017746
training/train_loss_mean: 0.11230687876045704
training/train_loss_std: 0.0065411373191736726
training/action_error: 0.11522044986486435
================================================================================
Iteration 9
target_18.0_return_mean: 446.2968150956851
target_18.0_return_std: 128.31670976245917
target_18.0_lenght_mean: 167.37
target_18.0_lenght_std: 10.345680257962742
target_269.0526315789474_return_mean: 552.0916598770068
target_269.0526315789474_return_std: 21.637354472807846
target_269.0526315789474_lenght_mean: 166.47
target_269.0526315789474_lenght_std: 4.095009157498918
target_520.1052631578948_return_mean: 642.0025911796795
target_520.1052631578948_return_std: 27.674015220349645
target_520.1052631578948_lenght_mean: 193.69
target_520.1052631578948_lenght_std: 6.494143515506876
target_771.1578947368421_return_mean: 786.5287424675271
target_771.1578947368421_return_std: 491.9681957561443
target_771.1578947368421_lenght_mean: 314.82
target_771.1578947368421_lenght_std: 154.94214275012462
target_1022.2105263157895_return_mean: 788.0080235097478
target_1022.2105263157895_return_std: 407.4269579213588
target_1022.2105263157895_lenght_mean: 316.7
target_1022.2105263157895_lenght_std: 121.72974164106321
target_1273.2631578947369_return_mean: 1041.6058427970984
target_1273.2631578947369_return_std: 606.8438624044487
target_1273.2631578947369_lenght_mean: 393.37
target_1273.2631578947369_lenght_std: 190.830115809848
target_1524.3157894736842_return_mean: 1356.9773892971934
target_1524.3157894736842_return_std: 818.5218705076477
target_1524.3157894736842_lenght_mean: 496.82
target_1524.3157894736842_lenght_std: 261.5875906842677
target_1775.3684210526317_return_mean: 1460.819245916944
target_1775.3684210526317_return_std: 905.189068840576
target_1775.3684210526317_lenght_mean: 528.81
target_1775.3684210526317_lenght_std: 289.678742575288
target_2026.421052631579_return_mean: 1507.9613664792105
target_2026.421052631579_return_std: 951.6789222206642
target_2026.421052631579_lenght_mean: 541.79
target_2026.421052631579_lenght_std: 297.7170231948452
target_2277.4736842105262_return_mean: 1985.6119742285468
target_2277.4736842105262_return_std: 942.5177148851875
target_2277.4736842105262_lenght_mean: 697.71
target_2277.4736842105262_lenght_std: 306.2895785037421
target_2528.5263157894738_return_mean: 1869.089694783104
target_2528.5263157894738_return_std: 1005.9173984307655
target_2528.5263157894738_lenght_mean: 656.14
target_2528.5263157894738_lenght_std: 319.9613732937149
target_2779.5789473684213_return_mean: 1929.0727722298313
target_2779.5789473684213_return_std: 1021.4793050052912
target_2779.5789473684213_lenght_mean: 682.22
target_2779.5789473684213_lenght_std: 325.66343301021686
target_3030.6315789473683_return_mean: 1908.1729866571302
target_3030.6315789473683_return_std: 1001.73266783973
target_3030.6315789473683_lenght_mean: 690.69
target_3030.6315789473683_lenght_std: 335.0678347737962
target_3281.684210526316_return_mean: 1938.8234257255533
target_3281.684210526316_return_std: 1034.2776321662059
target_3281.684210526316_lenght_mean: 693.3
target_3281.684210526316_lenght_std: 336.4645152166867
target_3532.7368421052633_return_mean: 1892.0928090035845
target_3532.7368421052633_return_std: 1046.3792932458052
target_3532.7368421052633_lenght_mean: 699.27
target_3532.7368421052633_lenght_std: 346.984577611167
target_3783.7894736842104_return_mean: 2002.7973987772402
target_3783.7894736842104_return_std: 1000.6491771369922
target_3783.7894736842104_lenght_mean: 733.87
target_3783.7894736842104_lenght_std: 334.5577276046691
target_4034.842105263158_return_mean: 2016.2085484754127
target_4034.842105263158_return_std: 990.5972395061269
target_4034.842105263158_lenght_mean: 730.8
target_4034.842105263158_lenght_std: 331.741827329627
target_4285.894736842105_return_mean: 1693.4495027086075
target_4285.894736842105_return_std: 1068.0665420990838
target_4285.894736842105_lenght_mean: 620.13
target_4285.894736842105_lenght_std: 348.8411574054873
target_4536.9473684210525_return_mean: 2038.1988034365618
target_4536.9473684210525_return_std: 933.9602869168344
target_4536.9473684210525_lenght_mean: 753.36
target_4536.9473684210525_lenght_std: 324.5657566657333
target_4788.0_return_mean: 1922.728265715762
target_4788.0_return_std: 1031.8925188777216
target_4788.0_lenght_mean: 708.3
target_4788.0_lenght_std: 344.42472327055737
time/evaluation: 2979.5694994926453
target_training/action_erro_mean: 0.11522044986486435
target_training/action_erro_std: 0.0
================================================================================
Iteration 10
time/training: 676.2533528804779
training/train_loss_mean: 0.11006438331007957
training/train_loss_std: 0.0064411810156466956
training/action_error: 0.11756797134876251
================================================================================
Iteration 10
target_18.0_return_mean: 396.51957775921
target_18.0_return_std: 107.82185418989913
target_18.0_lenght_mean: 191.13
target_18.0_lenght_std: 28.226460989645865
target_269.0526315789474_return_mean: 401.43931306956335
target_269.0526315789474_return_std: 9.5320992174634
target_269.0526315789474_lenght_mean: 207.06
target_269.0526315789474_lenght_std: 8.781594388264583
target_520.1052631578948_return_mean: 419.9366001729084
target_520.1052631578948_return_std: 16.66555327718757
target_520.1052631578948_lenght_mean: 223.1
target_520.1052631578948_lenght_std: 11.361778029868388
target_771.1578947368421_return_mean: 546.728164488295
target_771.1578947368421_return_std: 214.076115310881
target_771.1578947368421_lenght_mean: 255.85
target_771.1578947368421_lenght_std: 60.28040726471579
target_1022.2105263157895_return_mean: 637.2197044416935
target_1022.2105263157895_return_std: 303.8079092786653
target_1022.2105263157895_lenght_mean: 282.33
target_1022.2105263157895_lenght_std: 98.83694198021304
target_1273.2631578947369_return_mean: 890.4476937704442
target_1273.2631578947369_return_std: 415.82053969273545
target_1273.2631578947369_lenght_mean: 349.15
target_1273.2631578947369_lenght_std: 119.71277083085164
target_1524.3157894736842_return_mean: 827.4317840869579
target_1524.3157894736842_return_std: 374.02499190851574
target_1524.3157894736842_lenght_mean: 326.96
target_1524.3157894736842_lenght_std: 107.3176518565329
target_1775.3684210526317_return_mean: 909.396509030192
target_1775.3684210526317_return_std: 402.57698461621203
target_1775.3684210526317_lenght_mean: 343.84
target_1775.3684210526317_lenght_std: 117.33863131978318
target_2026.421052631579_return_mean: 893.7561692379181
target_2026.421052631579_return_std: 400.9115256212297
target_2026.421052631579_lenght_mean: 337.94
target_2026.421052631579_lenght_std: 120.54300643338874
target_2277.4736842105262_return_mean: 1036.0682554770185
target_2277.4736842105262_return_std: 539.224494221718
target_2277.4736842105262_lenght_mean: 379.94
target_2277.4736842105262_lenght_std: 160.86539839256918
target_2528.5263157894738_return_mean: 1037.9068711363504
target_2528.5263157894738_return_std: 539.1158657232884
target_2528.5263157894738_lenght_mean: 384.58
target_2528.5263157894738_lenght_std: 167.4919807035549
target_2779.5789473684213_return_mean: 1151.6961502977579
target_2779.5789473684213_return_std: 635.7733138193738
target_2779.5789473684213_lenght_mean: 416.82
target_2779.5789473684213_lenght_std: 192.6552558327958
target_3030.6315789473683_return_mean: 1197.0328016223275
target_3030.6315789473683_return_std: 628.2349538504728
target_3030.6315789473683_lenght_mean: 440.99
target_3030.6315789473683_lenght_std: 211.71308391311106
target_3281.684210526316_return_mean: 1396.863796285198
target_3281.684210526316_return_std: 788.76322811244
target_3281.684210526316_lenght_mean: 502.61
target_3281.684210526316_lenght_std: 254.37275384757697
target_3532.7368421052633_return_mean: 1383.9398499446622
target_3532.7368421052633_return_std: 754.5853699460857
target_3532.7368421052633_lenght_mean: 498.34
target_3532.7368421052633_lenght_std: 254.46599851453632
target_3783.7894736842104_return_mean: 1193.9248380405522
target_3783.7894736842104_return_std: 743.8208638401812
target_3783.7894736842104_lenght_mean: 440.7
target_3783.7894736842104_lenght_std: 240.50399165086634
target_4034.842105263158_return_mean: 1488.748603523085
target_4034.842105263158_return_std: 864.9588155626515
target_4034.842105263158_lenght_mean: 533.01
target_4034.842105263158_lenght_std: 278.3663232145728
target_4285.894736842105_return_mean: 1371.4512439193343
target_4285.894736842105_return_std: 845.4460894543232
target_4285.894736842105_lenght_mean: 489.73
target_4285.894736842105_lenght_std: 262.2367958544338
target_4536.9473684210525_return_mean: 1236.293669718132
target_4536.9473684210525_return_std: 692.7156134897349
target_4536.9473684210525_lenght_mean: 452.13
target_4536.9473684210525_lenght_std: 232.96779412614094
target_4788.0_return_mean: 1392.2729670971469
target_4788.0_return_std: 725.9421993864007
target_4788.0_lenght_mean: 502.21
target_4788.0_lenght_std: 250.5107700279571
time/evaluation: 2098.007441520691
target_training/action_erro_mean: 0.11756797134876251
target_training/action_erro_std: 0.0
================================================================================
Iteration 11
time/training: 718.5574696063995
training/train_loss_mean: 0.10824278907030821
training/train_loss_std: 0.006316397797890243
training/action_error: 0.10553860664367676
================================================================================
Iteration 11
target_18.0_return_mean: 470.5154009453675
target_18.0_return_std: 136.83800803148054
target_18.0_lenght_mean: 179.97
target_18.0_lenght_std: 28.13803653420046
target_269.0526315789474_return_mean: 636.7624259418048
target_269.0526315789474_return_std: 44.401591978833736
target_269.0526315789474_lenght_mean: 182.79
target_269.0526315789474_lenght_std: 9.028061807497775
target_520.1052631578948_return_mean: 682.8241649931512
target_520.1052631578948_return_std: 22.96820020872802
target_520.1052631578948_lenght_mean: 199.18
target_520.1052631578948_lenght_std: 4.718855793516051
target_771.1578947368421_return_mean: 695.1050167221006
target_771.1578947368421_return_std: 28.398071284930687
target_771.1578947368421_lenght_mean: 205.13
target_771.1578947368421_lenght_std: 7.758421231152637
target_1022.2105263157895_return_mean: 1583.476951451713
target_1022.2105263157895_return_std: 751.3163054063765
target_1022.2105263157895_lenght_mean: 531.07
target_1022.2105263157895_lenght_std: 265.86986497156835
target_1273.2631578947369_return_mean: 1987.3430219297243
target_1273.2631578947369_return_std: 518.838878537662
target_1273.2631578947369_lenght_mean: 697.77
target_1273.2631578947369_lenght_std: 195.40997185404845
target_1524.3157894736842_return_mean: 1913.3309763315317
target_1524.3157894736842_return_std: 531.99215528767
target_1524.3157894736842_lenght_mean: 672.4
target_1524.3157894736842_lenght_std: 197.11108543154035
target_1775.3684210526317_return_mean: 2012.2082234785055
target_1775.3684210526317_return_std: 474.84066535902696
target_1775.3684210526317_lenght_mean: 704.48
target_1775.3684210526317_lenght_std: 176.71708915665172
target_2026.421052631579_return_mean: 1975.2699449839856
target_2026.421052631579_return_std: 460.56497733153935
target_2026.421052631579_lenght_mean: 683.02
target_2026.421052631579_lenght_std: 171.58542945133775
target_2277.4736842105262_return_mean: 1933.000551782041
target_2277.4736842105262_return_std: 493.2036712642116
target_2277.4736842105262_lenght_mean: 671.77
target_2277.4736842105262_lenght_std: 176.4937310501424
target_2528.5263157894738_return_mean: 1881.614530590414
target_2528.5263157894738_return_std: 426.18109949221304
target_2528.5263157894738_lenght_mean: 646.09
target_2528.5263157894738_lenght_std: 148.82668409932407
target_2779.5789473684213_return_mean: 2053.4851029991046
target_2779.5789473684213_return_std: 457.558341591054
target_2779.5789473684213_lenght_mean: 704.69
target_2779.5789473684213_lenght_std: 169.83207559233327
target_3030.6315789473683_return_mean: 2054.2885647194908
target_3030.6315789473683_return_std: 505.87031357656525
target_3030.6315789473683_lenght_mean: 709.72
target_3030.6315789473683_lenght_std: 182.01846499737326
target_3281.684210526316_return_mean: 2114.3883097680127
target_3281.684210526316_return_std: 459.0022209211168
target_3281.684210526316_lenght_mean: 724.57
target_3281.684210526316_lenght_std: 170.500630790622
target_3532.7368421052633_return_mean: 2115.0011007532444
target_3532.7368421052633_return_std: 447.07046707794603
target_3532.7368421052633_lenght_mean: 719.87
target_3532.7368421052633_lenght_std: 164.95870119517792
target_3783.7894736842104_return_mean: 2160.2084548500166
target_3783.7894736842104_return_std: 430.1836107283472
target_3783.7894736842104_lenght_mean: 744.5
target_3783.7894736842104_lenght_std: 166.10012040934828
target_4034.842105263158_return_mean: 2202.8764130226873
target_4034.842105263158_return_std: 479.56437240426374
target_4034.842105263158_lenght_mean: 753.41
target_4034.842105263158_lenght_std: 174.31190980538307
target_4285.894736842105_return_mean: 2207.4344062491896
target_4285.894736842105_return_std: 444.9540908299535
target_4285.894736842105_lenght_mean: 761.42
target_4285.894736842105_lenght_std: 170.8151152562325
target_4536.9473684210525_return_mean: 2229.180291610671
target_4536.9473684210525_return_std: 481.79295002336664
target_4536.9473684210525_lenght_mean: 759.13
target_4536.9473684210525_lenght_std: 172.14637114967022
target_4788.0_return_mean: 2289.1056430613535
target_4788.0_return_std: 446.7715363709383
target_4788.0_lenght_mean: 782.14
target_4788.0_lenght_std: 165.12001816860365
time/evaluation: 4271.5405626297
target_training/action_erro_mean: 0.10553860664367676
target_training/action_erro_std: 0.0
================================================================================
Iteration 12
time/training: 681.8256978988647
training/train_loss_mean: 0.10665819491147994
training/train_loss_std: 0.0062121280864074905
training/action_error: 0.09728013724088669
================================================================================
Iteration 12
target_18.0_return_mean: 614.8515950153281
target_18.0_return_std: 65.71703556458525
target_18.0_lenght_mean: 183.16
target_18.0_lenght_std: 10.79325715435336
target_269.0526315789474_return_mean: 433.19232538810587
target_269.0526315789474_return_std: 106.0842756836447
target_269.0526315789474_lenght_mean: 170.95
target_269.0526315789474_lenght_std: 29.67267261302898
target_520.1052631578948_return_mean: 692.334665529106
target_520.1052631578948_return_std: 562.3002625810797
target_520.1052631578948_lenght_mean: 299.09
target_520.1052631578948_lenght_std: 191.45981797755894
target_771.1578947368421_return_mean: 1138.606824289582
target_771.1578947368421_return_std: 736.9559421595991
target_771.1578947368421_lenght_mean: 438.68
target_771.1578947368421_lenght_std: 244.45604431062858
target_1022.2105263157895_return_mean: 1513.620649387147
target_1022.2105263157895_return_std: 799.1570861937499
target_1022.2105263157895_lenght_mean: 546.46
target_1022.2105263157895_lenght_std: 274.02840801639525
target_1273.2631578947369_return_mean: 2164.467230507629
target_1273.2631578947369_return_std: 704.292692239363
target_1273.2631578947369_lenght_mean: 724.66
target_1273.2631578947369_lenght_std: 240.17848446519932
target_1524.3157894736842_return_mean: 2376.4809166714313
target_1524.3157894736842_return_std: 611.9868945503499
target_1524.3157894736842_lenght_mean: 818.44
target_1524.3157894736842_lenght_std: 221.51484464929206
target_1775.3684210526317_return_mean: 2572.93834407578
target_1775.3684210526317_return_std: 442.24329432883997
target_1775.3684210526317_lenght_mean: 885.89
target_1775.3684210526317_lenght_std: 166.56901842779766
target_2026.421052631579_return_mean: 2663.350698975111
target_2026.421052631579_return_std: 343.7312175252771
target_2026.421052631579_lenght_mean: 909.12
target_2026.421052631579_lenght_std: 134.1763227995163
target_2277.4736842105262_return_mean: 2733.1142248314072
target_2277.4736842105262_return_std: 251.28309347160504
target_2277.4736842105262_lenght_mean: 933.4
target_2277.4736842105262_lenght_std: 96.13844184300056
target_2528.5263157894738_return_mean: 2745.8535856673407
target_2528.5263157894738_return_std: 263.2333568652781
target_2528.5263157894738_lenght_mean: 934.18
target_2528.5263157894738_lenght_std: 99.82728885430076
target_2779.5789473684213_return_mean: 2839.005217491744
target_2779.5789473684213_return_std: 239.15757520957632
target_2779.5789473684213_lenght_mean: 969.19
target_2779.5789473684213_lenght_std: 67.15231864947033
target_3030.6315789473683_return_mean: 2891.8472652769533
target_3030.6315789473683_return_std: 157.62355412973528
target_3030.6315789473683_lenght_mean: 982.46
target_3030.6315789473683_lenght_std: 48.184732021668445
target_3281.684210526316_return_mean: 2831.537828106456
target_3281.684210526316_return_std: 194.4464553065734
target_3281.684210526316_lenght_mean: 986.72
target_3281.684210526316_lenght_std: 47.018311326545955
target_3532.7368421052633_return_mean: 2829.516584924008
target_3532.7368421052633_return_std: 211.59279344782226
target_3532.7368421052633_lenght_mean: 995.22
target_3532.7368421052633_lenght_std: 26.182276448009638
target_3783.7894736842104_return_mean: 2721.5989610941515
target_3783.7894736842104_return_std: 208.48207926878723
target_3783.7894736842104_lenght_mean: 995.82
target_3783.7894736842104_lenght_std: 23.898694525015376
target_4034.842105263158_return_mean: 2723.8233085803345
target_4034.842105263158_return_std: 192.56886867940207
target_4034.842105263158_lenght_mean: 994.56
target_4034.842105263158_lenght_std: 25.391856962420057
target_4285.894736842105_return_mean: 2657.4381958466115
target_4285.894736842105_return_std: 196.47070784833596
target_4285.894736842105_lenght_mean: 997.81
target_4285.894736842105_lenght_std: 13.473451673569025
target_4536.9473684210525_return_mean: 2669.6841139122175
target_4536.9473684210525_return_std: 195.5069811027664
target_4536.9473684210525_lenght_mean: 1000.0
target_4536.9473684210525_lenght_std: 0.0
target_4788.0_return_mean: 2666.2444876018603
target_4788.0_return_std: 202.0425742117868
target_4788.0_lenght_mean: 999.46
target_4788.0_lenght_std: 3.7826445775409576
time/evaluation: 4366.023045539856
target_training/action_erro_mean: 0.09728013724088669
target_training/action_erro_std: 0.0

------------------------------------------------------------
Sender: LSF System <lsfadmin@hpc.dtu.dk>
Subject: Job 13686853: <DT-hopper> in cluster <dcc> Done

Job <DT-hopper> was submitted from host <n-62-30-2> by user <s204131> in cluster <dcc> at Wed Jun  8 13:11:54 2022
Job was executed on host(s) <4*n-62-20-2>, in queue <gpuv100>, as user <s204131> in cluster <dcc> at Wed Jun  8 13:11:56 2022
</zhome/94/3/155767> was used as the home directory.
</zhome/94/3/155767/decision_transformer/gym> was used as the working directory.
Started at Wed Jun  8 13:11:56 2022
Terminated at Wed Jun  8 20:21:22 2022
Results reported at Wed Jun  8 20:21:22 2022

Your job looked like:

------------------------------------------------------------
# LSBATCH: User input
#!/bin/sh
#BSUB -J DT-hopper
#BSUB -o DT-hopper_%J.out
#BSUB -e DT-hopper_%J.err
#BSUB -q gpuv100
#BSUB -gpu "num=1:mode=exclusive_process"
#BSUB -n 4
#BSUB -R "rusage[mem=4G]"
#BSUB -R "span[hosts=1]"
#BSUB -W 15:00
# end of BSUB options


# load CUDA (for GPU support)

# activate the virtual environment
source $HOME/miniconda3/envs/decision-transformer-gym/bin/activate

wandb on
echo 'cad8b043f3731a2c453efd8f61915e186ac93ac3' | wandb login

python experiment_single_reward.py --env 'hopper' --dataset 'medium_replay' --seed 45  --save_iters '8,10,12' --eval_iters '8,9,10,11,12' --max_iters 12 --device 'cuda' --log_to_wandb True

------------------------------------------------------------

Successfully completed.

Resource usage summary:

    CPU time :                                   25925.13 sec.
    Max Memory :                                 2453 MB
    Average Memory :                             2439.26 MB
    Total Requested Memory :                     16384.00 MB
    Delta Memory :                               13931.00 MB
    Max Swap :                                   -
    Max Processes :                              6
    Max Threads :                                21
    Run time :                                   25838 sec.
    Turnaround time :                            25768 sec.

The output (if any) is above this job summary.



PS:

Read file <DT-hopper_13686853.err> for stderr output of this job.

