W&B enabled, running your script from this directory will now sync to the cloud.
Disabling Weights & Biases. Run 'wandb login' again to re-enable.
Creating states list
==================================================
Starting new experiment: hopper medium_replay
2041 trajectories, 402000 timesteps found
Average return: 467.30, std: 511.03
Max return: 3192.93, min: -1.44
==================================================
================================================================================
Iteration 1
time/training: 866.0554587841034
training/train_loss_mean: 0.2495717990681529
training/train_loss_std: 0.09943633111221002
training/action_error: 0.17158953845500946
================================================================================
Iteration 2
time/training: 880.2222123146057
training/train_loss_mean: 0.16185479353740811
training/train_loss_std: 0.012364265784451952
training/action_error: 0.1432511955499649
================================================================================
Iteration 3
time/training: 742.5376629829407
training/train_loss_mean: 0.1427920795418322
training/train_loss_std: 0.009121556264101225
training/action_error: 0.14820639789104462
================================================================================
Iteration 4
time/training: 798.0245399475098
training/train_loss_mean: 0.13298759233579038
training/train_loss_std: 0.008211957459949026
training/action_error: 0.1424286812543869
================================================================================
Iteration 5
time/training: 723.5526268482208
training/train_loss_mean: 0.126238554418087
training/train_loss_std: 0.007553228345440606
training/action_error: 0.11661824584007263
================================================================================
Iteration 6
time/training: 846.1278221607208
training/train_loss_mean: 0.12130096148848533
training/train_loss_std: 0.007240871675692117
training/action_error: 0.11622175574302673
================================================================================
Iteration 7
time/training: 883.4384896755219
training/train_loss_mean: 0.117794850153476
training/train_loss_std: 0.0070619308827986164
training/action_error: 0.11833841353654861
================================================================================
Iteration 8
time/training: 831.6473345756531
training/train_loss_mean: 0.11460683984830976
training/train_loss_std: 0.006771114962001854
training/action_error: 0.11444593966007233
================================================================================
Iteration 8
target_18.0_return_mean: 402.90578667081957
target_18.0_return_std: 120.25641705691294
target_18.0_lenght_mean: 371.35
target_18.0_lenght_std: 143.46876837834776
target_269.0526315789474_return_mean: 350.3714744527296
target_269.0526315789474_return_std: 43.820305492454516
target_269.0526315789474_lenght_mean: 176.3
target_269.0526315789474_lenght_std: 23.958088404545133
target_520.1052631578948_return_mean: 418.50811210596873
target_520.1052631578948_return_std: 28.81581552521645
target_520.1052631578948_lenght_mean: 219.93
target_520.1052631578948_lenght_std: 12.60099599238092
target_771.1578947368421_return_mean: 616.3166178582203
target_771.1578947368421_return_std: 245.55571668914328
target_771.1578947368421_lenght_mean: 287.53
target_771.1578947368421_lenght_std: 66.2287633887271
target_1022.2105263157895_return_mean: 527.2229204745566
target_1022.2105263157895_return_std: 57.91552848572197
target_1022.2105263157895_lenght_mean: 290.6
target_1022.2105263157895_lenght_std: 15.257129481000023
target_1273.2631578947369_return_mean: 634.7919373746428
target_1273.2631578947369_return_std: 64.92512549183664
target_1273.2631578947369_lenght_mean: 318.06
target_1273.2631578947369_lenght_std: 16.054170797646325
target_1524.3157894736842_return_mean: 927.905733129361
target_1524.3157894736842_return_std: 515.6032676662979
target_1524.3157894736842_lenght_mean: 402.73
target_1524.3157894736842_lenght_std: 164.9960517709439
target_1775.3684210526317_return_mean: 1494.526753603662
target_1775.3684210526317_return_std: 744.8648626543458
target_1775.3684210526317_lenght_mean: 582.21
target_1775.3684210526317_lenght_std: 244.06684719559925
target_2026.421052631579_return_mean: 1962.7027876531117
target_2026.421052631579_return_std: 694.1004927910653
target_2026.421052631579_lenght_mean: 726.49
target_2026.421052631579_lenght_std: 227.27430541088444
target_2277.4736842105262_return_mean: 2356.0816461574354
target_2277.4736842105262_return_std: 455.35565909685135
target_2277.4736842105262_lenght_mean: 849.46
target_2277.4736842105262_lenght_std: 159.56850691787525
target_2528.5263157894738_return_mean: 2312.1172349454223
target_2528.5263157894738_return_std: 519.7047590732685
target_2528.5263157894738_lenght_mean: 835.69
target_2528.5263157894738_lenght_std: 177.76544630495545
target_2779.5789473684213_return_mean: 2297.7348977212037
target_2779.5789473684213_return_std: 570.9417324585875
target_2779.5789473684213_lenght_mean: 836.52
target_2779.5789473684213_lenght_std: 195.53401136375228
target_3030.6315789473683_return_mean: 2301.8498854645704
target_3030.6315789473683_return_std: 650.8739362324303
target_3030.6315789473683_lenght_mean: 840.08
target_3030.6315789473683_lenght_std: 220.93255441423744
target_3281.684210526316_return_mean: 2365.269973132735
target_3281.684210526316_return_std: 682.8565002172508
target_3281.684210526316_lenght_mean: 866.48
target_3281.684210526316_lenght_std: 229.09257866635488
target_3532.7368421052633_return_mean: 2409.205640659979
target_3532.7368421052633_return_std: 572.7020058156324
target_3532.7368421052633_lenght_mean: 894.32
target_3532.7368421052633_lenght_std: 197.21556125214866
target_3783.7894736842104_return_mean: 2350.090301818501
target_3783.7894736842104_return_std: 598.8139404053316
target_3783.7894736842104_lenght_mean: 876.19
target_3783.7894736842104_lenght_std: 206.0418256082973
target_4034.842105263158_return_mean: 2372.050874933909
target_4034.842105263158_return_std: 633.4688396036875
target_4034.842105263158_lenght_mean: 891.62
target_4034.842105263158_lenght_std: 215.58324517457285
target_4285.894736842105_return_mean: 2338.9011766081276
target_4285.894736842105_return_std: 681.384284445455
target_4285.894736842105_lenght_mean: 870.26
target_4285.894736842105_lenght_std: 232.16703555845305
target_4536.9473684210525_return_mean: 2342.2269849335353
target_4536.9473684210525_return_std: 642.2558901835879
target_4536.9473684210525_lenght_mean: 882.46
target_4536.9473684210525_lenght_std: 219.9804273111588
target_4788.0_return_mean: 2303.7752483355375
target_4788.0_return_std: 691.4226010006099
target_4788.0_lenght_mean: 870.65
target_4788.0_lenght_std: 237.54824246876672
time/evaluation: 5495.395007610321
target_training/action_erro_mean: 0.11444593966007233
target_training/action_erro_std: 0.0
================================================================================
Iteration 9
time/training: 854.3177208900452
training/train_loss_mean: 0.11223720853477716
training/train_loss_std: 0.0066007550068665315
training/action_error: 0.10864605754613876
================================================================================
Iteration 9
target_18.0_return_mean: 412.1399025825687
target_18.0_return_std: 111.54466034252228
target_18.0_lenght_mean: 153.79
target_18.0_lenght_std: 18.881893443190492
target_269.0526315789474_return_mean: 333.2265905405591
target_269.0526315789474_return_std: 71.49614374255907
target_269.0526315789474_lenght_mean: 166.95
target_269.0526315789474_lenght_std: 17.955152463847252
target_520.1052631578948_return_mean: 442.8012681427825
target_520.1052631578948_return_std: 115.1693090890744
target_520.1052631578948_lenght_mean: 189.1
target_520.1052631578948_lenght_std: 27.6338560465238
target_771.1578947368421_return_mean: 1734.1519292171151
target_771.1578947368421_return_std: 649.1423116995383
target_771.1578947368421_lenght_mean: 630.83
target_771.1578947368421_lenght_std: 224.78327584586893
target_1022.2105263157895_return_mean: 1970.774493031729
target_1022.2105263157895_return_std: 478.61163122081837
target_1022.2105263157895_lenght_mean: 702.67
target_1022.2105263157895_lenght_std: 177.80304018773134
target_1273.2631578947369_return_mean: 2148.4556664053266
target_1273.2631578947369_return_std: 435.07414537865094
target_1273.2631578947369_lenght_mean: 786.52
target_1273.2631578947369_lenght_std: 171.94734542876785
target_1524.3157894736842_return_mean: 2398.413160677925
target_1524.3157894736842_return_std: 306.15270563980096
target_1524.3157894736842_lenght_mean: 893.14
target_1524.3157894736842_lenght_std: 128.5390228685437
target_1775.3684210526317_return_mean: 2423.712742307629
target_1775.3684210526317_return_std: 253.20084442718647
target_1775.3684210526317_lenght_mean: 915.08
target_1775.3684210526317_lenght_std: 122.99103056727348
target_2026.421052631579_return_mean: 2290.7305837832814
target_2026.421052631579_return_std: 472.55772568572866
target_2026.421052631579_lenght_mean: 842.74
target_2026.421052631579_lenght_std: 192.80371469450478
target_2277.4736842105262_return_mean: 2136.965134449102
target_2277.4736842105262_return_std: 514.7134144949815
target_2277.4736842105262_lenght_mean: 757.25
target_2277.4736842105262_lenght_std: 203.8410348776713
target_2528.5263157894738_return_mean: 2103.426198858238
target_2528.5263157894738_return_std: 674.6266078110455
target_2528.5263157894738_lenght_mean: 750.28
target_2528.5263157894738_lenght_std: 248.10679474774568
target_2779.5789473684213_return_mean: 2175.010899833382
target_2779.5789473684213_return_std: 668.1863547797567
target_2779.5789473684213_lenght_mean: 775.58
target_2779.5789473684213_lenght_std: 244.7898355732934
target_3030.6315789473683_return_mean: 2213.2600277078564
target_3030.6315789473683_return_std: 672.3148011420159
target_3030.6315789473683_lenght_mean: 768.85
target_3030.6315789473683_lenght_std: 233.26651602834042
target_3281.684210526316_return_mean: 2334.9426179747475
target_3281.684210526316_return_std: 567.0668015838506
target_3281.684210526316_lenght_mean: 802.35
target_3281.684210526316_lenght_std: 204.70619800093985
target_3532.7368421052633_return_mean: 2305.355698839017
target_3532.7368421052633_return_std: 643.1283457661813
target_3532.7368421052633_lenght_mean: 800.34
target_3532.7368421052633_lenght_std: 225.81825524080202
target_3783.7894736842104_return_mean: 2345.0374070963826
target_3783.7894736842104_return_std: 709.7342574040171
target_3783.7894736842104_lenght_mean: 793.38
target_3783.7894736842104_lenght_std: 237.1783624195091
target_4034.842105263158_return_mean: 2400.8106993873903
target_4034.842105263158_return_std: 671.5140444607091
target_4034.842105263158_lenght_mean: 817.23
target_4034.842105263158_lenght_std: 228.16738833584435
target_4285.894736842105_return_mean: 2390.8712976202255
target_4285.894736842105_return_std: 633.3817275502745
target_4285.894736842105_lenght_mean: 811.6
target_4285.894736842105_lenght_std: 219.41244267360955
target_4536.9473684210525_return_mean: 2399.614029969616
target_4536.9473684210525_return_std: 675.6372358174893
target_4536.9473684210525_lenght_mean: 829.16
target_4536.9473684210525_lenght_std: 234.8353346496221
target_4788.0_return_mean: 2475.2651513048863
target_4788.0_return_std: 537.8212164492649
target_4788.0_lenght_mean: 860.72
target_4788.0_lenght_std: 197.1830662100577
time/evaluation: 5090.939368724823
target_training/action_erro_mean: 0.10864605754613876
target_training/action_erro_std: 0.0
================================================================================
Iteration 10
time/training: 866.182208776474
training/train_loss_mean: 0.11009011613577604
training/train_loss_std: 0.006449487014072714
training/action_error: 0.10402438044548035
================================================================================
Iteration 10
target_18.0_return_mean: 827.2510087396113
target_18.0_return_std: 270.24405071523125
target_18.0_lenght_mean: 718.67
target_18.0_lenght_std: 366.9064745953661
target_269.0526315789474_return_mean: 531.5000691263733
target_269.0526315789474_return_std: 170.8809899569619
target_269.0526315789474_lenght_mean: 220.31
target_269.0526315789474_lenght_std: 52.432374540926524
target_520.1052631578948_return_mean: 548.9430797707531
target_520.1052631578948_return_std: 340.60882207557586
target_520.1052631578948_lenght_mean: 267.88
target_520.1052631578948_lenght_std: 113.2052366279935
target_771.1578947368421_return_mean: 769.4630377871465
target_771.1578947368421_return_std: 389.7261505994346
target_771.1578947368421_lenght_mean: 339.61
target_771.1578947368421_lenght_std: 135.98072620779755
target_1022.2105263157895_return_mean: 950.0649470586246
target_1022.2105263157895_return_std: 387.16931155041846
target_1022.2105263157895_lenght_mean: 407.41
target_1022.2105263157895_lenght_std: 156.94757691662525
target_1273.2631578947369_return_mean: 938.2337991416274
target_1273.2631578947369_return_std: 303.50785020604854
target_1273.2631578947369_lenght_mean: 390.11
target_1273.2631578947369_lenght_std: 97.90749664862237
target_1524.3157894736842_return_mean: 865.205809983372
target_1524.3157894736842_return_std: 50.68462341990693
target_1524.3157894736842_lenght_mean: 371.93
target_1524.3157894736842_lenght_std: 12.680895078818372
target_1775.3684210526317_return_mean: 864.4734311464792
target_1775.3684210526317_return_std: 24.464760591174905
target_1775.3684210526317_lenght_mean: 371.63
target_1775.3684210526317_lenght_std: 9.286177900514291
target_2026.421052631579_return_mean: 860.9347280121386
target_2026.421052631579_return_std: 23.39914128665068
target_2026.421052631579_lenght_mean: 369.89
target_2026.421052631579_lenght_std: 9.551853223327921
target_2277.4736842105262_return_mean: 857.8855424799975
target_2277.4736842105262_return_std: 43.936115217691366
target_2277.4736842105262_lenght_mean: 370.56
target_2277.4736842105262_lenght_std: 13.473173345578243
target_2528.5263157894738_return_mean: 865.8063783964861
target_2528.5263157894738_return_std: 45.515004503821274
target_2528.5263157894738_lenght_mean: 372.44
target_2528.5263157894738_lenght_std: 14.329912770146231
target_2779.5789473684213_return_mean: 869.7108986182575
target_2779.5789473684213_return_std: 27.588452026375894
target_2779.5789473684213_lenght_mean: 374.58
target_2779.5789473684213_lenght_std: 9.35326680898177
target_3030.6315789473683_return_mean: 887.0244156244476
target_3030.6315789473683_return_std: 181.65110879900217
target_3030.6315789473683_lenght_mean: 379.92
target_3030.6315789473683_lenght_std: 58.882370876179905
target_3281.684210526316_return_mean: 879.900615940384
target_3281.684210526316_return_std: 132.6556217018619
target_3281.684210526316_lenght_mean: 379.42
target_3281.684210526316_lenght_std: 63.257597172197414
target_3532.7368421052633_return_mean: 866.3938749027719
target_3532.7368421052633_return_std: 28.885269829210852
target_3532.7368421052633_lenght_mean: 373.1
target_3532.7368421052633_lenght_std: 8.803976374343582
target_3783.7894736842104_return_mean: 863.59821674451
target_3783.7894736842104_return_std: 48.37884816878118
target_3783.7894736842104_lenght_mean: 373.5
target_3783.7894736842104_lenght_std: 12.927103310486848
target_4034.842105263158_return_mean: 872.7559231463039
target_4034.842105263158_return_std: 167.0276819251723
target_4034.842105263158_lenght_mean: 376.69
target_4034.842105263158_lenght_std: 65.03671194025725
target_4285.894736842105_return_mean: 863.2811270979358
target_4285.894736842105_return_std: 26.976846589277592
target_4285.894736842105_lenght_mean: 373.05
target_4285.894736842105_lenght_std: 8.844631139849756
target_4536.9473684210525_return_mean: 863.3399034495953
target_4536.9473684210525_return_std: 48.1383849652959
target_4536.9473684210525_lenght_mean: 371.6
target_4536.9473684210525_lenght_std: 14.383323677092163
target_4788.0_return_mean: 880.741635924184
target_4788.0_return_std: 212.49793667946494
target_4788.0_lenght_mean: 377.11
target_4788.0_lenght_std: 64.76725947575673
time/evaluation: 2542.9415078163147
target_training/action_erro_mean: 0.10402438044548035
target_training/action_erro_std: 0.0
================================================================================
Iteration 11
time/training: 897.7549934387207
training/train_loss_mean: 0.10817375907972455
training/train_loss_std: 0.0063421969709759425
training/action_error: 0.09847274422645569
================================================================================
Iteration 11
target_18.0_return_mean: 477.8581257230274
target_18.0_return_std: 153.21118494888043
target_18.0_lenght_mean: 198.54
target_18.0_lenght_std: 43.29513136600927
target_269.0526315789474_return_mean: 447.4504366073928
target_269.0526315789474_return_std: 129.03988989545778
target_269.0526315789474_lenght_mean: 209.41
target_269.0526315789474_lenght_std: 39.48141208214316
target_520.1052631578948_return_mean: 531.6130917336283
target_520.1052631578948_return_std: 474.28638029320723
target_520.1052631578948_lenght_mean: 243.48
target_520.1052631578948_lenght_std: 143.76233720971567
target_771.1578947368421_return_mean: 999.0946034284975
target_771.1578947368421_return_std: 540.1718787187435
target_771.1578947368421_lenght_mean: 385.76
target_771.1578947368421_lenght_std: 191.93014979413735
target_1022.2105263157895_return_mean: 1639.101470163142
target_1022.2105263157895_return_std: 696.5142382037124
target_1022.2105263157895_lenght_mean: 619.46
target_1022.2105263157895_lenght_std: 240.93988544863217
target_1273.2631578947369_return_mean: 1537.2434886716444
target_1273.2631578947369_return_std: 771.6126058423043
target_1273.2631578947369_lenght_mean: 584.31
target_1273.2631578947369_lenght_std: 266.5766191923065
target_1524.3157894736842_return_mean: 1808.1627796744974
target_1524.3157894736842_return_std: 701.482326693787
target_1524.3157894736842_lenght_mean: 686.37
target_1524.3157894736842_lenght_std: 259.2448902100097
target_1775.3684210526317_return_mean: 1915.9691019698103
target_1775.3684210526317_return_std: 675.5702930427832
target_1775.3684210526317_lenght_mean: 715.95
target_1775.3684210526317_lenght_std: 252.59320556974606
target_2026.421052631579_return_mean: 2001.263990066078
target_2026.421052631579_return_std: 646.7032685046338
target_2026.421052631579_lenght_mean: 742.56
target_2026.421052631579_lenght_std: 250.0678435944934
target_2277.4736842105262_return_mean: 2014.8893378401076
target_2277.4736842105262_return_std: 723.7063937233934
target_2277.4736842105262_lenght_mean: 737.08
target_2277.4736842105262_lenght_std: 261.7355031324562
target_2528.5263157894738_return_mean: 1915.5259746100658
target_2528.5263157894738_return_std: 776.4565466633462
target_2528.5263157894738_lenght_mean: 714.81
target_2528.5263157894738_lenght_std: 280.5325897288941
target_2779.5789473684213_return_mean: 2016.7075763545954
target_2779.5789473684213_return_std: 757.4834096869915
target_2779.5789473684213_lenght_mean: 750.82
target_2779.5789473684213_lenght_std: 273.7787931889539
target_3030.6315789473683_return_mean: 2000.497601012622
target_3030.6315789473683_return_std: 792.7560500939845
target_3030.6315789473683_lenght_mean: 728.26
target_3030.6315789473683_lenght_std: 277.34222974512915
target_3281.684210526316_return_mean: 1925.480826617328
target_3281.684210526316_return_std: 902.7063367447104
target_3281.684210526316_lenght_mean: 697.7
target_3281.684210526316_lenght_std: 306.8215279278819
target_3532.7368421052633_return_mean: 2079.3318234010853
target_3532.7368421052633_return_std: 828.0416536929625
target_3532.7368421052633_lenght_mean: 761.24
target_3532.7368421052633_lenght_std: 289.3727050016985
target_3783.7894736842104_return_mean: 1873.9275418264629
target_3783.7894736842104_return_std: 925.3644174321336
target_3783.7894736842104_lenght_mean: 681.88
target_3783.7894736842104_lenght_std: 317.2216348233519
target_4034.842105263158_return_mean: 1941.851713892755
target_4034.842105263158_return_std: 931.6635577464623
target_4034.842105263158_lenght_mean: 708.75
target_4034.842105263158_lenght_std: 321.6491372598409
target_4285.894736842105_return_mean: 1936.0016381527305
target_4285.894736842105_return_std: 911.290400400891
target_4285.894736842105_lenght_mean: 703.36
target_4285.894736842105_lenght_std: 318.0906009299866
target_4536.9473684210525_return_mean: 2047.3280292513687
target_4536.9473684210525_return_std: 890.7270654108112
target_4536.9473684210525_lenght_mean: 737.97
target_4536.9473684210525_lenght_std: 312.131204944331
target_4788.0_return_mean: 1899.3636203583449
target_4788.0_return_std: 906.9984418541765
target_4788.0_lenght_mean: 681.37
target_4788.0_lenght_std: 317.57158736259765
time/evaluation: 4446.371271133423
target_training/action_erro_mean: 0.09847274422645569
target_training/action_erro_std: 0.0
================================================================================
Iteration 12
time/training: 806.8035728931427
training/train_loss_mean: 0.10665646269023418
training/train_loss_std: 0.006289409736731626
training/action_error: 0.11109397560358047
================================================================================
Iteration 12
target_18.0_return_mean: 468.8774868097444
target_18.0_return_std: 96.19755078565046
target_18.0_lenght_mean: 168.31
target_18.0_lenght_std: 9.6152951072757
target_269.0526315789474_return_mean: 434.4543849424494
target_269.0526315789474_return_std: 103.78218482277168
target_269.0526315789474_lenght_mean: 205.68
target_269.0526315789474_lenght_std: 27.560798246785232
target_520.1052631578948_return_mean: 404.12735775282204
target_520.1052631578948_return_std: 45.63027873483161
target_520.1052631578948_lenght_mean: 201.8
target_520.1052631578948_lenght_std: 13.23631368621944
target_771.1578947368421_return_mean: 945.0900726020377
target_771.1578947368421_return_std: 669.555187535331
target_771.1578947368421_lenght_mean: 379.43
target_771.1578947368421_lenght_std: 214.09046008638498
target_1022.2105263157895_return_mean: 1300.6399133210587
target_1022.2105263157895_return_std: 828.9197226353573
target_1022.2105263157895_lenght_mean: 517.59
target_1022.2105263157895_lenght_std: 294.1052224969832
target_1273.2631578947369_return_mean: 1603.8438690650958
target_1273.2631578947369_return_std: 844.6256748991048
target_1273.2631578947369_lenght_mean: 620.67
target_1273.2631578947369_lenght_std: 305.77691394217453
target_1524.3157894736842_return_mean: 1425.5588183641798
target_1524.3157894736842_return_std: 901.6473398551211
target_1524.3157894736842_lenght_mean: 554.66
target_1524.3157894736842_lenght_std: 329.5940903596422
target_1775.3684210526317_return_mean: 1190.1244539594252
target_1775.3684210526317_return_std: 879.4598475080505
target_1775.3684210526317_lenght_mean: 474.43
target_1775.3684210526317_lenght_std: 324.9315083213691
target_2026.421052631579_return_mean: 1201.27435875341
target_2026.421052631579_return_std: 884.7841697003448
target_2026.421052631579_lenght_mean: 462.63
target_2026.421052631579_lenght_std: 308.4171738084635
target_2277.4736842105262_return_mean: 1064.6536460947846
target_2277.4736842105262_return_std: 828.4934389882919
target_2277.4736842105262_lenght_mean: 408.88
target_2277.4736842105262_lenght_std: 281.7078373066678
target_2528.5263157894738_return_mean: 946.500535933156
target_2528.5263157894738_return_std: 721.2409554424104
target_2528.5263157894738_lenght_mean: 365.2
target_2528.5263157894738_lenght_std: 241.4240667373491
target_2779.5789473684213_return_mean: 933.3276425773054
target_2779.5789473684213_return_std: 624.4323538276742
target_2779.5789473684213_lenght_mean: 342.4
target_2779.5789473684213_lenght_std: 190.88436290068395
target_3030.6315789473683_return_mean: 918.5142202607884
target_3030.6315789473683_return_std: 661.1630964795572
target_3030.6315789473683_lenght_mean: 347.32
target_3030.6315789473683_lenght_std: 214.85310702896527
target_3281.684210526316_return_mean: 985.9251385881842
target_3281.684210526316_return_std: 797.383223488007
target_3281.684210526316_lenght_mean: 364.63
target_3281.684210526316_lenght_std: 238.92851043774579
target_3532.7368421052633_return_mean: 934.967786757753
target_3532.7368421052633_return_std: 749.198632892917
target_3532.7368421052633_lenght_mean: 346.23
target_3532.7368421052633_lenght_std: 220.97229939519565
target_3783.7894736842104_return_mean: 934.2391252241316
target_3783.7894736842104_return_std: 725.7812818074715
target_3783.7894736842104_lenght_mean: 346.87
target_3783.7894736842104_lenght_std: 221.59222256207462
target_4034.842105263158_return_mean: 1060.3368958983551
target_4034.842105263158_return_std: 827.2869680879002
target_4034.842105263158_lenght_mean: 381.12
target_4034.842105263158_lenght_std: 246.74003647563967
target_4285.894736842105_return_mean: 1074.4340139187339
target_4285.894736842105_return_std: 849.9927491495171
target_4285.894736842105_lenght_mean: 388.72
target_4285.894736842105_lenght_std: 262.9140954760699
target_4536.9473684210525_return_mean: 1244.1796401738952
target_4536.9473684210525_return_std: 890.9148041989479
target_4536.9473684210525_lenght_mean: 437.11
target_4536.9473684210525_lenght_std: 275.47376989470337
target_4788.0_return_mean: 1170.9496728989186
target_4788.0_return_std: 860.1621929846775
target_4788.0_lenght_mean: 413.76
target_4788.0_lenght_std: 267.34468837065003
time/evaluation: 2588.38503074646
target_training/action_erro_mean: 0.11109397560358047
target_training/action_erro_std: 0.0

------------------------------------------------------------
Sender: LSF System <lsfadmin@hpc.dtu.dk>
Subject: Job 13686857: <DT-hopper> in cluster <dcc> Done

Job <DT-hopper> was submitted from host <n-62-30-2> by user <s204131> in cluster <dcc> at Wed Jun  8 13:12:29 2022
Job was executed on host(s) <4*n-62-20-15>, in queue <gpuv100>, as user <s204131> in cluster <dcc> at Wed Jun  8 13:12:29 2022
</zhome/94/3/155767> was used as the home directory.
</zhome/94/3/155767/decision_transformer/gym> was used as the working directory.
Started at Wed Jun  8 13:12:29 2022
Terminated at Wed Jun  8 21:35:56 2022
Results reported at Wed Jun  8 21:35:56 2022

Your job looked like:

------------------------------------------------------------
# LSBATCH: User input
#!/bin/sh
#BSUB -J DT-hopper
#BSUB -o DT-hopper_%J.out
#BSUB -e DT-hopper_%J.err
#BSUB -q gpuv100
#BSUB -gpu "num=1:mode=exclusive_process"
#BSUB -n 4
#BSUB -R "rusage[mem=4G]"
#BSUB -R "span[hosts=1]"
#BSUB -W 15:00
# end of BSUB options


# load CUDA (for GPU support)

# activate the virtual environment
source $HOME/miniconda3/envs/decision-transformer-gym/bin/activate

wandb on
echo 'cad8b043f3731a2c453efd8f61915e186ac93ac3' | wandb login

python experiment_single_reward.py --env 'hopper' --dataset 'medium_replay' --seed 46  --save_iters '8,10,12' --eval_iters '8,9,10,11,12' --max_iters 12 --device 'cuda' --log_to_wandb True

------------------------------------------------------------

Successfully completed.

Resource usage summary:

    CPU time :                                   30281.70 sec.
    Max Memory :                                 2449 MB
    Average Memory :                             2437.16 MB
    Total Requested Memory :                     16384.00 MB
    Delta Memory :                               13935.00 MB
    Max Swap :                                   -
    Max Processes :                              6
    Max Threads :                                21
    Run time :                                   30326 sec.
    Turnaround time :                            30207 sec.

The output (if any) is above this job summary.



PS:

Read file <DT-hopper_13686857.err> for stderr output of this job.

