W&B enabled, running your script from this directory will now sync to the cloud.
Disabling Weights & Biases. Run 'wandb login' again to re-enable.
Creating states list
==================================================
Starting new experiment: walker2d medium_replay
1093 trajectories, 302000 timesteps found
Average return: 682.70, std: 895.96
Max return: 4132.00, min: -50.20
==================================================
================================================================================
Iteration 1
time/training: 911.338271856308
training/train_loss_mean: 0.2060064784504473
training/train_loss_std: 0.11486737707211794
training/action_error: 0.12277514487504959
================================================================================
Iteration 2
time/training: 909.8650324344635
training/train_loss_mean: 0.12362461137771606
training/train_loss_std: 0.012514463069735636
training/action_error: 0.09710831940174103
================================================================================
Iteration 3
time/training: 912.3950908184052
training/train_loss_mean: 0.10910641582235694
training/train_loss_std: 0.010102066717753192
training/action_error: 0.12020085752010345
================================================================================
Iteration 4
time/training: 911.4165744781494
training/train_loss_mean: 0.10140173838585616
training/train_loss_std: 0.009116910124203795
training/action_error: 0.10020789504051208
================================================================================
Iteration 5
time/training: 910.8809473514557
training/train_loss_mean: 0.09651580326035619
training/train_loss_std: 0.008488952108027734
training/action_error: 0.09441442042589188
================================================================================
Iteration 6
time/training: 911.0734329223633
training/train_loss_mean: 0.09295247500166297
training/train_loss_std: 0.008114766630168196
training/action_error: 0.09664171189069748
================================================================================
Iteration 7
time/training: 910.7957072257996
training/train_loss_mean: 0.09003949628695845
training/train_loss_std: 0.007701183707110001
training/action_error: 0.0827159658074379
================================================================================
Iteration 8
time/training: 910.7128283977509
training/train_loss_mean: 0.08787093925327062
training/train_loss_std: 0.007305119568012737
training/action_error: 0.09133169054985046
================================================================================
Iteration 8
target_2.0_return_mean: 288.5978864198414
target_2.0_return_std: 84.24124791277713
target_2.0_lenght_mean: 148.81
target_2.0_lenght_std: 25.70241039280168
target_328.10526315789474_return_mean: 597.014616191041
target_328.10526315789474_return_std: 165.0029145202232
target_328.10526315789474_lenght_mean: 287.51
target_328.10526315789474_lenght_std: 127.17314928867648
target_654.2105263157895_return_mean: 240.41017046404357
target_654.2105263157895_return_std: 371.51459353388753
target_654.2105263157895_lenght_mean: 296.67
target_654.2105263157895_lenght_std: 253.80441505222086
target_980.3157894736842_return_mean: 640.827481670121
target_980.3157894736842_return_std: 556.7926789691135
target_980.3157894736842_lenght_mean: 368.37
target_980.3157894736842_lenght_std: 268.22660774054464
target_1306.421052631579_return_mean: 1493.8526884920213
target_1306.421052631579_return_std: 903.6749751690251
target_1306.421052631579_lenght_mean: 499.23
target_1306.421052631579_lenght_std: 253.95247015927998
target_1632.5263157894738_return_mean: 1620.4864594214084
target_1632.5263157894738_return_std: 1087.1932803059249
target_1632.5263157894738_lenght_mean: 511.26
target_1632.5263157894738_lenght_std: 289.21067131072465
target_1958.6315789473683_return_mean: 1937.4030193991944
target_1958.6315789473683_return_std: 1133.017179909826
target_1958.6315789473683_lenght_mean: 560.03
target_1958.6315789473683_lenght_std: 299.95054442357656
target_2284.7368421052633_return_mean: 2037.4863072080218
target_2284.7368421052633_return_std: 1240.3780990486846
target_2284.7368421052633_lenght_mean: 596.93
target_2284.7368421052633_lenght_std: 333.4992130425498
target_2610.842105263158_return_mean: 2136.993336388243
target_2610.842105263158_return_std: 1158.812893956944
target_2610.842105263158_lenght_mean: 602.16
target_2610.842105263158_lenght_std: 307.9297231512411
target_2936.9473684210525_return_mean: 2411.9326822224675
target_2936.9473684210525_return_std: 1249.303243572812
target_2936.9473684210525_lenght_mean: 677.98
target_2936.9473684210525_lenght_std: 327.74551041928856
target_3263.0526315789475_return_mean: 2007.5198247298001
target_3263.0526315789475_return_std: 1341.3992111791492
target_3263.0526315789475_lenght_mean: 571.17
target_3263.0526315789475_lenght_std: 356.8491293249852
target_3589.157894736842_return_mean: 2188.508790583663
target_3589.157894736842_return_std: 1333.344112299999
target_3589.157894736842_lenght_mean: 618.74
target_3589.157894736842_lenght_std: 351.21308688601
target_3915.2631578947367_return_mean: 1776.9819032374146
target_3915.2631578947367_return_std: 1321.2432584927676
target_3915.2631578947367_lenght_mean: 511.25
target_3915.2631578947367_lenght_std: 353.0560684933768
target_4241.368421052632_return_mean: 1509.2473669390054
target_4241.368421052632_return_std: 1253.6665509563022
target_4241.368421052632_lenght_mean: 434.39
target_4241.368421052632_lenght_std: 328.6184077315208
target_4567.473684210527_return_mean: 2135.60041799972
target_4567.473684210527_return_std: 1402.5709774430934
target_4567.473684210527_lenght_mean: 598.56
target_4567.473684210527_lenght_std: 365.76386699618104
target_4893.578947368421_return_mean: 1928.2585411809941
target_4893.578947368421_return_std: 1327.2974963913389
target_4893.578947368421_lenght_mean: 548.04
target_4893.578947368421_lenght_std: 356.04283225477246
target_5219.684210526316_return_mean: 2044.4806226105281
target_5219.684210526316_return_std: 1305.8940773963816
target_5219.684210526316_lenght_mean: 576.81
target_5219.684210526316_lenght_std: 349.78849881035256
target_5545.789473684211_return_mean: 1878.1350889661733
target_5545.789473684211_return_std: 1353.108830929046
target_5545.789473684211_lenght_mean: 534.26
target_5545.789473684211_lenght_std: 364.1173332869502
target_5871.894736842105_return_mean: 1602.837087023572
target_5871.894736842105_return_std: 1311.9031198069833
target_5871.894736842105_lenght_mean: 463.99
target_5871.894736842105_lenght_std: 351.7976263421913
target_6198.0_return_mean: 1706.4054032680567
target_6198.0_return_std: 1381.8041106191
target_6198.0_lenght_mean: 485.11
target_6198.0_lenght_std: 359.3560044023197
time/evaluation: 3186.3810613155365
target_training/action_erro_mean: 0.09133169054985046
target_training/action_erro_std: 0.0
================================================================================
Iteration 9
time/training: 910.8621373176575
training/train_loss_mean: 0.08597034940570593
training/train_loss_std: 0.007204457363473306
training/action_error: 0.07948344945907593
================================================================================
Iteration 9
target_2.0_return_mean: 448.40311627562244
target_2.0_return_std: 298.46920097644903
target_2.0_lenght_mean: 218.56
target_2.0_lenght_std: 95.9192702224115
target_328.10526315789474_return_mean: 743.60833897171
target_328.10526315789474_return_std: 523.834611456686
target_328.10526315789474_lenght_mean: 340.65
target_328.10526315789474_lenght_std: 196.7089410779286
target_654.2105263157895_return_mean: 1291.500975355972
target_654.2105263157895_return_std: 739.1451088469933
target_654.2105263157895_lenght_mean: 489.57
target_654.2105263157895_lenght_std: 226.40690161741978
target_980.3157894736842_return_mean: 1665.9200684547404
target_980.3157894736842_return_std: 819.845486942613
target_980.3157894736842_lenght_mean: 600.02
target_980.3157894736842_lenght_std: 250.51989861086884
target_1306.421052631579_return_mean: 1985.7951180292218
target_1306.421052631579_return_std: 728.8148120023199
target_1306.421052631579_lenght_mean: 655.07
target_1306.421052631579_lenght_std: 219.09327944964448
target_1632.5263157894738_return_mean: 2355.711421836926
target_1632.5263157894738_return_std: 732.5639527988438
target_1632.5263157894738_lenght_mean: 751.87
target_1632.5263157894738_lenght_std: 223.01110532886025
target_1958.6315789473683_return_mean: 2465.189741048567
target_1958.6315789473683_return_std: 816.224568004193
target_1958.6315789473683_lenght_mean: 780.41
target_1958.6315789473683_lenght_std: 244.11481294669522
target_2284.7368421052633_return_mean: 2579.2808761313795
target_2284.7368421052633_return_std: 837.4780766490705
target_2284.7368421052633_lenght_mean: 808.49
target_2284.7368421052633_lenght_std: 254.475637144305
target_2610.842105263158_return_mean: 2712.7429251854696
target_2610.842105263158_return_std: 736.4630836324551
target_2610.842105263158_lenght_mean: 842.23
target_2610.842105263158_lenght_std: 222.55928895465135
target_2936.9473684210525_return_mean: 2720.8418189289678
target_2936.9473684210525_return_std: 726.9251466150642
target_2936.9473684210525_lenght_mean: 831.19
target_2936.9473684210525_lenght_std: 228.1641380673133
target_3263.0526315789475_return_mean: 2963.9262724427285
target_3263.0526315789475_return_std: 668.3974058530795
target_3263.0526315789475_lenght_mean: 887.58
target_3263.0526315789475_lenght_std: 196.08539874248666
target_3589.157894736842_return_mean: 3031.471987066528
target_3589.157894736842_return_std: 564.9069763601609
target_3589.157894736842_lenght_mean: 912.93
target_3589.157894736842_lenght_std: 163.9442133775999
target_3915.2631578947367_return_mean: 3053.1594628374023
target_3915.2631578947367_return_std: 586.6070964504817
target_3915.2631578947367_lenght_mean: 913.36
target_3915.2631578947367_lenght_std: 166.9970370994647
target_4241.368421052632_return_mean: 2870.0293284043028
target_4241.368421052632_return_std: 738.9148819680587
target_4241.368421052632_lenght_mean: 875.48
target_4241.368421052632_lenght_std: 222.6592679409505
target_4567.473684210527_return_mean: 3042.2079611018044
target_4567.473684210527_return_std: 740.7924069829745
target_4567.473684210527_lenght_mean: 905.78
target_4567.473684210527_lenght_std: 204.54097780151534
target_4893.578947368421_return_mean: 2904.0928691959557
target_4893.578947368421_return_std: 854.3359089136463
target_4893.578947368421_lenght_mean: 854.98
target_4893.578947368421_lenght_std: 240.78301352047242
target_5219.684210526316_return_mean: 2932.563663912873
target_5219.684210526316_return_std: 798.4459240340001
target_5219.684210526316_lenght_mean: 881.75
target_5219.684210526316_lenght_std: 228.5717556917302
target_5545.789473684211_return_mean: 2753.715089615108
target_5545.789473684211_return_std: 950.8546218482979
target_5545.789473684211_lenght_mean: 831.39
target_5545.789473684211_lenght_std: 277.18141694565315
target_5871.894736842105_return_mean: 2712.625452221167
target_5871.894736842105_return_std: 936.0871349526275
target_5871.894736842105_lenght_mean: 823.33
target_5871.894736842105_lenght_std: 273.1803819823086
target_6198.0_return_mean: 2969.59488525528
target_6198.0_return_std: 810.2461817637047
target_6198.0_lenght_mean: 881.68
target_6198.0_lenght_std: 223.51934502409404
time/evaluation: 4843.041716337204
target_training/action_erro_mean: 0.07948344945907593
target_training/action_erro_std: 0.0
================================================================================
Iteration 10
time/training: 911.4395554065704
training/train_loss_mean: 0.08426578276902437
training/train_loss_std: 0.007006135562597288
training/action_error: 0.08554582297801971
================================================================================
Iteration 10
target_2.0_return_mean: 418.1827380620921
target_2.0_return_std: 304.9916612660783
target_2.0_lenght_mean: 207.14
target_2.0_lenght_std: 122.8128674040306
target_328.10526315789474_return_mean: 748.7666967974582
target_328.10526315789474_return_std: 592.6985912201432
target_328.10526315789474_lenght_mean: 320.33
target_328.10526315789474_lenght_std: 194.71163575914
target_654.2105263157895_return_mean: 764.1777722908977
target_654.2105263157895_return_std: 433.85267000434095
target_654.2105263157895_lenght_mean: 357.03
target_654.2105263157895_lenght_std: 175.92506671875955
target_980.3157894736842_return_mean: 1689.4465615119334
target_980.3157894736842_return_std: 1133.7403228243122
target_980.3157894736842_lenght_mean: 494.79
target_980.3157894736842_lenght_std: 293.43763545257787
target_1306.421052631579_return_mean: 1959.965527767418
target_1306.421052631579_return_std: 1013.3751597187953
target_1306.421052631579_lenght_mean: 572.15
target_1306.421052631579_lenght_std: 260.6427583877979
target_1632.5263157894738_return_mean: 2123.703440936657
target_1632.5263157894738_return_std: 1003.7622703469356
target_1632.5263157894738_lenght_mean: 566.04
target_1632.5263157894738_lenght_std: 249.65139374736123
target_1958.6315789473683_return_mean: 2515.9985136782325
target_1958.6315789473683_return_std: 945.8046593646219
target_1958.6315789473683_lenght_mean: 717.76
target_1958.6315789473683_lenght_std: 247.67911175551325
target_2284.7368421052633_return_mean: 2532.6546896028767
target_2284.7368421052633_return_std: 1158.6727573279218
target_2284.7368421052633_lenght_mean: 704.76
target_2284.7368421052633_lenght_std: 302.2881777377342
target_2610.842105263158_return_mean: 2759.751681591565
target_2610.842105263158_return_std: 1060.5911053561524
target_2610.842105263158_lenght_mean: 747.9
target_2610.842105263158_lenght_std: 269.3696530791841
target_2936.9473684210525_return_mean: 2760.911508679721
target_2936.9473684210525_return_std: 1005.3085002946866
target_2936.9473684210525_lenght_mean: 735.83
target_2936.9473684210525_lenght_std: 251.23805663155414
target_3263.0526315789475_return_mean: 2802.5545274345955
target_3263.0526315789475_return_std: 1029.3324536292512
target_3263.0526315789475_lenght_mean: 739.58
target_3263.0526315789475_lenght_std: 253.9256655007524
target_3589.157894736842_return_mean: 2849.6814477790285
target_3589.157894736842_return_std: 939.9732976078208
target_3589.157894736842_lenght_mean: 755.25
target_3589.157894736842_lenght_std: 242.16557868532846
target_3915.2631578947367_return_mean: 2746.1257891637156
target_3915.2631578947367_return_std: 1034.0688437232204
target_3915.2631578947367_lenght_mean: 722.86
target_3915.2631578947367_lenght_std: 258.4295269507724
target_4241.368421052632_return_mean: 2647.6400443176603
target_4241.368421052632_return_std: 1189.7142227591116
target_4241.368421052632_lenght_mean: 687.88
target_4241.368421052632_lenght_std: 284.5423792688885
target_4567.473684210527_return_mean: 2770.390653861325
target_4567.473684210527_return_std: 1157.5476584772318
target_4567.473684210527_lenght_mean: 722.53
target_4567.473684210527_lenght_std: 284.5402064735316
target_4893.578947368421_return_mean: 2843.7264272290486
target_4893.578947368421_return_std: 1042.4321912991995
target_4893.578947368421_lenght_mean: 745.06
target_4893.578947368421_lenght_std: 258.9887572849447
target_5219.684210526316_return_mean: 2552.41248199559
target_5219.684210526316_return_std: 1247.5488617914189
target_5219.684210526316_lenght_mean: 669.08
target_5219.684210526316_lenght_std: 297.6278777265328
target_5545.789473684211_return_mean: 2939.4927960343252
target_5545.789473684211_return_std: 1123.759928210183
target_5545.789473684211_lenght_mean: 761.69
target_5545.789473684211_lenght_std: 272.0240318427767
target_5871.894736842105_return_mean: 2325.6947422237226
target_5871.894736842105_return_std: 1216.1882286557518
target_5871.894736842105_lenght_mean: 616.31
target_5871.894736842105_lenght_std: 296.4187475515002
target_6198.0_return_mean: 2504.3294924467946
target_6198.0_return_std: 1088.4807060987735
target_6198.0_lenght_mean: 661.71
target_6198.0_lenght_std: 274.34253388783884
time/evaluation: 4033.4935071468353
target_training/action_erro_mean: 0.08554582297801971
target_training/action_erro_std: 0.0
================================================================================
Iteration 11
time/training: 912.2343001365662
training/train_loss_mean: 0.08286433533094824
training/train_loss_std: 0.006848988609248287
training/action_error: 0.07359204441308975
================================================================================
Iteration 11
target_2.0_return_mean: 492.7554500575229
target_2.0_return_std: 281.82150091526836
target_2.0_lenght_mean: 361.16
target_2.0_lenght_std: 199.06540231793167
target_328.10526315789474_return_mean: 578.8769936867174
target_328.10526315789474_return_std: 298.46058965879047
target_328.10526315789474_lenght_mean: 365.72
target_328.10526315789474_lenght_std: 220.64446877272948
target_654.2105263157895_return_mean: 467.67145231567963
target_654.2105263157895_return_std: 393.16635818331923
target_654.2105263157895_lenght_mean: 313.36
target_654.2105263157895_lenght_std: 220.70258358252173
target_980.3157894736842_return_mean: 1152.599047809452
target_980.3157894736842_return_std: 804.4860869611229
target_980.3157894736842_lenght_mean: 402.63
target_980.3157894736842_lenght_std: 224.10634328371876
target_1306.421052631579_return_mean: 1488.3481006923143
target_1306.421052631579_return_std: 1017.5290568531383
target_1306.421052631579_lenght_mean: 460.18
target_1306.421052631579_lenght_std: 253.81514454421352
target_1632.5263157894738_return_mean: 1835.5703903661672
target_1632.5263157894738_return_std: 884.5297593789616
target_1632.5263157894738_lenght_mean: 548.74
target_1632.5263157894738_lenght_std: 233.2150775571768
target_1958.6315789473683_return_mean: 2059.588899350901
target_1958.6315789473683_return_std: 974.2824529355555
target_1958.6315789473683_lenght_mean: 580.79
target_1958.6315789473683_lenght_std: 268.5840388035
target_2284.7368421052633_return_mean: 2258.7913184268145
target_2284.7368421052633_return_std: 1036.4772853609165
target_2284.7368421052633_lenght_mean: 644.63
target_2284.7368421052633_lenght_std: 276.8310912813082
target_2610.842105263158_return_mean: 2327.3476838304823
target_2610.842105263158_return_std: 1086.5200505245539
target_2610.842105263158_lenght_mean: 660.91
target_2610.842105263158_lenght_std: 286.09862268106076
target_2936.9473684210525_return_mean: 2297.5661296059643
target_2936.9473684210525_return_std: 1082.9638814372497
target_2936.9473684210525_lenght_mean: 651.61
target_2936.9473684210525_lenght_std: 286.385226399687
target_3263.0526315789475_return_mean: 2520.948718423301
target_3263.0526315789475_return_std: 1099.052885837291
target_3263.0526315789475_lenght_mean: 704.74
target_3263.0526315789475_lenght_std: 288.95551976039496
target_3589.157894736842_return_mean: 2550.437591905595
target_3589.157894736842_return_std: 991.7279371111069
target_3589.157894736842_lenght_mean: 722.29
target_3589.157894736842_lenght_std: 264.08897345402363
target_3915.2631578947367_return_mean: 2331.5617310244766
target_3915.2631578947367_return_std: 1016.245265234402
target_3915.2631578947367_lenght_mean: 658.01
target_3915.2631578947367_lenght_std: 263.8605880005576
target_4241.368421052632_return_mean: 2582.7675622916713
target_4241.368421052632_return_std: 1088.5898995441255
target_4241.368421052632_lenght_mean: 738.34
target_4241.368421052632_lenght_std: 285.55364539784813
target_4567.473684210527_return_mean: 2612.5832636580208
target_4567.473684210527_return_std: 1083.867723376343
target_4567.473684210527_lenght_mean: 740.42
target_4567.473684210527_lenght_std: 281.1183800465562
target_4893.578947368421_return_mean: 2686.426193847838
target_4893.578947368421_return_std: 987.8810004099369
target_4893.578947368421_lenght_mean: 737.04
target_4893.578947368421_lenght_std: 256.1890286487694
target_5219.684210526316_return_mean: 2582.5573454794744
target_5219.684210526316_return_std: 1090.3343758551644
target_5219.684210526316_lenght_mean: 715.79
target_5219.684210526316_lenght_std: 279.20545463869433
target_5545.789473684211_return_mean: 2414.22385413814
target_5545.789473684211_return_std: 1097.2447998802659
target_5545.789473684211_lenght_mean: 676.89
target_5545.789473684211_lenght_std: 289.84357488134873
target_5871.894736842105_return_mean: 2558.6500421058795
target_5871.894736842105_return_std: 1055.9216718233954
target_5871.894736842105_lenght_mean: 709.94
target_5871.894736842105_lenght_std: 271.5611467054888
target_6198.0_return_mean: 2491.511477359971
target_6198.0_return_std: 1067.1451315989498
target_6198.0_lenght_mean: 695.7
target_6198.0_lenght_std: 282.06958361368925
time/evaluation: 3944.890684604645
target_training/action_erro_mean: 0.07359204441308975
target_training/action_erro_std: 0.0
================================================================================
Iteration 12
time/training: 922.7754347324371
training/train_loss_mean: 0.08178833114355802
training/train_loss_std: 0.006646474517327955
training/action_error: 0.07117978483438492
================================================================================
Iteration 12
target_2.0_return_mean: 306.0351260588101
target_2.0_return_std: 185.71213093749319
target_2.0_lenght_mean: 177.94
target_2.0_lenght_std: 178.9630587579459
target_328.10526315789474_return_mean: 570.3687023435072
target_328.10526315789474_return_std: 429.79865665979634
target_328.10526315789474_lenght_mean: 266.0
target_328.10526315789474_lenght_std: 141.93914188834594
target_654.2105263157895_return_mean: 1130.8518617285038
target_654.2105263157895_return_std: 893.0467033953786
target_654.2105263157895_lenght_mean: 410.04
target_654.2105263157895_lenght_std: 266.85029211151334
target_980.3157894736842_return_mean: 1772.8318050678472
target_980.3157894736842_return_std: 1068.4156106738092
target_980.3157894736842_lenght_mean: 514.35
target_980.3157894736842_lenght_std: 286.62391299401384
target_1306.421052631579_return_mean: 2023.8938324821172
target_1306.421052631579_return_std: 1175.4076140660177
target_1306.421052631579_lenght_mean: 565.95
target_1306.421052631579_lenght_std: 305.2182620683107
target_1632.5263157894738_return_mean: 2111.0507960763084
target_1632.5263157894738_return_std: 1245.192807590707
target_1632.5263157894738_lenght_mean: 579.2
target_1632.5263157894738_lenght_std: 316.25024901175965
target_1958.6315789473683_return_mean: 2395.1285208153395
target_1958.6315789473683_return_std: 1243.554757728575
target_1958.6315789473683_lenght_mean: 635.14
target_1958.6315789473683_lenght_std: 303.6992268676363
target_2284.7368421052633_return_mean: 2192.0908191332987
target_2284.7368421052633_return_std: 1390.927534572697
target_2284.7368421052633_lenght_mean: 584.99
target_2284.7368421052633_lenght_std: 332.7406946858169
target_2610.842105263158_return_mean: 2466.5896895106644
target_2610.842105263158_return_std: 1337.7185026120476
target_2610.842105263158_lenght_mean: 648.51
target_2610.842105263158_lenght_std: 320.5118872990517
target_2936.9473684210525_return_mean: 2823.3118892946304
target_2936.9473684210525_return_std: 1303.9006301959244
target_2936.9473684210525_lenght_mean: 741.23
target_2936.9473684210525_lenght_std: 312.5826564286637
target_3263.0526315789475_return_mean: 2524.7595447463013
target_3263.0526315789475_return_std: 1276.7352227682109
target_3263.0526315789475_lenght_mean: 680.35
target_3263.0526315789475_lenght_std: 314.21401544170493
target_3589.157894736842_return_mean: 2739.246804587325
target_3589.157894736842_return_std: 1193.9755233587043
target_3589.157894736842_lenght_mean: 730.4
target_3589.157894736842_lenght_std: 293.53640319387983
target_3915.2631578947367_return_mean: 2285.1366301534604
target_3915.2631578947367_return_std: 1328.920736418022
target_3915.2631578947367_lenght_mean: 612.87
target_3915.2631578947367_lenght_std: 320.75974357765034
target_4241.368421052632_return_mean: 2646.982752485876
target_4241.368421052632_return_std: 1392.1252281059524
target_4241.368421052632_lenght_mean: 694.07
target_4241.368421052632_lenght_std: 329.43856043274593
target_4567.473684210527_return_mean: 2439.073298695449
target_4567.473684210527_return_std: 1448.375116094396
target_4567.473684210527_lenght_mean: 648.85
target_4567.473684210527_lenght_std: 346.8020869314371
target_4893.578947368421_return_mean: 2781.021058994159
target_4893.578947368421_return_std: 1264.705437850896
target_4893.578947368421_lenght_mean: 714.58
target_4893.578947368421_lenght_std: 293.3214680176001
target_5219.684210526316_return_mean: 2662.5709623087328
target_5219.684210526316_return_std: 1342.0640026210897
target_5219.684210526316_lenght_mean: 701.97
target_5219.684210526316_lenght_std: 324.10370115134447
target_5545.789473684211_return_mean: 2615.540930722581
target_5545.789473684211_return_std: 1390.1354290730073
target_5545.789473684211_lenght_mean: 700.28
target_5545.789473684211_lenght_std: 339.9977964634477
target_5871.894736842105_return_mean: 2624.8262140121665
target_5871.894736842105_return_std: 1302.2241591928612
target_5871.894736842105_lenght_mean: 697.21
target_5871.894736842105_lenght_std: 316.4836897851136
target_6198.0_return_mean: 2930.134726385886
target_6198.0_return_std: 1324.7832920115536
target_6198.0_lenght_mean: 754.89
target_6198.0_lenght_std: 314.1727516828918
time/evaluation: 3896.844282388687
target_training/action_erro_mean: 0.07117978483438492
target_training/action_erro_std: 0.0

------------------------------------------------------------
Sender: LSF System <lsfadmin@hpc.dtu.dk>
Subject: Job 13686854: <DT-walker> in cluster <dcc> Done

Job <DT-walker> was submitted from host <n-62-30-2> by user <s204131> in cluster <dcc> at Wed Jun  8 13:11:59 2022
Job was executed on host(s) <4*n-62-20-14>, in queue <gpuv100>, as user <s204131> in cluster <dcc> at Wed Jun  8 13:12:01 2022
</zhome/94/3/155767> was used as the home directory.
</zhome/94/3/155767/decision_transformer/gym> was used as the working directory.
Started at Wed Jun  8 13:12:01 2022
Terminated at Wed Jun  8 21:47:24 2022
Results reported at Wed Jun  8 21:47:24 2022

Your job looked like:

------------------------------------------------------------
# LSBATCH: User input
#!/bin/sh
#BSUB -J DT-walker
#BSUB -o DT-walker_%J.out
#BSUB -e DT-walker_%J.err
#BSUB -q gpuv100
#BSUB -gpu "num=1:mode=exclusive_process"
#BSUB -n 4
#BSUB -R "rusage[mem=4G]"
#BSUB -R "span[hosts=1]"
#BSUB -W 15:00
# end of BSUB options


# load CUDA (for GPU support)

# activate the virtual environment
source $HOME/miniconda3/envs/decision-transformer-gym/bin/activate

wandb on
echo 'cad8b043f3731a2c453efd8f61915e186ac93ac3' | wandb login

python experiment_single_reward.py --env 'walker2d' --dataset 'medium_replay' --seed 45  --save_iters '8,10,12' --eval_iters '8,9,10,11,12' --max_iters 12 --device 'cuda' --log_to_wandb True

------------------------------------------------------------

Successfully completed.

Resource usage summary:

    CPU time :                                   30970.61 sec.
    Max Memory :                                 2465 MB
    Average Memory :                             2453.46 MB
    Total Requested Memory :                     16384.00 MB
    Delta Memory :                               13919.00 MB
    Max Swap :                                   -
    Max Processes :                              6
    Max Threads :                                21
    Run time :                                   31014 sec.
    Turnaround time :                            30925 sec.

The output (if any) is above this job summary.



PS:

Read file <DT-walker_13686854.err> for stderr output of this job.

