W&B enabled, running your script from this directory will now sync to the cloud.
Disabling Weights & Biases. Run 'wandb login' again to re-enable.
Creating states list
==================================================
Starting new experiment: walker2d medium_replay
1093 trajectories, 302000 timesteps found
Average return: 682.70, std: 895.96
Max return: 4132.00, min: -50.20
==================================================
================================================================================
Iteration 1
time/training: 906.4763789176941
training/train_loss_mean: 0.2055090693064034
training/train_loss_std: 0.11215131658114694
training/action_error: 0.1374136209487915
================================================================================
Iteration 2
time/training: 947.9372172355652
training/train_loss_mean: 0.12371892910301685
training/train_loss_std: 0.012620765229843298
training/action_error: 0.11374930292367935
================================================================================
Iteration 3
time/training: 959.7595994472504
training/train_loss_mean: 0.10922110301107169
training/train_loss_std: 0.010014198277648802
training/action_error: 0.11638642102479935
================================================================================
Iteration 4
time/training: 906.0206806659698
training/train_loss_mean: 0.10178096313029528
training/train_loss_std: 0.0092034220824473
training/action_error: 0.10601893067359924
================================================================================
Iteration 5
time/training: 1110.510974407196
training/train_loss_mean: 0.09691942551434041
training/train_loss_std: 0.008591086577375725
training/action_error: 0.08497985452413559
================================================================================
Iteration 6
time/training: 1051.893218755722
training/train_loss_mean: 0.09318248591646552
training/train_loss_std: 0.007994312482019074
training/action_error: 0.09169013053178787
================================================================================
Iteration 7
time/training: 907.5917692184448
training/train_loss_mean: 0.09030057900696993
training/train_loss_std: 0.00769612939813796
training/action_error: 0.09995833039283752
================================================================================
Iteration 8
time/training: 1091.6140036582947
training/train_loss_mean: 0.08804029699489474
training/train_loss_std: 0.007410912740041311
training/action_error: 0.08873675763607025
================================================================================
Iteration 8
target_2.0_return_mean: 268.75164228263094
target_2.0_return_std: 8.927412992489735
target_2.0_lenght_mean: 148.84
target_2.0_lenght_std: 6.706295549705516
target_328.10526315789474_return_mean: 338.11687937981253
target_328.10526315789474_return_std: 375.37221246171936
target_328.10526315789474_lenght_mean: 151.49
target_328.10526315789474_lenght_std: 90.76976313729148
target_654.2105263157895_return_mean: 493.93656107477113
target_654.2105263157895_return_std: 485.15291122845343
target_654.2105263157895_lenght_mean: 225.03
target_654.2105263157895_lenght_std: 137.7899455693339
target_980.3157894736842_return_mean: 806.2805159956853
target_980.3157894736842_return_std: 761.3290512701545
target_980.3157894736842_lenght_mean: 296.34
target_980.3157894736842_lenght_std: 223.92620302233505
target_1306.421052631579_return_mean: 1685.218099015526
target_1306.421052631579_return_std: 838.1800556700006
target_1306.421052631579_lenght_mean: 512.07
target_1306.421052631579_lenght_std: 219.66102316979226
target_1632.5263157894738_return_mean: 2160.4483308374033
target_1632.5263157894738_return_std: 927.1260629773396
target_1632.5263157894738_lenght_mean: 640.82
target_1632.5263157894738_lenght_std: 228.43193209356696
target_1958.6315789473683_return_mean: 2046.5469336444712
target_1958.6315789473683_return_std: 1022.6834654586218
target_1958.6315789473683_lenght_mean: 584.85
target_1958.6315789473683_lenght_std: 268.3862654831651
target_2284.7368421052633_return_mean: 2139.371347482614
target_2284.7368421052633_return_std: 1094.5282093720562
target_2284.7368421052633_lenght_mean: 584.33
target_2284.7368421052633_lenght_std: 269.37646723498324
target_2610.842105263158_return_mean: 2266.906577120919
target_2610.842105263158_return_std: 1020.179456734861
target_2610.842105263158_lenght_mean: 620.41
target_2610.842105263158_lenght_std: 260.74194503378243
target_2936.9473684210525_return_mean: 2589.3038545194368
target_2936.9473684210525_return_std: 971.6680511384536
target_2936.9473684210525_lenght_mean: 705.6
target_2936.9473684210525_lenght_std: 250.79944178566268
target_3263.0526315789475_return_mean: 2553.939008337935
target_3263.0526315789475_return_std: 999.2610331495151
target_3263.0526315789475_lenght_mean: 697.59
target_3263.0526315789475_lenght_std: 257.757215029958
target_3589.157894736842_return_mean: 2417.281836277177
target_3589.157894736842_return_std: 1072.1217804075068
target_3589.157894736842_lenght_mean: 660.85
target_3589.157894736842_lenght_std: 266.06944112392915
target_3915.2631578947367_return_mean: 2655.8560253651003
target_3915.2631578947367_return_std: 901.0876334339572
target_3915.2631578947367_lenght_mean: 745.94
target_3915.2631578947367_lenght_std: 245.1384841268298
target_4241.368421052632_return_mean: 2680.5811277150733
target_4241.368421052632_return_std: 994.2433838210534
target_4241.368421052632_lenght_mean: 726.0
target_4241.368421052632_lenght_std: 246.75502021235556
target_4567.473684210527_return_mean: 2672.8073931555264
target_4567.473684210527_return_std: 1056.197639765052
target_4567.473684210527_lenght_mean: 732.91
target_4567.473684210527_lenght_std: 274.789158992854
target_4893.578947368421_return_mean: 2745.203770108082
target_4893.578947368421_return_std: 1059.490601392744
target_4893.578947368421_lenght_mean: 755.93
target_4893.578947368421_lenght_std: 281.64794531471375
target_5219.684210526316_return_mean: 2543.002624864646
target_5219.684210526316_return_std: 1086.799902633758
target_5219.684210526316_lenght_mean: 733.88
target_5219.684210526316_lenght_std: 294.98383955735613
target_5545.789473684211_return_mean: 2703.0411038400025
target_5545.789473684211_return_std: 986.1016236512498
target_5545.789473684211_lenght_mean: 773.12
target_5545.789473684211_lenght_std: 257.45439518485597
target_5871.894736842105_return_mean: 2564.7045657414606
target_5871.894736842105_return_std: 1105.1488178773507
target_5871.894736842105_lenght_mean: 744.92
target_5871.894736842105_lenght_std: 284.2801674405022
target_6198.0_return_mean: 2563.3311567292867
target_6198.0_return_std: 1095.7598842647358
target_6198.0_lenght_mean: 752.16
target_6198.0_lenght_std: 293.13190614465697
time/evaluation: 4966.909408092499
target_training/action_erro_mean: 0.08873675763607025
target_training/action_erro_std: 0.0
================================================================================
Iteration 9
time/training: 1138.705334663391
training/train_loss_mean: 0.08610672973543405
training/train_loss_std: 0.0071152482241797245
training/action_error: 0.09300819784402847
================================================================================
Iteration 9
target_2.0_return_mean: 270.84583858587405
target_2.0_return_std: 11.931810733584841
target_2.0_lenght_mean: 155.35
target_2.0_lenght_std: 11.252888518065038
target_328.10526315789474_return_mean: 240.0430828233423
target_328.10526315789474_return_std: 30.632888869698796
target_328.10526315789474_lenght_mean: 119.42
target_328.10526315789474_lenght_std: 8.007721273870613
target_654.2105263157895_return_mean: 514.0547301455388
target_654.2105263157895_return_std: 351.9774549000164
target_654.2105263157895_lenght_mean: 210.93
target_654.2105263157895_lenght_std: 83.03207271891988
target_980.3157894736842_return_mean: 1045.9671216569423
target_980.3157894736842_return_std: 902.025097398948
target_980.3157894736842_lenght_mean: 332.73
target_980.3157894736842_lenght_std: 223.05536779015202
target_1306.421052631579_return_mean: 1597.536352996846
target_1306.421052631579_return_std: 1135.4243001902944
target_1306.421052631579_lenght_mean: 468.37
target_1306.421052631579_lenght_std: 279.21567488233893
target_1632.5263157894738_return_mean: 1637.8980433559962
target_1632.5263157894738_return_std: 1142.471032880246
target_1632.5263157894738_lenght_mean: 475.98
target_1632.5263157894738_lenght_std: 278.92988294551736
target_1958.6315789473683_return_mean: 2028.6266875636074
target_1958.6315789473683_return_std: 1157.8971921509742
target_1958.6315789473683_lenght_mean: 569.41
target_1958.6315789473683_lenght_std: 291.2447113682925
target_2284.7368421052633_return_mean: 2446.906612669988
target_2284.7368421052633_return_std: 1051.34435145333
target_2284.7368421052633_lenght_mean: 679.4
target_2284.7368421052633_lenght_std: 269.81960640398245
target_2610.842105263158_return_mean: 2727.354123047829
target_2610.842105263158_return_std: 866.0979414680752
target_2610.842105263158_lenght_mean: 757.89
target_2610.842105263158_lenght_std: 227.89791113566616
target_2936.9473684210525_return_mean: 2834.707607793975
target_2936.9473684210525_return_std: 917.9027189376711
target_2936.9473684210525_lenght_mean: 796.84
target_2936.9473684210525_lenght_std: 252.12130889712597
target_3263.0526315789475_return_mean: 2423.287105486807
target_3263.0526315789475_return_std: 1098.585859290574
target_3263.0526315789475_lenght_mean: 691.49
target_3263.0526315789475_lenght_std: 304.826196216795
target_3589.157894736842_return_mean: 2321.311010224037
target_3589.157894736842_return_std: 1314.8610675754271
target_3589.157894736842_lenght_mean: 658.87
target_3589.157894736842_lenght_std: 356.13990663782675
target_3915.2631578947367_return_mean: 2307.888806007152
target_3915.2631578947367_return_std: 1247.497013661984
target_3915.2631578947367_lenght_mean: 639.59
target_3915.2631578947367_lenght_std: 330.0348192236692
target_4241.368421052632_return_mean: 2445.375698192979
target_4241.368421052632_return_std: 1253.7217427809114
target_4241.368421052632_lenght_mean: 671.16
target_4241.368421052632_lenght_std: 328.25254667709737
target_4567.473684210527_return_mean: 2474.3168095736164
target_4567.473684210527_return_std: 1226.8496145434485
target_4567.473684210527_lenght_mean: 683.25
target_4567.473684210527_lenght_std: 323.756957454199
target_4893.578947368421_return_mean: 2641.4561243774383
target_4893.578947368421_return_std: 1213.884970483764
target_4893.578947368421_lenght_mean: 716.93
target_4893.578947368421_lenght_std: 315.70129093812716
target_5219.684210526316_return_mean: 2843.44037667563
target_5219.684210526316_return_std: 1027.8300245209787
target_5219.684210526316_lenght_mean: 768.19
target_5219.684210526316_lenght_std: 268.77394572391125
target_5545.789473684211_return_mean: 2713.715013225831
target_5545.789473684211_return_std: 1008.7772361668634
target_5545.789473684211_lenght_mean: 742.82
target_5545.789473684211_lenght_std: 267.5392823493402
target_5871.894736842105_return_mean: 2956.784204620082
target_5871.894736842105_return_std: 933.502615784746
target_5871.894736842105_lenght_mean: 797.85
target_5871.894736842105_lenght_std: 239.98884869926766
target_6198.0_return_mean: 2907.995101247983
target_6198.0_return_std: 918.9358006396031
target_6198.0_lenght_mean: 784.54
target_6198.0_lenght_std: 238.61640429777663
time/evaluation: 4938.924957513809
target_training/action_erro_mean: 0.09300819784402847
target_training/action_erro_std: 0.0
================================================================================
Iteration 10
time/training: 1011.3762691020966
training/train_loss_mean: 0.08450348693169653
training/train_loss_std: 0.0070146754065851715
training/action_error: 0.08771128952503204
================================================================================
Iteration 10
target_2.0_return_mean: 256.68713556519475
target_2.0_return_std: 16.80869310027677
target_2.0_lenght_mean: 132.64
target_2.0_lenght_std: 6.111497361530969
target_328.10526315789474_return_mean: 707.5031080790021
target_328.10526315789474_return_std: 409.3284456077965
target_328.10526315789474_lenght_mean: 267.85
target_328.10526315789474_lenght_std: 97.48049804960989
target_654.2105263157895_return_mean: 808.4880535489924
target_654.2105263157895_return_std: 705.3302548660397
target_654.2105263157895_lenght_mean: 260.75
target_654.2105263157895_lenght_std: 168.7573628023382
target_980.3157894736842_return_mean: 1141.522057169998
target_980.3157894736842_return_std: 931.695836328504
target_980.3157894736842_lenght_mean: 346.03
target_980.3157894736842_lenght_std: 224.8279989236216
target_1306.421052631579_return_mean: 1599.0026648765402
target_1306.421052631579_return_std: 1092.974760875553
target_1306.421052631579_lenght_mean: 467.86
target_1306.421052631579_lenght_std: 268.69153391947424
target_1632.5263157894738_return_mean: 1779.4986639078606
target_1632.5263157894738_return_std: 1192.115433829249
target_1632.5263157894738_lenght_mean: 509.81
target_1632.5263157894738_lenght_std: 286.9475107053553
target_1958.6315789473683_return_mean: 1840.5100190328621
target_1958.6315789473683_return_std: 1195.0932101607802
target_1958.6315789473683_lenght_mean: 524.26
target_1958.6315789473683_lenght_std: 292.46656629433727
target_2284.7368421052633_return_mean: 1538.6894156839824
target_2284.7368421052633_return_std: 1135.7843190739775
target_2284.7368421052633_lenght_mean: 452.16
target_2284.7368421052633_lenght_std: 265.4218800325248
target_2610.842105263158_return_mean: 1346.168670558406
target_2610.842105263158_return_std: 1055.475686561809
target_2610.842105263158_lenght_mean: 418.06
target_2610.842105263158_lenght_std: 253.04172857455748
target_2936.9473684210525_return_mean: 1689.151208930027
target_2936.9473684210525_return_std: 1284.346166403473
target_2936.9473684210525_lenght_mean: 501.53
target_2936.9473684210525_lenght_std: 302.18449513500855
target_3263.0526315789475_return_mean: 1922.0019261217749
target_3263.0526315789475_return_std: 1154.9148296700564
target_3263.0526315789475_lenght_mean: 549.31
target_3263.0526315789475_lenght_std: 271.49938103060197
target_3589.157894736842_return_mean: 2029.1110526010493
target_3589.157894736842_return_std: 1251.6328519686774
target_3589.157894736842_lenght_mean: 576.51
target_3589.157894736842_lenght_std: 300.86736263676056
target_3915.2631578947367_return_mean: 2190.472081424288
target_3915.2631578947367_return_std: 1259.2678861449824
target_3915.2631578947367_lenght_mean: 609.76
target_3915.2631578947367_lenght_std: 301.43055983095013
target_4241.368421052632_return_mean: 2411.6759461194383
target_4241.368421052632_return_std: 1182.3714232544894
target_4241.368421052632_lenght_mean: 663.74
target_4241.368421052632_lenght_std: 286.0007909079973
target_4567.473684210527_return_mean: 1996.0530155343668
target_4567.473684210527_return_std: 1270.3283177850703
target_4567.473684210527_lenght_mean: 560.16
target_4567.473684210527_lenght_std: 309.6537007691011
target_4893.578947368421_return_mean: 2070.528811418917
target_4893.578947368421_return_std: 1229.9096992554857
target_4893.578947368421_lenght_mean: 570.4
target_4893.578947368421_lenght_std: 293.6826518540038
target_5219.684210526316_return_mean: 2440.677750712069
target_5219.684210526316_return_std: 1175.3441492968939
target_5219.684210526316_lenght_mean: 668.09
target_5219.684210526316_lenght_std: 291.1924138778344
target_5545.789473684211_return_mean: 2454.1992504591954
target_5545.789473684211_return_std: 1093.5490227000182
target_5545.789473684211_lenght_mean: 672.83
target_5545.789473684211_lenght_std: 269.56324137389356
target_5871.894736842105_return_mean: 2533.180542279838
target_5871.894736842105_return_std: 1163.9748661891178
target_5871.894736842105_lenght_mean: 689.33
target_5871.894736842105_lenght_std: 282.5741338127041
target_6198.0_return_mean: 2724.5449443287625
target_6198.0_return_std: 1179.9134165086639
target_6198.0_lenght_mean: 734.11
target_6198.0_lenght_std: 286.55417969382336
time/evaluation: 4291.942935466766
target_training/action_erro_mean: 0.08771128952503204
target_training/action_erro_std: 0.0
================================================================================
Iteration 11
time/training: 954.9323847293854
training/train_loss_mean: 0.08305826904512942
training/train_loss_std: 0.006760207810498598
training/action_error: 0.07515910267829895
================================================================================
Iteration 11
target_2.0_return_mean: 371.10958023882625
target_2.0_return_std: 184.40473667611272
target_2.0_lenght_mean: 200.67
target_2.0_lenght_std: 66.42063760609349
target_328.10526315789474_return_mean: 269.9004435284532
target_328.10526315789474_return_std: 207.61085158616066
target_328.10526315789474_lenght_mean: 132.46
target_328.10526315789474_lenght_std: 62.541093690468834
target_654.2105263157895_return_mean: 1464.0547479040645
target_654.2105263157895_return_std: 1078.3213902713464
target_654.2105263157895_lenght_mean: 451.45
target_654.2105263157895_lenght_std: 292.84290583860826
target_980.3157894736842_return_mean: 1715.6810550002708
target_980.3157894736842_return_std: 1033.4035117824967
target_980.3157894736842_lenght_mean: 526.37
target_980.3157894736842_lenght_std: 269.5356620189618
target_1306.421052631579_return_mean: 2407.034373839078
target_1306.421052631579_return_std: 940.4159409065073
target_1306.421052631579_lenght_mean: 690.9
target_1306.421052631579_lenght_std: 251.39309855284412
target_1632.5263157894738_return_mean: 2407.627094200466
target_1632.5263157894738_return_std: 896.8397534959762
target_1632.5263157894738_lenght_mean: 692.1
target_1632.5263157894738_lenght_std: 234.49522383195784
target_1958.6315789473683_return_mean: 2364.7513565368868
target_1958.6315789473683_return_std: 966.7382639816532
target_1958.6315789473683_lenght_mean: 705.04
target_1958.6315789473683_lenght_std: 256.05577204976265
target_2284.7368421052633_return_mean: 2532.0964747477997
target_2284.7368421052633_return_std: 850.5627154507105
target_2284.7368421052633_lenght_mean: 736.06
target_2284.7368421052633_lenght_std: 229.20531494710153
target_2610.842105263158_return_mean: 2843.8959849317653
target_2610.842105263158_return_std: 756.6048758795073
target_2610.842105263158_lenght_mean: 822.29
target_2610.842105263158_lenght_std: 202.9316286338825
target_2936.9473684210525_return_mean: 2877.7167974591944
target_2936.9473684210525_return_std: 711.2059217761824
target_2936.9473684210525_lenght_mean: 856.18
target_2936.9473684210525_lenght_std: 199.58373581031097
target_3263.0526315789475_return_mean: 2817.3685369330287
target_3263.0526315789475_return_std: 732.8183242600354
target_3263.0526315789475_lenght_mean: 830.0
target_3263.0526315789475_lenght_std: 211.41002814436214
target_3589.157894736842_return_mean: 2897.466417190155
target_3589.157894736842_return_std: 735.820575256619
target_3589.157894736842_lenght_mean: 842.62
target_3589.157894736842_lenght_std: 210.7278235070063
target_3915.2631578947367_return_mean: 2977.5072518240545
target_3915.2631578947367_return_std: 794.0052400891663
target_3915.2631578947367_lenght_mean: 874.5
target_3915.2631578947367_lenght_std: 210.77687254535303
target_4241.368421052632_return_mean: 3035.145830662988
target_4241.368421052632_return_std: 601.1077615511292
target_4241.368421052632_lenght_mean: 902.6
target_4241.368421052632_lenght_std: 173.84820965428432
target_4567.473684210527_return_mean: 2812.140409588808
target_4567.473684210527_return_std: 818.8605413399157
target_4567.473684210527_lenght_mean: 843.76
target_4567.473684210527_lenght_std: 232.16636793472045
target_4893.578947368421_return_mean: 2926.2597769210497
target_4893.578947368421_return_std: 783.0745553958291
target_4893.578947368421_lenght_mean: 848.63
target_4893.578947368421_lenght_std: 209.2519846978757
target_5219.684210526316_return_mean: 3080.633638676838
target_5219.684210526316_return_std: 616.9088821246856
target_5219.684210526316_lenght_mean: 907.69
target_5219.684210526316_lenght_std: 167.36419539435548
target_5545.789473684211_return_mean: 2905.463006346194
target_5545.789473684211_return_std: 735.9500519136368
target_5545.789473684211_lenght_mean: 871.47
target_5545.789473684211_lenght_std: 209.6929400337551
target_5871.894736842105_return_mean: 3035.0894763151773
target_5871.894736842105_return_std: 807.0001477136251
target_5871.894736842105_lenght_mean: 885.17
target_5871.894736842105_lenght_std: 220.24904335774082
target_6198.0_return_mean: 2966.0561512266977
target_6198.0_return_std: 882.6968313161107
target_6198.0_lenght_mean: 851.35
target_6198.0_lenght_std: 239.43004719541784
time/evaluation: 4773.901262521744
target_training/action_erro_mean: 0.07515910267829895
target_training/action_erro_std: 0.0
================================================================================
Iteration 12
time/training: 1074.941034078598
training/train_loss_mean: 0.08178115277811884
training/train_loss_std: 0.006631263727782408
training/action_error: 0.07836277037858963
================================================================================
Iteration 12
target_2.0_return_mean: 340.94590916338717
target_2.0_return_std: 335.4985988344827
target_2.0_lenght_mean: 233.96
target_2.0_lenght_std: 132.67651789220275
target_328.10526315789474_return_mean: 237.9100098640145
target_328.10526315789474_return_std: 25.044096794138955
target_328.10526315789474_lenght_mean: 122.51
target_328.10526315789474_lenght_std: 9.46730690323283
target_654.2105263157895_return_mean: 591.4294711777432
target_654.2105263157895_return_std: 479.45069354154367
target_654.2105263157895_lenght_mean: 228.6
target_654.2105263157895_lenght_std: 113.9205863748954
target_980.3157894736842_return_mean: 1197.8943746216733
target_980.3157894736842_return_std: 712.5923041018557
target_980.3157894736842_lenght_mean: 370.61
target_980.3157894736842_lenght_std: 178.62418061393592
target_1306.421052631579_return_mean: 1827.2717099937893
target_1306.421052631579_return_std: 818.7245060200495
target_1306.421052631579_lenght_mean: 520.43
target_1306.421052631579_lenght_std: 204.4325930471949
target_1632.5263157894738_return_mean: 1977.483749340117
target_1632.5263157894738_return_std: 812.9228780697114
target_1632.5263157894738_lenght_mean: 560.36
target_1632.5263157894738_lenght_std: 198.92212144454925
target_1958.6315789473683_return_mean: 1621.7497676716673
target_1958.6315789473683_return_std: 749.8049472923954
target_1958.6315789473683_lenght_mean: 488.27
target_1958.6315789473683_lenght_std: 203.33646279012527
target_2284.7368421052633_return_mean: 1711.085819751541
target_2284.7368421052633_return_std: 896.9674380833295
target_2284.7368421052633_lenght_mean: 507.19
target_2284.7368421052633_lenght_std: 209.86541854245542
target_2610.842105263158_return_mean: 1728.7272068600919
target_2610.842105263158_return_std: 780.2099850578088
target_2610.842105263158_lenght_mean: 484.55
target_2610.842105263158_lenght_std: 184.94520134353314
target_2936.9473684210525_return_mean: 1737.4173475520336
target_2936.9473684210525_return_std: 904.6318956845976
target_2936.9473684210525_lenght_mean: 491.96
target_2936.9473684210525_lenght_std: 220.58326863114527
target_3263.0526315789475_return_mean: 1578.0271795074984
target_3263.0526315789475_return_std: 865.0139000171448
target_3263.0526315789475_lenght_mean: 421.95
target_3263.0526315789475_lenght_std: 211.32289866457918
target_3589.157894736842_return_mean: 1576.8839870235952
target_3589.157894736842_return_std: 1006.2047793790804
target_3589.157894736842_lenght_mean: 425.39
target_3589.157894736842_lenght_std: 256.52395190313126
target_3915.2631578947367_return_mean: 1520.7746214137392
target_3915.2631578947367_return_std: 955.6221200009771
target_3915.2631578947367_lenght_mean: 412.76
target_3915.2631578947367_lenght_std: 246.09250780956333
target_4241.368421052632_return_mean: 1460.6203087011488
target_4241.368421052632_return_std: 928.990668581571
target_4241.368421052632_lenght_mean: 392.09
target_4241.368421052632_lenght_std: 230.7637794368952
target_4567.473684210527_return_mean: 1547.8560258807559
target_4567.473684210527_return_std: 1106.1485473951277
target_4567.473684210527_lenght_mean: 416.23
target_4567.473684210527_lenght_std: 274.0667748925433
target_4893.578947368421_return_mean: 1657.9535161438398
target_4893.578947368421_return_std: 1009.5317239629032
target_4893.578947368421_lenght_mean: 444.53
target_4893.578947368421_lenght_std: 252.9555081432306
target_5219.684210526316_return_mean: 1820.442800711122
target_5219.684210526316_return_std: 909.6118319322151
target_5219.684210526316_lenght_mean: 483.33
target_5219.684210526316_lenght_std: 229.42463054345322
target_5545.789473684211_return_mean: 1679.722540798657
target_5545.789473684211_return_std: 841.4523477538844
target_5545.789473684211_lenght_mean: 457.53
target_5545.789473684211_lenght_std: 218.79014854421575
target_5871.894736842105_return_mean: 2009.5260128480777
target_5871.894736842105_return_std: 952.2448067689116
target_5871.894736842105_lenght_mean: 532.39
target_5871.894736842105_lenght_std: 240.97829342079757
target_6198.0_return_mean: 2138.793995789294
target_6198.0_return_std: 954.071038680474
target_6198.0_lenght_mean: 562.43
target_6198.0_lenght_std: 233.99167741609958
time/evaluation: 3616.06702542305
target_training/action_erro_mean: 0.07836277037858963
target_training/action_erro_std: 0.0

------------------------------------------------------------
Sender: LSF System <lsfadmin@hpc.dtu.dk>
Subject: Job 13686858: <DT-walker> in cluster <dcc> Done

Job <DT-walker> was submitted from host <n-62-30-2> by user <s204131> in cluster <dcc> at Wed Jun  8 13:12:30 2022
Job was executed on host(s) <4*n-62-20-14>, in queue <gpuv100>, as user <s204131> in cluster <dcc> at Wed Jun  8 13:12:32 2022
</zhome/94/3/155767> was used as the home directory.
</zhome/94/3/155767/decision_transformer/gym> was used as the working directory.
Started at Wed Jun  8 13:12:32 2022
Terminated at Wed Jun  8 22:50:44 2022
Results reported at Wed Jun  8 22:50:44 2022

Your job looked like:

------------------------------------------------------------
# LSBATCH: User input
#!/bin/sh
#BSUB -J DT-walker
#BSUB -o DT-walker_%J.out
#BSUB -e DT-walker_%J.err
#BSUB -q gpuv100
#BSUB -gpu "num=1:mode=exclusive_process"
#BSUB -n 4
#BSUB -R "rusage[mem=4G]"
#BSUB -R "span[hosts=1]"
#BSUB -W 15:00
# end of BSUB options


# load CUDA (for GPU support)

# activate the virtual environment
source $HOME/miniconda3/envs/decision-transformer-gym/bin/activate

wandb on
echo 'cad8b043f3731a2c453efd8f61915e186ac93ac3' | wandb login

python experiment_single_reward.py --env 'walker2d' --dataset 'medium_replay' --seed 46  --save_iters '8,10,12' --eval_iters '8,9,10,11,12' --max_iters 12 --device 'cuda' --log_to_wandb True

------------------------------------------------------------

Successfully completed.

Resource usage summary:

    CPU time :                                   34785.28 sec.
    Max Memory :                                 2454 MB
    Average Memory :                             2444.34 MB
    Total Requested Memory :                     16384.00 MB
    Delta Memory :                               13930.00 MB
    Max Swap :                                   -
    Max Processes :                              6
    Max Threads :                                21
    Run time :                                   34692 sec.
    Turnaround time :                            34694 sec.

The output (if any) is above this job summary.



PS:

Read file <DT-walker_13686858.err> for stderr output of this job.

