W&B enabled, running your script from this directory will now sync to the cloud.
Disabling Weights & Biases. Run 'wandb login' again to re-enable.
Creating states list
==================================================
Starting new experiment: hopper medium
2186 trajectories, 999906 timesteps found
Average return: 1422.06, std: 378.95
Max return: 3222.36, min: 315.87
==================================================
================================================================================
Iteration 1
time/training: 860.6885454654694
training/train_loss_mean: 0.17011406799778342
training/train_loss_std: 0.10972781545184435
training/action_error: 0.09161122143268585
================================================================================
Iteration 2
time/training: 898.6579627990723
training/train_loss_mean: 0.08530134608522058
training/train_loss_std: 0.007512632907056898
training/action_error: 0.07765484601259232
================================================================================
Iteration 3
time/training: 809.0672016143799
training/train_loss_mean: 0.07470818437002599
training/train_loss_std: 0.005213934247031777
training/action_error: 0.07324442267417908
================================================================================
Iteration 4
time/training: 905.1666722297668
training/train_loss_mean: 0.0701449549857527
training/train_loss_std: 0.00482103722099261
training/action_error: 0.06807754933834076
================================================================================
Iteration 5
time/training: 880.4263029098511
training/train_loss_mean: 0.06742133329287171
training/train_loss_std: 0.004556863468702889
training/action_error: 0.07694490998983383
================================================================================
Iteration 6
time/training: 904.4937932491302
training/train_loss_mean: 0.0655136752486229
training/train_loss_std: 0.004508378989598766
training/action_error: 0.07063865661621094
================================================================================
Iteration 7
time/training: 826.1196875572205
training/train_loss_mean: 0.06410806180387735
training/train_loss_std: 0.0045143896914438715
training/action_error: 0.07825810462236404
================================================================================
Iteration 8
time/training: 745.619549036026
training/train_loss_mean: 0.0629909244120121
training/train_loss_std: 0.004401644799418407
training/action_error: 0.06063828617334366
================================================================================
Iteration 8
target_18.0_return_mean: 670.7269913758065
target_18.0_return_std: 296.00221659613277
target_18.0_lenght_mean: 244.28
target_18.0_lenght_std: 80.00950943481656
target_269.0526315789474_return_mean: 831.0009191911835
target_269.0526315789474_return_std: 434.44725210587256
target_269.0526315789474_lenght_mean: 288.4
target_269.0526315789474_lenght_std: 120.71909542404633
target_520.1052631578948_return_mean: 1405.173195852441
target_520.1052631578948_return_std: 180.58398495294438
target_520.1052631578948_lenght_mean: 447.66
target_520.1052631578948_lenght_std: 50.10732880527558
target_771.1578947368421_return_mean: 1490.366909327898
target_771.1578947368421_return_std: 206.87709582610458
target_771.1578947368421_lenght_mean: 471.07
target_771.1578947368421_lenght_std: 59.1461334323724
target_1022.2105263157895_return_mean: 1579.8413649302686
target_1022.2105263157895_return_std: 286.7765558843809
target_1022.2105263157895_lenght_mean: 499.33
target_1022.2105263157895_lenght_std: 84.14880331888267
target_1273.2631578947369_return_mean: 1769.1660716852157
target_1273.2631578947369_return_std: 311.1485162245637
target_1273.2631578947369_lenght_mean: 557.16
target_1273.2631578947369_lenght_std: 92.00170867978485
target_1524.3157894736842_return_mean: 1821.420395231001
target_1524.3157894736842_return_std: 246.81435931727952
target_1524.3157894736842_lenght_mean: 574.72
target_1524.3157894736842_lenght_std: 72.71410867225148
target_1775.3684210526317_return_mean: 1860.0558721616949
target_1775.3684210526317_return_std: 298.8942402532735
target_1775.3684210526317_lenght_mean: 585.4
target_1775.3684210526317_lenght_std: 86.83858589359916
target_2026.421052631579_return_mean: 1896.6360667792665
target_2026.421052631579_return_std: 285.9236243289062
target_2026.421052631579_lenght_mean: 595.77
target_2026.421052631579_lenght_std: 83.92614074291753
target_2277.4736842105262_return_mean: 1974.4691785698121
target_2277.4736842105262_return_std: 359.64492558705086
target_2277.4736842105262_lenght_mean: 617.86
target_2277.4736842105262_lenght_std: 105.28095934213366
target_2528.5263157894738_return_mean: 2035.5821726869376
target_2528.5263157894738_return_std: 329.46903073788263
target_2528.5263157894738_lenght_mean: 636.86
target_2528.5263157894738_lenght_std: 97.61762340889067
target_2779.5789473684213_return_mean: 2075.3810848329454
target_2779.5789473684213_return_std: 409.15564978675167
target_2779.5789473684213_lenght_mean: 646.33
target_2779.5789473684213_lenght_std: 121.25881864837707
target_3030.6315789473683_return_mean: 1997.8482699637068
target_3030.6315789473683_return_std: 355.43512383029486
target_3030.6315789473683_lenght_mean: 624.14
target_3030.6315789473683_lenght_std: 105.88682826489799
target_3281.684210526316_return_mean: 2066.6677782468482
target_3281.684210526316_return_std: 365.27322028614236
target_3281.684210526316_lenght_mean: 643.58
target_3281.684210526316_lenght_std: 108.5383047591955
target_3532.7368421052633_return_mean: 2050.296356797431
target_3532.7368421052633_return_std: 362.9910484008281
target_3532.7368421052633_lenght_mean: 638.3
target_3532.7368421052633_lenght_std: 108.22887784690369
target_3783.7894736842104_return_mean: 1981.5586976350614
target_3783.7894736842104_return_std: 354.5803514807248
target_3783.7894736842104_lenght_mean: 617.57
target_3783.7894736842104_lenght_std: 105.97596472785705
target_4034.842105263158_return_mean: 2040.1388160501247
target_4034.842105263158_return_std: 402.898184778566
target_4034.842105263158_lenght_mean: 635.89
target_4034.842105263158_lenght_std: 120.71080274772427
target_4285.894736842105_return_mean: 2007.3815132754441
target_4285.894736842105_return_std: 364.58222176194334
target_4285.894736842105_lenght_mean: 624.48
target_4285.894736842105_lenght_std: 107.16832367822127
target_4536.9473684210525_return_mean: 2067.5100494907033
target_4536.9473684210525_return_std: 377.5899190176723
target_4536.9473684210525_lenght_mean: 642.45
target_4536.9473684210525_lenght_std: 111.9718156501894
target_4788.0_return_mean: 2019.7268058464297
target_4788.0_return_std: 323.85373909674206
target_4788.0_lenght_mean: 627.48
target_4788.0_lenght_std: 94.7776851373782
time/evaluation: 3079.467139482498
target_training/action_erro_mean: 0.06063828617334366
target_training/action_erro_std: 0.0
================================================================================
Iteration 9
time/training: 879.3134732246399
training/train_loss_mean: 0.06210136580169201
training/train_loss_std: 0.004387949797116702
training/action_error: 0.05547051131725311
================================================================================
Iteration 9
target_18.0_return_mean: 805.2405065374478
target_18.0_return_std: 41.35709977300453
target_18.0_lenght_mean: 289.07
target_18.0_lenght_std: 11.302437790140672
target_269.0526315789474_return_mean: 672.0664087234072
target_269.0526315789474_return_std: 194.18771122831936
target_269.0526315789474_lenght_mean: 246.83
target_269.0526315789474_lenght_std: 52.12140731024058
target_520.1052631578948_return_mean: 687.0103657755822
target_520.1052631578948_return_std: 212.97918319873813
target_520.1052631578948_lenght_mean: 245.11
target_520.1052631578948_lenght_std: 50.96879339360507
target_771.1578947368421_return_mean: 1318.4775138184064
target_771.1578947368421_return_std: 386.0659792074614
target_771.1578947368421_lenght_mean: 421.51
target_771.1578947368421_lenght_std: 113.4537346234138
target_1022.2105263157895_return_mean: 1663.2710792069897
target_1022.2105263157895_return_std: 383.81447824136285
target_1022.2105263157895_lenght_mean: 525.58
target_1022.2105263157895_lenght_std: 114.20001576182028
target_1273.2631578947369_return_mean: 1757.1923528177942
target_1273.2631578947369_return_std: 212.48267924449124
target_1273.2631578947369_lenght_mean: 555.11
target_1273.2631578947369_lenght_std: 60.170905760176154
target_1524.3157894736842_return_mean: 1801.9540041073112
target_1524.3157894736842_return_std: 272.4874190349207
target_1524.3157894736842_lenght_mean: 568.13
target_1524.3157894736842_lenght_std: 78.27102337391533
target_1775.3684210526317_return_mean: 1824.1453312319243
target_1775.3684210526317_return_std: 216.56027606939708
target_1775.3684210526317_lenght_mean: 574.22
target_1775.3684210526317_lenght_std: 61.964276805269016
target_2026.421052631579_return_mean: 1862.9023097251268
target_2026.421052631579_return_std: 266.2120681237396
target_2026.421052631579_lenght_mean: 587.33
target_2026.421052631579_lenght_std: 76.13712038158522
target_2277.4736842105262_return_mean: 1886.069801457929
target_2277.4736842105262_return_std: 281.74382578320945
target_2277.4736842105262_lenght_mean: 593.35
target_2277.4736842105262_lenght_std: 81.43750671527218
target_2528.5263157894738_return_mean: 1937.546939642495
target_2528.5263157894738_return_std: 321.5321160622531
target_2528.5263157894738_lenght_mean: 609.73
target_2528.5263157894738_lenght_std: 93.36068283811981
target_2779.5789473684213_return_mean: 1917.2760520521872
target_2779.5789473684213_return_std: 282.29374411423794
target_2779.5789473684213_lenght_mean: 602.29
target_2779.5789473684213_lenght_std: 82.80208874177028
target_3030.6315789473683_return_mean: 1952.8311716562116
target_3030.6315789473683_return_std: 285.11314531897926
target_3030.6315789473683_lenght_mean: 612.76
target_3030.6315789473683_lenght_std: 84.1995391911381
target_3281.684210526316_return_mean: 2015.782122317707
target_3281.684210526316_return_std: 320.0399948190703
target_3281.684210526316_lenght_mean: 631.42
target_3281.684210526316_lenght_std: 94.53234155568136
target_3532.7368421052633_return_mean: 2045.8925078497214
target_3532.7368421052633_return_std: 410.2607807901857
target_3532.7368421052633_lenght_mean: 640.21
target_3532.7368421052633_lenght_std: 121.25281811158041
target_3783.7894736842104_return_mean: 2097.794854754321
target_3783.7894736842104_return_std: 368.0206265185413
target_3783.7894736842104_lenght_mean: 654.02
target_3783.7894736842104_lenght_std: 108.87139018125929
target_4034.842105263158_return_mean: 2049.1897510836684
target_4034.842105263158_return_std: 359.027315252481
target_4034.842105263158_lenght_mean: 640.31
target_4034.842105263158_lenght_std: 105.82388152019372
target_4285.894736842105_return_mean: 1992.387683759829
target_4285.894736842105_return_std: 309.3506463895557
target_4285.894736842105_lenght_mean: 623.93
target_4285.894736842105_lenght_std: 91.19399706121013
target_4536.9473684210525_return_mean: 2064.5700090711807
target_4536.9473684210525_return_std: 388.2763319298695
target_4536.9473684210525_lenght_mean: 645.68
target_4536.9473684210525_lenght_std: 115.03433226650208
target_4788.0_return_mean: 2071.730007162028
target_4788.0_return_std: 371.24751324314263
target_4788.0_lenght_mean: 647.03
target_4788.0_lenght_std: 110.06293245230204
time/evaluation: 3020.100198507309
target_training/action_erro_mean: 0.05547051131725311
target_training/action_erro_std: 0.0
================================================================================
Iteration 10
time/training: 723.5177781581879
training/train_loss_mean: 0.06135325629711151
training/train_loss_std: 0.004376049590491912
training/action_error: 0.05968569964170456
================================================================================
Iteration 10
target_18.0_return_mean: 1257.574822352003
target_18.0_return_std: 280.00743530407425
target_18.0_lenght_mean: 408.89
target_18.0_lenght_std: 78.97593240981712
target_269.0526315789474_return_mean: 1377.7016046847011
target_269.0526315789474_return_std: 190.35252209131443
target_269.0526315789474_lenght_mean: 440.89
target_269.0526315789474_lenght_std: 53.968119292782475
target_520.1052631578948_return_mean: 1501.660403864038
target_520.1052631578948_return_std: 199.22475882157627
target_520.1052631578948_lenght_mean: 472.46
target_520.1052631578948_lenght_std: 58.612868894125974
target_771.1578947368421_return_mean: 1668.7907989984603
target_771.1578947368421_return_std: 235.20062591171393
target_771.1578947368421_lenght_mean: 525.46
target_771.1578947368421_lenght_std: 69.01295820351422
target_1022.2105263157895_return_mean: 1720.3936395137519
target_1022.2105263157895_return_std: 272.7720986162769
target_1022.2105263157895_lenght_mean: 542.53
target_1022.2105263157895_lenght_std: 81.28818548842138
target_1273.2631578947369_return_mean: 1778.6524215716784
target_1273.2631578947369_return_std: 239.42771855305455
target_1273.2631578947369_lenght_mean: 560.45
target_1273.2631578947369_lenght_std: 70.13891573156802
target_1524.3157894736842_return_mean: 1788.5520809456557
target_1524.3157894736842_return_std: 245.76815273245933
target_1524.3157894736842_lenght_mean: 563.28
target_1524.3157894736842_lenght_std: 72.0236183484279
target_1775.3684210526317_return_mean: 1796.3616962971998
target_1775.3684210526317_return_std: 234.53478177330473
target_1775.3684210526317_lenght_mean: 566.7
target_1775.3684210526317_lenght_std: 68.5758703918514
target_2026.421052631579_return_mean: 1934.3771490683807
target_2026.421052631579_return_std: 332.3649479286169
target_2026.421052631579_lenght_mean: 606.97
target_2026.421052631579_lenght_std: 97.75463723015905
target_2277.4736842105262_return_mean: 1914.659728854083
target_2277.4736842105262_return_std: 294.07456647758096
target_2277.4736842105262_lenght_mean: 599.47
target_2277.4736842105262_lenght_std: 87.45564075575685
target_2528.5263157894738_return_mean: 1954.0118056238432
target_2528.5263157894738_return_std: 313.0348889776227
target_2528.5263157894738_lenght_mean: 610.61
target_2528.5263157894738_lenght_std: 93.53704025678812
target_2779.5789473684213_return_mean: 1990.926412269244
target_2779.5789473684213_return_std: 319.5069001375141
target_2779.5789473684213_lenght_mean: 620.21
target_2779.5789473684213_lenght_std: 95.29861436558247
target_3030.6315789473683_return_mean: 2047.2131917475747
target_3030.6315789473683_return_std: 388.46682489317794
target_3030.6315789473683_lenght_mean: 637.27
target_3030.6315789473683_lenght_std: 115.85429254024211
target_3281.684210526316_return_mean: 2028.4022745328475
target_3281.684210526316_return_std: 348.00253282385586
target_3281.684210526316_lenght_mean: 630.94
target_3281.684210526316_lenght_std: 102.82206183499726
target_3532.7368421052633_return_mean: 1981.8584239856134
target_3532.7368421052633_return_std: 309.0321498190094
target_3532.7368421052633_lenght_mean: 617.28
target_3532.7368421052633_lenght_std: 92.17516802262962
target_3783.7894736842104_return_mean: 2120.8979781060193
target_3783.7894736842104_return_std: 429.7991589514271
target_3783.7894736842104_lenght_mean: 658.36
target_3783.7894736842104_lenght_std: 127.86090254647823
target_4034.842105263158_return_mean: 2022.7263612042952
target_4034.842105263158_return_std: 326.80206907673124
target_4034.842105263158_lenght_mean: 628.6
target_4034.842105263158_lenght_std: 98.17902016215074
target_4285.894736842105_return_mean: 2038.9243545175766
target_4285.894736842105_return_std: 403.6329097450276
target_4285.894736842105_lenght_mean: 634.84
target_4285.894736842105_lenght_std: 123.10944074277975
target_4536.9473684210525_return_mean: 2031.5102030184376
target_4536.9473684210525_return_std: 320.44512718441706
target_4536.9473684210525_lenght_mean: 632.43
target_4536.9473684210525_lenght_std: 95.95793401277457
target_4788.0_return_mean: 2091.24806666729
target_4788.0_return_std: 375.2338845934944
target_4788.0_lenght_mean: 649.86
target_4788.0_lenght_std: 112.91510262139428
time/evaluation: 3213.214860200882
target_training/action_erro_mean: 0.05968569964170456
target_training/action_erro_std: 0.0
================================================================================
Iteration 11
time/training: 811.0996422767639
training/train_loss_mean: 0.06071341070085764
training/train_loss_std: 0.0043174753752432
training/action_error: 0.0656355693936348
================================================================================
Iteration 11
target_18.0_return_mean: 467.47775838103973
target_18.0_return_std: 3.318881505379485
target_18.0_lenght_mean: 208.01
target_18.0_lenght_std: 2.0322155397496595
target_269.0526315789474_return_mean: 652.6829056988236
target_269.0526315789474_return_std: 214.8627753863249
target_269.0526315789474_lenght_mean: 246.85
target_269.0526315789474_lenght_std: 49.45874543495822
target_520.1052631578948_return_mean: 991.901470884781
target_520.1052631578948_return_std: 341.36584453760986
target_520.1052631578948_lenght_mean: 327.6
target_520.1052631578948_lenght_std: 92.5996760253512
target_771.1578947368421_return_mean: 1184.467280669905
target_771.1578947368421_return_std: 429.00163081064215
target_771.1578947368421_lenght_mean: 386.53
target_771.1578947368421_lenght_std: 122.63771483520068
target_1022.2105263157895_return_mean: 1597.4427226469797
target_1022.2105263157895_return_std: 340.7920040846287
target_1022.2105263157895_lenght_mean: 505.34
target_1022.2105263157895_lenght_std: 99.80002204408574
target_1273.2631578947369_return_mean: 1554.7280173267209
target_1273.2631578947369_return_std: 265.1603613984836
target_1273.2631578947369_lenght_mean: 487.01
target_1273.2631578947369_lenght_std: 75.95531515305564
target_1524.3157894736842_return_mean: 1761.2578403973018
target_1524.3157894736842_return_std: 328.9009244864285
target_1524.3157894736842_lenght_mean: 546.97
target_1524.3157894736842_lenght_std: 96.27693960653299
target_1775.3684210526317_return_mean: 1833.4804706655311
target_1775.3684210526317_return_std: 339.56293171567705
target_1775.3684210526317_lenght_mean: 569.14
target_1775.3684210526317_lenght_std: 98.53497044197049
target_2026.421052631579_return_mean: 1968.129155109839
target_2026.421052631579_return_std: 350.9940168497869
target_2026.421052631579_lenght_mean: 606.75
target_2026.421052631579_lenght_std: 103.84501673166605
target_2277.4736842105262_return_mean: 2031.8494098746298
target_2277.4736842105262_return_std: 339.57271258241855
target_2277.4736842105262_lenght_mean: 625.48
target_2277.4736842105262_lenght_std: 100.1626157805396
target_2528.5263157894738_return_mean: 2057.763059656123
target_2528.5263157894738_return_std: 296.2492042605845
target_2528.5263157894738_lenght_mean: 633.54
target_2528.5263157894738_lenght_std: 88.71205329604315
target_2779.5789473684213_return_mean: 2126.3598372173433
target_2779.5789473684213_return_std: 361.3586153540462
target_2779.5789473684213_lenght_mean: 653.36
target_2779.5789473684213_lenght_std: 107.15712948749608
target_3030.6315789473683_return_mean: 2171.6703588783494
target_3030.6315789473683_return_std: 393.25471035477557
target_3030.6315789473683_lenght_mean: 668.02
target_3030.6315789473683_lenght_std: 117.58018370456817
target_3281.684210526316_return_mean: 2209.8945915116688
target_3281.684210526316_return_std: 456.23341022400825
target_3281.684210526316_lenght_mean: 679.26
target_3281.684210526316_lenght_std: 136.07730303029965
target_3532.7368421052633_return_mean: 2253.363270169933
target_3532.7368421052633_return_std: 486.22779612703584
target_3532.7368421052633_lenght_mean: 692.18
target_3532.7368421052633_lenght_std: 145.73849045464962
target_3783.7894736842104_return_mean: 2232.9518382996657
target_3783.7894736842104_return_std: 429.73907633851644
target_3783.7894736842104_lenght_mean: 685.66
target_3783.7894736842104_lenght_std: 128.2330082311103
target_4034.842105263158_return_mean: 2163.3034133898045
target_4034.842105263158_return_std: 435.48571479625775
target_4034.842105263158_lenght_mean: 665.53
target_4034.842105263158_lenght_std: 129.76906064235806
target_4285.894736842105_return_mean: 2300.2924830690226
target_4285.894736842105_return_std: 500.6085259589471
target_4285.894736842105_lenght_mean: 706.93
target_4285.894736842105_lenght_std: 150.0137497031522
target_4536.9473684210525_return_mean: 2188.5384159296095
target_4536.9473684210525_return_std: 510.2884226139341
target_4536.9473684210525_lenght_mean: 674.99
target_4536.9473684210525_lenght_std: 153.95437603394066
target_4788.0_return_mean: 2190.610388399591
target_4788.0_return_std: 461.100023639469
target_4788.0_lenght_mean: 674.45
target_4788.0_lenght_std: 138.81285062990386
time/evaluation: 3082.373573064804
target_training/action_erro_mean: 0.0656355693936348
target_training/action_erro_std: 0.0
================================================================================
Iteration 12
time/training: 720.5123250484467
training/train_loss_mean: 0.06009608888216317
training/train_loss_std: 0.00429663079172528
training/action_error: 0.05590445175766945
================================================================================
Iteration 12
target_18.0_return_mean: 589.8561504510299
target_18.0_return_std: 352.9438576538273
target_18.0_lenght_mean: 222.47
target_18.0_lenght_std: 96.5204076866649
target_269.0526315789474_return_mean: 972.4797415652786
target_269.0526315789474_return_std: 502.2433546892183
target_269.0526315789474_lenght_mean: 327.7
target_269.0526315789474_lenght_std: 139.96567436339527
target_520.1052631578948_return_mean: 1305.837358140947
target_520.1052631578948_return_std: 196.75828688942065
target_520.1052631578948_lenght_mean: 417.55
target_520.1052631578948_lenght_std: 56.28931959084245
target_771.1578947368421_return_mean: 1338.8371424612164
target_771.1578947368421_return_std: 150.80697996594995
target_771.1578947368421_lenght_mean: 428.42
target_771.1578947368421_lenght_std: 42.278169307575276
target_1022.2105263157895_return_mean: 1424.4357536490413
target_1022.2105263157895_return_std: 154.11946257857
target_1022.2105263157895_lenght_mean: 449.75
target_1022.2105263157895_lenght_std: 43.09649057637988
target_1273.2631578947369_return_mean: 1606.490187273911
target_1273.2631578947369_return_std: 234.29724575356494
target_1273.2631578947369_lenght_mean: 503.28
target_1273.2631578947369_lenght_std: 69.41456331347192
target_1524.3157894736842_return_mean: 1747.4666357139345
target_1524.3157894736842_return_std: 241.58771664417495
target_1524.3157894736842_lenght_mean: 546.93
target_1524.3157894736842_lenght_std: 70.7915609377276
target_1775.3684210526317_return_mean: 1739.0146678048407
target_1775.3684210526317_return_std: 204.03023657772047
target_1775.3684210526317_lenght_mean: 547.63
target_1775.3684210526317_lenght_std: 60.194792964175896
target_2026.421052631579_return_mean: 1795.5880255062723
target_2026.421052631579_return_std: 263.05980978211005
target_2026.421052631579_lenght_mean: 563.33
target_2026.421052631579_lenght_std: 77.12224776288618
target_2277.4736842105262_return_mean: 1853.979306327223
target_2277.4736842105262_return_std: 237.68785717498608
target_2277.4736842105262_lenght_mean: 579.25
target_2277.4736842105262_lenght_std: 69.22519411312618
target_2528.5263157894738_return_mean: 1895.7203051729716
target_2528.5263157894738_return_std: 261.2363279189922
target_2528.5263157894738_lenght_mean: 591.19
target_2528.5263157894738_lenght_std: 76.63141588147775
target_2779.5789473684213_return_mean: 1976.2702027291327
target_2779.5789473684213_return_std: 329.82730368966776
target_2779.5789473684213_lenght_mean: 614.52
target_2779.5789473684213_lenght_std: 97.24859690504537
target_3030.6315789473683_return_mean: 1979.6599111821383
target_3030.6315789473683_return_std: 382.0369297025074
target_3030.6315789473683_lenght_mean: 614.96
target_3030.6315789473683_lenght_std: 113.21677614205414
target_3281.684210526316_return_mean: 1939.16118264085
target_3281.684210526316_return_std: 319.8904615863166
target_3281.684210526316_lenght_mean: 604.25
target_3281.684210526316_lenght_std: 93.81400481804408
target_3532.7368421052633_return_mean: 1968.5730225410005
target_3532.7368421052633_return_std: 312.3417227740823
target_3532.7368421052633_lenght_mean: 611.01
target_3532.7368421052633_lenght_std: 92.49264781592103
target_3783.7894736842104_return_mean: 1996.4091223593912
target_3783.7894736842104_return_std: 366.62020815589415
target_3783.7894736842104_lenght_mean: 619.32
target_3783.7894736842104_lenght_std: 108.75751744132448
target_4034.842105263158_return_mean: 1959.5132171528887
target_4034.842105263158_return_std: 344.6567253711045
target_4034.842105263158_lenght_mean: 608.82
target_4034.842105263158_lenght_std: 102.05737405988849
target_4285.894736842105_return_mean: 2000.1682664934126
target_4285.894736842105_return_std: 365.81615232095004
target_4285.894736842105_lenght_mean: 620.35
target_4285.894736842105_lenght_std: 108.64956281550333
target_4536.9473684210525_return_mean: 1883.1715672754603
target_4536.9473684210525_return_std: 271.50610838362593
target_4536.9473684210525_lenght_mean: 586.72
target_4536.9473684210525_lenght_std: 80.29110536043204
target_4788.0_return_mean: 1992.1492534165584
target_4788.0_return_std: 399.7492099165604
target_4788.0_lenght_mean: 618.24
target_4788.0_lenght_std: 117.79551095012067
time/evaluation: 2954.6255667209625
target_training/action_erro_mean: 0.05590445175766945
target_training/action_erro_std: 0.0

------------------------------------------------------------
Sender: LSF System <lsfadmin@hpc.dtu.dk>
Subject: Job 13680973: <DT-hopper> in cluster <dcc> Done

Job <DT-hopper> was submitted from host <n-62-30-7> by user <s204131> in cluster <dcc> at Mon Jun  6 17:05:28 2022
Job was executed on host(s) <4*n-62-20-7>, in queue <gpuv100>, as user <s204131> in cluster <dcc> at Tue Jun  7 06:05:15 2022
</zhome/94/3/155767> was used as the home directory.
</zhome/94/3/155767/decision_transformer/gym> was used as the working directory.
Started at Tue Jun  7 06:05:15 2022
Terminated at Tue Jun  7 13:07:34 2022
Results reported at Tue Jun  7 13:07:34 2022

Your job looked like:

------------------------------------------------------------
# LSBATCH: User input
#!/bin/sh
#BSUB -J DT-hopper
#BSUB -o DT-hopper_%J.out
#BSUB -e DT-hopper_%J.err
#BSUB -q gpuv100
#BSUB -gpu "num=1:mode=exclusive_process"
#BSUB -n 4
#BSUB -R "rusage[mem=4G]"
#BSUB -R "span[hosts=1]"
#BSUB -W 20:00
# end of BSUB options


# load CUDA (for GPU support)

# activate the virtual environment
source $HOME/miniconda3/envs/decision-transformer-gym/bin/activate

wandb on
echo 'cad8b043f3731a2c453efd8f61915e186ac93ac3' | wandb login

python experiment_single_reward.py --env 'hopper' --dataset 'medium' --seed 43  --save_iters '8,10,12' --eval_iters '8,9,10,11,12' --max_iters 12 --device 'cuda' --log_to_wandb True

------------------------------------------------------------

Successfully completed.

Resource usage summary:

    CPU time :                                   25428.68 sec.
    Max Memory :                                 2531 MB
    Average Memory :                             2517.66 MB
    Total Requested Memory :                     16384.00 MB
    Delta Memory :                               13853.00 MB
    Max Swap :                                   -
    Max Processes :                              6
    Max Threads :                                21
    Run time :                                   25373 sec.
    Turnaround time :                            72126 sec.

The output (if any) is above this job summary.



PS:

Read file <DT-hopper_13680973.err> for stderr output of this job.

