W&B enabled, running your script from this directory will now sync to the cloud.
Disabling Weights & Biases. Run 'wandb login' again to re-enable.
Creating states list
==================================================
Starting new experiment: hopper expert
1027 trajectories, 999494 timesteps found
Average return: 3511.36, std: 328.59
Max return: 3759.08, min: 1645.28
==================================================
================================================================================
Iteration 1
time/training: 1325.9490039348602
training/train_loss_mean: 0.17174022059217095
training/train_loss_std: 0.09860621783757283
training/action_error: 0.10871247947216034
================================================================================
Iteration 2
time/training: 1326.8396744728088
training/train_loss_mean: 0.09361662855371833
training/train_loss_std: 0.007637264962637001
training/action_error: 0.08472596853971481
================================================================================
Iteration 3
time/training: 1330.6446607112885
training/train_loss_mean: 0.08029750094860792
training/train_loss_std: 0.004550291291078112
training/action_error: 0.08179450035095215
================================================================================
Iteration 4
time/training: 1324.8539099693298
training/train_loss_mean: 0.07417485101297498
training/train_loss_std: 0.003965149828160641
training/action_error: 0.07588352262973785
================================================================================
Iteration 5
time/training: 1326.621841430664
training/train_loss_mean: 0.0705025764580816
training/train_loss_std: 0.0036426003172226533
training/action_error: 0.06751328706741333
================================================================================
Iteration 6
time/training: 1325.3377485275269
training/train_loss_mean: 0.06796412966884673
training/train_loss_std: 0.0035851438249116167
training/action_error: 0.06466355919837952
================================================================================
Iteration 7
time/training: 1327.6543979644775
training/train_loss_mean: 0.06609918667189776
training/train_loss_std: 0.0035078858129457507
training/action_error: 0.06929445266723633
================================================================================
Iteration 8
time/training: 1326.8308787345886
training/train_loss_mean: 0.06466375468224288
training/train_loss_std: 0.0034369419902296333
training/action_error: 0.0595037005841732
================================================================================
Iteration 8
target_18.0_return_mean: 3464.513195151501
target_18.0_return_std: 469.921809200818
target_18.0_lenght_mean: 953.51
target_18.0_lenght_std: 133.84621735409635
target_269.0526315789474_return_mean: 3287.482084440163
target_269.0526315789474_return_std: 766.4782445484104
target_269.0526315789474_lenght_mean: 905.14
target_269.0526315789474_lenght_std: 209.03798793520755
target_520.1052631578948_return_mean: 3355.927103729143
target_520.1052631578948_return_std: 586.4577889635212
target_520.1052631578948_lenght_mean: 921.3
target_520.1052631578948_lenght_std: 165.30048396783357
target_771.1578947368421_return_mean: 3415.0474823678614
target_771.1578947368421_return_std: 559.8428762028727
target_771.1578947368421_lenght_mean: 938.28
target_771.1578947368421_lenght_std: 155.0234227463708
target_1022.2105263157895_return_mean: 3444.480480024171
target_1022.2105263157895_return_std: 445.3447890783375
target_1022.2105263157895_lenght_mean: 946.28
target_1022.2105263157895_lenght_std: 124.82211983458701
target_1273.2631578947369_return_mean: 3537.0501947723683
target_1273.2631578947369_return_std: 250.3208164820124
target_1273.2631578947369_lenght_mean: 973.09
target_1273.2631578947369_lenght_std: 78.42322296360945
target_1524.3157894736842_return_mean: 3522.677349022681
target_1524.3157894736842_return_std: 218.1288105006719
target_1524.3157894736842_lenght_mean: 972.79
target_1524.3157894736842_lenght_std: 71.07535367481474
target_1775.3684210526317_return_mean: 3475.210952644091
target_1775.3684210526317_return_std: 417.6058383606422
target_1775.3684210526317_lenght_mean: 956.77
target_1775.3684210526317_lenght_std: 116.00222885789738
target_2026.421052631579_return_mean: 3516.069008287117
target_2026.421052631579_return_std: 358.3582892336126
target_2026.421052631579_lenght_mean: 967.91
target_2026.421052631579_lenght_std: 100.32039623127493
target_2277.4736842105262_return_mean: 3523.2214423673217
target_2277.4736842105262_return_std: 260.40724237253914
target_2277.4736842105262_lenght_mean: 973.39
target_2277.4736842105262_lenght_std: 80.20098440792357
target_2528.5263157894738_return_mean: 3521.035328418153
target_2528.5263157894738_return_std: 266.8217990729094
target_2528.5263157894738_lenght_mean: 970.1
target_2528.5263157894738_lenght_std: 82.30753306957997
target_2779.5789473684213_return_mean: 3539.0705815462816
target_2779.5789473684213_return_std: 232.0674230767324
target_2779.5789473684213_lenght_mean: 977.48
target_2779.5789473684213_lenght_std: 72.18192017396045
target_3030.6315789473683_return_mean: 3499.10464372695
target_3030.6315789473683_return_std: 319.2836375872175
target_3030.6315789473683_lenght_mean: 968.08
target_3030.6315789473683_lenght_std: 94.47006721708205
target_3281.684210526316_return_mean: 3531.212752348751
target_3281.684210526316_return_std: 275.18671028831875
target_3281.684210526316_lenght_mean: 974.1
target_3281.684210526316_lenght_std: 80.58281454503809
target_3532.7368421052633_return_mean: 3530.6148279234358
target_3532.7368421052633_return_std: 332.9241781259288
target_3532.7368421052633_lenght_mean: 978.3
target_3532.7368421052633_lenght_std: 91.80462951289549
target_3783.7894736842104_return_mean: 3533.932664854487
target_3783.7894736842104_return_std: 286.650558587428
target_3783.7894736842104_lenght_mean: 975.46
target_3783.7894736842104_lenght_std: 81.84123899355384
target_4034.842105263158_return_mean: 3481.5896859584145
target_4034.842105263158_return_std: 375.1195635737725
target_4034.842105263158_lenght_mean: 961.74
target_4034.842105263158_lenght_std: 107.01669215594359
target_4285.894736842105_return_mean: 3521.8877936109598
target_4285.894736842105_return_std: 267.2600994140516
target_4285.894736842105_lenght_mean: 972.61
target_4285.894736842105_lenght_std: 81.31074898191507
target_4536.9473684210525_return_mean: 3544.525396870867
target_4536.9473684210525_return_std: 269.21119200899005
target_4536.9473684210525_lenght_mean: 980.98
target_4536.9473684210525_lenght_std: 76.61553106257243
target_4788.0_return_mean: 3540.7020755645226
target_4788.0_return_std: 229.2868859224378
target_4788.0_lenght_mean: 981.22
target_4788.0_lenght_std: 70.70354729431897
time/evaluation: 5303.713692188263
target_training/action_erro_mean: 0.0595037005841732
target_training/action_erro_std: 0.0
================================================================================
Iteration 9
time/training: 1327.3923268318176
training/train_loss_mean: 0.06346279976740479
training/train_loss_std: 0.0034245889395843844
training/action_error: 0.06371217221021652
================================================================================
Iteration 9
target_18.0_return_mean: 3515.4534550111794
target_18.0_return_std: 359.74431239728386
target_18.0_lenght_mean: 970.71
target_18.0_lenght_std: 100.67902413114662
target_269.0526315789474_return_mean: 3573.8009455370398
target_269.0526315789474_return_std: 126.85730550558583
target_269.0526315789474_lenght_mean: 988.92
target_269.0526315789474_lenght_std: 43.917121945774184
target_520.1052631578948_return_mean: 3475.712140970229
target_520.1052631578948_return_std: 363.22044766106103
target_520.1052631578948_lenght_mean: 961.35
target_520.1052631578948_lenght_std: 107.16168858318723
target_771.1578947368421_return_mean: 3520.278628331842
target_771.1578947368421_return_std: 271.0922940067308
target_771.1578947368421_lenght_mean: 972.48
target_771.1578947368421_lenght_std: 83.96052405744024
target_1022.2105263157895_return_mean: 3540.7583782607103
target_1022.2105263157895_return_std: 225.74724407094135
target_1022.2105263157895_lenght_mean: 981.28
target_1022.2105263157895_lenght_std: 70.31970989701253
target_1273.2631578947369_return_mean: 3519.3737792735774
target_1273.2631578947369_return_std: 250.9032159702826
target_1273.2631578947369_lenght_mean: 973.67
target_1273.2631578947369_lenght_std: 77.03506409421621
target_1524.3157894736842_return_mean: 3474.9744152212243
target_1524.3157894736842_return_std: 359.25364067278366
target_1524.3157894736842_lenght_mean: 958.62
target_1524.3157894736842_lenght_std: 105.21243082449907
target_1775.3684210526317_return_mean: 3501.629788106581
target_1775.3684210526317_return_std: 278.6433520629662
target_1775.3684210526317_lenght_mean: 969.21
target_1775.3684210526317_lenght_std: 87.24910257418125
target_2026.421052631579_return_mean: 3487.06896151185
target_2026.421052631579_return_std: 302.26126726486035
target_2026.421052631579_lenght_mean: 963.05
target_2026.421052631579_lenght_std: 93.54885087482367
target_2277.4736842105262_return_mean: 3462.968075671267
target_2277.4736842105262_return_std: 448.4184114179835
target_2277.4736842105262_lenght_mean: 957.55
target_2277.4736842105262_lenght_std: 122.2346411619881
target_2528.5263157894738_return_mean: 3467.390778847457
target_2528.5263157894738_return_std: 420.7096330853334
target_2528.5263157894738_lenght_mean: 955.02
target_2528.5263157894738_lenght_std: 120.37856785989771
target_2779.5789473684213_return_mean: 3509.9176773489544
target_2779.5789473684213_return_std: 307.3214327851705
target_2779.5789473684213_lenght_mean: 967.98
target_2779.5789473684213_lenght_std: 93.30680361045492
target_3030.6315789473683_return_mean: 3556.53907311041
target_3030.6315789473683_return_std: 195.91464661081739
target_3030.6315789473683_lenght_mean: 982.55
target_3030.6315789473683_lenght_std: 63.35950994128663
target_3281.684210526316_return_mean: 3464.0446445323482
target_3281.684210526316_return_std: 374.5721930967255
target_3281.684210526316_lenght_mean: 953.94
target_3281.684210526316_lenght_std: 113.9268028165453
target_3532.7368421052633_return_mean: 3491.919009427001
target_3532.7368421052633_return_std: 332.24070003577185
target_3532.7368421052633_lenght_mean: 965.95
target_3532.7368421052633_lenght_std: 99.4648053333439
target_3783.7894736842104_return_mean: 3490.8624011879974
target_3783.7894736842104_return_std: 355.7836484209167
target_3783.7894736842104_lenght_mean: 962.88
target_3783.7894736842104_lenght_std: 102.23925664831488
target_4034.842105263158_return_mean: 3438.4010225936854
target_4034.842105263158_return_std: 384.7282124707093
target_4034.842105263158_lenght_mean: 948.44
target_4034.842105263158_lenght_std: 115.93871829548574
target_4285.894736842105_return_mean: 3507.392804778267
target_4285.894736842105_return_std: 284.19666288774914
target_4285.894736842105_lenght_mean: 969.04
target_4285.894736842105_lenght_std: 87.48633264687692
target_4536.9473684210525_return_mean: 3545.819613922905
target_4536.9473684210525_return_std: 234.89293054210225
target_4536.9473684210525_lenght_mean: 980.97
target_4536.9473684210525_lenght_std: 70.66122769949585
target_4788.0_return_mean: 3539.596451463332
target_4788.0_return_std: 244.0910420880724
target_4788.0_lenght_mean: 978.37
target_4788.0_lenght_std: 72.45614604710909
time/evaluation: 5317.5823295116425
target_training/action_erro_mean: 0.06371217221021652
target_training/action_erro_std: 0.0
================================================================================
Iteration 10
time/training: 1335.363686323166
training/train_loss_mean: 0.06252507785260678
training/train_loss_std: 0.0033511290270537637
training/action_error: 0.06135940924286842
================================================================================
Iteration 10
target_18.0_return_mean: 3475.8745239926125
target_18.0_return_std: 346.1991125570607
target_18.0_lenght_mean: 948.26
target_18.0_lenght_std: 103.72016390268574
target_269.0526315789474_return_mean: 3487.713934929932
target_269.0526315789474_return_std: 365.08785792539993
target_269.0526315789474_lenght_mean: 951.15
target_269.0526315789474_lenght_std: 105.406581862804
target_520.1052631578948_return_mean: 3435.0077945250728
target_520.1052631578948_return_std: 367.57517367152406
target_520.1052631578948_lenght_mean: 931.29
target_520.1052631578948_lenght_std: 108.9557979182384
target_771.1578947368421_return_mean: 3478.617932186444
target_771.1578947368421_return_std: 342.78009084508346
target_771.1578947368421_lenght_mean: 944.5
target_771.1578947368421_lenght_std: 101.23907348450004
target_1022.2105263157895_return_mean: 3398.613244756915
target_1022.2105263157895_return_std: 424.87162073251693
target_1022.2105263157895_lenght_mean: 920.82
target_1022.2105263157895_lenght_std: 124.02075471468477
target_1273.2631578947369_return_mean: 3414.614149639351
target_1273.2631578947369_return_std: 429.9886236299179
target_1273.2631578947369_lenght_mean: 926.57
target_1273.2631578947369_lenght_std: 126.01692386342401
target_1524.3157894736842_return_mean: 3357.86383714958
target_1524.3157894736842_return_std: 459.829305692862
target_1524.3157894736842_lenght_mean: 913.12
target_1524.3157894736842_lenght_std: 133.70058189850934
target_1775.3684210526317_return_mean: 3434.5246677070636
target_1775.3684210526317_return_std: 380.04972452178254
target_1775.3684210526317_lenght_mean: 933.19
target_1775.3684210526317_lenght_std: 116.0135936000605
target_2026.421052631579_return_mean: 3440.2917383533577
target_2026.421052631579_return_std: 437.75110907083615
target_2026.421052631579_lenght_mean: 931.92
target_2026.421052631579_lenght_std: 125.6177280482337
target_2277.4736842105262_return_mean: 3413.5471504643856
target_2277.4736842105262_return_std: 472.3356960062714
target_2277.4736842105262_lenght_mean: 930.62
target_2277.4736842105262_lenght_std: 137.11606616294094
target_2528.5263157894738_return_mean: 3322.182465593971
target_2528.5263157894738_return_std: 548.9933555436774
target_2528.5263157894738_lenght_mean: 902.4
target_2528.5263157894738_lenght_std: 161.10307259639708
target_2779.5789473684213_return_mean: 3219.750344260674
target_2779.5789473684213_return_std: 649.9513420365504
target_2779.5789473684213_lenght_mean: 872.36
target_2779.5789473684213_lenght_std: 186.5728018763721
target_3030.6315789473683_return_mean: 3278.502506684365
target_3030.6315789473683_return_std: 622.3944730324205
target_3030.6315789473683_lenght_mean: 888.16
target_3030.6315789473683_lenght_std: 181.4285379977472
target_3281.684210526316_return_mean: 3103.6140600461995
target_3281.684210526316_return_std: 707.6579149828266
target_3281.684210526316_lenght_mean: 839.07
target_3281.684210526316_lenght_std: 205.36948434468056
target_3532.7368421052633_return_mean: 3136.3758470647736
target_3532.7368421052633_return_std: 703.1080944339576
target_3532.7368421052633_lenght_mean: 850.26
target_3532.7368421052633_lenght_std: 205.97896106156082
target_3783.7894736842104_return_mean: 3102.8817597426073
target_3783.7894736842104_return_std: 744.6091145375555
target_3783.7894736842104_lenght_mean: 840.0
target_3783.7894736842104_lenght_std: 213.23118908827573
target_4034.842105263158_return_mean: 3317.5816516968825
target_4034.842105263158_return_std: 581.9983732566618
target_4034.842105263158_lenght_mean: 897.32
target_4034.842105263158_lenght_std: 169.19254593509726
target_4285.894736842105_return_mean: 3142.9525438114856
target_4285.894736842105_return_std: 714.7759932346049
target_4285.894736842105_lenght_mean: 853.38
target_4285.894736842105_lenght_std: 205.6212916990845
target_4536.9473684210525_return_mean: 3251.891930705154
target_4536.9473684210525_return_std: 617.472956324639
target_4536.9473684210525_lenght_mean: 883.94
target_4536.9473684210525_lenght_std: 181.3546701907618
target_4788.0_return_mean: 3321.266636781382
target_4788.0_return_std: 563.4759286906934
target_4788.0_lenght_mean: 906.83
target_4788.0_lenght_std: 167.60495547566603
time/evaluation: 4979.8653728961945
target_training/action_erro_mean: 0.06135940924286842
target_training/action_erro_std: 0.0
================================================================================
Iteration 11
time/training: 1327.101107597351
training/train_loss_mean: 0.06168944327309728
training/train_loss_std: 0.0033423257969839803
training/action_error: 0.06076480448246002
================================================================================
Iteration 11
target_18.0_return_mean: 2745.6260802829665
target_18.0_return_std: 975.0250642235412
target_18.0_lenght_mean: 746.12
target_18.0_lenght_std: 280.99481418702374
target_269.0526315789474_return_mean: 2583.2010953241042
target_269.0526315789474_return_std: 980.1406869741197
target_269.0526315789474_lenght_mean: 693.17
target_269.0526315789474_lenght_std: 278.3461533774088
target_520.1052631578948_return_mean: 2517.6635578477594
target_520.1052631578948_return_std: 1041.9094811977855
target_520.1052631578948_lenght_mean: 678.04
target_520.1052631578948_lenght_std: 294.80729027620737
target_771.1578947368421_return_mean: 2281.1170706771245
target_771.1578947368421_return_std: 1108.5749532565376
target_771.1578947368421_lenght_mean: 615.03
target_771.1578947368421_lenght_std: 304.3528365236638
target_1022.2105263157895_return_mean: 2163.588779260839
target_1022.2105263157895_return_std: 1156.4984698076803
target_1022.2105263157895_lenght_mean: 588.12
target_1022.2105263157895_lenght_std: 318.50504799767305
target_1273.2631578947369_return_mean: 2362.6171851744602
target_1273.2631578947369_return_std: 1147.3777514297421
target_1273.2631578947369_lenght_mean: 644.48
target_1273.2631578947369_lenght_std: 318.20620609912686
target_1524.3157894736842_return_mean: 2329.1320297893008
target_1524.3157894736842_return_std: 1155.6662990267828
target_1524.3157894736842_lenght_mean: 634.64
target_1524.3157894736842_lenght_std: 318.2662570867355
target_1775.3684210526317_return_mean: 2689.6058787509933
target_1775.3684210526317_return_std: 1118.6026470168342
target_1775.3684210526317_lenght_mean: 732.27
target_1775.3684210526317_lenght_std: 311.03883535661595
target_2026.421052631579_return_mean: 2922.8132216027034
target_2026.421052631579_return_std: 1023.3917523576478
target_2026.421052631579_lenght_mean: 797.71
target_2026.421052631579_lenght_std: 285.028500153932
target_2277.4736842105262_return_mean: 2858.822648249336
target_2277.4736842105262_return_std: 982.321779108364
target_2277.4736842105262_lenght_mean: 777.84
target_2277.4736842105262_lenght_std: 277.86859196389935
target_2528.5263157894738_return_mean: 3059.8048875470186
target_2528.5263157894738_return_std: 860.552125172946
target_2528.5263157894738_lenght_mean: 833.18
target_2528.5263157894738_lenght_std: 246.07386614591968
target_2779.5789473684213_return_mean: 3374.816849201495
target_2779.5789473684213_return_std: 636.1268879144377
target_2779.5789473684213_lenght_mean: 924.9
target_2779.5789473684213_lenght_std: 181.948591640606
target_3030.6315789473683_return_mean: 3462.1790377289885
target_3030.6315789473683_return_std: 408.47622024980893
target_3030.6315789473683_lenght_mean: 946.03
target_3030.6315789473683_lenght_std: 123.38625976987876
target_3281.684210526316_return_mean: 3421.980539592428
target_3281.684210526316_return_std: 509.7441754098926
target_3281.684210526316_lenght_mean: 937.59
target_3281.684210526316_lenght_std: 147.41038599773088
target_3532.7368421052633_return_mean: 3491.333062949994
target_3532.7368421052633_return_std: 447.2408802940164
target_3532.7368421052633_lenght_mean: 956.31
target_3532.7368421052633_lenght_std: 127.51781797066636
target_3783.7894736842104_return_mean: 3449.8188605610776
target_3783.7894736842104_return_std: 456.2459997252688
target_3783.7894736842104_lenght_mean: 941.86
target_3783.7894736842104_lenght_std: 133.04225043195865
target_4034.842105263158_return_mean: 3480.4298624105227
target_4034.842105263158_return_std: 425.14628666170955
target_4034.842105263158_lenght_mean: 952.18
target_4034.842105263158_lenght_std: 124.8323179308948
target_4285.894736842105_return_mean: 3562.3674109933613
target_4285.894736842105_return_std: 293.5275271732532
target_4285.894736842105_lenght_mean: 974.77
target_4285.894736842105_lenght_std: 87.59633040259163
target_4536.9473684210525_return_mean: 3490.508816506076
target_4536.9473684210525_return_std: 399.40662312745906
target_4536.9473684210525_lenght_mean: 955.89
target_4536.9473684210525_lenght_std: 119.38659011798606
target_4788.0_return_mean: 3547.7783554209072
target_4788.0_return_std: 359.5942697303757
target_4788.0_lenght_mean: 970.5
target_4788.0_lenght_std: 105.00747592433598
time/evaluation: 4500.020981550217
target_training/action_erro_mean: 0.06076480448246002
target_training/action_erro_std: 0.0
================================================================================
Iteration 12
time/training: 1326.4112362861633
training/train_loss_mean: 0.060962334581092
training/train_loss_std: 0.00332042539077951
training/action_error: 0.06892567127943039
================================================================================
Iteration 12
target_18.0_return_mean: 2927.7182145098473
target_18.0_return_std: 1071.3393211361354
target_18.0_lenght_mean: 801.51
target_18.0_lenght_std: 298.3399904471407
target_269.0526315789474_return_mean: 2727.423765397242
target_269.0526315789474_return_std: 1140.0862486446274
target_269.0526315789474_lenght_mean: 745.97
target_269.0526315789474_lenght_std: 316.5774930408035
target_520.1052631578948_return_mean: 2628.6481967939653
target_520.1052631578948_return_std: 1174.7813309729504
target_520.1052631578948_lenght_mean: 718.13
target_520.1052631578948_lenght_std: 324.33996531417466
target_771.1578947368421_return_mean: 2502.697936333549
target_771.1578947368421_return_std: 1187.2334007303834
target_771.1578947368421_lenght_mean: 680.95
target_771.1578947368421_lenght_std: 326.17294109107206
target_1022.2105263157895_return_mean: 2623.77423529645
target_1022.2105263157895_return_std: 1154.7622924541577
target_1022.2105263157895_lenght_mean: 717.61
target_1022.2105263157895_lenght_std: 319.5110919827354
target_1273.2631578947369_return_mean: 2544.0089862526834
target_1273.2631578947369_return_std: 1156.043514619557
target_1273.2631578947369_lenght_mean: 693.43
target_1273.2631578947369_lenght_std: 318.9328849460337
target_1524.3157894736842_return_mean: 2794.672979660129
target_1524.3157894736842_return_std: 1056.233880388247
target_1524.3157894736842_lenght_mean: 761.61
target_1524.3157894736842_lenght_std: 294.6359752304528
target_1775.3684210526317_return_mean: 3171.6030566120003
target_1775.3684210526317_return_std: 892.8316973197424
target_1775.3684210526317_lenght_mean: 869.39
target_1775.3684210526317_lenght_std: 250.1485916410484
target_2026.421052631579_return_mean: 3060.9860204602282
target_2026.421052631579_return_std: 958.7274225298416
target_2026.421052631579_lenght_mean: 837.84
target_2026.421052631579_lenght_std: 267.19205527111023
target_2277.4736842105262_return_mean: 3266.7618531330327
target_2277.4736842105262_return_std: 732.3342001145477
target_2277.4736842105262_lenght_mean: 895.73
target_2277.4736842105262_lenght_std: 208.4236481304365
target_2528.5263157894738_return_mean: 3370.9461012846978
target_2528.5263157894738_return_std: 558.9241894990823
target_2528.5263157894738_lenght_mean: 922.41
target_2528.5263157894738_lenght_std: 162.58598309817484
target_2779.5789473684213_return_mean: 3500.8794576730324
target_2779.5789473684213_return_std: 368.8491251626717
target_2779.5789473684213_lenght_mean: 959.78
target_2779.5789473684213_lenght_std: 109.99523444222483
target_3030.6315789473683_return_mean: 3462.830993313276
target_3030.6315789473683_return_std: 405.8081037527686
target_3030.6315789473683_lenght_mean: 950.88
target_3030.6315789473683_lenght_std: 121.27104188552187
target_3281.684210526316_return_mean: 3504.2265852611017
target_3281.684210526316_return_std: 348.16108721415856
target_3281.684210526316_lenght_mean: 964.66
target_3281.684210526316_lenght_std: 103.77227182634097
target_3532.7368421052633_return_mean: 3456.4829076500873
target_3532.7368421052633_return_std: 398.9210601662102
target_3532.7368421052633_lenght_mean: 949.59
target_3532.7368421052633_lenght_std: 120.00242455883964
target_3783.7894736842104_return_mean: 3532.857063672175
target_3783.7894736842104_return_std: 305.5492580533138
target_3783.7894736842104_lenght_mean: 972.28
target_3783.7894736842104_lenght_std: 91.75141197823605
target_4034.842105263158_return_mean: 3468.104103757993
target_4034.842105263158_return_std: 361.6845453722645
target_4034.842105263158_lenght_mean: 952.33
target_4034.842105263158_lenght_std: 111.05566667216942
target_4285.894736842105_return_mean: 3510.525197435646
target_4285.894736842105_return_std: 303.34515451822807
target_4285.894736842105_lenght_mean: 964.23
target_4285.894736842105_lenght_std: 93.01761714858105
target_4536.9473684210525_return_mean: 3549.350164082508
target_4536.9473684210525_return_std: 237.1228555847019
target_4536.9473684210525_lenght_mean: 976.98
target_4536.9473684210525_lenght_std: 74.14593448059037
target_4788.0_return_mean: 3461.737420111784
target_4788.0_return_std: 359.54105582321006
target_4788.0_lenght_mean: 950.64
target_4788.0_lenght_std: 110.07738368983885
time/evaluation: 4769.612876415253
target_training/action_erro_mean: 0.06892567127943039
target_training/action_erro_std: 0.0

------------------------------------------------------------
Sender: LSF System <lsfadmin@hpc.dtu.dk>
Subject: Job 13680965: <DT-hopper> in cluster <dcc> Done

Job <DT-hopper> was submitted from host <n-62-30-7> by user <s204131> in cluster <dcc> at Mon Jun  6 17:01:46 2022
Job was executed on host(s) <4*n-62-20-5>, in queue <gpuv100>, as user <s204131> in cluster <dcc> at Mon Jun  6 17:47:16 2022
</zhome/94/3/155767> was used as the home directory.
</zhome/94/3/155767/decision_transformer/gym> was used as the working directory.
Started at Mon Jun  6 17:47:16 2022
Terminated at Tue Jun  7 05:07:51 2022
Results reported at Tue Jun  7 05:07:51 2022

Your job looked like:

------------------------------------------------------------
# LSBATCH: User input
#!/bin/sh
#BSUB -J DT-hopper
#BSUB -o DT-hopper_%J.out
#BSUB -e DT-hopper_%J.err
#BSUB -q gpuv100
#BSUB -gpu "num=1:mode=exclusive_process"
#BSUB -n 4
#BSUB -R "rusage[mem=4G]"
#BSUB -R "span[hosts=1]"
#BSUB -W 20:00
# end of BSUB options


# load CUDA (for GPU support)

# activate the virtual environment
source $HOME/miniconda3/envs/decision-transformer-gym/bin/activate

wandb on
echo 'cad8b043f3731a2c453efd8f61915e186ac93ac3' | wandb login

python experiment_single_reward.py --env 'hopper' --dataset 'expert' --seed 42  --save_iters '8,10,12' --eval_iters '8,9,10,11,12' --max_iters 12 --device 'cuda' --log_to_wandb True

------------------------------------------------------------

Successfully completed.

Resource usage summary:

    CPU time :                                   40976.10 sec.
    Max Memory :                                 2527 MB
    Average Memory :                             2518.48 MB
    Total Requested Memory :                     16384.00 MB
    Delta Memory :                               13857.00 MB
    Max Swap :                                   -
    Max Processes :                              6
    Max Threads :                                21
    Run time :                                   40837 sec.
    Turnaround time :                            43565 sec.

The output (if any) is above this job summary.



PS:

Read file <DT-hopper_13680965.err> for stderr output of this job.

