W&B enabled, running your script from this directory will now sync to the cloud.
Disabling Weights & Biases. Run 'wandb login' again to re-enable.
Creating states list
==================================================
Starting new experiment: hopper medium
2186 trajectories, 999906 timesteps found
Average return: 1422.06, std: 378.95
Max return: 3222.36, min: 315.87
==================================================
================================================================================
Iteration 1
time/training: 720.8273251056671
training/train_loss_mean: 0.170466166818887
training/train_loss_std: 0.10589428120013532
training/action_error: 0.10330554097890854
================================================================================
Iteration 2
time/training: 819.4648215770721
training/train_loss_mean: 0.08542396314553917
training/train_loss_std: 0.007538725794887953
training/action_error: 0.08416211605072021
================================================================================
Iteration 3
time/training: 754.9164125919342
training/train_loss_mean: 0.07467137672565878
training/train_loss_std: 0.005190189611178616
training/action_error: 0.06891940534114838
================================================================================
Iteration 4
time/training: 811.0632226467133
training/train_loss_mean: 0.07009968881681561
training/train_loss_std: 0.004845924450837471
training/action_error: 0.07060492038726807
================================================================================
Iteration 5
time/training: 792.8680670261383
training/train_loss_mean: 0.06733979119211435
training/train_loss_std: 0.004669147457145936
training/action_error: 0.0718178004026413
================================================================================
Iteration 6
time/training: 790.2658381462097
training/train_loss_mean: 0.06544349138252437
training/train_loss_std: 0.004505223210356672
training/action_error: 0.06892924755811691
================================================================================
Iteration 7
time/training: 908.1141839027405
training/train_loss_mean: 0.06400831723995506
training/train_loss_std: 0.004442829651479574
training/action_error: 0.06600319594144821
================================================================================
Iteration 8
time/training: 903.4375996589661
training/train_loss_mean: 0.06296100112274289
training/train_loss_std: 0.00444109638889903
training/action_error: 0.0677855983376503
================================================================================
Iteration 8
target_18.0_return_mean: 786.4621451485806
target_18.0_return_std: 33.80639096674882
target_18.0_lenght_mean: 280.19
target_18.0_lenght_std: 7.754605083432682
target_269.0526315789474_return_mean: 803.4868999571677
target_269.0526315789474_return_std: 51.15119655299717
target_269.0526315789474_lenght_mean: 282.4
target_269.0526315789474_lenght_std: 12.174563647211345
target_520.1052631578948_return_mean: 1142.4046582231429
target_520.1052631578948_return_std: 279.83096937295545
target_520.1052631578948_lenght_mean: 373.37
target_520.1052631578948_lenght_std: 81.51228803070123
target_771.1578947368421_return_mean: 1201.563200395437
target_771.1578947368421_return_std: 454.8480058237375
target_771.1578947368421_lenght_mean: 391.09
target_771.1578947368421_lenght_std: 130.11557132026894
target_1022.2105263157895_return_mean: 1401.5393069880033
target_1022.2105263157895_return_std: 493.10426063475825
target_1022.2105263157895_lenght_mean: 452.0
target_1022.2105263157895_lenght_std: 141.25862805506785
target_1273.2631578947369_return_mean: 1595.720365454507
target_1273.2631578947369_return_std: 478.3122558422715
target_1273.2631578947369_lenght_mean: 507.11
target_1273.2631578947369_lenght_std: 138.05215644820618
target_1524.3157894736842_return_mean: 1772.7178831983992
target_1524.3157894736842_return_std: 379.0455829294833
target_1524.3157894736842_lenght_mean: 553.49
target_1524.3157894736842_lenght_std: 111.81989939183455
target_1775.3684210526317_return_mean: 1754.5879261374303
target_1775.3684210526317_return_std: 289.6608895827471
target_1775.3684210526317_lenght_mean: 547.3
target_1775.3684210526317_lenght_std: 85.37335649955435
target_2026.421052631579_return_mean: 1805.9756285412243
target_2026.421052631579_return_std: 248.86893807904127
target_2026.421052631579_lenght_mean: 563.51
target_2026.421052631579_lenght_std: 72.68830648735737
target_2277.4736842105262_return_mean: 1905.6119190822212
target_2277.4736842105262_return_std: 326.5393311735642
target_2277.4736842105262_lenght_mean: 592.28
target_2277.4736842105262_lenght_std: 95.94957842533755
target_2528.5263157894738_return_mean: 1886.84673240005
target_2528.5263157894738_return_std: 267.4067009207739
target_2528.5263157894738_lenght_mean: 586.95
target_2528.5263157894738_lenght_std: 78.31441438202803
target_2779.5789473684213_return_mean: 1942.8105185782947
target_2779.5789473684213_return_std: 304.1179582109557
target_2779.5789473684213_lenght_mean: 602.53
target_2779.5789473684213_lenght_std: 88.80894718439129
target_3030.6315789473683_return_mean: 1864.574256936565
target_3030.6315789473683_return_std: 264.39756348507
target_3030.6315789473683_lenght_mean: 580.32
target_3030.6315789473683_lenght_std: 75.83731007887873
target_3281.684210526316_return_mean: 1895.114782866377
target_3281.684210526316_return_std: 285.4068212561429
target_3281.684210526316_lenght_mean: 590.29
target_3281.684210526316_lenght_std: 83.61307254251574
target_3532.7368421052633_return_mean: 1872.140346346826
target_3532.7368421052633_return_std: 247.43461972947205
target_3532.7368421052633_lenght_mean: 583.64
target_3532.7368421052633_lenght_std: 72.78990589360589
target_3783.7894736842104_return_mean: 1859.2742951145701
target_3783.7894736842104_return_std: 203.7481315066733
target_3783.7894736842104_lenght_mean: 580.64
target_3783.7894736842104_lenght_std: 59.91803067524833
target_4034.842105263158_return_mean: 1923.4488230487623
target_4034.842105263158_return_std: 295.5560677230895
target_4034.842105263158_lenght_mean: 600.16
target_4034.842105263158_lenght_std: 87.5965433107951
target_4285.894736842105_return_mean: 1898.466421313485
target_4285.894736842105_return_std: 252.8839660645715
target_4285.894736842105_lenght_mean: 593.98
target_4285.894736842105_lenght_std: 75.35860667501755
target_4536.9473684210525_return_mean: 1977.9042257155058
target_4536.9473684210525_return_std: 284.131550524427
target_4536.9473684210525_lenght_mean: 616.86
target_4536.9473684210525_lenght_std: 84.1411932408853
target_4788.0_return_mean: 1986.9638945442546
target_4788.0_return_std: 360.88033104238747
target_4788.0_lenght_mean: 620.68
target_4788.0_lenght_std: 108.34379354628487
time/evaluation: 3726.981780767441
target_training/action_erro_mean: 0.0677855983376503
target_training/action_erro_std: 0.0
================================================================================
Iteration 9
time/training: 769.8030159473419
training/train_loss_mean: 0.06197477457933128
training/train_loss_std: 0.0043810384860311575
training/action_error: 0.06541409343481064
================================================================================
Iteration 9
target_18.0_return_mean: 788.3932019397569
target_18.0_return_std: 27.804496915354736
target_18.0_lenght_mean: 284.16
target_18.0_lenght_std: 4.685552262007115
target_269.0526315789474_return_mean: 840.5053949184869
target_269.0526315789474_return_std: 38.636714381524236
target_269.0526315789474_lenght_mean: 292.9
target_269.0526315789474_lenght_std: 9.435570994910696
target_520.1052631578948_return_mean: 940.806953158888
target_520.1052631578948_return_std: 170.67482695536208
target_520.1052631578948_lenght_mean: 315.63
target_520.1052631578948_lenght_std: 50.12816673288581
target_771.1578947368421_return_mean: 1091.158756701638
target_771.1578947368421_return_std: 351.48890359130206
target_771.1578947368421_lenght_mean: 361.77
target_771.1578947368421_lenght_std: 99.35872935983028
target_1022.2105263157895_return_mean: 1191.8431166532498
target_1022.2105263157895_return_std: 342.42817462535896
target_1022.2105263157895_lenght_mean: 387.53
target_1022.2105263157895_lenght_std: 96.01358810085165
target_1273.2631578947369_return_mean: 1427.779635980886
target_1273.2631578947369_return_std: 279.89370824029425
target_1273.2631578947369_lenght_mean: 453.24
target_1273.2631578947369_lenght_std: 79.94949906034432
target_1524.3157894736842_return_mean: 1578.9463711802828
target_1524.3157894736842_return_std: 306.0078832831768
target_1524.3157894736842_lenght_mean: 493.5
target_1524.3157894736842_lenght_std: 88.10227011831194
target_1775.3684210526317_return_mean: 1683.3731846346698
target_1775.3684210526317_return_std: 270.7697108469885
target_1775.3684210526317_lenght_mean: 523.84
target_1775.3684210526317_lenght_std: 79.88225334828758
target_2026.421052631579_return_mean: 1651.6881205869222
target_2026.421052631579_return_std: 203.3602876859388
target_2026.421052631579_lenght_mean: 515.77
target_2026.421052631579_lenght_std: 59.692353781703055
target_2277.4736842105262_return_mean: 1675.0167397224857
target_2277.4736842105262_return_std: 228.81282623605614
target_2277.4736842105262_lenght_mean: 524.79
target_2277.4736842105262_lenght_std: 67.90114800207725
target_2528.5263157894738_return_mean: 1701.0898049467353
target_2528.5263157894738_return_std: 195.32199244070318
target_2528.5263157894738_lenght_mean: 533.06
target_2528.5263157894738_lenght_std: 56.49120639533201
target_2779.5789473684213_return_mean: 1730.0267374883506
target_2779.5789473684213_return_std: 210.67573777737024
target_2779.5789473684213_lenght_mean: 541.3
target_2779.5789473684213_lenght_std: 61.72965251805651
target_3030.6315789473683_return_mean: 1732.5675532911287
target_3030.6315789473683_return_std: 204.63027222565714
target_3030.6315789473683_lenght_mean: 541.98
target_3030.6315789473683_lenght_std: 60.143159212000164
target_3281.684210526316_return_mean: 1753.2919528925622
target_3281.684210526316_return_std: 232.1608979014935
target_3281.684210526316_lenght_mean: 548.88
target_3281.684210526316_lenght_std: 67.43712330756702
target_3532.7368421052633_return_mean: 1734.1713321278235
target_3532.7368421052633_return_std: 221.37938270683125
target_3532.7368421052633_lenght_mean: 544.32
target_3532.7368421052633_lenght_std: 64.05292811417758
target_3783.7894736842104_return_mean: 1718.4950084712054
target_3783.7894736842104_return_std: 234.97975167641516
target_3783.7894736842104_lenght_mean: 541.29
target_3783.7894736842104_lenght_std: 66.97854805831491
target_4034.842105263158_return_mean: 1771.5167567660633
target_4034.842105263158_return_std: 226.67897124538663
target_4034.842105263158_lenght_mean: 555.53
target_4034.842105263158_lenght_std: 66.21109499170059
target_4285.894736842105_return_mean: 1699.2416131631085
target_4285.894736842105_return_std: 198.12858259665674
target_4285.894736842105_lenght_mean: 535.69
target_4285.894736842105_lenght_std: 56.72613066303747
target_4536.9473684210525_return_mean: 1735.942466490167
target_4536.9473684210525_return_std: 218.56467798280323
target_4536.9473684210525_lenght_mean: 547.16
target_4536.9473684210525_lenght_std: 62.73431596821631
target_4788.0_return_mean: 1728.6712773744218
target_4788.0_return_std: 204.54076231833508
target_4788.0_lenght_mean: 544.28
target_4788.0_lenght_std: 58.408917127438684
time/evaluation: 2685.177678346634
target_training/action_erro_mean: 0.06541409343481064
target_training/action_erro_std: 0.0
================================================================================
Iteration 10
time/training: 786.8472917079926
training/train_loss_mean: 0.06131616149023175
training/train_loss_std: 0.00430331196867179
training/action_error: 0.06750445067882538
================================================================================
Iteration 10
target_18.0_return_mean: 816.9873664143254
target_18.0_return_std: 244.04204070971414
target_18.0_lenght_mean: 292.22
target_18.0_lenght_std: 70.10043937094831
target_269.0526315789474_return_mean: 786.1698353855828
target_269.0526315789474_return_std: 183.87289490998438
target_269.0526315789474_lenght_mean: 281.32
target_269.0526315789474_lenght_std: 49.28445596737373
target_520.1052631578948_return_mean: 777.3291117109312
target_520.1052631578948_return_std: 207.4217043929913
target_520.1052631578948_lenght_mean: 270.62
target_520.1052631578948_lenght_std: 58.14082558753358
target_771.1578947368421_return_mean: 984.6758060679886
target_771.1578947368421_return_std: 472.6525669789989
target_771.1578947368421_lenght_mean: 330.84
target_771.1578947368421_lenght_std: 137.89958085505555
target_1022.2105263157895_return_mean: 1510.9642815228267
target_1022.2105263157895_return_std: 375.2590906896256
target_1022.2105263157895_lenght_mean: 483.69
target_1022.2105263157895_lenght_std: 108.25023741313458
target_1273.2631578947369_return_mean: 1748.5320601026112
target_1273.2631578947369_return_std: 250.3387787622723
target_1273.2631578947369_lenght_mean: 549.89
target_1273.2631578947369_lenght_std: 70.29337024215015
target_1524.3157894736842_return_mean: 1781.6873627612665
target_1524.3157894736842_return_std: 234.77577623632317
target_1524.3157894736842_lenght_mean: 561.06
target_1524.3157894736842_lenght_std: 66.92156901926315
target_1775.3684210526317_return_mean: 1839.2610593310915
target_1775.3684210526317_return_std: 277.16423488456144
target_1775.3684210526317_lenght_mean: 578.35
target_1775.3684210526317_lenght_std: 80.55313463795186
target_2026.421052631579_return_mean: 1910.9218758775428
target_2026.421052631579_return_std: 303.4040283206931
target_2026.421052631579_lenght_mean: 599.28
target_2026.421052631579_lenght_std: 88.23276942270371
target_2277.4736842105262_return_mean: 2015.489605460587
target_2277.4736842105262_return_std: 334.4724379862802
target_2277.4736842105262_lenght_mean: 630.82
target_2277.4736842105262_lenght_std: 96.80923303073936
target_2528.5263157894738_return_mean: 2035.8957904182244
target_2528.5263157894738_return_std: 288.2019111494603
target_2528.5263157894738_lenght_mean: 637.47
target_2528.5263157894738_lenght_std: 84.58350371083004
target_2779.5789473684213_return_mean: 2130.131224765841
target_2779.5789473684213_return_std: 349.04277204320573
target_2779.5789473684213_lenght_mean: 664.26
target_2779.5789473684213_lenght_std: 104.13852505197104
target_3030.6315789473683_return_mean: 2126.4457322100493
target_3030.6315789473683_return_std: 311.4099359464633
target_3030.6315789473683_lenght_mean: 664.8
target_3030.6315789473683_lenght_std: 91.7443186251879
target_3281.684210526316_return_mean: 2191.1946366869493
target_3281.684210526316_return_std: 348.9285343017105
target_3281.684210526316_lenght_mean: 684.13
target_3281.684210526316_lenght_std: 102.65297414103499
target_3532.7368421052633_return_mean: 2169.0993795463855
target_3532.7368421052633_return_std: 343.990974453781
target_3532.7368421052633_lenght_mean: 678.26
target_3532.7368421052633_lenght_std: 100.70875036460338
target_3783.7894736842104_return_mean: 2162.403974052236
target_3783.7894736842104_return_std: 299.69162199805896
target_3783.7894736842104_lenght_mean: 676.01
target_3783.7894736842104_lenght_std: 89.26337378790923
target_4034.842105263158_return_mean: 2156.256740821129
target_4034.842105263158_return_std: 272.2573407672451
target_4034.842105263158_lenght_mean: 674.56
target_4034.842105263158_lenght_std: 80.41944043575533
target_4285.894736842105_return_mean: 2176.1704006687883
target_4285.894736842105_return_std: 327.0729693937052
target_4285.894736842105_lenght_mean: 679.83
target_4285.894736842105_lenght_std: 96.61190972131749
target_4536.9473684210525_return_mean: 2231.5031341914305
target_4536.9473684210525_return_std: 315.40802081029864
target_4536.9473684210525_lenght_mean: 697.59
target_4536.9473684210525_lenght_std: 95.25629585491974
target_4788.0_return_mean: 2271.7002849662586
target_4788.0_return_std: 348.8697947607135
target_4788.0_lenght_mean: 709.89
target_4788.0_lenght_std: 103.69907376635531
time/evaluation: 3179.1280257701874
target_training/action_erro_mean: 0.06750445067882538
target_training/action_erro_std: 0.0
================================================================================
Iteration 11
time/training: 784.0421319007874
training/train_loss_mean: 0.06070665077902376
training/train_loss_std: 0.004303872458310393
training/action_error: 0.05970405042171478
================================================================================
Iteration 11
target_18.0_return_mean: 819.2713877517573
target_18.0_return_std: 26.59705313612446
target_18.0_lenght_mean: 289.59
target_18.0_lenght_std: 6.275499980081268
target_269.0526315789474_return_mean: 840.369579974727
target_269.0526315789474_return_std: 82.26822071037157
target_269.0526315789474_lenght_mean: 290.84
target_269.0526315789474_lenght_std: 22.27946139384882
target_520.1052631578948_return_mean: 787.2496153740844
target_520.1052631578948_return_std: 115.8448352084423
target_520.1052631578948_lenght_mean: 271.84
target_520.1052631578948_lenght_std: 31.136705027989077
target_771.1578947368421_return_mean: 1171.619946139961
target_771.1578947368421_return_std: 385.00847629111206
target_771.1578947368421_lenght_mean: 380.76
target_771.1578947368421_lenght_std: 110.05854078625612
target_1022.2105263157895_return_mean: 1462.8797183856173
target_1022.2105263157895_return_std: 329.6168373630685
target_1022.2105263157895_lenght_mean: 463.59
target_1022.2105263157895_lenght_std: 95.19916963923582
target_1273.2631578947369_return_mean: 1524.8119126534602
target_1273.2631578947369_return_std: 259.342123409352
target_1273.2631578947369_lenght_mean: 478.62
target_1273.2631578947369_lenght_std: 75.05928057209182
target_1524.3157894736842_return_mean: 1625.3184316334764
target_1524.3157894736842_return_std: 321.1786618537445
target_1524.3157894736842_lenght_mean: 506.77
target_1524.3157894736842_lenght_std: 93.25769190796008
target_1775.3684210526317_return_mean: 1620.1440521978664
target_1775.3684210526317_return_std: 354.52070295756766
target_1775.3684210526317_lenght_mean: 505.77
target_1775.3684210526317_lenght_std: 103.5625274894351
target_2026.421052631579_return_mean: 1792.1417621100536
target_2026.421052631579_return_std: 401.70383636707544
target_2026.421052631579_lenght_mean: 556.68
target_2026.421052631579_lenght_std: 119.34855508132473
target_2277.4736842105262_return_mean: 1868.886255009968
target_2277.4736842105262_return_std: 414.4708321074654
target_2277.4736842105262_lenght_mean: 579.01
target_2277.4736842105262_lenght_std: 122.32379122640044
target_2528.5263157894738_return_mean: 1828.2134023184885
target_2528.5263157894738_return_std: 309.9520220784263
target_2528.5263157894738_lenght_mean: 568.28
target_2528.5263157894738_lenght_std: 91.00638219377804
target_2779.5789473684213_return_mean: 1894.8918595210148
target_2779.5789473684213_return_std: 391.01085899315655
target_2779.5789473684213_lenght_mean: 587.66
target_2779.5789473684213_lenght_std: 116.29894410526693
target_3030.6315789473683_return_mean: 1841.554715062475
target_3030.6315789473683_return_std: 306.4574827636323
target_3030.6315789473683_lenght_mean: 572.05
target_3030.6315789473683_lenght_std: 91.77923240036385
target_3281.684210526316_return_mean: 1851.4425865899914
target_3281.684210526316_return_std: 323.1290096911237
target_3281.684210526316_lenght_mean: 575.71
target_3281.684210526316_lenght_std: 94.42121530673072
target_3532.7368421052633_return_mean: 1843.3870803801706
target_3532.7368421052633_return_std: 278.8182091852297
target_3532.7368421052633_lenght_mean: 574.92
target_3532.7368421052633_lenght_std: 81.12652833691332
target_3783.7894736842104_return_mean: 1833.7322077563194
target_3783.7894736842104_return_std: 296.7485219537807
target_3783.7894736842104_lenght_mean: 571.46
target_3783.7894736842104_lenght_std: 86.78818122302138
target_4034.842105263158_return_mean: 1823.7882669686282
target_4034.842105263158_return_std: 261.60448594298157
target_4034.842105263158_lenght_mean: 568.2
target_4034.842105263158_lenght_std: 76.16784098292402
target_4285.894736842105_return_mean: 1869.9186316705727
target_4285.894736842105_return_std: 292.8394268997706
target_4285.894736842105_lenght_mean: 582.98
target_4285.894736842105_lenght_std: 86.69371142130207
target_4536.9473684210525_return_mean: 1856.8522693958816
target_4536.9473684210525_return_std: 297.7389028346629
target_4536.9473684210525_lenght_mean: 578.64
target_4536.9473684210525_lenght_std: 88.75601613411905
target_4788.0_return_mean: 1916.01474438429
target_4788.0_return_std: 328.3724635577099
target_4788.0_lenght_mean: 596.3
target_4788.0_lenght_std: 96.1435905299984
time/evaluation: 3586.7274298667908
target_training/action_erro_mean: 0.05970405042171478
target_training/action_erro_std: 0.0
================================================================================
Iteration 12
time/training: 835.4824960231781
training/train_loss_mean: 0.060099297259375455
training/train_loss_std: 0.004265997340781684
training/action_error: 0.059087399393320084
================================================================================
Iteration 12
target_18.0_return_mean: 781.3682139434688
target_18.0_return_std: 377.124306676528
target_18.0_lenght_mean: 274.41
target_18.0_lenght_std: 105.74716024555933
target_269.0526315789474_return_mean: 1206.6422462800192
target_269.0526315789474_return_std: 501.26573335364543
target_269.0526315789474_lenght_mean: 394.01
target_269.0526315789474_lenght_std: 139.98267714256644
target_520.1052631578948_return_mean: 1464.577793422357
target_520.1052631578948_return_std: 222.6511292497384
target_520.1052631578948_lenght_mean: 464.2
target_520.1052631578948_lenght_std: 64.39813661900475
target_771.1578947368421_return_mean: 1526.5424710369414
target_771.1578947368421_return_std: 196.32702971615097
target_771.1578947368421_lenght_mean: 482.18
target_771.1578947368421_lenght_std: 57.799027673482534
target_1022.2105263157895_return_mean: 1629.495345838758
target_1022.2105263157895_return_std: 201.4913039182963
target_1022.2105263157895_lenght_mean: 513.15
target_1022.2105263157895_lenght_std: 58.75923331698602
target_1273.2631578947369_return_mean: 1644.390264459299
target_1273.2631578947369_return_std: 215.57442428769866
target_1273.2631578947369_lenght_mean: 518.64
target_1273.2631578947369_lenght_std: 62.38020839978013
target_1524.3157894736842_return_mean: 1738.7822935808765
target_1524.3157894736842_return_std: 254.4426975985204
target_1524.3157894736842_lenght_mean: 545.48
target_1524.3157894736842_lenght_std: 74.22337637159873
target_1775.3684210526317_return_mean: 1872.9722187564112
target_1775.3684210526317_return_std: 296.3051554425036
target_1775.3684210526317_lenght_mean: 583.51
target_1775.3684210526317_lenght_std: 87.94265119951753
target_2026.421052631579_return_mean: 1902.499876061339
target_2026.421052631579_return_std: 305.09925289880323
target_2026.421052631579_lenght_mean: 590.89
target_2026.421052631579_lenght_std: 90.08072990379242
target_2277.4736842105262_return_mean: 1950.7328298422779
target_2277.4736842105262_return_std: 291.1132455822146
target_2277.4736842105262_lenght_mean: 605.54
target_2277.4736842105262_lenght_std: 87.51496100667588
target_2528.5263157894738_return_mean: 1951.7813765692779
target_2528.5263157894738_return_std: 315.46525667205964
target_2528.5263157894738_lenght_mean: 605.43
target_2528.5263157894738_lenght_std: 93.44616150490077
target_2779.5789473684213_return_mean: 2002.0831340865122
target_2779.5789473684213_return_std: 315.75925966197224
target_2779.5789473684213_lenght_mean: 620.48
target_2779.5789473684213_lenght_std: 94.48327682717192
target_3030.6315789473683_return_mean: 1994.2497119474058
target_3030.6315789473683_return_std: 343.05319128677667
target_3030.6315789473683_lenght_mean: 617.39
target_3030.6315789473683_lenght_std: 101.87471668672262
target_3281.684210526316_return_mean: 1987.5993132497779
target_3281.684210526316_return_std: 338.358521360004
target_3281.684210526316_lenght_mean: 615.67
target_3281.684210526316_lenght_std: 101.92654757225911
target_3532.7368421052633_return_mean: 1998.8997457546805
target_3532.7368421052633_return_std: 323.1264581015521
target_3532.7368421052633_lenght_mean: 619.84
target_3532.7368421052633_lenght_std: 96.2981536686971
target_3783.7894736842104_return_mean: 1988.912223741121
target_3783.7894736842104_return_std: 263.3227805650556
target_3783.7894736842104_lenght_mean: 616.6
target_3783.7894736842104_lenght_std: 78.73703067807422
target_4034.842105263158_return_mean: 2012.0094809508812
target_4034.842105263158_return_std: 332.41313446230527
target_4034.842105263158_lenght_mean: 624.62
target_4034.842105263158_lenght_std: 101.15194313506785
target_4285.894736842105_return_mean: 2008.6999677247222
target_4285.894736842105_return_std: 358.0177174705888
target_4285.894736842105_lenght_mean: 622.35
target_4285.894736842105_lenght_std: 106.60847761787053
target_4536.9473684210525_return_mean: 2017.7325208132993
target_4536.9473684210525_return_std: 319.7430169073676
target_4536.9473684210525_lenght_mean: 625.49
target_4536.9473684210525_lenght_std: 95.20425358144458
target_4788.0_return_mean: 2015.0003271645505
target_4788.0_return_std: 334.1817789976909
target_4788.0_lenght_mean: 625.33
target_4788.0_lenght_std: 101.82750659816824
time/evaluation: 3125.39564704895
target_training/action_erro_mean: 0.059087399393320084
target_training/action_erro_std: 0.0

------------------------------------------------------------
Sender: LSF System <lsfadmin@hpc.dtu.dk>
Subject: Job 13680976: <DT-hopper> in cluster <dcc> Done

Job <DT-hopper> was submitted from host <n-62-30-7> by user <s204131> in cluster <dcc> at Mon Jun  6 17:06:08 2022
Job was executed on host(s) <4*n-62-20-4>, in queue <gpuv100>, as user <s204131> in cluster <dcc> at Tue Jun  7 10:12:18 2022
</zhome/94/3/155767> was used as the home directory.
</zhome/94/3/155767/decision_transformer/gym> was used as the working directory.
Started at Tue Jun  7 10:12:18 2022
Terminated at Tue Jun  7 17:26:07 2022
Results reported at Tue Jun  7 17:26:07 2022

Your job looked like:

------------------------------------------------------------
# LSBATCH: User input
#!/bin/sh
#BSUB -J DT-hopper
#BSUB -o DT-hopper_%J.out
#BSUB -e DT-hopper_%J.err
#BSUB -q gpuv100
#BSUB -gpu "num=1:mode=exclusive_process"
#BSUB -n 4
#BSUB -R "rusage[mem=4G]"
#BSUB -R "span[hosts=1]"
#BSUB -W 20:00
# end of BSUB options


# load CUDA (for GPU support)

# activate the virtual environment
source $HOME/miniconda3/envs/decision-transformer-gym/bin/activate

wandb on
echo 'cad8b043f3731a2c453efd8f61915e186ac93ac3' | wandb login

python experiment_single_reward.py --env 'hopper' --dataset 'medium' --seed 42  --save_iters '8,10,12' --eval_iters '8,9,10,11,12' --max_iters 12 --device 'cuda' --log_to_wandb True

------------------------------------------------------------

Successfully completed.

Resource usage summary:

    CPU time :                                   26098.56 sec.
    Max Memory :                                 2537 MB
    Average Memory :                             2523.90 MB
    Total Requested Memory :                     16384.00 MB
    Delta Memory :                               13847.00 MB
    Max Swap :                                   -
    Max Processes :                              6
    Max Threads :                                21
    Run time :                                   26128 sec.
    Turnaround time :                            87599 sec.

The output (if any) is above this job summary.



PS:

Read file <DT-hopper_13680976.err> for stderr output of this job.

