W&B enabled, running your script from this directory will now sync to the cloud.
Disabling Weights & Biases. Run 'wandb login' again to re-enable.
Creating states list
==================================================
Starting new experiment: walker2d expert
1000 trajectories, 999214 timesteps found
Average return: 4920.51, std: 136.39
Max return: 5011.69, min: 763.42
==================================================
================================================================================
Iteration 1
time/training: 1355.4062187671661
training/train_loss_mean: 0.10355450809635222
training/train_loss_std: 0.11747472536758836
training/action_error: 0.04308950901031494
================================================================================
Iteration 2
time/training: 1356.8718898296356
training/train_loss_mean: 0.03868810097966343
training/train_loss_std: 0.003147402327911757
training/action_error: 0.034871626645326614
================================================================================
Iteration 3
time/training: 1356.8666870594025
training/train_loss_mean: 0.03368416343461722
training/train_loss_std: 0.0017915578295473725
training/action_error: 0.0311987716704607
================================================================================
Iteration 4
time/training: 1355.2034113407135
training/train_loss_mean: 0.03167574372254312
training/train_loss_std: 0.0015264081422779329
training/action_error: 0.030517172068357468
================================================================================
Iteration 5
time/training: 1356.248880147934
training/train_loss_mean: 0.03051467755641788
training/train_loss_std: 0.0014495660789888823
training/action_error: 0.030194522812962532
================================================================================
Iteration 6
time/training: 1356.3148112297058
training/train_loss_mean: 0.029795026893913747
training/train_loss_std: 0.0013987882955795276
training/action_error: 0.031381987035274506
================================================================================
Iteration 7
time/training: 1354.5549142360687
training/train_loss_mean: 0.029256536743417383
training/train_loss_std: 0.0013568045666855317
training/action_error: 0.028764508664608
================================================================================
Iteration 8
time/training: 1358.3095178604126
training/train_loss_mean: 0.02882215014267713
training/train_loss_std: 0.0013451747344371656
training/action_error: 0.027925577014684677
================================================================================
Iteration 8
target_2.0_return_mean: 4962.689622019912
target_2.0_return_std: 20.78056036568732
target_2.0_lenght_mean: 1000.0
target_2.0_lenght_std: 0.0
target_328.10526315789474_return_mean: 4962.730446354111
target_328.10526315789474_return_std: 21.646706463042293
target_328.10526315789474_lenght_mean: 1000.0
target_328.10526315789474_lenght_std: 0.0
target_654.2105263157895_return_mean: 4946.132693461291
target_654.2105263157895_return_std: 32.138695240074675
target_654.2105263157895_lenght_mean: 1000.0
target_654.2105263157895_lenght_std: 0.0
target_980.3157894736842_return_mean: 4945.22874397098
target_980.3157894736842_return_std: 26.37892095831324
target_980.3157894736842_lenght_mean: 1000.0
target_980.3157894736842_lenght_std: 0.0
target_1306.421052631579_return_mean: 4941.505013431829
target_1306.421052631579_return_std: 30.9951285359312
target_1306.421052631579_lenght_mean: 1000.0
target_1306.421052631579_lenght_std: 0.0
target_1632.5263157894738_return_mean: 4942.038942061246
target_1632.5263157894738_return_std: 29.53222649089722
target_1632.5263157894738_lenght_mean: 1000.0
target_1632.5263157894738_lenght_std: 0.0
target_1958.6315789473683_return_mean: 4940.553776831768
target_1958.6315789473683_return_std: 24.687486920406585
target_1958.6315789473683_lenght_mean: 1000.0
target_1958.6315789473683_lenght_std: 0.0
target_2284.7368421052633_return_mean: 4943.394109038261
target_2284.7368421052633_return_std: 26.443542227587365
target_2284.7368421052633_lenght_mean: 1000.0
target_2284.7368421052633_lenght_std: 0.0
target_2610.842105263158_return_mean: 4945.620735659045
target_2610.842105263158_return_std: 19.669671740680673
target_2610.842105263158_lenght_mean: 1000.0
target_2610.842105263158_lenght_std: 0.0
target_2936.9473684210525_return_mean: 4941.361409528777
target_2936.9473684210525_return_std: 30.82238146762914
target_2936.9473684210525_lenght_mean: 1000.0
target_2936.9473684210525_lenght_std: 0.0
target_3263.0526315789475_return_mean: 4942.939510565968
target_3263.0526315789475_return_std: 32.49237181559911
target_3263.0526315789475_lenght_mean: 1000.0
target_3263.0526315789475_lenght_std: 0.0
target_3589.157894736842_return_mean: 4943.7615617762585
target_3589.157894736842_return_std: 24.238069756507223
target_3589.157894736842_lenght_mean: 1000.0
target_3589.157894736842_lenght_std: 0.0
target_3915.2631578947367_return_mean: 4941.844147490332
target_3915.2631578947367_return_std: 25.65431612004135
target_3915.2631578947367_lenght_mean: 1000.0
target_3915.2631578947367_lenght_std: 0.0
target_4241.368421052632_return_mean: 4942.524415468619
target_4241.368421052632_return_std: 23.705840114605163
target_4241.368421052632_lenght_mean: 1000.0
target_4241.368421052632_lenght_std: 0.0
target_4567.473684210527_return_mean: 4944.589341223251
target_4567.473684210527_return_std: 24.654587722665205
target_4567.473684210527_lenght_mean: 1000.0
target_4567.473684210527_lenght_std: 0.0
target_4893.578947368421_return_mean: 4945.190956602549
target_4893.578947368421_return_std: 28.713327035122383
target_4893.578947368421_lenght_mean: 1000.0
target_4893.578947368421_lenght_std: 0.0
target_5219.684210526316_return_mean: 4937.866519116913
target_5219.684210526316_return_std: 24.68295651709352
target_5219.684210526316_lenght_mean: 1000.0
target_5219.684210526316_lenght_std: 0.0
target_5545.789473684211_return_mean: 4938.270083738765
target_5545.789473684211_return_std: 29.800778543844
target_5545.789473684211_lenght_mean: 1000.0
target_5545.789473684211_lenght_std: 0.0
target_5871.894736842105_return_mean: 4943.954487349236
target_5871.894736842105_return_std: 22.292105540697783
target_5871.894736842105_lenght_mean: 1000.0
target_5871.894736842105_lenght_std: 0.0
target_6198.0_return_mean: 4945.070345671406
target_6198.0_return_std: 21.66414033314943
target_6198.0_lenght_mean: 1000.0
target_6198.0_lenght_std: 0.0
time/evaluation: 5575.281905174255
target_training/action_erro_mean: 0.027925577014684677
target_training/action_erro_std: 0.0
================================================================================
Iteration 9
time/training: 1356.1557488441467
training/train_loss_mean: 0.02846166064552963
training/train_loss_std: 0.0013300069041926178
training/action_error: 0.029202867299318314
================================================================================
Iteration 9
target_2.0_return_mean: 4971.38408743922
target_2.0_return_std: 10.835369756275416
target_2.0_lenght_mean: 1000.0
target_2.0_lenght_std: 0.0
target_328.10526315789474_return_mean: 4982.961244058695
target_328.10526315789474_return_std: 13.850311440039409
target_328.10526315789474_lenght_mean: 1000.0
target_328.10526315789474_lenght_std: 0.0
target_654.2105263157895_return_mean: 4990.9327627259345
target_654.2105263157895_return_std: 11.64653911619002
target_654.2105263157895_lenght_mean: 1000.0
target_654.2105263157895_lenght_std: 0.0
target_980.3157894736842_return_mean: 4991.03774562738
target_980.3157894736842_return_std: 10.578249323986391
target_980.3157894736842_lenght_mean: 1000.0
target_980.3157894736842_lenght_std: 0.0
target_1306.421052631579_return_mean: 4988.823896598235
target_1306.421052631579_return_std: 11.400396155288389
target_1306.421052631579_lenght_mean: 1000.0
target_1306.421052631579_lenght_std: 0.0
target_1632.5263157894738_return_mean: 4990.745350615958
target_1632.5263157894738_return_std: 9.573384764080387
target_1632.5263157894738_lenght_mean: 1000.0
target_1632.5263157894738_lenght_std: 0.0
target_1958.6315789473683_return_mean: 4988.5642451334725
target_1958.6315789473683_return_std: 12.891800888287568
target_1958.6315789473683_lenght_mean: 1000.0
target_1958.6315789473683_lenght_std: 0.0
target_2284.7368421052633_return_mean: 4988.911575967258
target_2284.7368421052633_return_std: 11.503820643209007
target_2284.7368421052633_lenght_mean: 1000.0
target_2284.7368421052633_lenght_std: 0.0
target_2610.842105263158_return_mean: 4988.313551367288
target_2610.842105263158_return_std: 12.708456415862686
target_2610.842105263158_lenght_mean: 1000.0
target_2610.842105263158_lenght_std: 0.0
target_2936.9473684210525_return_mean: 4985.1196910767685
target_2936.9473684210525_return_std: 14.952416459852108
target_2936.9473684210525_lenght_mean: 1000.0
target_2936.9473684210525_lenght_std: 0.0
target_3263.0526315789475_return_mean: 4984.467657933991
target_3263.0526315789475_return_std: 19.918568290231864
target_3263.0526315789475_lenght_mean: 1000.0
target_3263.0526315789475_lenght_std: 0.0
target_3589.157894736842_return_mean: 4985.1753292765825
target_3589.157894736842_return_std: 13.043130111850019
target_3589.157894736842_lenght_mean: 1000.0
target_3589.157894736842_lenght_std: 0.0
target_3915.2631578947367_return_mean: 4985.021672979664
target_3915.2631578947367_return_std: 11.869685553907859
target_3915.2631578947367_lenght_mean: 1000.0
target_3915.2631578947367_lenght_std: 0.0
target_4241.368421052632_return_mean: 4984.545360933686
target_4241.368421052632_return_std: 11.12379622338659
target_4241.368421052632_lenght_mean: 1000.0
target_4241.368421052632_lenght_std: 0.0
target_4567.473684210527_return_mean: 4983.218567839901
target_4567.473684210527_return_std: 15.098311825199008
target_4567.473684210527_lenght_mean: 1000.0
target_4567.473684210527_lenght_std: 0.0
target_4893.578947368421_return_mean: 4983.938983983157
target_4893.578947368421_return_std: 12.570095567234684
target_4893.578947368421_lenght_mean: 1000.0
target_4893.578947368421_lenght_std: 0.0
target_5219.684210526316_return_mean: 4984.5540911346125
target_5219.684210526316_return_std: 12.369761782288228
target_5219.684210526316_lenght_mean: 1000.0
target_5219.684210526316_lenght_std: 0.0
target_5545.789473684211_return_mean: 4983.567257015037
target_5545.789473684211_return_std: 12.771240767753028
target_5545.789473684211_lenght_mean: 1000.0
target_5545.789473684211_lenght_std: 0.0
target_5871.894736842105_return_mean: 4982.821483956663
target_5871.894736842105_return_std: 14.270445374935761
target_5871.894736842105_lenght_mean: 1000.0
target_5871.894736842105_lenght_std: 0.0
target_6198.0_return_mean: 4981.917968969489
target_6198.0_return_std: 12.703441195246437
target_6198.0_lenght_mean: 1000.0
target_6198.0_lenght_std: 0.0
time/evaluation: 5603.581575870514
target_training/action_erro_mean: 0.029202867299318314
target_training/action_erro_std: 0.0
================================================================================
Iteration 10
time/training: 1350.5874543190002
training/train_loss_mean: 0.028171564937382935
training/train_loss_std: 0.0013014851672856161
training/action_error: 0.026648487895727158
================================================================================
Iteration 10
target_2.0_return_mean: 4984.841621671102
target_2.0_return_std: 15.465322189608644
target_2.0_lenght_mean: 1000.0
target_2.0_lenght_std: 0.0
target_328.10526315789474_return_mean: 4993.967565177656
target_328.10526315789474_return_std: 15.303871619474107
target_328.10526315789474_lenght_mean: 1000.0
target_328.10526315789474_lenght_std: 0.0
target_654.2105263157895_return_mean: 4997.036711071488
target_654.2105263157895_return_std: 13.681556600836595
target_654.2105263157895_lenght_mean: 1000.0
target_654.2105263157895_lenght_std: 0.0
target_980.3157894736842_return_mean: 4994.119789098738
target_980.3157894736842_return_std: 14.264521669181097
target_980.3157894736842_lenght_mean: 1000.0
target_980.3157894736842_lenght_std: 0.0
target_1306.421052631579_return_mean: 4987.872689564447
target_1306.421052631579_return_std: 17.872350683883425
target_1306.421052631579_lenght_mean: 1000.0
target_1306.421052631579_lenght_std: 0.0
target_1632.5263157894738_return_mean: 4985.478524522304
target_1632.5263157894738_return_std: 19.647725909638737
target_1632.5263157894738_lenght_mean: 1000.0
target_1632.5263157894738_lenght_std: 0.0
target_1958.6315789473683_return_mean: 4981.8596019249935
target_1958.6315789473683_return_std: 20.622394435082494
target_1958.6315789473683_lenght_mean: 1000.0
target_1958.6315789473683_lenght_std: 0.0
target_2284.7368421052633_return_mean: 4975.999514383021
target_2284.7368421052633_return_std: 25.27464951644147
target_2284.7368421052633_lenght_mean: 1000.0
target_2284.7368421052633_lenght_std: 0.0
target_2610.842105263158_return_mean: 4975.08967173052
target_2610.842105263158_return_std: 23.585327322235244
target_2610.842105263158_lenght_mean: 1000.0
target_2610.842105263158_lenght_std: 0.0
target_2936.9473684210525_return_mean: 4974.673982907035
target_2936.9473684210525_return_std: 20.931484883075424
target_2936.9473684210525_lenght_mean: 1000.0
target_2936.9473684210525_lenght_std: 0.0
target_3263.0526315789475_return_mean: 4972.782044803101
target_3263.0526315789475_return_std: 25.053715366760603
target_3263.0526315789475_lenght_mean: 1000.0
target_3263.0526315789475_lenght_std: 0.0
target_3589.157894736842_return_mean: 4974.426299737901
target_3589.157894736842_return_std: 22.414525532727417
target_3589.157894736842_lenght_mean: 1000.0
target_3589.157894736842_lenght_std: 0.0
target_3915.2631578947367_return_mean: 4971.144469550499
target_3915.2631578947367_return_std: 24.86725923539445
target_3915.2631578947367_lenght_mean: 1000.0
target_3915.2631578947367_lenght_std: 0.0
target_4241.368421052632_return_mean: 4972.387303283976
target_4241.368421052632_return_std: 23.684399376171456
target_4241.368421052632_lenght_mean: 1000.0
target_4241.368421052632_lenght_std: 0.0
target_4567.473684210527_return_mean: 4971.695198381855
target_4567.473684210527_return_std: 25.453734117163425
target_4567.473684210527_lenght_mean: 1000.0
target_4567.473684210527_lenght_std: 0.0
target_4893.578947368421_return_mean: 4964.695769400264
target_4893.578947368421_return_std: 23.857069866475882
target_4893.578947368421_lenght_mean: 1000.0
target_4893.578947368421_lenght_std: 0.0
target_5219.684210526316_return_mean: 4971.901138636226
target_5219.684210526316_return_std: 24.250354043036612
target_5219.684210526316_lenght_mean: 1000.0
target_5219.684210526316_lenght_std: 0.0
target_5545.789473684211_return_mean: 4967.669861431932
target_5545.789473684211_return_std: 26.29036180687197
target_5545.789473684211_lenght_mean: 1000.0
target_5545.789473684211_lenght_std: 0.0
target_5871.894736842105_return_mean: 4968.657528156797
target_5871.894736842105_return_std: 28.067264322309335
target_5871.894736842105_lenght_mean: 1000.0
target_5871.894736842105_lenght_std: 0.0
target_6198.0_return_mean: 4971.511655899202
target_6198.0_return_std: 24.733604477014143
target_6198.0_lenght_mean: 1000.0
target_6198.0_lenght_std: 0.0
time/evaluation: 5572.392191648483
target_training/action_erro_mean: 0.026648487895727158
target_training/action_erro_std: 0.0
================================================================================
Iteration 11
time/training: 1355.8120875358582
training/train_loss_mean: 0.027963403322733938
training/train_loss_std: 0.0013053940957197206
training/action_error: 0.027517661452293396
================================================================================
Iteration 11
target_2.0_return_mean: 4970.264089914644
target_2.0_return_std: 13.248082847320509
target_2.0_lenght_mean: 1000.0
target_2.0_lenght_std: 0.0
target_328.10526315789474_return_mean: 4966.766041188152
target_328.10526315789474_return_std: 14.6545549919055
target_328.10526315789474_lenght_mean: 1000.0
target_328.10526315789474_lenght_std: 0.0
target_654.2105263157895_return_mean: 4969.919066864174
target_654.2105263157895_return_std: 13.84522178474729
target_654.2105263157895_lenght_mean: 1000.0
target_654.2105263157895_lenght_std: 0.0
target_980.3157894736842_return_mean: 4968.1767112070565
target_980.3157894736842_return_std: 16.21908232177753
target_980.3157894736842_lenght_mean: 1000.0
target_980.3157894736842_lenght_std: 0.0
target_1306.421052631579_return_mean: 4965.855330962472
target_1306.421052631579_return_std: 17.61484484936787
target_1306.421052631579_lenght_mean: 1000.0
target_1306.421052631579_lenght_std: 0.0
target_1632.5263157894738_return_mean: 4964.596740849718
target_1632.5263157894738_return_std: 21.21935299712111
target_1632.5263157894738_lenght_mean: 1000.0
target_1632.5263157894738_lenght_std: 0.0
target_1958.6315789473683_return_mean: 4967.578426664387
target_1958.6315789473683_return_std: 15.599462437351406
target_1958.6315789473683_lenght_mean: 1000.0
target_1958.6315789473683_lenght_std: 0.0
target_2284.7368421052633_return_mean: 4963.552056595909
target_2284.7368421052633_return_std: 20.22360116976035
target_2284.7368421052633_lenght_mean: 1000.0
target_2284.7368421052633_lenght_std: 0.0
target_2610.842105263158_return_mean: 4962.142359773378
target_2610.842105263158_return_std: 22.592778960568058
target_2610.842105263158_lenght_mean: 1000.0
target_2610.842105263158_lenght_std: 0.0
target_2936.9473684210525_return_mean: 4964.793190334447
target_2936.9473684210525_return_std: 19.418322471632496
target_2936.9473684210525_lenght_mean: 1000.0
target_2936.9473684210525_lenght_std: 0.0
target_3263.0526315789475_return_mean: 4964.829692413223
target_3263.0526315789475_return_std: 17.81128481784218
target_3263.0526315789475_lenght_mean: 1000.0
target_3263.0526315789475_lenght_std: 0.0
target_3589.157894736842_return_mean: 4960.6432768122095
target_3589.157894736842_return_std: 21.75163501490816
target_3589.157894736842_lenght_mean: 1000.0
target_3589.157894736842_lenght_std: 0.0
target_3915.2631578947367_return_mean: 4960.228788938684
target_3915.2631578947367_return_std: 19.946123969158222
target_3915.2631578947367_lenght_mean: 1000.0
target_3915.2631578947367_lenght_std: 0.0
target_4241.368421052632_return_mean: 4961.819199212463
target_4241.368421052632_return_std: 19.25857108572364
target_4241.368421052632_lenght_mean: 1000.0
target_4241.368421052632_lenght_std: 0.0
target_4567.473684210527_return_mean: 4961.420183573563
target_4567.473684210527_return_std: 23.490733993515928
target_4567.473684210527_lenght_mean: 1000.0
target_4567.473684210527_lenght_std: 0.0
target_4893.578947368421_return_mean: 4963.560622834875
target_4893.578947368421_return_std: 20.46358028906663
target_4893.578947368421_lenght_mean: 1000.0
target_4893.578947368421_lenght_std: 0.0
target_5219.684210526316_return_mean: 4960.15549802234
target_5219.684210526316_return_std: 20.66872348525403
target_5219.684210526316_lenght_mean: 1000.0
target_5219.684210526316_lenght_std: 0.0
target_5545.789473684211_return_mean: 4959.020931336568
target_5545.789473684211_return_std: 20.964798755319055
target_5545.789473684211_lenght_mean: 1000.0
target_5545.789473684211_lenght_std: 0.0
target_5871.894736842105_return_mean: 4961.154065394564
target_5871.894736842105_return_std: 20.80063427530574
target_5871.894736842105_lenght_mean: 1000.0
target_5871.894736842105_lenght_std: 0.0
target_6198.0_return_mean: 4959.833747094852
target_6198.0_return_std: 22.014105495557832
target_6198.0_lenght_mean: 1000.0
target_6198.0_lenght_std: 0.0
time/evaluation: 5574.073919296265
target_training/action_erro_mean: 0.027517661452293396
target_training/action_erro_std: 0.0
================================================================================
Iteration 12
time/training: 1354.4655706882477
training/train_loss_mean: 0.027762301752530038
training/train_loss_std: 0.0012674109980007403
training/action_error: 0.026203999295830727
================================================================================
Iteration 12
target_2.0_return_mean: 5000.398175464216
target_2.0_return_std: 11.567124528876803
target_2.0_lenght_mean: 1000.0
target_2.0_lenght_std: 0.0
target_328.10526315789474_return_mean: 5002.900001453226
target_328.10526315789474_return_std: 12.173144651345918
target_328.10526315789474_lenght_mean: 1000.0
target_328.10526315789474_lenght_std: 0.0
target_654.2105263157895_return_mean: 5008.290996064699
target_654.2105263157895_return_std: 15.306243233023272
target_654.2105263157895_lenght_mean: 1000.0
target_654.2105263157895_lenght_std: 0.0
target_980.3157894736842_return_mean: 5008.37445161141
target_980.3157894736842_return_std: 16.088199648975728
target_980.3157894736842_lenght_mean: 1000.0
target_980.3157894736842_lenght_std: 0.0
target_1306.421052631579_return_mean: 5007.0258786697905
target_1306.421052631579_return_std: 16.55636158247083
target_1306.421052631579_lenght_mean: 1000.0
target_1306.421052631579_lenght_std: 0.0
target_1632.5263157894738_return_mean: 5007.57521612275
target_1632.5263157894738_return_std: 24.6108239137186
target_1632.5263157894738_lenght_mean: 1000.0
target_1632.5263157894738_lenght_std: 0.0
target_1958.6315789473683_return_mean: 5008.999834056154
target_1958.6315789473683_return_std: 14.415943350064799
target_1958.6315789473683_lenght_mean: 1000.0
target_1958.6315789473683_lenght_std: 0.0
target_2284.7368421052633_return_mean: 5006.328217210634
target_2284.7368421052633_return_std: 15.423334623404939
target_2284.7368421052633_lenght_mean: 1000.0
target_2284.7368421052633_lenght_std: 0.0
target_2610.842105263158_return_mean: 5007.347713074826
target_2610.842105263158_return_std: 19.128544368161815
target_2610.842105263158_lenght_mean: 1000.0
target_2610.842105263158_lenght_std: 0.0
target_2936.9473684210525_return_mean: 5009.031378052269
target_2936.9473684210525_return_std: 17.31197374563836
target_2936.9473684210525_lenght_mean: 1000.0
target_2936.9473684210525_lenght_std: 0.0
target_3263.0526315789475_return_mean: 5009.684543716426
target_3263.0526315789475_return_std: 16.089382836962645
target_3263.0526315789475_lenght_mean: 1000.0
target_3263.0526315789475_lenght_std: 0.0
target_3589.157894736842_return_mean: 5008.748789710577
target_3589.157894736842_return_std: 19.450534364070556
target_3589.157894736842_lenght_mean: 1000.0
target_3589.157894736842_lenght_std: 0.0
target_3915.2631578947367_return_mean: 5009.424909295368
target_3915.2631578947367_return_std: 16.299482468453885
target_3915.2631578947367_lenght_mean: 1000.0
target_3915.2631578947367_lenght_std: 0.0
target_4241.368421052632_return_mean: 5006.773866813616
target_4241.368421052632_return_std: 15.20689375338997
target_4241.368421052632_lenght_mean: 1000.0
target_4241.368421052632_lenght_std: 0.0
target_4567.473684210527_return_mean: 5009.906824571584
target_4567.473684210527_return_std: 14.54410602727012
target_4567.473684210527_lenght_mean: 1000.0
target_4567.473684210527_lenght_std: 0.0
target_4893.578947368421_return_mean: 5009.83217321976
target_4893.578947368421_return_std: 15.779309471262579
target_4893.578947368421_lenght_mean: 1000.0
target_4893.578947368421_lenght_std: 0.0
target_5219.684210526316_return_mean: 5007.080663070004
target_5219.684210526316_return_std: 18.05532289205873
target_5219.684210526316_lenght_mean: 1000.0
target_5219.684210526316_lenght_std: 0.0
target_5545.789473684211_return_mean: 5005.804977142193
target_5545.789473684211_return_std: 17.02325590119863
target_5545.789473684211_lenght_mean: 1000.0
target_5545.789473684211_lenght_std: 0.0
target_5871.894736842105_return_mean: 5008.50168099443
target_5871.894736842105_return_std: 16.705819836236426
target_5871.894736842105_lenght_mean: 1000.0
target_5871.894736842105_lenght_std: 0.0
target_6198.0_return_mean: 5009.175758473324
target_6198.0_return_std: 16.013119515758618
target_6198.0_lenght_mean: 1000.0
target_6198.0_lenght_std: 0.0
time/evaluation: 5570.383156299591
target_training/action_erro_mean: 0.026203999295830727
target_training/action_erro_std: 0.0

------------------------------------------------------------
Sender: LSF System <lsfadmin@hpc.dtu.dk>
Subject: Job 13680966: <DT-walker> in cluster <dcc> Done

Job <DT-walker> was submitted from host <n-62-30-7> by user <s204131> in cluster <dcc> at Mon Jun  6 17:01:48 2022
Job was executed on host(s) <4*n-62-20-3>, in queue <gpuv100>, as user <s204131> in cluster <dcc> at Mon Jun  6 18:49:21 2022
</zhome/94/3/155767> was used as the home directory.
</zhome/94/3/155767/decision_transformer/gym> was used as the working directory.
Started at Mon Jun  6 18:49:21 2022
Terminated at Tue Jun  7 07:06:16 2022
Results reported at Tue Jun  7 07:06:16 2022

Your job looked like:

------------------------------------------------------------
# LSBATCH: User input
#!/bin/sh
#BSUB -J DT-walker
#BSUB -o DT-walker_%J.out
#BSUB -e DT-walker_%J.err
#BSUB -q gpuv100
#BSUB -gpu "num=1:mode=exclusive_process"
#BSUB -n 4
#BSUB -R "rusage[mem=4G]"
#BSUB -R "span[hosts=1]"
#BSUB -W 20:00
# end of BSUB options


# load CUDA (for GPU support)

# activate the virtual environment
source $HOME/miniconda3/envs/decision-transformer-gym/bin/activate

wandb on
echo 'cad8b043f3731a2c453efd8f61915e186ac93ac3' | wandb login

python experiment_single_reward.py --env 'walker2d' --dataset 'expert' --seed 42  --save_iters '8,10,12' --eval_iters '8,9,10,11,12' --max_iters 12 --device 'cuda' --log_to_wandb True

------------------------------------------------------------

Successfully completed.

Resource usage summary:

    CPU time :                                   44550.45 sec.
    Max Memory :                                 2622 MB
    Average Memory :                             2613.77 MB
    Total Requested Memory :                     16384.00 MB
    Delta Memory :                               13762.00 MB
    Max Swap :                                   -
    Max Processes :                              6
    Max Threads :                                21
    Run time :                                   44217 sec.
    Turnaround time :                            50668 sec.

The output (if any) is above this job summary.



PS:

Read file <DT-walker_13680966.err> for stderr output of this job.

