W&B enabled, running your script from this directory will now sync to the cloud.
Disabling Weights & Biases. Run 'wandb login' again to re-enable.
Creating states list
==================================================
Starting new experiment: walker2d medium_replay
1093 trajectories, 302000 timesteps found
Average return: 682.70, std: 895.96
Max return: 4132.00, min: -50.20
==================================================
================================================================================
Iteration 1
time/training: 838.49263215065
training/train_loss_mean: 0.2034842620678246
training/train_loss_std: 0.10650140720435367
training/action_error: 0.15724894404411316
================================================================================
Iteration 2
time/training: 818.2848348617554
training/train_loss_mean: 0.12345564158037305
training/train_loss_std: 0.012531129196098542
training/action_error: 0.10994229465723038
================================================================================
Iteration 3
time/training: 1007.0746963024139
training/train_loss_mean: 0.10893369419723749
training/train_loss_std: 0.010094712336326316
training/action_error: 0.10933417081832886
================================================================================
Iteration 4
time/training: 800.6396334171295
training/train_loss_mean: 0.10128725275024772
training/train_loss_std: 0.009106861128531893
training/action_error: 0.09657689929008484
================================================================================
Iteration 5
time/training: 820.4979023933411
training/train_loss_mean: 0.09642072712928057
training/train_loss_std: 0.008560479455392156
training/action_error: 0.09455238282680511
================================================================================
Iteration 6
time/training: 1005.9180748462677
training/train_loss_mean: 0.09292095584198833
training/train_loss_std: 0.008063411060622331
training/action_error: 0.09819687902927399
================================================================================
Iteration 7
time/training: 881.6167697906494
training/train_loss_mean: 0.09004761980623006
training/train_loss_std: 0.007722974076104022
training/action_error: 0.09203104674816132
================================================================================
Iteration 8
time/training: 902.6469118595123
training/train_loss_mean: 0.08788310983255505
training/train_loss_std: 0.007433655458646488
training/action_error: 0.0947428047657013
================================================================================
Iteration 8
target_2.0_return_mean: 256.96648675159923
target_2.0_return_std: 57.61110348027563
target_2.0_lenght_mean: 128.55
target_2.0_lenght_std: 20.009685154944343
target_328.10526315789474_return_mean: 227.8263956929496
target_328.10526315789474_return_std: 11.820442647743672
target_328.10526315789474_lenght_mean: 116.43
target_328.10526315789474_lenght_std: 7.644939502703733
target_654.2105263157895_return_mean: 296.84018249418835
target_654.2105263157895_return_std: 191.40997429198976
target_654.2105263157895_lenght_mean: 221.19
target_654.2105263157895_lenght_std: 135.45646496199433
target_980.3157894736842_return_mean: 2318.364386996822
target_980.3157894736842_return_std: 877.0451629116906
target_980.3157894736842_lenght_mean: 678.8
target_980.3157894736842_lenght_std: 235.9164258800137
target_1306.421052631579_return_mean: 2295.5117843255866
target_1306.421052631579_return_std: 974.1027584194204
target_1306.421052631579_lenght_mean: 639.83
target_1306.421052631579_lenght_std: 253.66265215833408
target_1632.5263157894738_return_mean: 2216.1137828422975
target_1632.5263157894738_return_std: 1029.3622726800188
target_1632.5263157894738_lenght_mean: 615.58
target_1632.5263157894738_lenght_std: 267.47946388461304
target_1958.6315789473683_return_mean: 1804.598621972318
target_1958.6315789473683_return_std: 1175.3318064988528
target_1958.6315789473683_lenght_mean: 514.43
target_1958.6315789473683_lenght_std: 302.8830881709971
target_2284.7368421052633_return_mean: 2685.4172564532414
target_2284.7368421052633_return_std: 926.6012788805099
target_2284.7368421052633_lenght_mean: 751.03
target_2284.7368421052633_lenght_std: 245.82926819237778
target_2610.842105263158_return_mean: 2186.313586745511
target_2610.842105263158_return_std: 1039.0903536633718
target_2610.842105263158_lenght_mean: 612.1
target_2610.842105263158_lenght_std: 274.93815668255286
target_2936.9473684210525_return_mean: 2210.764965486807
target_2936.9473684210525_return_std: 1109.8899245419368
target_2936.9473684210525_lenght_mean: 613.1
target_2936.9473684210525_lenght_std: 290.1399145240103
target_3263.0526315789475_return_mean: 2241.364030229323
target_3263.0526315789475_return_std: 1205.3900792645818
target_3263.0526315789475_lenght_mean: 630.57
target_3263.0526315789475_lenght_std: 317.0548298007775
target_3589.157894736842_return_mean: 2180.957631442896
target_3589.157894736842_return_std: 952.2123850036639
target_3589.157894736842_lenght_mean: 608.66
target_3589.157894736842_lenght_std: 256.8270320663306
target_3915.2631578947367_return_mean: 2151.842822954435
target_3915.2631578947367_return_std: 972.4214572509944
target_3915.2631578947367_lenght_mean: 596.92
target_3915.2631578947367_lenght_std: 253.68502833237915
target_4241.368421052632_return_mean: 2272.3085873756418
target_4241.368421052632_return_std: 1208.7364014892862
target_4241.368421052632_lenght_mean: 631.14
target_4241.368421052632_lenght_std: 307.536307450031
target_4567.473684210527_return_mean: 2085.508409603978
target_4567.473684210527_return_std: 1131.994898997052
target_4567.473684210527_lenght_mean: 581.89
target_4567.473684210527_lenght_std: 291.35538076376764
target_4893.578947368421_return_mean: 1980.7728806164973
target_4893.578947368421_return_std: 1104.7002322447597
target_4893.578947368421_lenght_mean: 551.07
target_4893.578947368421_lenght_std: 281.73264826782145
target_5219.684210526316_return_mean: 2099.240583007264
target_5219.684210526316_return_std: 1153.1227909003946
target_5219.684210526316_lenght_mean: 588.05
target_5219.684210526316_lenght_std: 298.46069674246894
target_5545.789473684211_return_mean: 2235.201435381517
target_5545.789473684211_return_std: 1157.975450405409
target_5545.789473684211_lenght_mean: 618.93
target_5545.789473684211_lenght_std: 295.3428941078488
target_5871.894736842105_return_mean: 2128.5110318058028
target_5871.894736842105_return_std: 1129.9359101410555
target_5871.894736842105_lenght_mean: 589.84
target_5871.894736842105_lenght_std: 289.56929118951825
target_6198.0_return_mean: 2197.8796786297808
target_6198.0_return_std: 1157.1432342628602
target_6198.0_lenght_mean: 604.75
target_6198.0_lenght_std: 295.1665419724939
time/evaluation: 3811.4965393543243
target_training/action_erro_mean: 0.0947428047657013
target_training/action_erro_std: 0.0
================================================================================
Iteration 9
time/training: 935.7375679016113
training/train_loss_mean: 0.08583154426924884
training/train_loss_std: 0.007173799750958587
training/action_error: 0.0946667268872261
================================================================================
Iteration 9
target_2.0_return_mean: 368.08901833142716
target_2.0_return_std: 331.80752752575387
target_2.0_lenght_mean: 183.05
target_2.0_lenght_std: 166.89250282741884
target_328.10526315789474_return_mean: 449.30570345109635
target_328.10526315789474_return_std: 367.11227175209615
target_328.10526315789474_lenght_mean: 257.98
target_328.10526315789474_lenght_std: 147.68039680336724
target_654.2105263157895_return_mean: 729.8830952178049
target_654.2105263157895_return_std: 439.2246410454675
target_654.2105263157895_lenght_mean: 317.54
target_654.2105263157895_lenght_std: 155.87632405211514
target_980.3157894736842_return_mean: 2334.8987694557613
target_980.3157894736842_return_std: 1046.2333502728584
target_980.3157894736842_lenght_mean: 703.82
target_980.3157894736842_lenght_std: 288.5451569512128
target_1306.421052631579_return_mean: 2436.7773957917616
target_1306.421052631579_return_std: 960.827748052232
target_1306.421052631579_lenght_mean: 745.92
target_1306.421052631579_lenght_std: 259.5139179311969
target_1632.5263157894738_return_mean: 2425.41143568881
target_1632.5263157894738_return_std: 1097.669912747316
target_1632.5263157894738_lenght_mean: 714.92
target_1632.5263157894738_lenght_std: 299.0156745055349
target_1958.6315789473683_return_mean: 2747.5577627786965
target_1958.6315789473683_return_std: 833.5721784548053
target_1958.6315789473683_lenght_mean: 815.45
target_1958.6315789473683_lenght_std: 221.24553667814408
target_2284.7368421052633_return_mean: 2852.0843934831623
target_2284.7368421052633_return_std: 765.133949300864
target_2284.7368421052633_lenght_mean: 850.33
target_2284.7368421052633_lenght_std: 200.72967169803272
target_2610.842105263158_return_mean: 2785.8708384368942
target_2610.842105263158_return_std: 785.1272133615391
target_2610.842105263158_lenght_mean: 842.75
target_2610.842105263158_lenght_std: 208.61483048910975
target_2936.9473684210525_return_mean: 2708.6090810951346
target_2936.9473684210525_return_std: 1007.096071927607
target_2936.9473684210525_lenght_mean: 802.46
target_2936.9473684210525_lenght_std: 288.52918119316803
target_3263.0526315789475_return_mean: 2890.01736501042
target_3263.0526315789475_return_std: 767.9045456277233
target_3263.0526315789475_lenght_mean: 868.71
target_3263.0526315789475_lenght_std: 221.48892952019068
target_3589.157894736842_return_mean: 2977.369713687193
target_3589.157894736842_return_std: 754.0510925021861
target_3589.157894736842_lenght_mean: 882.88
target_3589.157894736842_lenght_std: 211.37602891529588
target_3915.2631578947367_return_mean: 2997.5872059099797
target_3915.2631578947367_return_std: 739.8353345439782
target_3915.2631578947367_lenght_mean: 884.8
target_3915.2631578947367_lenght_std: 211.1788815199096
target_4241.368421052632_return_mean: 3111.5209086031887
target_4241.368421052632_return_std: 659.9749710367116
target_4241.368421052632_lenght_mean: 912.42
target_4241.368421052632_lenght_std: 186.134799540548
target_4567.473684210527_return_mean: 3127.2400630730026
target_4567.473684210527_return_std: 629.1191027817549
target_4567.473684210527_lenght_mean: 917.23
target_4567.473684210527_lenght_std: 176.82057883628815
target_4893.578947368421_return_mean: 3184.1396452797285
target_4893.578947368421_return_std: 548.1809691186791
target_4893.578947368421_lenght_mean: 936.9
target_4893.578947368421_lenght_std: 155.7905324466156
target_5219.684210526316_return_mean: 3086.1054059547214
target_5219.684210526316_return_std: 582.1675071632684
target_5219.684210526316_lenght_mean: 917.83
target_5219.684210526316_lenght_std: 165.18474838797923
target_5545.789473684211_return_mean: 3128.3168124082154
target_5545.789473684211_return_std: 591.3514037831872
target_5545.789473684211_lenght_mean: 922.35
target_5545.789473684211_lenght_std: 162.75105990438283
target_5871.894736842105_return_mean: 3224.133520407286
target_5871.894736842105_return_std: 494.868878436733
target_5871.894736842105_lenght_mean: 946.52
target_5871.894736842105_lenght_std: 127.79369937520393
target_6198.0_return_mean: 3183.1562855502125
target_6198.0_return_std: 613.7328042706584
target_6198.0_lenght_mean: 924.11
target_6198.0_lenght_std: 163.23632530781867
time/evaluation: 5360.704689502716
target_training/action_erro_mean: 0.0946667268872261
target_training/action_erro_std: 0.0
================================================================================
Iteration 10
time/training: 1008.7829985618591
training/train_loss_mean: 0.08438391721099615
training/train_loss_std: 0.006960456032521252
training/action_error: 0.0839092805981636
================================================================================
Iteration 10
target_2.0_return_mean: 256.9575267871133
target_2.0_return_std: 104.73764919592601
target_2.0_lenght_mean: 164.08
target_2.0_lenght_std: 119.89868055987938
target_328.10526315789474_return_mean: 395.7482390789144
target_328.10526315789474_return_std: 479.3293489346644
target_328.10526315789474_lenght_mean: 184.94
target_328.10526315789474_lenght_std: 133.82920607998838
target_654.2105263157895_return_mean: 533.6111996690014
target_654.2105263157895_return_std: 668.873462271937
target_654.2105263157895_lenght_mean: 348.79
target_654.2105263157895_lenght_std: 249.15502383054613
target_980.3157894736842_return_mean: 1561.227877867085
target_980.3157894736842_return_std: 957.2493360086122
target_980.3157894736842_lenght_mean: 550.04
target_980.3157894736842_lenght_std: 275.687174892123
target_1306.421052631579_return_mean: 2060.178899115174
target_1306.421052631579_return_std: 954.6382440616702
target_1306.421052631579_lenght_mean: 677.29
target_1306.421052631579_lenght_std: 265.3885187795433
target_1632.5263157894738_return_mean: 2522.2428376975768
target_1632.5263157894738_return_std: 847.4633736589752
target_1632.5263157894738_lenght_mean: 783.41
target_1632.5263157894738_lenght_std: 214.84850918728762
target_1958.6315789473683_return_mean: 2276.115937386662
target_1958.6315789473683_return_std: 828.1264755256509
target_1958.6315789473683_lenght_mean: 735.28
target_1958.6315789473683_lenght_std: 240.50447313927447
target_2284.7368421052633_return_mean: 2508.212311918485
target_2284.7368421052633_return_std: 743.0591778911688
target_2284.7368421052633_lenght_mean: 812.84
target_2284.7368421052633_lenght_std: 215.2713970781999
target_2610.842105263158_return_mean: 2612.1199473622332
target_2610.842105263158_return_std: 668.5922329526277
target_2610.842105263158_lenght_mean: 852.36
target_2610.842105263158_lenght_std: 206.1615638279842
target_2936.9473684210525_return_mean: 2670.7836310537946
target_2936.9473684210525_return_std: 721.2800297357181
target_2936.9473684210525_lenght_mean: 873.8
target_2936.9473684210525_lenght_std: 205.38203426784924
target_3263.0526315789475_return_mean: 2721.415152249372
target_3263.0526315789475_return_std: 714.5494992470955
target_3263.0526315789475_lenght_mean: 878.82
target_3263.0526315789475_lenght_std: 203.81675004768374
target_3589.157894736842_return_mean: 2620.8162151220627
target_3589.157894736842_return_std: 687.1634351113073
target_3589.157894736842_lenght_mean: 873.34
target_3589.157894736842_lenght_std: 205.05902662404304
target_3915.2631578947367_return_mean: 2593.2517243083457
target_3915.2631578947367_return_std: 770.1757269284233
target_3915.2631578947367_lenght_mean: 845.21
target_3915.2631578947367_lenght_std: 220.62267766483117
target_4241.368421052632_return_mean: 2630.5363440700835
target_4241.368421052632_return_std: 721.6328183401127
target_4241.368421052632_lenght_mean: 850.87
target_4241.368421052632_lenght_std: 219.43083899032973
target_4567.473684210527_return_mean: 2659.0806406165443
target_4567.473684210527_return_std: 845.1678976280515
target_4567.473684210527_lenght_mean: 843.4
target_4567.473684210527_lenght_std: 233.68102190807022
target_4893.578947368421_return_mean: 2799.668130112305
target_4893.578947368421_return_std: 645.5859175330905
target_4893.578947368421_lenght_mean: 897.8
target_4893.578947368421_lenght_std: 171.75162299087597
target_5219.684210526316_return_mean: 2628.048547399005
target_5219.684210526316_return_std: 763.1588434601715
target_5219.684210526316_lenght_mean: 844.02
target_5219.684210526316_lenght_std: 231.18883969603726
target_5545.789473684211_return_mean: 2772.9971554139447
target_5545.789473684211_return_std: 660.4651015934785
target_5545.789473684211_lenght_mean: 884.28
target_5545.789473684211_lenght_std: 185.98005699536714
target_5871.894736842105_return_mean: 2742.472569465464
target_5871.894736842105_return_std: 743.0096996865498
target_5871.894736842105_lenght_mean: 875.37
target_5871.894736842105_lenght_std: 211.31259569651783
target_6198.0_return_mean: 2654.037436076088
target_6198.0_return_std: 801.7347265348889
target_6198.0_lenght_mean: 840.88
target_6198.0_lenght_std: 224.69723095757098
time/evaluation: 5110.82469534874
target_training/action_erro_mean: 0.0839092805981636
target_training/action_erro_std: 0.0
================================================================================
Iteration 11
time/training: 1005.8561582565308
training/train_loss_mean: 0.08295346587188542
training/train_loss_std: 0.006768673891255833
training/action_error: 0.08272449672222137
================================================================================
Iteration 11
target_2.0_return_mean: 435.99884129297175
target_2.0_return_std: 535.5791869595142
target_2.0_lenght_mean: 268.79
target_2.0_lenght_std: 179.2240103892333
target_328.10526315789474_return_mean: 311.35213875510004
target_328.10526315789474_return_std: 315.15613685049647
target_328.10526315789474_lenght_mean: 261.38
target_328.10526315789474_lenght_std: 181.1250275362298
target_654.2105263157895_return_mean: 1563.411789939846
target_654.2105263157895_return_std: 1120.1173406028877
target_654.2105263157895_lenght_mean: 480.56
target_654.2105263157895_lenght_std: 295.7361432087732
target_980.3157894736842_return_mean: 1780.00872722239
target_980.3157894736842_return_std: 1051.641186633996
target_980.3157894736842_lenght_mean: 514.59
target_980.3157894736842_lenght_std: 276.4276431545876
target_1306.421052631579_return_mean: 2686.710916352118
target_1306.421052631579_return_std: 831.9409887715007
target_1306.421052631579_lenght_mean: 726.47
target_1306.421052631579_lenght_std: 223.48988590090602
target_1632.5263157894738_return_mean: 2722.796409515207
target_1632.5263157894738_return_std: 897.1497346928207
target_1632.5263157894738_lenght_mean: 744.55
target_1632.5263157894738_lenght_std: 244.41867256819805
target_1958.6315789473683_return_mean: 2907.595936324454
target_1958.6315789473683_return_std: 724.4580144894873
target_1958.6315789473683_lenght_mean: 831.46
target_1958.6315789473683_lenght_std: 193.41031099711307
target_2284.7368421052633_return_mean: 2897.0819705030076
target_2284.7368421052633_return_std: 751.3207937259066
target_2284.7368421052633_lenght_mean: 837.4
target_2284.7368421052633_lenght_std: 206.26764166974903
target_2610.842105263158_return_mean: 2897.8979719124163
target_2610.842105263158_return_std: 1120.663868848316
target_2610.842105263158_lenght_mean: 796.72
target_2610.842105263158_lenght_std: 289.2420813090654
target_2936.9473684210525_return_mean: 3054.1212766307644
target_2936.9473684210525_return_std: 953.8246589675765
target_2936.9473684210525_lenght_mean: 831.92
target_2936.9473684210525_lenght_std: 243.87417575462962
target_3263.0526315789475_return_mean: 3179.825782674955
target_3263.0526315789475_return_std: 828.7052000148774
target_3263.0526315789475_lenght_mean: 866.12
target_3263.0526315789475_lenght_std: 216.6706846806923
target_3589.157894736842_return_mean: 3093.4416907963828
target_3589.157894736842_return_std: 871.7652717483553
target_3589.157894736842_lenght_mean: 846.38
target_3589.157894736842_lenght_std: 221.4709813948545
target_3915.2631578947367_return_mean: 3251.908267501702
target_3915.2631578947367_return_std: 845.3813434312193
target_3915.2631578947367_lenght_mean: 892.11
target_3915.2631578947367_lenght_std: 211.40349547725083
target_4241.368421052632_return_mean: 3065.403206535374
target_4241.368421052632_return_std: 1010.1664513581136
target_4241.368421052632_lenght_mean: 836.33
target_4241.368421052632_lenght_std: 260.17847931756387
target_4567.473684210527_return_mean: 3269.055212084426
target_4567.473684210527_return_std: 904.6598026474952
target_4567.473684210527_lenght_mean: 881.53
target_4567.473684210527_lenght_std: 230.09430479696798
target_4893.578947368421_return_mean: 3285.1254390782574
target_4893.578947368421_return_std: 868.5084163811633
target_4893.578947368421_lenght_mean: 881.78
target_4893.578947368421_lenght_std: 214.69161977124304
target_5219.684210526316_return_mean: 3240.8708784922783
target_5219.684210526316_return_std: 819.00426824035
target_5219.684210526316_lenght_mean: 872.15
target_5219.684210526316_lenght_std: 197.44211176950068
target_5545.789473684211_return_mean: 3265.9082934476282
target_5545.789473684211_return_std: 888.8811438644225
target_5545.789473684211_lenght_mean: 873.74
target_5545.789473684211_lenght_std: 215.9756754822172
target_5871.894736842105_return_mean: 3401.693194678612
target_5871.894736842105_return_std: 775.0268017719083
target_5871.894736842105_lenght_mean: 900.35
target_5871.894736842105_lenght_std: 189.68649793804514
target_6198.0_return_mean: 3326.2785281486194
target_6198.0_return_std: 800.6677820742825
target_6198.0_lenght_mean: 884.58
target_6198.0_lenght_std: 207.96664059411066
time/evaluation: 5252.725729703903
target_training/action_erro_mean: 0.08272449672222137
target_training/action_erro_std: 0.0
================================================================================
Iteration 12
time/training: 994.8361461162567
training/train_loss_mean: 0.08179452507980167
training/train_loss_std: 0.006559655308137449
training/action_error: 0.07285880297422409
================================================================================
Iteration 12
target_2.0_return_mean: 559.4606952577327
target_2.0_return_std: 343.6078152229957
target_2.0_lenght_mean: 280.37
target_2.0_lenght_std: 125.96655548200084
target_328.10526315789474_return_mean: 677.8808223915465
target_328.10526315789474_return_std: 547.9434682185877
target_328.10526315789474_lenght_mean: 335.89
target_328.10526315789474_lenght_std: 182.29184814467158
target_654.2105263157895_return_mean: 1105.0895881231495
target_654.2105263157895_return_std: 783.2034467961483
target_654.2105263157895_lenght_mean: 402.8
target_654.2105263157895_lenght_std: 209.94589779274094
target_980.3157894736842_return_mean: 1661.2423484050423
target_980.3157894736842_return_std: 955.958717756141
target_980.3157894736842_lenght_mean: 563.52
target_980.3157894736842_lenght_std: 255.77836030438544
target_1306.421052631579_return_mean: 1933.6321235111418
target_1306.421052631579_return_std: 1030.813340659691
target_1306.421052631579_lenght_mean: 602.74
target_1306.421052631579_lenght_std: 272.9400893969224
target_1632.5263157894738_return_mean: 2073.2373116965778
target_1632.5263157894738_return_std: 1042.4577796423118
target_1632.5263157894738_lenght_mean: 641.27
target_1632.5263157894738_lenght_std: 272.5023249442104
target_1958.6315789473683_return_mean: 2111.8444820851632
target_1958.6315789473683_return_std: 1187.2750820782874
target_1958.6315789473683_lenght_mean: 657.29
target_1958.6315789473683_lenght_std: 299.6063849453145
target_2284.7368421052633_return_mean: 1986.8984202177155
target_2284.7368421052633_return_std: 1115.3934211604799
target_2284.7368421052633_lenght_mean: 626.77
target_2284.7368421052633_lenght_std: 304.57970566011124
target_2610.842105263158_return_mean: 2214.75271804402
target_2610.842105263158_return_std: 1203.1724414837881
target_2610.842105263158_lenght_mean: 660.84
target_2610.842105263158_lenght_std: 296.8648082882173
target_2936.9473684210525_return_mean: 2555.977938091084
target_2936.9473684210525_return_std: 1135.0518742146362
target_2936.9473684210525_lenght_mean: 738.3
target_2936.9473684210525_lenght_std: 311.8524170180504
target_3263.0526315789475_return_mean: 2627.101782347681
target_3263.0526315789475_return_std: 1231.4144979566709
target_3263.0526315789475_lenght_mean: 742.39
target_3263.0526315789475_lenght_std: 327.926543451426
target_3589.157894736842_return_mean: 3144.959834604397
target_3589.157894736842_return_std: 815.7818371261831
target_3589.157894736842_lenght_mean: 877.57
target_3589.157894736842_lenght_std: 210.78525826062884
target_3915.2631578947367_return_mean: 3036.9826613716036
target_3915.2631578947367_return_std: 829.7652001600404
target_3915.2631578947367_lenght_mean: 848.79
target_3915.2631578947367_lenght_std: 213.11430242947094
target_4241.368421052632_return_mean: 3167.789430045071
target_4241.368421052632_return_std: 754.1105367865971
target_4241.368421052632_lenght_mean: 877.98
target_4241.368421052632_lenght_std: 195.48273478749988
target_4567.473684210527_return_mean: 3108.437927735597
target_4567.473684210527_return_std: 777.4781627593782
target_4567.473684210527_lenght_mean: 872.42
target_4567.473684210527_lenght_std: 201.71535291097703
target_4893.578947368421_return_mean: 3043.3820860690334
target_4893.578947368421_return_std: 819.9204240898665
target_4893.578947368421_lenght_mean: 845.47
target_4893.578947368421_lenght_std: 223.67585721306625
target_5219.684210526316_return_mean: 3167.7810448856962
target_5219.684210526316_return_std: 768.089016088607
target_5219.684210526316_lenght_mean: 864.69
target_5219.684210526316_lenght_std: 202.48242862036201
target_5545.789473684211_return_mean: 3123.463398465787
target_5545.789473684211_return_std: 858.4688343872691
target_5545.789473684211_lenght_mean: 867.76
target_5545.789473684211_lenght_std: 225.7963294652949
target_5871.894736842105_return_mean: 3061.140246272541
target_5871.894736842105_return_std: 950.5958227196825
target_5871.894736842105_lenght_mean: 844.98
target_5871.894736842105_lenght_std: 247.27345106177495
target_6198.0_return_mean: 3163.9384421857767
target_6198.0_return_std: 838.5350217840253
target_6198.0_lenght_mean: 883.58
target_6198.0_lenght_std: 205.71267243415022
time/evaluation: 4901.826703071594
target_training/action_erro_mean: 0.07285880297422409
target_training/action_erro_std: 0.0

------------------------------------------------------------
Sender: LSF System <lsfadmin@hpc.dtu.dk>
Subject: Job 13680273: <DT-walker> in cluster <dcc> Done

Job <DT-walker> was submitted from host <n-62-30-7> by user <s204131> in cluster <dcc> at Mon Jun  6 10:34:49 2022
Job was executed on host(s) <4*n-62-20-4>, in queue <gpuv100>, as user <s204131> in cluster <dcc> at Mon Jun  6 10:34:49 2022
</zhome/94/3/155767> was used as the home directory.
</zhome/94/3/155767/decision_transformer/gym> was used as the working directory.
Started at Mon Jun  6 10:34:49 2022
Terminated at Mon Jun  6 20:26:14 2022
Results reported at Mon Jun  6 20:26:14 2022

Your job looked like:

------------------------------------------------------------
# LSBATCH: User input
#!/bin/sh
#BSUB -J DT-walker
#BSUB -o DT-walker_%J.out
#BSUB -e DT-walker_%J.err
#BSUB -q gpuv100
#BSUB -gpu "num=1:mode=exclusive_process"
#BSUB -n 4
#BSUB -R "rusage[mem=4G]"
#BSUB -R "span[hosts=1]"
#BSUB -W 20:00
# end of BSUB options


# load CUDA (for GPU support)

# activate the virtual environment
source $HOME/miniconda3/envs/decision-transformer-gym/bin/activate

wandb on
echo 'cad8b043f3731a2c453efd8f61915e186ac93ac3' | wandb login

python experiment_single_reward.py --env 'walker2d' --dataset 'medium_replay' --seed 44  --save_iters '8,10,12' --eval_iters '8,9,10,11,12' --max_iters 12 --device 'cuda' --log_to_wandb True

------------------------------------------------------------

Successfully completed.

Resource usage summary:

    CPU time :                                   35612.89 sec.
    Max Memory :                                 2462 MB
    Average Memory :                             2452.58 MB
    Total Requested Memory :                     16384.00 MB
    Delta Memory :                               13922.00 MB
    Max Swap :                                   -
    Max Processes :                              6
    Max Threads :                                21
    Run time :                                   35524 sec.
    Turnaround time :                            35485 sec.

The output (if any) is above this job summary.



PS:

Read file <DT-walker_13680273.err> for stderr output of this job.

