W&B enabled, running your script from this directory will now sync to the cloud.
Disabling Weights & Biases. Run 'wandb login' again to re-enable.
Creating states list
==================================================
Starting new experiment: walker2d medium
1190 trajectories, 999995 timesteps found
Average return: 2852.09, std: 1095.44
Max return: 4226.94, min: -6.61
==================================================
================================================================================
Iteration 1
time/training: 1341.5684158802032
training/train_loss_mean: 0.12933058175593615
training/train_loss_std: 0.1107904096127314
training/action_error: 0.06002409756183624
================================================================================
Iteration 2
time/training: 1351.3293855190277
training/train_loss_mean: 0.05289185375533998
training/train_loss_std: 0.005727290876662033
training/action_error: 0.047857336699962616
================================================================================
Iteration 3
time/training: 1559.127942085266
training/train_loss_mean: 0.045018085135519505
training/train_loss_std: 0.0035110148891259315
training/action_error: 0.04076078161597252
================================================================================
Iteration 4
time/training: 1554.3402843475342
training/train_loss_mean: 0.041931998893991115
training/train_loss_std: 0.003078314914692866
training/action_error: 0.03956971690058708
================================================================================
Iteration 5
time/training: 1513.137246131897
training/train_loss_mean: 0.040182619397342204
training/train_loss_std: 0.0028050085055100343
training/action_error: 0.04374480992555618
================================================================================
Iteration 6
time/training: 1433.3458371162415
training/train_loss_mean: 0.03905878664962947
training/train_loss_std: 0.0026827461762204794
training/action_error: 0.04067293554544449
================================================================================
Iteration 7
time/training: 1555.0538291931152
training/train_loss_mean: 0.038211654083617035
training/train_loss_std: 0.0025638165022079063
training/action_error: 0.03827867656946182
================================================================================
Iteration 8
time/training: 1346.0030884742737
training/train_loss_mean: 0.03755349284987897
training/train_loss_std: 0.002496432452088639
training/action_error: 0.038216788321733475
================================================================================
Iteration 8
target_2.0_return_mean: 2502.5720999508867
target_2.0_return_std: 1264.5432026246906
target_2.0_lenght_mean: 839.18
target_2.0_lenght_std: 274.9500092744134
target_328.10526315789474_return_mean: 2879.1695397743665
target_328.10526315789474_return_std: 1079.9980532269096
target_328.10526315789474_lenght_mean: 874.92
target_328.10526315789474_lenght_std: 217.78846066768554
target_654.2105263157895_return_mean: 2932.186645965822
target_654.2105263157895_return_std: 987.7375886472787
target_654.2105263157895_lenght_mean: 823.77
target_654.2105263157895_lenght_std: 248.69981322871962
target_980.3157894736842_return_mean: 3285.921803492576
target_980.3157894736842_return_std: 676.7587307741411
target_980.3157894736842_lenght_mean: 899.48
target_980.3157894736842_lenght_std: 178.4162257195236
target_1306.421052631579_return_mean: 3263.551522036073
target_1306.421052631579_return_std: 684.7000085633025
target_1306.421052631579_lenght_mean: 897.54
target_1306.421052631579_lenght_std: 178.69272061278824
target_1632.5263157894738_return_mean: 3323.436503625128
target_1632.5263157894738_return_std: 603.5256390720833
target_1632.5263157894738_lenght_mean: 909.62
target_1632.5263157894738_lenght_std: 159.86836960449682
target_1958.6315789473683_return_mean: 3377.3302182173525
target_1958.6315789473683_return_std: 573.8396608670856
target_1958.6315789473683_lenght_mean: 906.07
target_1958.6315789473683_lenght_std: 154.4511090928129
target_2284.7368421052633_return_mean: 3215.0700333288632
target_2284.7368421052633_return_std: 731.9928362584806
target_2284.7368421052633_lenght_mean: 865.25
target_2284.7368421052633_lenght_std: 191.57068538792672
target_2610.842105263158_return_mean: 3249.5828469224098
target_2610.842105263158_return_std: 769.2361104719545
target_2610.842105263158_lenght_mean: 872.55
target_2610.842105263158_lenght_std: 199.3892361688564
target_2936.9473684210525_return_mean: 3317.591438471973
target_2936.9473684210525_return_std: 650.869803673973
target_2936.9473684210525_lenght_mean: 893.4
target_2936.9473684210525_lenght_std: 172.56413300567417
target_3263.0526315789475_return_mean: 3281.158155914847
target_3263.0526315789475_return_std: 697.6517989664584
target_3263.0526315789475_lenght_mean: 879.96
target_3263.0526315789475_lenght_std: 181.53836619293455
target_3589.157894736842_return_mean: 3321.4269846394354
target_3589.157894736842_return_std: 695.0301692810074
target_3589.157894736842_lenght_mean: 891.48
target_3589.157894736842_lenght_std: 177.01872669296884
target_3915.2631578947367_return_mean: 3220.195860142212
target_3915.2631578947367_return_std: 671.9532583342165
target_3915.2631578947367_lenght_mean: 861.81
target_3915.2631578947367_lenght_std: 178.98204909990275
target_4241.368421052632_return_mean: 3296.15762121523
target_4241.368421052632_return_std: 731.9620343645441
target_4241.368421052632_lenght_mean: 877.98
target_4241.368421052632_lenght_std: 184.19685013593474
target_4567.473684210527_return_mean: 3274.3101417087746
target_4567.473684210527_return_std: 730.7741413710315
target_4567.473684210527_lenght_mean: 883.11
target_4567.473684210527_lenght_std: 188.21683745085082
target_4893.578947368421_return_mean: 3241.2345283088302
target_4893.578947368421_return_std: 796.8270276759848
target_4893.578947368421_lenght_mean: 870.59
target_4893.578947368421_lenght_std: 202.63627982175356
target_5219.684210526316_return_mean: 3211.8894755534247
target_5219.684210526316_return_std: 753.1304281897171
target_5219.684210526316_lenght_mean: 861.32
target_5219.684210526316_lenght_std: 194.64161322800425
target_5545.789473684211_return_mean: 3317.533207360988
target_5545.789473684211_return_std: 704.0831943580708
target_5545.789473684211_lenght_mean: 883.77
target_5545.789473684211_lenght_std: 179.04819770106596
target_5871.894736842105_return_mean: 3354.817739452167
target_5871.894736842105_return_std: 687.4030329513386
target_5871.894736842105_lenght_mean: 894.87
target_5871.894736842105_lenght_std: 175.70382209843928
target_6198.0_return_mean: 3351.8960697377265
target_6198.0_return_std: 672.4365284797539
target_6198.0_lenght_mean: 898.26
target_6198.0_lenght_std: 171.27560363344222
time/evaluation: 4895.508290529251
target_training/action_erro_mean: 0.038216788321733475
target_training/action_erro_std: 0.0
================================================================================
Iteration 9
time/training: 1210.8052396774292
training/train_loss_mean: 0.03702354694157839
training/train_loss_std: 0.002437364611550458
training/action_error: 0.03411831706762314
================================================================================
Iteration 9
target_2.0_return_mean: 2259.661999027969
target_2.0_return_std: 1307.156811610842
target_2.0_lenght_mean: 761.05
target_2.0_lenght_std: 322.72174934453983
target_328.10526315789474_return_mean: 2905.148016163955
target_328.10526315789474_return_std: 952.5408418485572
target_328.10526315789474_lenght_mean: 888.4
target_328.10526315789474_lenght_std: 212.51738752393882
target_654.2105263157895_return_mean: 2988.312865237951
target_654.2105263157895_return_std: 793.1406689137879
target_654.2105263157895_lenght_mean: 872.22
target_654.2105263157895_lenght_std: 197.080571340759
target_980.3157894736842_return_mean: 2974.4187743253256
target_980.3157894736842_return_std: 758.6941705557375
target_980.3157894736842_lenght_mean: 874.18
target_980.3157894736842_lenght_std: 182.89889994201715
target_1306.421052631579_return_mean: 3079.7534094379207
target_1306.421052631579_return_std: 658.7458758863504
target_1306.421052631579_lenght_mean: 891.63
target_1306.421052631579_lenght_std: 161.6473726974862
target_1632.5263157894738_return_mean: 2987.0345344713533
target_1632.5263157894738_return_std: 786.5088816138637
target_1632.5263157894738_lenght_mean: 853.58
target_1632.5263157894738_lenght_std: 197.7510141566915
target_1958.6315789473683_return_mean: 3190.0340217823577
target_1958.6315789473683_return_std: 607.0013029299761
target_1958.6315789473683_lenght_mean: 902.07
target_1958.6315789473683_lenght_std: 153.28608906224989
target_2284.7368421052633_return_mean: 3100.0270047836525
target_2284.7368421052633_return_std: 669.7053734531829
target_2284.7368421052633_lenght_mean: 875.94
target_2284.7368421052633_lenght_std: 172.28777205594133
target_2610.842105263158_return_mean: 3153.7001303327834
target_2610.842105263158_return_std: 710.2006980951336
target_2610.842105263158_lenght_mean: 890.24
target_2610.842105263158_lenght_std: 177.70307369316944
target_2936.9473684210525_return_mean: 3071.965370599079
target_2936.9473684210525_return_std: 676.637791374859
target_2936.9473684210525_lenght_mean: 866.11
target_2936.9473684210525_lenght_std: 174.658174443683
target_3263.0526315789475_return_mean: 3122.7299484579166
target_3263.0526315789475_return_std: 710.3877167443194
target_3263.0526315789475_lenght_mean: 869.24
target_3263.0526315789475_lenght_std: 181.10864805414454
target_3589.157894736842_return_mean: 3064.5791967847986
target_3589.157894736842_return_std: 695.2319946525093
target_3589.157894736842_lenght_mean: 864.03
target_3589.157894736842_lenght_std: 182.74257604619677
target_3915.2631578947367_return_mean: 3033.320555124282
target_3915.2631578947367_return_std: 758.8454919673796
target_3915.2631578947367_lenght_mean: 851.02
target_3915.2631578947367_lenght_std: 195.46181110385731
target_4241.368421052632_return_mean: 3300.1864202242323
target_4241.368421052632_return_std: 553.2643088088604
target_4241.368421052632_lenght_mean: 914.31
target_4241.368421052632_lenght_std: 137.28799619777396
target_4567.473684210527_return_mean: 3193.328803440616
target_4567.473684210527_return_std: 643.3361583713602
target_4567.473684210527_lenght_mean: 887.79
target_4567.473684210527_lenght_std: 165.45067512706015
target_4893.578947368421_return_mean: 3268.731749803052
target_4893.578947368421_return_std: 616.7420682533515
target_4893.578947368421_lenght_mean: 900.1
target_4893.578947368421_lenght_std: 159.81461134702295
target_5219.684210526316_return_mean: 3196.742353898147
target_5219.684210526316_return_std: 712.5403483837841
target_5219.684210526316_lenght_mean: 883.78
target_5219.684210526316_lenght_std: 179.704400613897
target_5545.789473684211_return_mean: 3259.4091915057957
target_5545.789473684211_return_std: 641.5069376267245
target_5545.789473684211_lenght_mean: 901.18
target_5545.789473684211_lenght_std: 165.6724104973426
target_5871.894736842105_return_mean: 3262.879504728665
target_5871.894736842105_return_std: 625.3651578199283
target_5871.894736842105_lenght_mean: 901.09
target_5871.894736842105_lenght_std: 161.11865782708094
target_6198.0_return_mean: 3259.7976071287417
target_6198.0_return_std: 605.668027860244
target_6198.0_lenght_mean: 897.84
target_6198.0_lenght_std: 155.12605970629176
time/evaluation: 4879.9620859622955
target_training/action_erro_mean: 0.03411831706762314
target_training/action_erro_std: 0.0
================================================================================
Iteration 10
time/training: 1209.308205127716
training/train_loss_mean: 0.036610254055820406
training/train_loss_std: 0.002394044102722494
training/action_error: 0.03658755123615265
================================================================================
Iteration 10
target_2.0_return_mean: 1008.1755706742407
target_2.0_return_std: 319.61870513439965
target_2.0_lenght_mean: 964.53
target_2.0_lenght_std: 160.45450788307568
target_328.10526315789474_return_mean: 928.663889709542
target_328.10526315789474_return_std: 518.3704732386774
target_328.10526315789474_lenght_mean: 845.26
target_328.10526315789474_lenght_std: 319.7432914073413
target_654.2105263157895_return_mean: 980.5531034831117
target_654.2105263157895_return_std: 511.86484218738894
target_654.2105263157895_lenght_mean: 909.9
target_654.2105263157895_lenght_std: 244.68459289460787
target_980.3157894736842_return_mean: 936.5316579966618
target_980.3157894736842_return_std: 202.60707055878302
target_980.3157894736842_lenght_mean: 944.53
target_980.3157894736842_lenght_std: 207.01026327213833
target_1306.421052631579_return_mean: 1148.9368393612092
target_1306.421052631579_return_std: 733.72814383675
target_1306.421052631579_lenght_mean: 924.51
target_1306.421052631579_lenght_std: 230.72921336493135
target_1632.5263157894738_return_mean: 1273.7955198359875
target_1632.5263157894738_return_std: 953.282425434109
target_1632.5263157894738_lenght_mean: 850.66
target_1632.5263157894738_lenght_std: 300.5494042582683
target_1958.6315789473683_return_mean: 1742.0852555674633
target_1958.6315789473683_return_std: 1248.0414283753917
target_1958.6315789473683_lenght_mean: 828.55
target_1958.6315789473683_lenght_std: 305.1542683627414
target_2284.7368421052633_return_mean: 2027.9184748856292
target_2284.7368421052633_return_std: 1241.7359312102112
target_2284.7368421052633_lenght_mean: 842.09
target_2284.7368421052633_lenght_std: 269.3434645578021
target_2610.842105263158_return_mean: 2126.6147158478475
target_2610.842105263158_return_std: 1283.830368153214
target_2610.842105263158_lenght_mean: 758.38
target_2610.842105263158_lenght_std: 306.2735306878477
target_2936.9473684210525_return_mean: 2478.694475015919
target_2936.9473684210525_return_std: 1303.1015003101456
target_2936.9473684210525_lenght_mean: 841.98
target_2936.9473684210525_lenght_std: 271.43673222318307
target_3263.0526315789475_return_mean: 2572.1288151143085
target_3263.0526315789475_return_std: 1265.9990992445405
target_3263.0526315789475_lenght_mean: 822.16
target_3263.0526315789475_lenght_std: 269.8083290041284
target_3589.157894736842_return_mean: 2572.543633438876
target_3589.157894736842_return_std: 1275.1524977333802
target_3589.157894736842_lenght_mean: 820.6
target_3589.157894736842_lenght_std: 285.2639830052157
target_3915.2631578947367_return_mean: 2751.2632701683237
target_3915.2631578947367_return_std: 1125.420212642612
target_3915.2631578947367_lenght_mean: 864.85
target_3915.2631578947367_lenght_std: 226.99420146779082
target_4241.368421052632_return_mean: 2825.4595750884805
target_4241.368421052632_return_std: 1167.309689338188
target_4241.368421052632_lenght_mean: 832.41
target_4241.368421052632_lenght_std: 267.26215949887103
target_4567.473684210527_return_mean: 2825.42468125412
target_4567.473684210527_return_std: 1110.0816565899843
target_4567.473684210527_lenght_mean: 821.94
target_4567.473684210527_lenght_std: 255.02642294476075
target_4893.578947368421_return_mean: 2923.384654032505
target_4893.578947368421_return_std: 954.6690121093662
target_4893.578947368421_lenght_mean: 831.57
target_4893.578947368421_lenght_std: 239.95850703819607
target_5219.684210526316_return_mean: 2982.2924518876184
target_5219.684210526316_return_std: 971.3586148118497
target_5219.684210526316_lenght_mean: 851.06
target_5219.684210526316_lenght_std: 240.1265841176274
target_5545.789473684211_return_mean: 2979.6660863993
target_5545.789473684211_return_std: 984.4091003206466
target_5545.789473684211_lenght_mean: 848.22
target_5545.789473684211_lenght_std: 235.52369647235074
target_5871.894736842105_return_mean: 2948.027139680391
target_5871.894736842105_return_std: 965.1245128425824
target_5871.894736842105_lenght_mean: 833.85
target_5871.894736842105_lenght_std: 245.47905715152157
target_6198.0_return_mean: 2810.191875257959
target_6198.0_return_std: 1034.445251314401
target_6198.0_lenght_mean: 804.54
target_6198.0_lenght_std: 264.29413236014153
time/evaluation: 4760.587023973465
target_training/action_erro_mean: 0.03658755123615265
target_training/action_erro_std: 0.0
================================================================================
Iteration 11
time/training: 1286.7346596717834
training/train_loss_mean: 0.03627615680526942
training/train_loss_std: 0.0023266327057143007
training/action_error: 0.035291291773319244
================================================================================
Iteration 11
target_2.0_return_mean: 1657.9845632797367
target_2.0_return_std: 1333.8028457867042
target_2.0_lenght_mean: 748.25
target_2.0_lenght_std: 385.044656501035
target_328.10526315789474_return_mean: 1747.06608713111
target_328.10526315789474_return_std: 1259.0817596893073
target_328.10526315789474_lenght_mean: 789.78
target_328.10526315789474_lenght_std: 342.12481874310146
target_654.2105263157895_return_mean: 2519.3894647469697
target_654.2105263157895_return_std: 1284.588640279733
target_654.2105263157895_lenght_mean: 845.65
target_654.2105263157895_lenght_std: 302.0209057333614
target_980.3157894736842_return_mean: 2832.7541278037866
target_980.3157894736842_return_std: 1129.7787315148514
target_980.3157894736842_lenght_mean: 850.98
target_980.3157894736842_lenght_std: 291.3445376182639
target_1306.421052631579_return_mean: 3169.308459116774
target_1306.421052631579_return_std: 612.8922776383156
target_1306.421052631579_lenght_mean: 937.62
target_1306.421052631579_lenght_std: 144.76393059046165
target_1632.5263157894738_return_mean: 3246.5265176642147
target_1632.5263157894738_return_std: 631.7524950140031
target_1632.5263157894738_lenght_mean: 936.88
target_1632.5263157894738_lenght_std: 173.36218042006738
target_1958.6315789473683_return_mean: 3206.3827447499534
target_1958.6315789473683_return_std: 670.4430327170982
target_1958.6315789473683_lenght_mean: 923.97
target_1958.6315789473683_lenght_std: 181.6250233310377
target_2284.7368421052633_return_mean: 2897.033664285091
target_2284.7368421052633_return_std: 965.3692348644873
target_2284.7368421052633_lenght_mean: 841.94
target_2284.7368421052633_lenght_std: 255.2735325097375
target_2610.842105263158_return_mean: 3174.37678458445
target_2610.842105263158_return_std: 804.788077265597
target_2610.842105263158_lenght_mean: 913.37
target_2610.842105263158_lenght_std: 194.80578302504267
target_2936.9473684210525_return_mean: 2931.013781172644
target_2936.9473684210525_return_std: 931.4763354717259
target_2936.9473684210525_lenght_mean: 847.7
target_2936.9473684210525_lenght_std: 239.97943661905705
target_3263.0526315789475_return_mean: 3203.8991822573616
target_3263.0526315789475_return_std: 770.0947690557438
target_3263.0526315789475_lenght_mean: 913.66
target_3263.0526315789475_lenght_std: 193.91468330170358
target_3589.157894736842_return_mean: 3294.6530826912476
target_3589.157894736842_return_std: 602.1732213435648
target_3589.157894736842_lenght_mean: 937.41
target_3589.157894736842_lenght_std: 158.2923936896527
target_3915.2631578947367_return_mean: 3089.465472430882
target_3915.2631578947367_return_std: 732.0620505513523
target_3915.2631578947367_lenght_mean: 880.69
target_3915.2631578947367_lenght_std: 202.59440737591945
target_4241.368421052632_return_mean: 3093.725822169423
target_4241.368421052632_return_std: 736.6509695309509
target_4241.368421052632_lenght_mean: 890.58
target_4241.368421052632_lenght_std: 206.6659710740982
target_4567.473684210527_return_mean: 3009.2055939185016
target_4567.473684210527_return_std: 852.6615432616993
target_4567.473684210527_lenght_mean: 856.21
target_4567.473684210527_lenght_std: 231.66874174130612
target_4893.578947368421_return_mean: 3107.720785369577
target_4893.578947368421_return_std: 799.358836643131
target_4893.578947368421_lenght_mean: 873.52
target_4893.578947368421_lenght_std: 211.15418442455734
target_5219.684210526316_return_mean: 2996.7181038720732
target_5219.684210526316_return_std: 854.238772139649
target_5219.684210526316_lenght_mean: 856.76
target_5219.684210526316_lenght_std: 230.0669954600181
target_5545.789473684211_return_mean: 3005.98937200127
target_5545.789473684211_return_std: 850.0233586924126
target_5545.789473684211_lenght_mean: 853.64
target_5545.789473684211_lenght_std: 230.47722316966593
target_5871.894736842105_return_mean: 3081.631525023302
target_5871.894736842105_return_std: 829.7684217294835
target_5871.894736842105_lenght_mean: 874.46
target_5871.894736842105_lenght_std: 219.81639702260614
target_6198.0_return_mean: 2972.5226465869964
target_6198.0_return_std: 980.2053425095276
target_6198.0_lenght_mean: 838.27
target_6198.0_lenght_std: 256.64652169861955
time/evaluation: 4841.262226343155
target_training/action_erro_mean: 0.035291291773319244
target_training/action_erro_std: 0.0
================================================================================
Iteration 12
time/training: 1211.8495478630066
training/train_loss_mean: 0.03590971044320613
training/train_loss_std: 0.002324572557887095
training/action_error: 0.03833140805363655
================================================================================
Iteration 12
target_2.0_return_mean: 2396.2215707859873
target_2.0_return_std: 1429.9141535007802
target_2.0_lenght_mean: 755.33
target_2.0_lenght_std: 369.2752917539975
target_328.10526315789474_return_mean: 2540.401263294477
target_328.10526315789474_return_std: 1318.6624022439248
target_328.10526315789474_lenght_mean: 825.27
target_328.10526315789474_lenght_std: 315.5470125036838
target_654.2105263157895_return_mean: 3030.063093247978
target_654.2105263157895_return_std: 1090.3976656732373
target_654.2105263157895_lenght_mean: 891.89
target_654.2105263157895_lenght_std: 265.96281300211876
target_980.3157894736842_return_mean: 3302.202072716495
target_980.3157894736842_return_std: 594.2143408032416
target_980.3157894736842_lenght_mean: 942.26
target_980.3157894736842_lenght_std: 154.56116070992738
target_1306.421052631579_return_mean: 3377.1115636721834
target_1306.421052631579_return_std: 492.951220558698
target_1306.421052631579_lenght_mean: 962.35
target_1306.421052631579_lenght_std: 125.45926629787054
target_1632.5263157894738_return_mean: 3389.2796606102147
target_1632.5263157894738_return_std: 378.1189067690819
target_1632.5263157894738_lenght_mean: 960.87
target_1632.5263157894738_lenght_std: 100.96461310776166
target_1958.6315789473683_return_mean: 3470.768745165283
target_1958.6315789473683_return_std: 194.02551966596454
target_1958.6315789473683_lenght_mean: 984.71
target_1958.6315789473683_lenght_std: 50.63127393222492
target_2284.7368421052633_return_mean: 3371.8537333072745
target_2284.7368421052633_return_std: 493.735015647337
target_2284.7368421052633_lenght_mean: 951.83
target_2284.7368421052633_lenght_std: 130.62886778962758
target_2610.842105263158_return_mean: 3484.8377370532144
target_2610.842105263158_return_std: 233.5375098339288
target_2610.842105263158_lenght_mean: 983.74
target_2610.842105263158_lenght_std: 60.9008407166929
target_2936.9473684210525_return_mean: 3480.0386332909775
target_2936.9473684210525_return_std: 256.3124706702303
target_2936.9473684210525_lenght_mean: 981.87
target_2936.9473684210525_lenght_std: 63.79712454335227
target_3263.0526315789475_return_mean: 3391.5830837169615
target_3263.0526315789475_return_std: 465.206576021333
target_3263.0526315789475_lenght_mean: 956.83
target_3263.0526315789475_lenght_std: 123.5702274012636
target_3589.157894736842_return_mean: 3344.3291732602665
target_3589.157894736842_return_std: 538.5540980605762
target_3589.157894736842_lenght_mean: 937.82
target_3589.157894736842_lenght_std: 142.72787954705976
target_3915.2631578947367_return_mean: 3395.6767024432893
target_3915.2631578947367_return_std: 452.0198534843683
target_3915.2631578947367_lenght_mean: 949.16
target_3915.2631578947367_lenght_std: 120.42215078630676
target_4241.368421052632_return_mean: 3441.9927083458338
target_4241.368421052632_return_std: 397.0912820450535
target_4241.368421052632_lenght_mean: 961.0
target_4241.368421052632_lenght_std: 106.29590772931948
target_4567.473684210527_return_mean: 3377.5810341766705
target_4567.473684210527_return_std: 507.1809375718764
target_4567.473684210527_lenght_mean: 941.28
target_4567.473684210527_lenght_std: 138.65634352599955
target_4893.578947368421_return_mean: 3441.016245518528
target_4893.578947368421_return_std: 465.8969638498969
target_4893.578947368421_lenght_mean: 944.25
target_4893.578947368421_lenght_std: 123.17023788237157
target_5219.684210526316_return_mean: 3400.0354782928666
target_5219.684210526316_return_std: 508.30737428299255
target_5219.684210526316_lenght_mean: 936.54
target_5219.684210526316_lenght_std: 137.19973906680727
target_5545.789473684211_return_mean: 3523.611902568227
target_5545.789473684211_return_std: 322.0149220520344
target_5545.789473684211_lenght_mean: 975.22
target_5545.789473684211_lenght_std: 80.85203522484761
target_5871.894736842105_return_mean: 3494.5537887678847
target_5871.894736842105_return_std: 379.13632276062316
target_5871.894736842105_lenght_mean: 966.44
target_5871.894736842105_lenght_std: 101.7660375567409
target_6198.0_return_mean: 3455.2552559980936
target_6198.0_return_std: 464.6149758236475
target_6198.0_lenght_mean: 956.72
target_6198.0_lenght_std: 122.50690429522739
time/evaluation: 5216.3671889305115
target_training/action_erro_mean: 0.03833140805363655
target_training/action_erro_std: 0.0

------------------------------------------------------------
Sender: LSF System <lsfadmin@hpc.dtu.dk>
Subject: Job 13680977: <DT-walker> in cluster <dcc> Done

Job <DT-walker> was submitted from host <n-62-30-7> by user <s204131> in cluster <dcc> at Mon Jun  6 17:06:12 2022
Job was executed on host(s) <4*n-62-20-4>, in queue <gpuv100>, as user <s204131> in cluster <dcc> at Tue Jun  7 17:28:22 2022
</zhome/94/3/155767> was used as the home directory.
</zhome/94/3/155767/decision_transformer/gym> was used as the working directory.
Started at Tue Jun  7 17:28:22 2022
Terminated at Wed Jun  8 04:55:21 2022
Results reported at Wed Jun  8 04:55:21 2022

Your job looked like:

------------------------------------------------------------
# LSBATCH: User input
#!/bin/sh
#BSUB -J DT-walker
#BSUB -o DT-walker_%J.out
#BSUB -e DT-walker_%J.err
#BSUB -q gpuv100
#BSUB -gpu "num=1:mode=exclusive_process"
#BSUB -n 4
#BSUB -R "rusage[mem=4G]"
#BSUB -R "span[hosts=1]"
#BSUB -W 20:00
# end of BSUB options


# load CUDA (for GPU support)

# activate the virtual environment
source $HOME/miniconda3/envs/decision-transformer-gym/bin/activate

wandb on
echo 'cad8b043f3731a2c453efd8f61915e186ac93ac3' | wandb login

python experiment_single_reward.py --env 'walker2d' --dataset 'medium' --seed 42  --save_iters '8,10,12' --eval_iters '8,9,10,11,12' --max_iters 12 --device 'cuda' --log_to_wandb True

------------------------------------------------------------

Successfully completed.

Resource usage summary:

    CPU time :                                   41344.26 sec.
    Max Memory :                                 2612 MB
    Average Memory :                             2603.05 MB
    Total Requested Memory :                     16384.00 MB
    Delta Memory :                               13772.00 MB
    Max Swap :                                   -
    Max Processes :                              6
    Max Threads :                                21
    Run time :                                   41221 sec.
    Turnaround time :                            128949 sec.

The output (if any) is above this job summary.



PS:

Read file <DT-walker_13680977.err> for stderr output of this job.

