W&B enabled, running your script from this directory will now sync to the cloud.
Disabling Weights & Biases. Run 'wandb login' again to re-enable.
Creating states list
==================================================
Starting new experiment: walker2d medium
1190 trajectories, 999995 timesteps found
Average return: 2852.09, std: 1095.44
Max return: 4226.94, min: -6.61
==================================================
================================================================================
Iteration 1
time/training: 1274.7707707881927
training/train_loss_mean: 0.1339900056283921
training/train_loss_std: 0.12339187090008505
training/action_error: 0.05880095437169075
================================================================================
Iteration 2
time/training: 1275.8230893611908
training/train_loss_mean: 0.05282691544033587
training/train_loss_std: 0.005693337616490173
training/action_error: 0.04539584740996361
================================================================================
Iteration 3
time/training: 1276.879940032959
training/train_loss_mean: 0.044994708228856324
training/train_loss_std: 0.003579627592324276
training/action_error: 0.05007263273000717
================================================================================
Iteration 4
time/training: 1274.929889678955
training/train_loss_mean: 0.04190825054347515
training/train_loss_std: 0.003083543175072825
training/action_error: 0.044743239879608154
================================================================================
Iteration 5
time/training: 1273.7019984722137
training/train_loss_mean: 0.04015691567398608
training/train_loss_std: 0.002791655021771367
training/action_error: 0.03753047063946724
================================================================================
Iteration 6
time/training: 1275.0406069755554
training/train_loss_mean: 0.03903879617266357
training/train_loss_std: 0.002722708980816889
training/action_error: 0.03985217213630676
================================================================================
Iteration 7
time/training: 1276.5259256362915
training/train_loss_mean: 0.038180365546792744
training/train_loss_std: 0.0025856263020420964
training/action_error: 0.03908424451947212
================================================================================
Iteration 8
time/training: 1276.4836161136627
training/train_loss_mean: 0.03754790056888014
training/train_loss_std: 0.0025075921002761787
training/action_error: 0.04358570650219917
================================================================================
Iteration 8
target_2.0_return_mean: 815.4468384719294
target_2.0_return_std: 667.9780318302659
target_2.0_lenght_mean: 714.21
target_2.0_lenght_std: 406.2701636842164
target_328.10526315789474_return_mean: 1470.5688373605394
target_328.10526315789474_return_std: 1150.1130164645574
target_328.10526315789474_lenght_mean: 772.47
target_328.10526315789474_lenght_std: 342.40602959060175
target_654.2105263157895_return_mean: 1914.643107388555
target_654.2105263157895_return_std: 1287.0672921293888
target_654.2105263157895_lenght_mean: 726.8
target_654.2105263157895_lenght_std: 334.0358962746369
target_980.3157894736842_return_mean: 2545.860724755562
target_980.3157894736842_return_std: 1143.9677223365763
target_980.3157894736842_lenght_mean: 803.0
target_980.3157894736842_lenght_std: 266.23820161652236
target_1306.421052631579_return_mean: 2854.792429223347
target_1306.421052631579_return_std: 895.6742241074704
target_1306.421052631579_lenght_mean: 838.55
target_1306.421052631579_lenght_std: 209.80454594693606
target_1632.5263157894738_return_mean: 2894.3863153455713
target_1632.5263157894738_return_std: 902.8363425151733
target_1632.5263157894738_lenght_mean: 846.08
target_1632.5263157894738_lenght_std: 220.60488117899837
target_1958.6315789473683_return_mean: 2863.2108552087952
target_1958.6315789473683_return_std: 899.2682140540514
target_1958.6315789473683_lenght_mean: 849.14
target_1958.6315789473683_lenght_std: 192.86259461077464
target_2284.7368421052633_return_mean: 2755.416816037381
target_2284.7368421052633_return_std: 1006.5069046014394
target_2284.7368421052633_lenght_mean: 848.49
target_2284.7368421052633_lenght_std: 205.6321227337791
target_2610.842105263158_return_mean: 2529.5233160388793
target_2610.842105263158_return_std: 1125.26866721903
target_2610.842105263158_lenght_mean: 796.35
target_2610.842105263158_lenght_std: 252.33863655809824
target_2936.9473684210525_return_mean: 2840.3129550032654
target_2936.9473684210525_return_std: 950.18539140327
target_2936.9473684210525_lenght_mean: 836.82
target_2936.9473684210525_lenght_std: 212.8019915320343
target_3263.0526315789475_return_mean: 2798.568093176696
target_3263.0526315789475_return_std: 1075.2913309550945
target_3263.0526315789475_lenght_mean: 823.87
target_3263.0526315789475_lenght_std: 242.89432496458204
target_3589.157894736842_return_mean: 2991.8274866409174
target_3589.157894736842_return_std: 793.5512706570858
target_3589.157894736842_lenght_mean: 849.95
target_3589.157894736842_lenght_std: 181.88602887522723
target_3915.2631578947367_return_mean: 3003.5042703823437
target_3915.2631578947367_return_std: 831.9754590365856
target_3915.2631578947367_lenght_mean: 867.25
target_3915.2631578947367_lenght_std: 174.53099294967643
target_4241.368421052632_return_mean: 2986.8915411847147
target_4241.368421052632_return_std: 850.9641336513554
target_4241.368421052632_lenght_mean: 851.5
target_4241.368421052632_lenght_std: 187.64165315835393
target_4567.473684210527_return_mean: 2919.798681709729
target_4567.473684210527_return_std: 978.3877825049607
target_4567.473684210527_lenght_mean: 818.62
target_4567.473684210527_lenght_std: 228.03007608646715
target_4893.578947368421_return_mean: 2971.7687145365635
target_4893.578947368421_return_std: 761.9948649301184
target_4893.578947368421_lenght_mean: 812.46
target_4893.578947368421_lenght_std: 190.34812423557003
target_5219.684210526316_return_mean: 3032.81930574378
target_5219.684210526316_return_std: 928.5815867992753
target_5219.684210526316_lenght_mean: 846.12
target_5219.684210526316_lenght_std: 212.930189498812
target_5545.789473684211_return_mean: 2897.2153189354417
target_5545.789473684211_return_std: 930.0028224442347
target_5545.789473684211_lenght_mean: 803.57
target_5545.789473684211_lenght_std: 222.5434454213379
target_5871.894736842105_return_mean: 2880.715679715554
target_5871.894736842105_return_std: 986.7779373465582
target_5871.894736842105_lenght_mean: 817.4
target_5871.894736842105_lenght_std: 222.03247510217957
target_6198.0_return_mean: 2973.1951285640616
target_6198.0_return_std: 918.6210181518339
target_6198.0_lenght_mean: 852.17
target_6198.0_lenght_std: 197.60825159896535
time/evaluation: 4537.611077547073
target_training/action_erro_mean: 0.04358570650219917
target_training/action_erro_std: 0.0
================================================================================
Iteration 9
time/training: 1284.0523941516876
training/train_loss_mean: 0.036990725646167996
training/train_loss_std: 0.0024516938699587244
training/action_error: 0.037053897976875305
================================================================================
Iteration 9
target_2.0_return_mean: 2463.242145339571
target_2.0_return_std: 1277.1338602674002
target_2.0_lenght_mean: 793.31
target_2.0_lenght_std: 301.9407787961077
target_328.10526315789474_return_mean: 2635.8840684554134
target_328.10526315789474_return_std: 1144.2853830271602
target_328.10526315789474_lenght_mean: 780.09
target_328.10526315789474_lenght_std: 272.69213758375946
target_654.2105263157895_return_mean: 3073.969654163085
target_654.2105263157895_return_std: 733.809929001481
target_654.2105263157895_lenght_mean: 864.28
target_654.2105263157895_lenght_std: 172.2772231027654
target_980.3157894736842_return_mean: 3141.431408771077
target_980.3157894736842_return_std: 753.4139885032113
target_980.3157894736842_lenght_mean: 869.87
target_980.3157894736842_lenght_std: 184.70894158107237
target_1306.421052631579_return_mean: 3291.226511433485
target_1306.421052631579_return_std: 586.3788012099866
target_1306.421052631579_lenght_mean: 907.91
target_1306.421052631579_lenght_std: 151.48076412535025
target_1632.5263157894738_return_mean: 3136.7916702178254
target_1632.5263157894738_return_std: 733.2176999901335
target_1632.5263157894738_lenght_mean: 865.2
target_1632.5263157894738_lenght_std: 186.1078182129918
target_1958.6315789473683_return_mean: 3231.5731118528
target_1958.6315789473683_return_std: 642.1432455865745
target_1958.6315789473683_lenght_mean: 894.79
target_1958.6315789473683_lenght_std: 167.45030874859563
target_2284.7368421052633_return_mean: 3090.708790053036
target_2284.7368421052633_return_std: 720.0508912866193
target_2284.7368421052633_lenght_mean: 859.76
target_2284.7368421052633_lenght_std: 187.29036921315523
target_2610.842105263158_return_mean: 3322.2804793036444
target_2610.842105263158_return_std: 555.81342437904
target_2610.842105263158_lenght_mean: 916.91
target_2610.842105263158_lenght_std: 143.10444402603295
target_2936.9473684210525_return_mean: 3245.326742000293
target_2936.9473684210525_return_std: 662.5599875282179
target_2936.9473684210525_lenght_mean: 898.83
target_2936.9473684210525_lenght_std: 170.32357763973843
target_3263.0526315789475_return_mean: 3337.2559523211216
target_3263.0526315789475_return_std: 515.2414890646008
target_3263.0526315789475_lenght_mean: 919.3
target_3263.0526315789475_lenght_std: 134.33461951410737
target_3589.157894736842_return_mean: 3268.5351189995226
target_3589.157894736842_return_std: 675.4375471540083
target_3589.157894736842_lenght_mean: 897.96
target_3589.157894736842_lenght_std: 169.92191853907488
target_3915.2631578947367_return_mean: 3129.525734127086
target_3915.2631578947367_return_std: 656.6501063369452
target_3915.2631578947367_lenght_mean: 861.43
target_3915.2631578947367_lenght_std: 165.2575719899091
target_4241.368421052632_return_mean: 3258.5942181432333
target_4241.368421052632_return_std: 661.2954321864189
target_4241.368421052632_lenght_mean: 896.59
target_4241.368421052632_lenght_std: 164.6632378522905
target_4567.473684210527_return_mean: 3222.255255131035
target_4567.473684210527_return_std: 708.7748500124313
target_4567.473684210527_lenght_mean: 886.46
target_4567.473684210527_lenght_std: 183.33179866024332
target_4893.578947368421_return_mean: 3277.465888267317
target_4893.578947368421_return_std: 663.1953960601627
target_4893.578947368421_lenght_mean: 898.68
target_4893.578947368421_lenght_std: 167.18306612812194
target_5219.684210526316_return_mean: 3083.8529567115966
target_5219.684210526316_return_std: 728.8684624316346
target_5219.684210526316_lenght_mean: 839.03
target_5219.684210526316_lenght_std: 185.50161481776917
target_5545.789473684211_return_mean: 3257.3622988522798
target_5545.789473684211_return_std: 704.6859425801815
target_5545.789473684211_lenght_mean: 886.67
target_5545.789473684211_lenght_std: 180.9858035869112
target_5871.894736842105_return_mean: 3167.348857452132
target_5871.894736842105_return_std: 769.0560483012823
target_5871.894736842105_lenght_mean: 864.21
target_5871.894736842105_lenght_std: 193.8107992347176
target_6198.0_return_mean: 3166.9713795445077
target_6198.0_return_std: 763.0079220650412
target_6198.0_lenght_mean: 863.35
target_6198.0_lenght_std: 190.80987264814155
time/evaluation: 4855.486665725708
target_training/action_erro_mean: 0.037053897976875305
target_training/action_erro_std: 0.0
================================================================================
Iteration 10
time/training: 1279.3860201835632
training/train_loss_mean: 0.03657740671206266
training/train_loss_std: 0.0024113248510662356
training/action_error: 0.034962233155965805
================================================================================
Iteration 10
target_2.0_return_mean: 895.6676797435621
target_2.0_return_std: 371.6506302792249
target_2.0_lenght_mean: 908.44
target_2.0_lenght_std: 262.58653126160146
target_328.10526315789474_return_mean: 931.4081755896165
target_328.10526315789474_return_std: 159.7898895108618
target_328.10526315789474_lenght_mean: 972.31
target_328.10526315789474_lenght_std: 157.45244964750466
target_654.2105263157895_return_mean: 868.1060685956257
target_654.2105263157895_return_std: 358.5167370825383
target_654.2105263157895_lenght_mean: 904.35
target_654.2105263157895_lenght_std: 273.83478139199195
target_980.3157894736842_return_mean: 778.5539676217687
target_980.3157894736842_return_std: 342.6265211787302
target_980.3157894736842_lenght_mean: 843.35
target_980.3157894736842_lenght_std: 336.4087506293497
target_1306.421052631579_return_mean: 795.222478708543
target_1306.421052631579_return_std: 329.7474771391355
target_1306.421052631579_lenght_mean: 854.8
target_1306.421052631579_lenght_std: 322.21440067135416
target_1632.5263157894738_return_mean: 784.6398408740288
target_1632.5263157894738_return_std: 332.7340296053784
target_1632.5263157894738_lenght_mean: 857.7
target_1632.5263157894738_lenght_std: 319.50701087769573
target_1958.6315789473683_return_mean: 789.0529312447064
target_1958.6315789473683_return_std: 366.5690806121395
target_1958.6315789473683_lenght_mean: 850.16
target_1958.6315789473683_lenght_std: 327.40964310783517
target_2284.7368421052633_return_mean: 861.9610186705373
target_2284.7368421052633_return_std: 574.3149058854582
target_2284.7368421052633_lenght_mean: 839.27
target_2284.7368421052633_lenght_std: 333.3354723098038
target_2610.842105263158_return_mean: 881.7354014538801
target_2610.842105263158_return_std: 523.3970057690219
target_2610.842105263158_lenght_mean: 866.66
target_2610.842105263158_lenght_std: 311.4954644934658
target_2936.9473684210525_return_mean: 886.1167272508064
target_2936.9473684210525_return_std: 735.9416361078562
target_2936.9473684210525_lenght_mean: 790.6
target_2936.9473684210525_lenght_std: 375.87476637837767
target_3263.0526315789475_return_mean: 919.79324860872
target_3263.0526315789475_return_std: 722.8931274438761
target_3263.0526315789475_lenght_mean: 828.28
target_3263.0526315789475_lenght_std: 340.7946032436547
target_3589.157894736842_return_mean: 1017.871432195371
target_3589.157894736842_return_std: 882.7000169670567
target_3589.157894736842_lenght_mean: 795.48
target_3589.157894736842_lenght_std: 364.2762270585332
target_3915.2631578947367_return_mean: 1065.2444410739656
target_3915.2631578947367_return_std: 947.7810399681845
target_3915.2631578947367_lenght_mean: 812.51
target_3915.2631578947367_lenght_std: 350.62174761414906
target_4241.368421052632_return_mean: 1112.6814409249828
target_4241.368421052632_return_std: 1032.6451633911404
target_4241.368421052632_lenght_mean: 786.58
target_4241.368421052632_lenght_std: 363.80506263657185
target_4567.473684210527_return_mean: 1120.1417253999002
target_4567.473684210527_return_std: 993.4950890608558
target_4567.473684210527_lenght_mean: 795.43
target_4567.473684210527_lenght_std: 355.79303689083065
target_4893.578947368421_return_mean: 1109.3280499736243
target_4893.578947368421_return_std: 963.5761961999257
target_4893.578947368421_lenght_mean: 821.15
target_4893.578947368421_lenght_std: 340.4913031194776
target_5219.684210526316_return_mean: 1220.7907809506269
target_5219.684210526316_return_std: 982.7862537655931
target_5219.684210526316_lenght_mean: 843.55
target_5219.684210526316_lenght_std: 314.4984061962794
target_5545.789473684211_return_mean: 1521.6603813085849
target_5545.789473684211_return_std: 1172.7843108076663
target_5545.789473684211_lenght_mean: 844.03
target_5545.789473684211_lenght_std: 297.8537041904969
target_5871.894736842105_return_mean: 1365.7115300228947
target_5871.894736842105_return_std: 1173.8208607099837
target_5871.894736842105_lenght_mean: 800.98
target_5871.894736842105_lenght_std: 338.6643760421223
target_6198.0_return_mean: 1400.8638812615088
target_6198.0_return_std: 1216.7062724572647
target_6198.0_lenght_mean: 811.35
target_6198.0_lenght_std: 342.25465299978026
time/evaluation: 4707.914025783539
target_training/action_erro_mean: 0.034962233155965805
target_training/action_erro_std: 0.0
================================================================================
Iteration 11
time/training: 1303.0158820152283
training/train_loss_mean: 0.036236943752877414
training/train_loss_std: 0.002356872815763106
training/action_error: 0.03554559871554375
================================================================================
Iteration 11
target_2.0_return_mean: 1322.0623597457109
target_2.0_return_std: 1012.2954936534218
target_2.0_lenght_mean: 849.08
target_2.0_lenght_std: 308.009567383872
target_328.10526315789474_return_mean: 1730.2684706873094
target_328.10526315789474_return_std: 1270.7717089891241
target_328.10526315789474_lenght_mean: 817.6
target_328.10526315789474_lenght_std: 327.0674853910122
target_654.2105263157895_return_mean: 1472.8995444121654
target_654.2105263157895_return_std: 1243.528544146161
target_654.2105263157895_lenght_mean: 766.64
target_654.2105263157895_lenght_std: 373.6923472590789
target_980.3157894736842_return_mean: 987.5422189119832
target_980.3157894736842_return_std: 1056.3078007811562
target_980.3157894736842_lenght_mean: 617.16
target_980.3157894736842_lenght_std: 428.6966927794055
target_1306.421052631579_return_mean: 1004.0931897727633
target_1306.421052631579_return_std: 1213.978923808068
target_1306.421052631579_lenght_mean: 487.54
target_1306.421052631579_lenght_std: 422.3744173124126
target_1632.5263157894738_return_mean: 1219.0118413833877
target_1632.5263157894738_return_std: 1358.9107724545256
target_1632.5263157894738_lenght_mean: 541.78
target_1632.5263157894738_lenght_std: 432.1096754297455
target_1958.6315789473683_return_mean: 1376.1944824110794
target_1958.6315789473683_return_std: 1477.4543085366788
target_1958.6315789473683_lenght_mean: 528.8
target_1958.6315789473683_lenght_std: 428.3192734398021
target_2284.7368421052633_return_mean: 1461.3426441724255
target_2284.7368421052633_return_std: 1462.8603910542847
target_2284.7368421052633_lenght_mean: 539.01
target_2284.7368421052633_lenght_std: 412.5446277677119
target_2610.842105263158_return_mean: 1695.4711979604187
target_2610.842105263158_return_std: 1535.3240633539958
target_2610.842105263158_lenght_mean: 578.32
target_2610.842105263158_lenght_std: 415.0536562903644
target_2936.9473684210525_return_mean: 1462.0789967390529
target_2936.9473684210525_return_std: 1495.4842665675567
target_2936.9473684210525_lenght_mean: 544.28
target_2936.9473684210525_lenght_std: 425.5764110004219
target_3263.0526315789475_return_mean: 1287.1819465662588
target_3263.0526315789475_return_std: 1460.3572637331401
target_3263.0526315789475_lenght_mean: 507.24
target_3263.0526315789475_lenght_std: 434.63285931921894
target_3589.157894736842_return_mean: 1332.433255241743
target_3589.157894736842_return_std: 1460.4148797323674
target_3589.157894736842_lenght_mean: 528.95
target_3589.157894736842_lenght_std: 427.7234708313304
target_3915.2631578947367_return_mean: 1547.218491983339
target_3915.2631578947367_return_std: 1492.8839699265272
target_3915.2631578947367_lenght_mean: 573.73
target_3915.2631578947367_lenght_std: 417.18225885097274
target_4241.368421052632_return_mean: 1668.1759956569626
target_4241.368421052632_return_std: 1532.9077092698567
target_4241.368421052632_lenght_mean: 597.54
target_4241.368421052632_lenght_std: 419.6921590880631
target_4567.473684210527_return_mean: 1671.0377791989906
target_4567.473684210527_return_std: 1522.4091855792624
target_4567.473684210527_lenght_mean: 571.85
target_4567.473684210527_lenght_std: 414.08804317439547
target_4893.578947368421_return_mean: 1825.903802301682
target_4893.578947368421_return_std: 1440.4481666421661
target_4893.578947368421_lenght_mean: 666.77
target_4893.578947368421_lenght_std: 385.40080059595095
target_5219.684210526316_return_mean: 1941.1621269080906
target_5219.684210526316_return_std: 1486.8476731881124
target_5219.684210526316_lenght_mean: 630.02
target_5219.684210526316_lenght_std: 390.8370755186872
target_5545.789473684211_return_mean: 2369.60845559843
target_5545.789473684211_return_std: 1478.6288474879684
target_5545.789473684211_lenght_mean: 739.29
target_5545.789473684211_lenght_std: 365.07736974509936
target_5871.894736842105_return_mean: 2031.0204925585997
target_5871.894736842105_return_std: 1433.7410990338767
target_5871.894736842105_lenght_mean: 666.88
target_5871.894736842105_lenght_std: 370.11201763790376
target_6198.0_return_mean: 2512.9753323074483
target_6198.0_return_std: 1406.1226175124082
target_6198.0_lenght_mean: 761.43
target_6198.0_lenght_std: 345.51414602010146
time/evaluation: 3539.6530797481537
target_training/action_erro_mean: 0.03554559871554375
target_training/action_erro_std: 0.0
================================================================================
Iteration 12
time/training: 1308.3751122951508
training/train_loss_mean: 0.035883599941805004
training/train_loss_std: 0.0023221225540399084
training/action_error: 0.03378338739275932
================================================================================
Iteration 12
target_2.0_return_mean: 3024.419981204813
target_2.0_return_std: 595.2359205878563
target_2.0_lenght_mean: 869.08
target_2.0_lenght_std: 154.84887342179795
target_328.10526315789474_return_mean: 3085.737444249294
target_328.10526315789474_return_std: 579.4021485819364
target_328.10526315789474_lenght_mean: 887.66
target_328.10526315789474_lenght_std: 147.3963513795372
target_654.2105263157895_return_mean: 3175.184419482425
target_654.2105263157895_return_std: 514.494446069953
target_654.2105263157895_lenght_mean: 904.76
target_654.2105263157895_lenght_std: 133.3666465050389
target_980.3157894736842_return_mean: 3232.402747868007
target_980.3157894736842_return_std: 474.5866099165107
target_980.3157894736842_lenght_mean: 916.27
target_980.3157894736842_lenght_std: 122.87992960609962
target_1306.421052631579_return_mean: 3205.549353742783
target_1306.421052631579_return_std: 526.7722162862626
target_1306.421052631579_lenght_mean: 909.83
target_1306.421052631579_lenght_std: 135.09293504843248
target_1632.5263157894738_return_mean: 3246.5152158889596
target_1632.5263157894738_return_std: 492.74299603495814
target_1632.5263157894738_lenght_mean: 915.69
target_1632.5263157894738_lenght_std: 125.77612611302672
target_1958.6315789473683_return_mean: 3145.648348816623
target_1958.6315789473683_return_std: 522.8511634190221
target_1958.6315789473683_lenght_mean: 889.56
target_1958.6315789473683_lenght_std: 135.9761243748328
target_2284.7368421052633_return_mean: 3139.596930441276
target_2284.7368421052633_return_std: 635.2949637626797
target_2284.7368421052633_lenght_mean: 881.21
target_2284.7368421052633_lenght_std: 161.67537196493473
target_2610.842105263158_return_mean: 3226.9069900102395
target_2610.842105263158_return_std: 577.639670292819
target_2610.842105263158_lenght_mean: 903.05
target_2610.842105263158_lenght_std: 148.89085767769626
target_2936.9473684210525_return_mean: 3214.353333037122
target_2936.9473684210525_return_std: 637.6081505355259
target_2936.9473684210525_lenght_mean: 894.82
target_2936.9473684210525_lenght_std: 166.9743920486013
target_3263.0526315789475_return_mean: 3168.2086152956635
target_3263.0526315789475_return_std: 646.1091610715962
target_3263.0526315789475_lenght_mean: 875.47
target_3263.0526315789475_lenght_std: 164.61059838297172
target_3589.157894736842_return_mean: 3270.2745651208515
target_3589.157894736842_return_std: 638.4606500368718
target_3589.157894736842_lenght_mean: 895.34
target_3589.157894736842_lenght_std: 167.68245107941377
target_3915.2631578947367_return_mean: 3165.052982011704
target_3915.2631578947367_return_std: 708.6040641511696
target_3915.2631578947367_lenght_mean: 870.11
target_3915.2631578947367_lenght_std: 180.87365175724184
target_4241.368421052632_return_mean: 3255.880138089701
target_4241.368421052632_return_std: 686.556035624721
target_4241.368421052632_lenght_mean: 892.56
target_4241.368421052632_lenght_std: 180.16016873881975
target_4567.473684210527_return_mean: 3183.3116360811186
target_4567.473684210527_return_std: 748.3911397358244
target_4567.473684210527_lenght_mean: 867.2
target_4567.473684210527_lenght_std: 190.6823012237895
target_4893.578947368421_return_mean: 3209.7002083436055
target_4893.578947368421_return_std: 673.068200944131
target_4893.578947368421_lenght_mean: 879.16
target_4893.578947368421_lenght_std: 178.24655508592588
target_5219.684210526316_return_mean: 3203.3957382121175
target_5219.684210526316_return_std: 724.746449424498
target_5219.684210526316_lenght_mean: 875.62
target_5219.684210526316_lenght_std: 185.74352101755792
target_5545.789473684211_return_mean: 3214.4102115029636
target_5545.789473684211_return_std: 691.7801309942648
target_5545.789473684211_lenght_mean: 872.68
target_5545.789473684211_lenght_std: 173.04969690814252
target_5871.894736842105_return_mean: 3317.8221061223517
target_5871.894736842105_return_std: 569.9846483554904
target_5871.894736842105_lenght_mean: 898.91
target_5871.894736842105_lenght_std: 148.76256888075036
target_6198.0_return_mean: 3330.1600155411
target_6198.0_return_std: 665.9617526733123
target_6198.0_lenght_mean: 902.99
target_6198.0_lenght_std: 171.0339437070899
time/evaluation: 5021.48764872551
target_training/action_erro_mean: 0.03378338739275932
target_training/action_erro_std: 0.0

------------------------------------------------------------
Sender: LSF System <lsfadmin@hpc.dtu.dk>
Subject: Job 13680974: <DT-walker> in cluster <dcc> Done

Job <DT-walker> was submitted from host <n-62-30-7> by user <s204131> in cluster <dcc> at Mon Jun  6 17:05:30 2022
Job was executed on host(s) <4*n-62-20-3>, in queue <gpuv100>, as user <s204131> in cluster <dcc> at Tue Jun  7 07:06:17 2022
</zhome/94/3/155767> was used as the home directory.
</zhome/94/3/155767/decision_transformer/gym> was used as the working directory.
Started at Tue Jun  7 07:06:17 2022
Terminated at Tue Jun  7 17:41:03 2022
Results reported at Tue Jun  7 17:41:03 2022

Your job looked like:

------------------------------------------------------------
# LSBATCH: User input
#!/bin/sh
#BSUB -J DT-walker
#BSUB -o DT-walker_%J.out
#BSUB -e DT-walker_%J.err
#BSUB -q gpuv100
#BSUB -gpu "num=1:mode=exclusive_process"
#BSUB -n 4
#BSUB -R "rusage[mem=4G]"
#BSUB -R "span[hosts=1]"
#BSUB -W 20:00
# end of BSUB options


# load CUDA (for GPU support)

# activate the virtual environment
source $HOME/miniconda3/envs/decision-transformer-gym/bin/activate

wandb on
echo 'cad8b043f3731a2c453efd8f61915e186ac93ac3' | wandb login

python experiment_single_reward.py --env 'walker2d' --dataset 'medium' --seed 43  --save_iters '8,10,12' --eval_iters '8,9,10,11,12' --max_iters 12 --device 'cuda' --log_to_wandb True

------------------------------------------------------------

Successfully completed.

Resource usage summary:

    CPU time :                                   38372.79 sec.
    Max Memory :                                 2616 MB
    Average Memory :                             2606.51 MB
    Total Requested Memory :                     16384.00 MB
    Delta Memory :                               13768.00 MB
    Max Swap :                                   -
    Max Processes :                              6
    Max Threads :                                21
    Run time :                                   38087 sec.
    Turnaround time :                            88533 sec.

The output (if any) is above this job summary.



PS:

Read file <DT-walker_13680974.err> for stderr output of this job.

