W&B enabled, running your script from this directory will now sync to the cloud.
Disabling Weights & Biases. Run 'wandb login' again to re-enable.
Creating states list
==================================================
Starting new experiment: hopper medium_replay
2041 trajectories, 402000 timesteps found
Average return: 467.30, std: 511.03
Max return: 3192.93, min: -1.44
==================================================
================================================================================
Iteration 1
time/training: 688.4881572723389
training/train_loss_mean: 0.24767095215916635
training/train_loss_std: 0.09361503305952416
training/action_error: 0.15814539790153503
================================================================================
Iteration 2
time/training: 690.5581359863281
training/train_loss_mean: 0.1610307557195425
training/train_loss_std: 0.012339244793242578
training/action_error: 0.1456470936536789
================================================================================
Iteration 3
time/training: 691.755464553833
training/train_loss_mean: 0.14198448774069547
training/train_loss_std: 0.009053560082754262
training/action_error: 0.13942967355251312
================================================================================
Iteration 4
time/training: 684.9053938388824
training/train_loss_mean: 0.1318107903726399
training/train_loss_std: 0.007985676035437896
training/action_error: 0.1322704702615738
================================================================================
Iteration 5
time/training: 686.1103308200836
training/train_loss_mean: 0.12537847673743963
training/train_loss_std: 0.007553872997532669
training/action_error: 0.13055627048015594
================================================================================
Iteration 6
time/training: 684.8855984210968
training/train_loss_mean: 0.12065054933130741
training/train_loss_std: 0.007189152770468845
training/action_error: 0.11453812569379807
================================================================================
Iteration 7
time/training: 685.1139829158783
training/train_loss_mean: 0.11719552912265062
training/train_loss_std: 0.006968729578470722
training/action_error: 0.1182943731546402
================================================================================
Iteration 8
time/training: 685.5760200023651
training/train_loss_mean: 0.1141815997928381
training/train_loss_std: 0.006664887841299618
training/action_error: 0.10470294207334518
================================================================================
Iteration 8
target_18.0_return_mean: 507.87734224144987
target_18.0_return_std: 420.10356586091814
target_18.0_lenght_mean: 193.57
target_18.0_lenght_std: 125.1929115405501
target_269.0526315789474_return_mean: 353.7892280441794
target_269.0526315789474_return_std: 29.947668800416075
target_269.0526315789474_lenght_mean: 174.55
target_269.0526315789474_lenght_std: 6.63079934849487
target_520.1052631578948_return_mean: 551.3809739941986
target_520.1052631578948_return_std: 251.4537617717923
target_520.1052631578948_lenght_mean: 232.4
target_520.1052631578948_lenght_std: 67.46791830196038
target_771.1578947368421_return_mean: 1357.083996753912
target_771.1578947368421_return_std: 613.809636411628
target_771.1578947368421_lenght_mean: 464.57
target_771.1578947368421_lenght_std: 187.97793780122177
target_1022.2105263157895_return_mean: 1557.7984327560107
target_1022.2105263157895_return_std: 590.7910680250095
target_1022.2105263157895_lenght_mean: 527.3
target_1022.2105263157895_lenght_std: 183.67528412935695
target_1273.2631578947369_return_mean: 1910.9182971064095
target_1273.2631578947369_return_std: 643.328391107771
target_1273.2631578947369_lenght_mean: 640.94
target_1273.2631578947369_lenght_std: 205.92458910970294
target_1524.3157894736842_return_mean: 1696.3509183617643
target_1524.3157894736842_return_std: 747.2898723327812
target_1524.3157894736842_lenght_mean: 571.46
target_1524.3157894736842_lenght_std: 237.2674195923242
target_1775.3684210526317_return_mean: 1582.3894235452367
target_1775.3684210526317_return_std: 662.7485706202544
target_1775.3684210526317_lenght_mean: 522.02
target_1775.3684210526317_lenght_std: 219.90106775547954
target_2026.421052631579_return_mean: 1706.358971537887
target_2026.421052631579_return_std: 769.1555525745681
target_2026.421052631579_lenght_mean: 563.62
target_2026.421052631579_lenght_std: 259.80869038582983
target_2277.4736842105262_return_mean: 1435.4460218574197
target_2277.4736842105262_return_std: 715.1286936270394
target_2277.4736842105262_lenght_mean: 479.76
target_2277.4736842105262_lenght_std: 252.9434766899514
target_2528.5263157894738_return_mean: 1466.6090766000375
target_2528.5263157894738_return_std: 809.3228352724037
target_2528.5263157894738_lenght_mean: 506.29
target_2528.5263157894738_lenght_std: 300.13977727052446
target_2779.5789473684213_return_mean: 1529.1231200225175
target_2779.5789473684213_return_std: 865.8225501177047
target_2779.5789473684213_lenght_mean: 532.81
target_2779.5789473684213_lenght_std: 323.03970947857164
target_3030.6315789473683_return_mean: 1660.8168862152481
target_3030.6315789473683_return_std: 933.6148431385005
target_3030.6315789473683_lenght_mean: 589.02
target_3030.6315789473683_lenght_std: 349.12347328703066
target_3281.684210526316_return_mean: 2236.3643073254398
target_3281.684210526316_return_std: 760.1637680004279
target_3281.684210526316_lenght_mean: 830.31
target_3281.684210526316_lenght_std: 297.14305292232564
target_3532.7368421052633_return_mean: 2544.0001416028636
target_3532.7368421052633_return_std: 499.0280117951148
target_3532.7368421052633_lenght_mean: 942.23
target_3532.7368421052633_lenght_std: 186.002357780755
target_3783.7894736842104_return_mean: 2576.9153107847915
target_3783.7894736842104_return_std: 459.2948536408524
target_3783.7894736842104_lenght_mean: 955.73
target_3783.7894736842104_lenght_std: 169.69336197977808
target_4034.842105263158_return_mean: 2648.5416914611
target_4034.842105263158_return_std: 311.10331180903296
target_4034.842105263158_lenght_mean: 983.09
target_4034.842105263158_lenght_std: 102.90287605310164
target_4285.894736842105_return_mean: 2693.8643151036745
target_4285.894736842105_return_std: 158.81302755897755
target_4285.894736842105_lenght_mean: 999.84
target_4285.894736842105_lenght_std: 1.591979899370592
target_4536.9473684210525_return_mean: 2688.341513189414
target_4536.9473684210525_return_std: 166.95586419648683
target_4536.9473684210525_lenght_mean: 1000.0
target_4536.9473684210525_lenght_std: 0.0
target_4788.0_return_mean: 2658.0148505990196
target_4788.0_return_std: 146.13552717596005
target_4788.0_lenght_mean: 996.64
target_4788.0_lenght_std: 23.540824114716123
time/evaluation: 3978.5855011940002
target_training/action_erro_mean: 0.10470294207334518
target_training/action_erro_std: 0.0
================================================================================
Iteration 9
time/training: 691.7654719352722
training/train_loss_mean: 0.11175748408213258
training/train_loss_std: 0.006596842541508955
training/action_error: 0.11113876104354858
================================================================================
Iteration 9
target_18.0_return_mean: 439.34106884494423
target_18.0_return_std: 116.3009134506026
target_18.0_lenght_mean: 184.97
target_18.0_lenght_std: 15.382103237203939
target_269.0526315789474_return_mean: 508.430818910895
target_269.0526315789474_return_std: 238.63273166669381
target_269.0526315789474_lenght_mean: 184.93
target_269.0526315789474_lenght_std: 63.78922401158364
target_520.1052631578948_return_mean: 379.6906147371748
target_520.1052631578948_return_std: 53.90927471856303
target_520.1052631578948_lenght_mean: 223.79
target_520.1052631578948_lenght_std: 23.265551787997634
target_771.1578947368421_return_mean: 527.8288261066938
target_771.1578947368421_return_std: 244.09455119455745
target_771.1578947368421_lenght_mean: 274.92
target_771.1578947368421_lenght_std: 73.23055100161406
target_1022.2105263157895_return_mean: 1016.9839299418942
target_1022.2105263157895_return_std: 602.9310792023439
target_1022.2105263157895_lenght_mean: 404.09
target_1022.2105263157895_lenght_std: 184.06656920799065
target_1273.2631578947369_return_mean: 1334.8653041616767
target_1273.2631578947369_return_std: 720.4878933001838
target_1273.2631578947369_lenght_mean: 494.77
target_1273.2631578947369_lenght_std: 224.2597982251835
target_1524.3157894736842_return_mean: 1491.4595779408771
target_1524.3157894736842_return_std: 808.5444673809719
target_1524.3157894736842_lenght_mean: 541.19
target_1524.3157894736842_lenght_std: 258.21877139356076
target_1775.3684210526317_return_mean: 1403.079492816875
target_1775.3684210526317_return_std: 727.6572848182709
target_1775.3684210526317_lenght_mean: 491.93
target_1775.3684210526317_lenght_std: 249.21975262807723
target_2026.421052631579_return_mean: 1447.7468744843563
target_2026.421052631579_return_std: 765.1107492430431
target_2026.421052631579_lenght_mean: 493.43
target_2026.421052631579_lenght_std: 257.3965133796493
target_2277.4736842105262_return_mean: 1619.4986135402532
target_2277.4736842105262_return_std: 795.8788799116834
target_2277.4736842105262_lenght_mean: 553.44
target_2277.4736842105262_lenght_std: 282.0118196104553
target_2528.5263157894738_return_mean: 2031.0147632287149
target_2528.5263157894738_return_std: 917.9575614697225
target_2528.5263157894738_lenght_mean: 696.47
target_2528.5263157894738_lenght_std: 314.8435311388817
target_2779.5789473684213_return_mean: 2295.0122146349117
target_2779.5789473684213_return_std: 792.0862464795025
target_2779.5789473684213_lenght_mean: 793.29
target_2779.5789473684213_lenght_std: 281.4983586097795
target_3030.6315789473683_return_mean: 2357.511090263707
target_3030.6315789473683_return_std: 753.6099649781302
target_3030.6315789473683_lenght_mean: 823.17
target_3030.6315789473683_lenght_std: 268.7957981442418
target_3281.684210526316_return_mean: 2478.7603338956505
target_3281.684210526316_return_std: 728.3301116942865
target_3281.684210526316_lenght_mean: 864.16
target_3281.684210526316_lenght_std: 249.7346880191056
target_3532.7368421052633_return_mean: 2483.86044139666
target_3532.7368421052633_return_std: 668.3495555655395
target_3532.7368421052633_lenght_mean: 882.85
target_3532.7368421052633_lenght_std: 240.22707486875828
target_3783.7894736842104_return_mean: 2320.2527424214977
target_3783.7894736842104_return_std: 783.226766017952
target_3783.7894736842104_lenght_mean: 825.46
target_3783.7894736842104_lenght_std: 284.8336503996675
target_4034.842105263158_return_mean: 2386.15330627726
target_4034.842105263158_return_std: 688.0458361267266
target_4034.842105263158_lenght_mean: 857.33
target_4034.842105263158_lenght_std: 252.9288063863031
target_4285.894736842105_return_mean: 2435.271061925902
target_4285.894736842105_return_std: 585.5065819018254
target_4285.894736842105_lenght_mean: 888.35
target_4285.894736842105_lenght_std: 223.28512601604254
target_4536.9473684210525_return_mean: 2459.492156514287
target_4536.9473684210525_return_std: 669.6453389773976
target_4536.9473684210525_lenght_mean: 873.22
target_4536.9473684210525_lenght_std: 242.7023518633472
target_4788.0_return_mean: 2380.2251188600885
target_4788.0_return_std: 660.7931321162268
target_4788.0_lenght_mean: 866.54
target_4788.0_lenght_std: 248.09447474702054
time/evaluation: 3841.3451273441315
target_training/action_erro_mean: 0.11113876104354858
target_training/action_erro_std: 0.0
================================================================================
Iteration 10
time/training: 694.8027882575989
training/train_loss_mean: 0.10974002280384303
training/train_loss_std: 0.006421055058394773
training/action_error: 0.10159973055124283
================================================================================
Iteration 10
target_18.0_return_mean: 640.8371897271364
target_18.0_return_std: 123.8559521867258
target_18.0_lenght_mean: 211.78
target_18.0_lenght_std: 65.24378591099692
target_269.0526315789474_return_mean: 829.8565498698448
target_269.0526315789474_return_std: 531.1465304203924
target_269.0526315789474_lenght_mean: 277.53
target_269.0526315789474_lenght_std: 205.6520583412673
target_520.1052631578948_return_mean: 937.1070300923969
target_520.1052631578948_return_std: 705.2875830573587
target_520.1052631578948_lenght_mean: 381.43
target_520.1052631578948_lenght_std: 255.3642987968365
target_771.1578947368421_return_mean: 1582.572785354455
target_771.1578947368421_return_std: 677.6945298861644
target_771.1578947368421_lenght_mean: 662.15
target_771.1578947368421_lenght_std: 254.6537011315563
target_1022.2105263157895_return_mean: 1243.9409358679563
target_1022.2105263157895_return_std: 734.5364207290423
target_1022.2105263157895_lenght_mean: 532.37
target_1022.2105263157895_lenght_std: 261.818740925855
target_1273.2631578947369_return_mean: 1225.714447322317
target_1273.2631578947369_return_std: 513.1334398250067
target_1273.2631578947369_lenght_mean: 498.05
target_1273.2631578947369_lenght_std: 173.29797315606436
target_1524.3157894736842_return_mean: 1401.9078507123643
target_1524.3157894736842_return_std: 583.6879868433205
target_1524.3157894736842_lenght_mean: 561.72
target_1524.3157894736842_lenght_std: 205.27742593865503
target_1775.3684210526317_return_mean: 1540.7409101488001
target_1775.3684210526317_return_std: 555.2244020820312
target_1775.3684210526317_lenght_mean: 597.37
target_1775.3684210526317_lenght_std: 190.68658342945892
target_2026.421052631579_return_mean: 2058.848871362336
target_2026.421052631579_return_std: 608.7163451388386
target_2026.421052631579_lenght_mean: 766.15
target_2026.421052631579_lenght_std: 214.0551506037638
target_2277.4736842105262_return_mean: 2124.4480601571727
target_2277.4736842105262_return_std: 548.5846675898352
target_2277.4736842105262_lenght_mean: 800.2
target_2277.4736842105262_lenght_std: 199.98484942615028
target_2528.5263157894738_return_mean: 1872.0945604609194
target_2528.5263157894738_return_std: 626.4126286388589
target_2528.5263157894738_lenght_mean: 713.42
target_2528.5263157894738_lenght_std: 219.5380231303908
target_2779.5789473684213_return_mean: 2091.3456680177514
target_2779.5789473684213_return_std: 589.3847024684381
target_2779.5789473684213_lenght_mean: 797.44
target_2779.5789473684213_lenght_std: 218.45412882342143
target_3030.6315789473683_return_mean: 2143.2500778687736
target_3030.6315789473683_return_std: 605.8808775133253
target_3030.6315789473683_lenght_mean: 818.73
target_3030.6315789473683_lenght_std: 222.67891031707518
target_3281.684210526316_return_mean: 2006.3106845554441
target_3281.684210526316_return_std: 634.5170236242245
target_3281.684210526316_lenght_mean: 763.88
target_3281.684210526316_lenght_std: 230.86841620282323
target_3532.7368421052633_return_mean: 2164.8172562758045
target_3532.7368421052633_return_std: 599.850751478927
target_3532.7368421052633_lenght_mean: 831.2
target_3532.7368421052633_lenght_std: 219.52526050548263
target_3783.7894736842104_return_mean: 2123.8762719755646
target_3783.7894736842104_return_std: 626.1328208551126
target_3783.7894736842104_lenght_mean: 818.24
target_3783.7894736842104_lenght_std: 236.40436205789433
target_4034.842105263158_return_mean: 2219.783156877937
target_4034.842105263158_return_std: 556.6557924681359
target_4034.842105263158_lenght_mean: 860.02
target_4034.842105263158_lenght_std: 211.26812253626906
target_4285.894736842105_return_mean: 2218.332083515386
target_4285.894736842105_return_std: 596.0553823426753
target_4285.894736842105_lenght_mean: 850.94
target_4285.894736842105_lenght_std: 212.4243780737042
target_4536.9473684210525_return_mean: 2238.130577952031
target_4536.9473684210525_return_std: 473.6082609895399
target_4536.9473684210525_lenght_mean: 869.39
target_4536.9473684210525_lenght_std: 180.21231339728146
target_4788.0_return_mean: 2201.051495032445
target_4788.0_return_std: 527.2858767182214
target_4788.0_lenght_mean: 878.11
target_4788.0_lenght_std: 196.182766572398
time/evaluation: 4212.033538818359
target_training/action_erro_mean: 0.10159973055124283
target_training/action_erro_std: 0.0
================================================================================
Iteration 11
time/training: 691.4783198833466
training/train_loss_mean: 0.10786473042517901
training/train_loss_std: 0.006318766550347562
training/action_error: 0.10921216011047363
================================================================================
Iteration 11
target_18.0_return_mean: 731.4933475816262
target_18.0_return_std: 475.11430172537916
target_18.0_lenght_mean: 241.75
target_18.0_lenght_std: 165.94694182177628
target_269.0526315789474_return_mean: 785.751649327095
target_269.0526315789474_return_std: 505.7262485066067
target_269.0526315789474_lenght_mean: 254.67
target_269.0526315789474_lenght_std: 174.04666357043448
target_520.1052631578948_return_mean: 1636.7313336498146
target_520.1052631578948_return_std: 883.8343629135652
target_520.1052631578948_lenght_mean: 572.88
target_520.1052631578948_lenght_std: 286.9387488646314
target_771.1578947368421_return_mean: 1465.2601111918223
target_771.1578947368421_return_std: 820.2415527977565
target_771.1578947368421_lenght_mean: 554.59
target_771.1578947368421_lenght_std: 274.1395299842764
target_1022.2105263157895_return_mean: 1406.035175500534
target_1022.2105263157895_return_std: 782.8573711697978
target_1022.2105263157895_lenght_mean: 530.53
target_1022.2105263157895_lenght_std: 274.04483045662437
target_1273.2631578947369_return_mean: 1450.5654890444653
target_1273.2631578947369_return_std: 806.3358662561808
target_1273.2631578947369_lenght_mean: 511.8
target_1273.2631578947369_lenght_std: 264.5526412644561
target_1524.3157894736842_return_mean: 1695.4631548294233
target_1524.3157894736842_return_std: 744.3584574072411
target_1524.3157894736842_lenght_mean: 561.19
target_1524.3157894736842_lenght_std: 241.09764391217098
target_1775.3684210526317_return_mean: 2050.611032931858
target_1775.3684210526317_return_std: 652.4788016914647
target_1775.3684210526317_lenght_mean: 708.54
target_1775.3684210526317_lenght_std: 245.16286097204852
target_2026.421052631579_return_mean: 2068.516239531633
target_2026.421052631579_return_std: 712.0047945148701
target_2026.421052631579_lenght_mean: 738.88
target_2026.421052631579_lenght_std: 273.0776915092114
target_2277.4736842105262_return_mean: 2125.684709635301
target_2277.4736842105262_return_std: 689.591952669612
target_2277.4736842105262_lenght_mean: 799.24
target_2277.4736842105262_lenght_std: 276.57458740817094
target_2528.5263157894738_return_mean: 2321.7450712141385
target_2528.5263157894738_return_std: 588.486878292099
target_2528.5263157894738_lenght_mean: 888.3
target_2528.5263157894738_lenght_std: 232.5051612330358
target_2779.5789473684213_return_mean: 2409.431082503497
target_2779.5789473684213_return_std: 439.5058924605373
target_2779.5789473684213_lenght_mean: 929.02
target_2779.5789473684213_lenght_std: 179.96705142886574
target_3030.6315789473683_return_mean: 2486.745751318427
target_3030.6315789473683_return_std: 303.00485446678437
target_3030.6315789473683_lenght_mean: 963.11
target_3030.6315789473683_lenght_std: 120.21330167664475
target_3281.684210526316_return_mean: 2469.2689019249724
target_3281.684210526316_return_std: 216.42563613677396
target_3281.684210526316_lenght_mean: 989.14
target_3281.684210526316_lenght_std: 68.8838181287884
target_3532.7368421052633_return_mean: 2482.126301614126
target_3532.7368421052633_return_std: 262.43641915614853
target_3532.7368421052633_lenght_mean: 983.97
target_3532.7368421052633_lenght_std: 73.97911259267711
target_3783.7894736842104_return_mean: 2481.287449379824
target_3783.7894736842104_return_std: 177.38519358242164
target_3783.7894736842104_lenght_mean: 990.51
target_3783.7894736842104_lenght_std: 35.70420003304933
target_4034.842105263158_return_mean: 2453.2284343234314
target_4034.842105263158_return_std: 196.31654101767958
target_4034.842105263158_lenght_mean: 992.07
target_4034.842105263158_lenght_std: 45.451128698856316
target_4285.894736842105_return_mean: 2456.9971117479313
target_4285.894736842105_return_std: 215.60300503369766
target_4285.894736842105_lenght_mean: 990.9
target_4285.894736842105_lenght_std: 45.9951084355717
target_4536.9473684210525_return_mean: 2465.798374106265
target_4536.9473684210525_return_std: 150.3649985566178
target_4536.9473684210525_lenght_mean: 998.96
target_4536.9473684210525_lenght_std: 7.444353564951089
target_4788.0_return_mean: 2462.962799510887
target_4788.0_return_std: 167.45552467912933
target_4788.0_lenght_mean: 995.29
target_4788.0_lenght_std: 34.097887031310314
time/evaluation: 4743.223604440689
target_training/action_erro_mean: 0.10921216011047363
target_training/action_erro_std: 0.0
================================================================================
Iteration 12
time/training: 690.315256357193
training/train_loss_mean: 0.10641769473403692
training/train_loss_std: 0.006278450642833912
training/action_error: 0.10863209515810013
================================================================================
Iteration 12
target_18.0_return_mean: 537.7773622529421
target_18.0_return_std: 122.62651155254848
target_18.0_lenght_mean: 177.71
target_18.0_lenght_std: 20.816481451004154
target_269.0526315789474_return_mean: 611.5434197917476
target_269.0526315789474_return_std: 204.83572036240406
target_269.0526315789474_lenght_mean: 193.09
target_269.0526315789474_lenght_std: 85.01847975587425
target_520.1052631578948_return_mean: 723.988608422365
target_520.1052631578948_return_std: 233.97395488733275
target_520.1052631578948_lenght_mean: 231.83
target_520.1052631578948_lenght_std: 85.47982861470885
target_771.1578947368421_return_mean: 1080.1473978839665
target_771.1578947368421_return_std: 610.0097704799709
target_771.1578947368421_lenght_mean: 481.78
target_771.1578947368421_lenght_std: 250.55959690261318
target_1022.2105263157895_return_mean: 705.728559071851
target_1022.2105263157895_return_std: 212.0535107839581
target_1022.2105263157895_lenght_mean: 280.53
target_1022.2105263157895_lenght_std: 60.79958141303277
target_1273.2631578947369_return_mean: 1220.2683066222735
target_1273.2631578947369_return_std: 694.4452271593685
target_1273.2631578947369_lenght_mean: 412.05
target_1273.2631578947369_lenght_std: 242.09970569994508
target_1524.3157894736842_return_mean: 2269.165085266319
target_1524.3157894736842_return_std: 797.975504035865
target_1524.3157894736842_lenght_mean: 789.87
target_1524.3157894736842_lenght_std: 286.6124440773638
target_1775.3684210526317_return_mean: 2705.472476815422
target_1775.3684210526317_return_std: 376.87797680955464
target_1775.3684210526317_lenght_mean: 926.11
target_1775.3684210526317_lenght_std: 136.47394586513573
target_2026.421052631579_return_mean: 2738.7359336434893
target_2026.421052631579_return_std: 346.0149895766908
target_2026.421052631579_lenght_mean: 922.21
target_2026.421052631579_lenght_std: 123.29219723891694
target_2277.4736842105262_return_mean: 2838.458616591419
target_2277.4736842105262_return_std: 218.31095856468067
target_2277.4736842105262_lenght_mean: 967.24
target_2277.4736842105262_lenght_std: 79.77219064310569
target_2528.5263157894738_return_mean: 2852.652061308458
target_2528.5263157894738_return_std: 158.40994511408567
target_2528.5263157894738_lenght_mean: 987.52
target_2528.5263157894738_lenght_std: 47.78210543707758
target_2779.5789473684213_return_mean: 2844.1715241684806
target_2779.5789473684213_return_std: 157.1063333421163
target_2779.5789473684213_lenght_mean: 995.01
target_2779.5789473684213_lenght_std: 21.972025395943813
target_3030.6315789473683_return_mean: 2802.8026698439785
target_3030.6315789473683_return_std: 172.22263328511167
target_3030.6315789473683_lenght_mean: 998.14
target_3030.6315789473683_lenght_std: 14.554738060164459
target_3281.684210526316_return_mean: 2734.9429857843143
target_3281.684210526316_return_std: 164.48708642552376
target_3281.684210526316_lenght_mean: 999.53
target_3281.684210526316_lenght_std: 4.6764409544011105
target_3532.7368421052633_return_mean: 2710.591803683539
target_3532.7368421052633_return_std: 165.30589091309997
target_3532.7368421052633_lenght_mean: 998.19
target_3532.7368421052633_lenght_std: 11.67706726879656
target_3783.7894736842104_return_mean: 2690.161371215664
target_3783.7894736842104_return_std: 149.72745632212204
target_3783.7894736842104_lenght_mean: 998.95
target_3783.7894736842104_lenght_std: 10.447368089619506
target_4034.842105263158_return_mean: 2652.5683877048386
target_4034.842105263158_return_std: 140.49174231738874
target_4034.842105263158_lenght_mean: 1000.0
target_4034.842105263158_lenght_std: 0.0
target_4285.894736842105_return_mean: 2623.6281971269705
target_4285.894736842105_return_std: 111.73793631537208
target_4285.894736842105_lenght_mean: 1000.0
target_4285.894736842105_lenght_std: 0.0
target_4536.9473684210525_return_mean: 2627.1246080158226
target_4536.9473684210525_return_std: 141.21449643497456
target_4536.9473684210525_lenght_mean: 1000.0
target_4536.9473684210525_lenght_std: 0.0
target_4788.0_return_mean: 2650.5308691289056
target_4788.0_return_std: 145.08889266817357
target_4788.0_lenght_mean: 1000.0
target_4788.0_lenght_std: 0.0
time/evaluation: 4768.1359167099
target_training/action_erro_mean: 0.10863209515810013
target_training/action_erro_std: 0.0

------------------------------------------------------------
Sender: LSF System <lsfadmin@hpc.dtu.dk>
Subject: Job 13676053: <DT-hopper> in cluster <dcc> Done

Job <DT-hopper> was submitted from host <n-62-30-6> by user <s204131> in cluster <dcc> at Fri Jun  3 15:42:38 2022
Job was executed on host(s) <4*n-62-20-10>, in queue <gpuv100>, as user <s204131> in cluster <dcc> at Fri Jun  3 15:42:40 2022
</zhome/94/3/155767> was used as the home directory.
</zhome/94/3/155767/decision_transformer/gym> was used as the working directory.
Started at Fri Jun  3 15:42:40 2022
Terminated at Fri Jun  3 23:59:58 2022
Results reported at Fri Jun  3 23:59:58 2022

Your job looked like:

------------------------------------------------------------
# LSBATCH: User input
#!/bin/sh
#BSUB -J DT-hopper
#BSUB -o DT-hopper_%J.out
#BSUB -e DT-hopper_%J.err
#BSUB -q gpuv100
#BSUB -gpu "num=1:mode=exclusive_process"
#BSUB -n 4
#BSUB -R "rusage[mem=4G]"
#BSUB -R "span[hosts=1]"
#BSUB -W 15:00
# end of BSUB options


# load CUDA (for GPU support)

# activate the virtual environment
source $HOME/miniconda3/envs/decision-transformer-gym/bin/activate

wandb on
echo 'cad8b043f3731a2c453efd8f61915e186ac93ac3' | wandb login

python experiment_single_reward.py --env 'hopper' --dataset 'medium_replay' --seed 42  --save_iters '8,10,12' --eval_iters '8,9,10,11,12' --max_iters 12 --device 'cuda' --log_to_wandb True

------------------------------------------------------------

Successfully completed.

Resource usage summary:

    CPU time :                                   30001.29 sec.
    Max Memory :                                 2457 MB
    Average Memory :                             2446.69 MB
    Total Requested Memory :                     16384.00 MB
    Delta Memory :                               13927.00 MB
    Max Swap :                                   -
    Max Processes :                              6
    Max Threads :                                21
    Run time :                                   29888 sec.
    Turnaround time :                            29840 sec.

The output (if any) is above this job summary.



PS:

Read file <DT-hopper_13676053.err> for stderr output of this job.

