W&B enabled, running your script from this directory will now sync to the cloud.
Disabling Weights & Biases. Run 'wandb login' again to re-enable.
Creating states list
==================================================
Starting new experiment: walker2d medium_replay
1093 trajectories, 302000 timesteps found
Average return: 682.70, std: 895.96
Max return: 4132.00, min: -50.20
==================================================
================================================================================
Iteration 1
time/training: 872.2389974594116
training/train_loss_mean: 0.20344582425802946
training/train_loss_std: 0.10537259595699149
training/action_error: 0.14212611317634583
================================================================================
Iteration 2
time/training: 873.0031673908234
training/train_loss_mean: 0.12387376938015222
training/train_loss_std: 0.012675475602643697
training/action_error: 0.10936641693115234
================================================================================
Iteration 3
time/training: 877.1690475940704
training/train_loss_mean: 0.10935475232377648
training/train_loss_std: 0.010058661666656324
training/action_error: 0.09911153465509415
================================================================================
Iteration 4
time/training: 877.164359331131
training/train_loss_mean: 0.10154216279163956
training/train_loss_std: 0.009099537402096812
training/action_error: 0.1084691733121872
================================================================================
Iteration 5
time/training: 878.9869859218597
training/train_loss_mean: 0.09658995404019952
training/train_loss_std: 0.008567773079009317
training/action_error: 0.11280709505081177
================================================================================
Iteration 6
time/training: 877.3911554813385
training/train_loss_mean: 0.0930481843546033
training/train_loss_std: 0.00802120738594051
training/action_error: 0.10027918219566345
================================================================================
Iteration 7
time/training: 882.8483731746674
training/train_loss_mean: 0.09006882220655679
training/train_loss_std: 0.007728310617011701
training/action_error: 0.08929788321256638
================================================================================
Iteration 8
time/training: 880.8763813972473
training/train_loss_mean: 0.0878957316070795
training/train_loss_std: 0.00731365653552544
training/action_error: 0.07285740971565247
================================================================================
Iteration 8
target_2.0_return_mean: 263.4161122931767
target_2.0_return_std: 17.46255625948902
target_2.0_lenght_mean: 140.94
target_2.0_lenght_std: 6.634485662053991
target_328.10526315789474_return_mean: 433.72418663735203
target_328.10526315789474_return_std: 456.1299996065128
target_328.10526315789474_lenght_mean: 190.06
target_328.10526315789474_lenght_std: 128.93818829190985
target_654.2105263157895_return_mean: 495.64255650807917
target_654.2105263157895_return_std: 290.45420400803425
target_654.2105263157895_lenght_mean: 230.59
target_654.2105263157895_lenght_std: 74.04918568087025
target_980.3157894736842_return_mean: 830.8543621570775
target_980.3157894736842_return_std: 814.0604266137987
target_980.3157894736842_lenght_mean: 303.57
target_980.3157894736842_lenght_std: 196.18497674388834
target_1306.421052631579_return_mean: 1639.195932589556
target_1306.421052631579_return_std: 1077.6513936812732
target_1306.421052631579_lenght_mean: 473.27
target_1306.421052631579_lenght_std: 276.1113128794255
target_1632.5263157894738_return_mean: 2002.2209654652067
target_1632.5263157894738_return_std: 993.3313932126284
target_1632.5263157894738_lenght_mean: 553.0
target_1632.5263157894738_lenght_std: 241.65165010816705
target_1958.6315789473683_return_mean: 2128.3057756243456
target_1958.6315789473683_return_std: 976.5092453031939
target_1958.6315789473683_lenght_mean: 571.5
target_1958.6315789473683_lenght_std: 241.26099974923423
target_2284.7368421052633_return_mean: 1873.3129573172953
target_2284.7368421052633_return_std: 1182.406817624182
target_2284.7368421052633_lenght_mean: 498.9
target_2284.7368421052633_lenght_std: 296.075885542879
target_2610.842105263158_return_mean: 1405.7070010797536
target_2610.842105263158_return_std: 1243.5336491285136
target_2610.842105263158_lenght_mean: 378.36
target_2610.842105263158_lenght_std: 297.2341676187312
target_2936.9473684210525_return_mean: 1003.3451822977589
target_2936.9473684210525_return_std: 1090.940872976098
target_2936.9473684210525_lenght_mean: 288.83
target_2936.9473684210525_lenght_std: 268.4724959842256
target_3263.0526315789475_return_mean: 868.0284450352513
target_3263.0526315789475_return_std: 1074.1055358289834
target_3263.0526315789475_lenght_mean: 254.25
target_3263.0526315789475_lenght_std: 257.44461054758943
target_3589.157894736842_return_mean: 1019.8727527547001
target_3589.157894736842_return_std: 1143.241423016269
target_3589.157894736842_lenght_mean: 291.23
target_3589.157894736842_lenght_std: 275.20439149839166
target_3915.2631578947367_return_mean: 951.5938589105043
target_3915.2631578947367_return_std: 1032.6637616540445
target_3915.2631578947367_lenght_mean: 272.96
target_3915.2631578947367_lenght_std: 248.92287640954174
target_4241.368421052632_return_mean: 1001.845854335527
target_4241.368421052632_return_std: 1091.4472346216326
target_4241.368421052632_lenght_mean: 286.72
target_4241.368421052632_lenght_std: 264.4690182233072
target_4567.473684210527_return_mean: 1067.3691861328498
target_4567.473684210527_return_std: 1219.6339963312296
target_4567.473684210527_lenght_mean: 301.04
target_4567.473684210527_lenght_std: 289.82677309041
target_4893.578947368421_return_mean: 1104.977929286014
target_4893.578947368421_return_std: 1225.8249543365598
target_4893.578947368421_lenght_mean: 311.19
target_4893.578947368421_lenght_std: 294.80826633593574
target_5219.684210526316_return_mean: 1452.5486804093518
target_5219.684210526316_return_std: 1288.4824171366706
target_5219.684210526316_lenght_mean: 396.54
target_5219.684210526316_lenght_std: 317.30945211260257
target_5545.789473684211_return_mean: 1317.3906011608706
target_5545.789473684211_return_std: 1237.2445335553725
target_5545.789473684211_lenght_mean: 360.58
target_5545.789473684211_lenght_std: 295.6512533374415
target_5871.894736842105_return_mean: 1441.4055064250936
target_5871.894736842105_return_std: 1260.031422719794
target_5871.894736842105_lenght_mean: 388.53
target_5871.894736842105_lenght_std: 299.747041853627
target_6198.0_return_mean: 1404.789622677851
target_6198.0_return_std: 1232.879827505959
target_6198.0_lenght_mean: 384.42
target_6198.0_lenght_std: 301.227361970987
time/evaluation: 2033.5358872413635
target_training/action_erro_mean: 0.07285740971565247
target_training/action_erro_std: 0.0
================================================================================
Iteration 9
time/training: 879.1807699203491
training/train_loss_mean: 0.08582319521605969
training/train_loss_std: 0.007161051538196009
training/action_error: 0.08382288366556168
================================================================================
Iteration 9
target_2.0_return_mean: 388.7065221202163
target_2.0_return_std: 403.7814158734706
target_2.0_lenght_mean: 167.26
target_2.0_lenght_std: 123.64324647953886
target_328.10526315789474_return_mean: 679.833981597584
target_328.10526315789474_return_std: 326.09011609794015
target_328.10526315789474_lenght_mean: 399.72
target_328.10526315789474_lenght_std: 228.93274470900835
target_654.2105263157895_return_mean: 629.4264088551913
target_654.2105263157895_return_std: 639.3208918146659
target_654.2105263157895_lenght_mean: 273.79
target_654.2105263157895_lenght_std: 168.4294092490976
target_980.3157894736842_return_mean: 802.1597955866865
target_980.3157894736842_return_std: 748.9293797517952
target_980.3157894736842_lenght_mean: 370.53
target_980.3157894736842_lenght_std: 252.78728033664987
target_1306.421052631579_return_mean: 2002.6913959499152
target_1306.421052631579_return_std: 984.9576653608358
target_1306.421052631579_lenght_mean: 615.42
target_1306.421052631579_lenght_std: 272.20368035719133
target_1632.5263157894738_return_mean: 1969.6396069953519
target_1632.5263157894738_return_std: 889.6055707215514
target_1632.5263157894738_lenght_mean: 624.07
target_1632.5263157894738_lenght_std: 253.644051970473
target_1958.6315789473683_return_mean: 1919.0452035241767
target_1958.6315789473683_return_std: 1194.8148781727778
target_1958.6315789473683_lenght_mean: 584.34
target_1958.6315789473683_lenght_std: 340.6091960003429
target_2284.7368421052633_return_mean: 2075.0821248517937
target_2284.7368421052633_return_std: 1119.2657961756706
target_2284.7368421052633_lenght_mean: 626.04
target_2284.7368421052633_lenght_std: 316.73900675477273
target_2610.842105263158_return_mean: 2674.4655471220594
target_2610.842105263158_return_std: 947.2675684042076
target_2610.842105263158_lenght_mean: 792.62
target_2610.842105263158_lenght_std: 261.26835935489777
target_2936.9473684210525_return_mean: 2754.662571306157
target_2936.9473684210525_return_std: 817.3736419565957
target_2936.9473684210525_lenght_mean: 810.15
target_2936.9473684210525_lenght_std: 226.34877401921133
target_3263.0526315789475_return_mean: 2830.9211370008975
target_3263.0526315789475_return_std: 819.9639898318878
target_3263.0526315789475_lenght_mean: 831.51
target_3263.0526315789475_lenght_std: 229.34404265208195
target_3589.157894736842_return_mean: 2876.0805147131155
target_3589.157894736842_return_std: 865.844380534987
target_3589.157894736842_lenght_mean: 844.35
target_3589.157894736842_lenght_std: 241.29004848936475
target_3915.2631578947367_return_mean: 2783.7357493739687
target_3915.2631578947367_return_std: 947.0826734573727
target_3915.2631578947367_lenght_mean: 815.97
target_3915.2631578947367_lenght_std: 254.16421679693627
target_4241.368421052632_return_mean: 2716.6420805387884
target_4241.368421052632_return_std: 950.1926087943738
target_4241.368421052632_lenght_mean: 799.61
target_4241.368421052632_lenght_std: 255.3616609830066
target_4567.473684210527_return_mean: 2742.8270248056856
target_4567.473684210527_return_std: 1011.3524603806251
target_4567.473684210527_lenght_mean: 790.32
target_4567.473684210527_lenght_std: 269.81107760801814
target_4893.578947368421_return_mean: 2968.746020234368
target_4893.578947368421_return_std: 881.161432250034
target_4893.578947368421_lenght_mean: 839.46
target_4893.578947368421_lenght_std: 238.3875172906501
target_5219.684210526316_return_mean: 2784.8225356094895
target_5219.684210526316_return_std: 1056.8017562145155
target_5219.684210526316_lenght_mean: 771.73
target_5219.684210526316_lenght_std: 281.97375250189515
target_5545.789473684211_return_mean: 2658.9093015335106
target_5545.789473684211_return_std: 1121.2753097934506
target_5545.789473684211_lenght_mean: 743.14
target_5545.789473684211_lenght_std: 303.31221604149084
target_5871.894736842105_return_mean: 2620.2836762221805
target_5871.894736842105_return_std: 1246.8252447800385
target_5871.894736842105_lenght_mean: 729.32
target_5871.894736842105_lenght_std: 333.25554398989374
target_6198.0_return_mean: 2576.87773569372
target_6198.0_return_std: 1306.6082980628976
target_6198.0_lenght_mean: 707.68
target_6198.0_lenght_std: 344.41860809195543
time/evaluation: 3824.5473392009735
target_training/action_erro_mean: 0.08382288366556168
target_training/action_erro_std: 0.0
================================================================================
Iteration 10
time/training: 872.2103793621063
training/train_loss_mean: 0.0843267626542598
training/train_loss_std: 0.006959241920685687
training/action_error: 0.07127682864665985
================================================================================
Iteration 10
target_2.0_return_mean: 248.17557254173252
target_2.0_return_std: 224.2683192539124
target_2.0_lenght_mean: 215.31
target_2.0_lenght_std: 110.77162949058753
target_328.10526315789474_return_mean: 551.8207394148744
target_328.10526315789474_return_std: 221.06208470329477
target_328.10526315789474_lenght_mean: 291.1
target_328.10526315789474_lenght_std: 132.34398361844788
target_654.2105263157895_return_mean: 622.7976673344205
target_654.2105263157895_return_std: 527.2550426360431
target_654.2105263157895_lenght_mean: 364.0
target_654.2105263157895_lenght_std: 203.5623246084599
target_980.3157894736842_return_mean: 1467.1518853066289
target_980.3157894736842_return_std: 921.67320128667
target_980.3157894736842_lenght_mean: 538.79
target_980.3157894736842_lenght_std: 260.45699433879673
target_1306.421052631579_return_mean: 1718.466380202953
target_1306.421052631579_return_std: 873.1743704771675
target_1306.421052631579_lenght_mean: 604.28
target_1306.421052631579_lenght_std: 259.59480272147204
target_1632.5263157894738_return_mean: 2159.8822836761074
target_1632.5263157894738_return_std: 944.671252229744
target_1632.5263157894738_lenght_mean: 699.83
target_1632.5263157894738_lenght_std: 259.2935037751621
target_1958.6315789473683_return_mean: 2166.174619895553
target_1958.6315789473683_return_std: 938.2393968923187
target_1958.6315789473683_lenght_mean: 674.39
target_1958.6315789473683_lenght_std: 270.2021056542676
target_2284.7368421052633_return_mean: 2545.6393626631248
target_2284.7368421052633_return_std: 888.4484514341997
target_2284.7368421052633_lenght_mean: 785.88
target_2284.7368421052633_lenght_std: 254.51252542851404
target_2610.842105263158_return_mean: 2522.6772561646226
target_2610.842105263158_return_std: 914.6250705102253
target_2610.842105263158_lenght_mean: 776.38
target_2610.842105263158_lenght_std: 268.6609305425707
target_2936.9473684210525_return_mean: 2585.8531063733126
target_2936.9473684210525_return_std: 947.2607946826515
target_2936.9473684210525_lenght_mean: 780.65
target_2936.9473684210525_lenght_std: 273.3342413602804
target_3263.0526315789475_return_mean: 2507.2673116573897
target_3263.0526315789475_return_std: 862.8719697953828
target_3263.0526315789475_lenght_mean: 771.99
target_3263.0526315789475_lenght_std: 267.5467994575902
target_3589.157894736842_return_mean: 2612.1046338960873
target_3589.157894736842_return_std: 904.1692363512713
target_3589.157894736842_lenght_mean: 794.55
target_3589.157894736842_lenght_std: 258.0220678546701
target_3915.2631578947367_return_mean: 2644.2648188631038
target_3915.2631578947367_return_std: 831.0727414144177
target_3915.2631578947367_lenght_mean: 815.2
target_3915.2631578947367_lenght_std: 257.4386917306721
target_4241.368421052632_return_mean: 2768.803420877175
target_4241.368421052632_return_std: 779.7918469617516
target_4241.368421052632_lenght_mean: 846.55
target_4241.368421052632_lenght_std: 223.17747982267386
target_4567.473684210527_return_mean: 2608.588216561578
target_4567.473684210527_return_std: 916.9625494052628
target_4567.473684210527_lenght_mean: 789.23
target_4567.473684210527_lenght_std: 265.02403117453326
target_4893.578947368421_return_mean: 2707.9116127974185
target_4893.578947368421_return_std: 866.3241598742243
target_4893.578947368421_lenght_mean: 818.11
target_4893.578947368421_lenght_std: 248.36525099135747
target_5219.684210526316_return_mean: 2819.138285541256
target_5219.684210526316_return_std: 754.076322577791
target_5219.684210526316_lenght_mean: 858.43
target_5219.684210526316_lenght_std: 213.5922402616724
target_5545.789473684211_return_mean: 2774.243133871635
target_5545.789473684211_return_std: 831.5603486894298
target_5545.789473684211_lenght_mean: 853.18
target_5545.789473684211_lenght_std: 217.2177423692641
target_5871.894736842105_return_mean: 2659.636091922687
target_5871.894736842105_return_std: 872.8898257441662
target_5871.894736842105_lenght_mean: 815.66
target_5871.894736842105_lenght_std: 244.2628182921011
target_6198.0_return_mean: 2759.7966042773537
target_6198.0_return_std: 884.5037787311641
target_6198.0_lenght_mean: 848.19
target_6198.0_lenght_std: 246.39138357499434
time/evaluation: 4097.949281215668
target_training/action_erro_mean: 0.07127682864665985
target_training/action_erro_std: 0.0
================================================================================
Iteration 11
time/training: 873.1712422370911
training/train_loss_mean: 0.0829240924436599
training/train_loss_std: 0.00673377195323926
training/action_error: 0.1035662293434143
================================================================================
Iteration 11
target_2.0_return_mean: 310.87450590669954
target_2.0_return_std: 154.8561659909701
target_2.0_lenght_mean: 153.89
target_2.0_lenght_std: 57.457444252246376
target_328.10526315789474_return_mean: 801.9241640119429
target_328.10526315789474_return_std: 715.4846241599312
target_328.10526315789474_lenght_mean: 291.06
target_328.10526315789474_lenght_std: 195.32500198387302
target_654.2105263157895_return_mean: 1520.5924337564581
target_654.2105263157895_return_std: 935.2989611812467
target_654.2105263157895_lenght_mean: 550.33
target_654.2105263157895_lenght_std: 246.45137674600238
target_980.3157894736842_return_mean: 1863.3334732745952
target_980.3157894736842_return_std: 1105.6147359519657
target_980.3157894736842_lenght_mean: 598.41
target_980.3157894736842_lenght_std: 288.11664634310875
target_1306.421052631579_return_mean: 1843.3005145036013
target_1306.421052631579_return_std: 1120.3100953205626
target_1306.421052631579_lenght_mean: 646.67
target_1306.421052631579_lenght_std: 269.01713904508017
target_1632.5263157894738_return_mean: 2481.369223873858
target_1632.5263157894738_return_std: 927.582099586935
target_1632.5263157894738_lenght_mean: 753.26
target_1632.5263157894738_lenght_std: 243.876592562714
target_1958.6315789473683_return_mean: 2554.319940407094
target_1958.6315789473683_return_std: 970.0931848682471
target_1958.6315789473683_lenght_mean: 735.85
target_1958.6315789473683_lenght_std: 255.50778363877686
target_2284.7368421052633_return_mean: 2732.5455358188365
target_2284.7368421052633_return_std: 751.210936269896
target_2284.7368421052633_lenght_mean: 778.63
target_2284.7368421052633_lenght_std: 214.53790597467855
target_2610.842105263158_return_mean: 2890.1844311953546
target_2610.842105263158_return_std: 768.8810361701003
target_2610.842105263158_lenght_mean: 827.39
target_2610.842105263158_lenght_std: 211.012506501392
target_2936.9473684210525_return_mean: 2971.469741612543
target_2936.9473684210525_return_std: 734.7911585379803
target_2936.9473684210525_lenght_mean: 842.94
target_2936.9473684210525_lenght_std: 197.66278455996715
target_3263.0526315789475_return_mean: 2878.0116186959367
target_3263.0526315789475_return_std: 866.7884342045495
target_3263.0526315789475_lenght_mean: 815.84
target_3263.0526315789475_lenght_std: 228.92871030082708
target_3589.157894736842_return_mean: 2993.8008371133346
target_3589.157894736842_return_std: 779.56391817208
target_3589.157894736842_lenght_mean: 847.52
target_3589.157894736842_lenght_std: 214.66571593992364
target_3915.2631578947367_return_mean: 2968.9145344087365
target_3915.2631578947367_return_std: 816.4271924764245
target_3915.2631578947367_lenght_mean: 843.78
target_3915.2631578947367_lenght_std: 222.38950424873923
target_4241.368421052632_return_mean: 3027.9961615726206
target_4241.368421052632_return_std: 722.330937261465
target_4241.368421052632_lenght_mean: 859.79
target_4241.368421052632_lenght_std: 198.46129572286884
target_4567.473684210527_return_mean: 3115.033293959162
target_4567.473684210527_return_std: 730.3210213662495
target_4567.473684210527_lenght_mean: 876.99
target_4567.473684210527_lenght_std: 194.30138934140433
target_4893.578947368421_return_mean: 2961.4661176673308
target_4893.578947368421_return_std: 945.2438741382559
target_4893.578947368421_lenght_mean: 827.23
target_4893.578947368421_lenght_std: 250.78787271317566
target_5219.684210526316_return_mean: 2956.2674613792465
target_5219.684210526316_return_std: 925.7340604571267
target_5219.684210526316_lenght_mean: 824.07
target_5219.684210526316_lenght_std: 250.6505637336569
target_5545.789473684211_return_mean: 3156.55879459336
target_5545.789473684211_return_std: 810.7728218597503
target_5545.789473684211_lenght_mean: 863.07
target_5545.789473684211_lenght_std: 205.89984239916265
target_5871.894736842105_return_mean: 3104.239727270153
target_5871.894736842105_return_std: 851.1983714393186
target_5871.894736842105_lenght_mean: 841.97
target_5871.894736842105_lenght_std: 227.10858438200876
target_6198.0_return_mean: 2904.551580466919
target_6198.0_return_std: 963.8040827915871
target_6198.0_lenght_mean: 796.21
target_6198.0_lenght_std: 252.5932815812804
time/evaluation: 4309.803083658218
target_training/action_erro_mean: 0.1035662293434143
target_training/action_erro_std: 0.0
================================================================================
Iteration 12
time/training: 883.3222985267639
training/train_loss_mean: 0.0816571535602212
training/train_loss_std: 0.006517460733975512
training/action_error: 0.08197932690382004
================================================================================
Iteration 12
target_2.0_return_mean: 177.69182934347793
target_2.0_return_std: 156.0928055224308
target_2.0_lenght_mean: 188.33
target_2.0_lenght_std: 58.36883671960578
target_328.10526315789474_return_mean: 738.7535483771856
target_328.10526315789474_return_std: 453.7913277363389
target_328.10526315789474_lenght_mean: 346.05
target_328.10526315789474_lenght_std: 150.7902765432838
target_654.2105263157895_return_mean: 1094.9009993713707
target_654.2105263157895_return_std: 780.1804179051621
target_654.2105263157895_lenght_mean: 466.45
target_654.2105263157895_lenght_std: 211.9554847131822
target_980.3157894736842_return_mean: 1387.1250945600013
target_980.3157894736842_return_std: 893.3762376210085
target_980.3157894736842_lenght_mean: 528.71
target_980.3157894736842_lenght_std: 250.21240157114516
target_1306.421052631579_return_mean: 2153.486013731539
target_1306.421052631579_return_std: 1094.9979605183817
target_1306.421052631579_lenght_mean: 640.0
target_1306.421052631579_lenght_std: 281.05216597635393
target_1632.5263157894738_return_mean: 2090.2444955403535
target_1632.5263157894738_return_std: 1213.3791241056574
target_1632.5263157894738_lenght_mean: 604.16
target_1632.5263157894738_lenght_std: 318.5030210217793
target_1958.6315789473683_return_mean: 2615.222314591136
target_1958.6315789473683_return_std: 1082.3475657351648
target_1958.6315789473683_lenght_mean: 728.49
target_1958.6315789473683_lenght_std: 276.81685263003766
target_2284.7368421052633_return_mean: 2631.2259544835197
target_2284.7368421052633_return_std: 1065.0670295384073
target_2284.7368421052633_lenght_mean: 704.8
target_2284.7368421052633_lenght_std: 266.6462825542483
target_2610.842105263158_return_mean: 2185.776910777143
target_2610.842105263158_return_std: 1168.760207471146
target_2610.842105263158_lenght_mean: 577.27
target_2610.842105263158_lenght_std: 288.10702369085
target_2936.9473684210525_return_mean: 2003.2539259346897
target_2936.9473684210525_return_std: 1197.0140948754329
target_2936.9473684210525_lenght_mean: 531.7
target_2936.9473684210525_lenght_std: 289.5347820210898
target_3263.0526315789475_return_mean: 2004.9133931921253
target_3263.0526315789475_return_std: 1153.3022224982694
target_3263.0526315789475_lenght_mean: 527.29
target_3263.0526315789475_lenght_std: 275.72625174255717
target_3589.157894736842_return_mean: 2376.135735220953
target_3589.157894736842_return_std: 1209.605236594959
target_3589.157894736842_lenght_mean: 611.93
target_3589.157894736842_lenght_std: 285.15505448790486
target_3915.2631578947367_return_mean: 2273.5327171052013
target_3915.2631578947367_return_std: 1148.8957433749765
target_3915.2631578947367_lenght_mean: 584.06
target_3915.2631578947367_lenght_std: 271.71745692906813
target_4241.368421052632_return_mean: 2330.205883392784
target_4241.368421052632_return_std: 1182.078795096737
target_4241.368421052632_lenght_mean: 601.33
target_4241.368421052632_lenght_std: 280.79715294140715
target_4567.473684210527_return_mean: 2465.6189317129065
target_4567.473684210527_return_std: 1123.1149507491177
target_4567.473684210527_lenght_mean: 628.63
target_4567.473684210527_lenght_std: 265.7846366891811
target_4893.578947368421_return_mean: 2457.854568184994
target_4893.578947368421_return_std: 1115.1023958347428
target_4893.578947368421_lenght_mean: 631.86
target_4893.578947368421_lenght_std: 268.4827748664707
target_5219.684210526316_return_mean: 2386.161537451019
target_5219.684210526316_return_std: 1126.4450006942213
target_5219.684210526316_lenght_mean: 604.74
target_5219.684210526316_lenght_std: 258.25052255513447
target_5545.789473684211_return_mean: 2398.535629558131
target_5545.789473684211_return_std: 1166.2934458608772
target_5545.789473684211_lenght_mean: 623.49
target_5545.789473684211_lenght_std: 283.43410151215045
target_5871.894736842105_return_mean: 2398.546180958889
target_5871.894736842105_return_std: 1019.3256841818322
target_5871.894736842105_lenght_mean: 609.53
target_5871.894736842105_lenght_std: 236.88425253697216
target_6198.0_return_mean: 2444.664388565464
target_6198.0_return_std: 1093.01406203788
target_6198.0_lenght_mean: 630.45
target_6198.0_lenght_std: 264.0668239290956
time/evaluation: 3187.294042110443
target_training/action_erro_mean: 0.08197932690382004
target_training/action_erro_std: 0.0

------------------------------------------------------------
Sender: LSF System <lsfadmin@hpc.dtu.dk>
Subject: Job 13676054: <DT-walker> in cluster <dcc> Done

Job <DT-walker> was submitted from host <n-62-30-6> by user <s204131> in cluster <dcc> at Fri Jun  3 15:42:45 2022
Job was executed on host(s) <4*n-62-20-3>, in queue <gpuv100>, as user <s204131> in cluster <dcc> at Fri Jun  3 23:54:18 2022
</zhome/94/3/155767> was used as the home directory.
</zhome/94/3/155767/decision_transformer/gym> was used as the working directory.
Started at Fri Jun  3 23:54:18 2022
Terminated at Sat Jun  4 07:41:39 2022
Results reported at Sat Jun  4 07:41:39 2022

Your job looked like:

------------------------------------------------------------
# LSBATCH: User input
#!/bin/sh
#BSUB -J DT-walker
#BSUB -o DT-walker_%J.out
#BSUB -e DT-walker_%J.err
#BSUB -q gpuv100
#BSUB -gpu "num=1:mode=exclusive_process"
#BSUB -n 4
#BSUB -R "rusage[mem=4G]"
#BSUB -R "span[hosts=1]"
#BSUB -W 15:00
# end of BSUB options


# load CUDA (for GPU support)

# activate the virtual environment
source $HOME/miniconda3/envs/decision-transformer-gym/bin/activate

wandb on
echo 'cad8b043f3731a2c453efd8f61915e186ac93ac3' | wandb login

python experiment_single_reward.py --env 'walker2d' --dataset 'medium_replay' --seed 42  --save_iters '8,10,12' --eval_iters '8,9,10,11,12' --max_iters 12 --device 'cuda' --log_to_wandb True

------------------------------------------------------------

Successfully completed.

Resource usage summary:

    CPU time :                                   28232.35 sec.
    Max Memory :                                 2454 MB
    Average Memory :                             2442.17 MB
    Total Requested Memory :                     16384.00 MB
    Delta Memory :                               13930.00 MB
    Max Swap :                                   -
    Max Processes :                              6
    Max Threads :                                21
    Run time :                                   28043 sec.
    Turnaround time :                            57534 sec.

The output (if any) is above this job summary.



PS:

Read file <DT-walker_13676054.err> for stderr output of this job.

