W&B enabled, running your script from this directory will now sync to the cloud.
Disabling Weights & Biases. Run 'wandb login' again to re-enable.
Creating states list
==================================================
Starting new experiment: halfcheetah expert
1000 trajectories, 1000000 timesteps found
Average return: 10656.43, std: 441.68
Max return: 11252.04, min: 2045.83
==================================================
================================================================================
Iteration 1
time/training: 1436.1479966640472
training/train_loss_mean: 0.1268685565058142
training/train_loss_std: 0.16022885025658254
training/action_error: 0.05214356258511543
================================================================================
Iteration 2
time/training: 1431.495633840561
training/train_loss_mean: 0.04274743616953492
training/train_loss_std: 0.0044685070299508595
training/action_error: 0.039382461458444595
================================================================================
Iteration 3
time/training: 1434.9201393127441
training/train_loss_mean: 0.03691605168841779
training/train_loss_std: 0.002991657409820308
training/action_error: 0.034468766301870346
================================================================================
Iteration 4
time/training: 1438.0421154499054
training/train_loss_mean: 0.03454180256053806
training/train_loss_std: 0.0028000629932741273
training/action_error: 0.0332702174782753
================================================================================
Iteration 5
time/training: 1438.6486480236053
training/train_loss_mean: 0.03317389459013939
training/train_loss_std: 0.002721591295377846
training/action_error: 0.0289404708892107
================================================================================
Iteration 5
target_6000_return_mean: 10339.351408586956
target_6000_return_std: 710.5762487539292
target_6000_lenght_mean: 1000.0
target_6000_lenght_std: 0.0
target_6400_return_mean: 10315.879343351937
target_6400_return_std: 793.7160290169654
target_6400_lenght_mean: 1000.0
target_6400_lenght_std: 0.0
target_6800_return_mean: 10359.243343613256
target_6800_return_std: 501.1928124124333
target_6800_lenght_mean: 1000.0
target_6800_lenght_std: 0.0
target_7200_return_mean: 10180.833707018883
target_7200_return_std: 1208.7907233810868
target_7200_lenght_mean: 1000.0
target_7200_lenght_std: 0.0
target_7600_return_mean: 10325.262960730843
target_7600_return_std: 815.0726624054049
target_7600_lenght_mean: 1000.0
target_7600_lenght_std: 0.0
target_8000_return_mean: 10149.469638722585
target_8000_return_std: 1416.3965020866594
target_8000_lenght_mean: 1000.0
target_8000_lenght_std: 0.0
target_8400_return_mean: 10246.285191508736
target_8400_return_std: 1003.3854920172885
target_8400_lenght_mean: 1000.0
target_8400_lenght_std: 0.0
target_8800_return_mean: 10207.944599933086
target_8800_return_std: 1055.2599347243745
target_8800_lenght_mean: 1000.0
target_8800_lenght_std: 0.0
target_9200_return_mean: 10303.330672820954
target_9200_return_std: 793.9643461561657
target_9200_lenght_mean: 1000.0
target_9200_lenght_std: 0.0
target_9600_return_mean: 10106.275350286027
target_9600_return_std: 1336.8238834302024
target_9600_lenght_mean: 1000.0
target_9600_lenght_std: 0.0
target_10000_return_mean: 10083.763388646066
target_10000_return_std: 1363.446503277841
target_10000_lenght_mean: 1000.0
target_10000_lenght_std: 0.0
target_10400_return_mean: 10286.13562688635
target_10400_return_std: 819.9110862554935
target_10400_lenght_mean: 1000.0
target_10400_lenght_std: 0.0
target_10800_return_mean: 10311.743923875212
target_10800_return_std: 590.2420489184253
target_10800_lenght_mean: 1000.0
target_10800_lenght_std: 0.0
target_11200_return_mean: 10132.714363496745
target_11200_return_std: 1241.406174588296
target_11200_lenght_mean: 1000.0
target_11200_lenght_std: 0.0
target_11600_return_mean: 10322.172897462327
target_11600_return_std: 497.17222048482955
target_11600_lenght_mean: 1000.0
target_11600_lenght_std: 0.0
target_12000_return_mean: 10219.870560053841
target_12000_return_std: 1055.5475977915075
target_12000_lenght_mean: 1000.0
target_12000_lenght_std: 0.0
time/evaluation: 4701.947352170944
target_training/action_erro_mean: 0.0289404708892107
target_training/action_erro_std: 0.0
================================================================================
Iteration 6
time/training: 1438.2418320178986
training/train_loss_mean: 0.03213467663060874
training/train_loss_std: 0.0026067928822884564
training/action_error: 0.029250439256429672
================================================================================
Iteration 7
time/training: 1438.778124332428
training/train_loss_mean: 0.03146845827195793
training/train_loss_std: 0.0026246389617338665
training/action_error: 0.03127679228782654
================================================================================
Iteration 8
time/training: 1438.3800971508026
training/train_loss_mean: 0.030848543845675886
training/train_loss_std: 0.002521638439878008
training/action_error: 0.028512971475720406
================================================================================
Iteration 9
time/training: 1439.082486152649
training/train_loss_mean: 0.030377567776851355
training/train_loss_std: 0.0024723085380389813
training/action_error: 0.03369198739528656
================================================================================
Iteration 10
time/training: 1438.410581111908
training/train_loss_mean: 0.02999168286137283
training/train_loss_std: 0.002487606909375017
training/action_error: 0.0402318499982357
================================================================================
Iteration 10
target_6000_return_mean: 10797.660722866014
target_6000_return_std: 552.691026933785
target_6000_lenght_mean: 1000.0
target_6000_lenght_std: 0.0
target_6400_return_mean: 10794.103887705445
target_6400_return_std: 440.25576980403486
target_6400_lenght_mean: 1000.0
target_6400_lenght_std: 0.0
target_6800_return_mean: 10810.619527030187
target_6800_return_std: 509.547297909164
target_6800_lenght_mean: 1000.0
target_6800_lenght_std: 0.0
target_7200_return_mean: 10841.918598524533
target_7200_return_std: 154.38959932665838
target_7200_lenght_mean: 1000.0
target_7200_lenght_std: 0.0
target_7600_return_mean: 10748.222235592608
target_7600_return_std: 873.5735087828255
target_7600_lenght_mean: 1000.0
target_7600_lenght_std: 0.0
target_8000_return_mean: 10772.4776285982
target_8000_return_std: 371.1293541728369
target_8000_lenght_mean: 1000.0
target_8000_lenght_std: 0.0
target_8400_return_mean: 10837.926871849255
target_8400_return_std: 152.94873482266502
target_8400_lenght_mean: 1000.0
target_8400_lenght_std: 0.0
target_8800_return_mean: 10704.372551535425
target_8800_return_std: 905.6816741839687
target_8800_lenght_mean: 1000.0
target_8800_lenght_std: 0.0
target_9200_return_mean: 10741.303207894915
target_9200_return_std: 755.1162945964684
target_9200_lenght_mean: 1000.0
target_9200_lenght_std: 0.0
target_9600_return_mean: 10637.51770508369
target_9600_return_std: 1195.2898433089722
target_9600_lenght_mean: 1000.0
target_9600_lenght_std: 0.0
target_10000_return_mean: 10690.122001511654
target_10000_return_std: 1223.6316224912464
target_10000_lenght_mean: 1000.0
target_10000_lenght_std: 0.0
target_10400_return_mean: 10759.728357369466
target_10400_return_std: 749.9727719966124
target_10400_lenght_mean: 1000.0
target_10400_lenght_std: 0.0
target_10800_return_mean: 10726.14182041755
target_10800_return_std: 646.4229018156398
target_10800_lenght_mean: 1000.0
target_10800_lenght_std: 0.0
target_11200_return_mean: 10715.392202202333
target_11200_return_std: 956.3531110626742
target_11200_lenght_mean: 1000.0
target_11200_lenght_std: 0.0
target_11600_return_mean: 10804.072928407406
target_11600_return_std: 239.61779333171162
target_11600_lenght_mean: 1000.0
target_11600_lenght_std: 0.0
target_12000_return_mean: 10818.43808303358
target_12000_return_std: 178.88052416886018
target_12000_lenght_mean: 1000.0
target_12000_lenght_std: 0.0
time/evaluation: 4658.627169847488
target_training/action_erro_mean: 0.0402318499982357
target_training/action_erro_std: 0.0
================================================================================
Iteration 11
time/training: 1438.5971536636353
training/train_loss_mean: 0.029718879454396666
training/train_loss_std: 0.002498846149761395
training/action_error: 0.02646440453827381
================================================================================
Iteration 12
time/training: 1433.7374308109283
training/train_loss_mean: 0.02937649535667151
training/train_loss_std: 0.0024562361344863744
training/action_error: 0.028926648199558258
================================================================================
Iteration 13
time/training: 1437.5982463359833
training/train_loss_mean: 0.02910825078561902
training/train_loss_std: 0.002406586065950851
training/action_error: 0.028020240366458893
================================================================================
Iteration 14
time/training: 1438.448361158371
training/train_loss_mean: 0.028855594295449555
training/train_loss_std: 0.002383719265097049
training/action_error: 0.028326889500021935
================================================================================
Iteration 15
time/training: 1430.130546092987
training/train_loss_mean: 0.028656330173276366
training/train_loss_std: 0.002369948238005879
training/action_error: 0.032196223735809326
================================================================================
Iteration 15
target_6000_return_mean: 10616.313960644973
target_6000_return_std: 152.36601846186556
target_6000_lenght_mean: 1000.0
target_6000_lenght_std: 0.0
target_6400_return_mean: 10539.601827486878
target_6400_return_std: 327.22852521141516
target_6400_lenght_mean: 1000.0
target_6400_lenght_std: 0.0
target_6800_return_mean: 10594.832607339253
target_6800_return_std: 129.70329925494943
target_6800_lenght_mean: 1000.0
target_6800_lenght_std: 0.0
target_7200_return_mean: 10566.116079345202
target_7200_return_std: 179.64490599393474
target_7200_lenght_mean: 1000.0
target_7200_lenght_std: 0.0
target_7600_return_mean: 10591.53538299042
target_7600_return_std: 150.87062199223354
target_7600_lenght_mean: 1000.0
target_7600_lenght_std: 0.0
target_8000_return_mean: 10570.412818531573
target_8000_return_std: 156.80571509932054
target_8000_lenght_mean: 1000.0
target_8000_lenght_std: 0.0
target_8400_return_mean: 10549.464462331782
target_8400_return_std: 513.3756071872507
target_8400_lenght_mean: 1000.0
target_8400_lenght_std: 0.0
target_8800_return_mean: 10527.975287606027
target_8800_return_std: 237.82692448398927
target_8800_lenght_mean: 1000.0
target_8800_lenght_std: 0.0
target_9200_return_mean: 10445.905734089187
target_9200_return_std: 1032.406983902339
target_9200_lenght_mean: 1000.0
target_9200_lenght_std: 0.0
target_9600_return_mean: 10520.294607156511
target_9600_return_std: 619.9260699381284
target_9600_lenght_mean: 1000.0
target_9600_lenght_std: 0.0
target_10000_return_mean: 10599.442982151348
target_10000_return_std: 170.18835279250322
target_10000_lenght_mean: 1000.0
target_10000_lenght_std: 0.0
target_10400_return_mean: 10554.608285585824
target_10400_return_std: 171.3258127201618
target_10400_lenght_mean: 1000.0
target_10400_lenght_std: 0.0
target_10800_return_mean: 10541.185773359352
target_10800_return_std: 194.4378110864782
target_10800_lenght_mean: 1000.0
target_10800_lenght_std: 0.0
target_11200_return_mean: 10554.329901900157
target_11200_return_std: 181.72177728162146
target_11200_lenght_mean: 1000.0
target_11200_lenght_std: 0.0
target_11600_return_mean: 10559.000281672426
target_11600_return_std: 148.44742726128055
target_11600_lenght_mean: 1000.0
target_11600_lenght_std: 0.0
target_12000_return_mean: 10586.374510082269
target_12000_return_std: 146.8351245218495
target_12000_lenght_mean: 1000.0
target_12000_lenght_std: 0.0
time/evaluation: 4627.832361936569
target_training/action_erro_mean: 0.032196223735809326
target_training/action_erro_std: 0.0

------------------------------------------------------------
Sender: LSF System <lsfadmin@hpc.dtu.dk>
Subject: Job 13444420: <DT-cheeteh> in cluster <dcc> Done

Job <DT-cheeteh> was submitted from host <n-62-27-22> by user <s204131> in cluster <dcc> at Mon Apr 25 17:39:02 2022
Job was executed on host(s) <4*n-62-11-14>, in queue <gpuv100>, as user <s204131> in cluster <dcc> at Mon Apr 25 17:39:04 2022
</zhome/94/3/155767> was used as the home directory.
</zhome/94/3/155767/decision_transformer/gym> was used as the working directory.
Started at Mon Apr 25 17:39:04 2022
Terminated at Tue Apr 26 03:31:47 2022
Results reported at Tue Apr 26 03:31:47 2022

Your job looked like:

------------------------------------------------------------
# LSBATCH: User input
#!/bin/sh
#BSUB -J DT-cheeteh
#BSUB -o DT-cheeteh_%J.out
#BSUB -e DT-cheeteh_%J.err
#BSUB -q gpuv100
#BSUB -gpu "num=1:mode=exclusive_process"
#BSUB -n 4
#BSUB -R "rusage[mem=4G]"
#BSUB -R "span[hosts=1]"
#BSUB -W 15:00
# end of BSUB options


# load CUDA (for GPU support)

# activate the virtual environment
source $HOME/miniconda3/envs/decision-transformer-gym/bin/activate

wandb on
echo 'cad8b043f3731a2c453efd8f61915e186ac93ac3' | wandb login

python experiment.py --env 'halfcheetah' --dataset 'expert' --save_iters '5,10,11,12,13,14,15' --eval_iters '5,10,15' --max_iters 15 --device 'cuda' --log_to_wandb True

------------------------------------------------------------

Successfully completed.

Resource usage summary:

    CPU time :                                   35692.07 sec.
    Max Memory :                                 2617 MB
    Average Memory :                             2607.15 MB
    Total Requested Memory :                     16384.00 MB
    Delta Memory :                               13767.00 MB
    Max Swap :                                   -
    Max Processes :                              6
    Max Threads :                                27
    Run time :                                   35563 sec.
    Turnaround time :                            35565 sec.

The output (if any) is above this job summary.



PS:

Read file <DT-cheeteh_13444420.err> for stderr output of this job.

